\BOOKMARK [1][-]{section.1}{\376\377\000I\000n\000t\000r\000o\000d\000u\000c\000t\000i\000o\000n}{}% 1
\BOOKMARK [1][-]{section.2}{\376\377\000T\000h\000e\000\040\000F\000u\000n\000c\000t\000i\000o\000n\000a\000l\000\040\000F\000o\000r\000m\000\040\000a\000s\000\040\000a\000\040\000B\000o\000u\000n\000d\000e\000d\000\040\000S\000c\000a\000l\000a\000r\000\040\000F\000i\000e\000l\000d}{}% 2
\BOOKMARK [1][-]{section.3}{\376\377\000W\000h\000y\000\040\000S\000c\000a\000l\000a\000r\000\040\000U\000n\000i\000f\000i\000c\000a\000t\000i\000o\000n\000\040\000P\000e\000r\000s\000i\000s\000t\000s}{}% 3
\BOOKMARK [1][-]{section.4}{\376\377\000T\000h\000r\000e\000e\000\040\000M\000o\000t\000i\000f\000s\000\040\000a\000n\000d\000\040\000T\000h\000e\000i\000r\000\040\000N\000o\000n\000-\000U\000n\000i\000f\000i\000c\000a\000t\000i\000o\000n}{}% 4
\BOOKMARK [2][-]{subsection.4.1}{\376\377\000F\000i\000b\000o\000n\000a\000c\000c\000i\000\040\000S\000c\000a\000l\000i\000n\000g}{section.4}% 5
\BOOKMARK [2][-]{subsection.4.2}{\376\377\000P\000r\000i\000m\000e\000\040\000I\000n\000d\000e\000x\000i\000n\000g}{section.4}% 6
\BOOKMARK [2][-]{subsection.4.3}{\376\377\000S\000i\000n\000u\000s\000o\000i\000d\000a\000l\000\040\000P\000h\000a\000s\000e\000\040\000P\000r\000o\000j\000e\000c\000t\000i\000o\000n}{section.4}% 7
\BOOKMARK [2][-]{subsection.4.4}{\376\377\000T\000h\000e\000\040\000M\000i\000s\000s\000i\000n\000g\000\040\000E\000m\000b\000e\000d\000d\000i\000n\000g\000\040\000S\000p\000a\000c\000e}{section.4}% 8
\BOOKMARK [1][-]{section.5}{\376\377\000E\000n\000t\000r\000o\000p\000y\000\040\000a\000n\000d\000\040\000t\000h\000e\000\040\000S\000c\000a\000l\000e\000\040\000I\000n\000f\000l\000a\000t\000i\000o\000n\000\040\000P\000r\000o\000b\000l\000e\000m}{}% 9
\BOOKMARK [1][-]{section.6}{\376\377\000D\000e\000t\000e\000r\000m\000i\000n\000i\000s\000m\000\040\000a\000n\000d\000\040\000t\000h\000e\000\040\000W\000a\000v\000e\000f\000u\000n\000c\000t\000i\000o\000n}{}% 10
\BOOKMARK [1][-]{section.7}{\376\377\000O\000p\000t\000i\000m\000i\000z\000a\000t\000i\000o\000n\000\040\000a\000n\000d\000\040\000t\000h\000e\000\040\000M\000i\000s\000i\000d\000e\000n\000t\000i\000f\000i\000c\000a\000t\000i\000o\000n\000\040\000o\000f\000\040\000R\000e\000p\000l\000a\000c\000e\000m\000e\000n\000t}{}% 11
\BOOKMARK [1][-]{section.8}{\376\377\000T\000h\000e\000\040\000S\000t\000r\000u\000c\000t\000u\000r\000a\000l\000\040\000S\000o\000u\000r\000c\000e\000\040\000o\000f\000\040\000I\000n\000c\000o\000h\000e\000r\000e\000n\000c\000e}{}% 12
\BOOKMARK [1][-]{section.9}{\376\377\000A\000\040\000M\000e\000t\000h\000o\000d\000\040\000f\000o\000r\000\040\000D\000e\000t\000e\000c\000t\000i\000n\000g\000\040\000S\000t\000r\000u\000c\000t\000u\000r\000a\000l\000\040\000U\000n\000d\000e\000r\000d\000e\000t\000e\000r\000m\000i\000n\000a\000t\000i\000o\000n}{}% 13
\BOOKMARK [1][-]{section.10}{\376\377\000F\000r\000o\000m\000\040\000D\000i\000a\000g\000n\000o\000s\000i\000s\000\040\000t\000o\000\040\000R\000e\000c\000o\000n\000s\000t\000r\000u\000c\000t\000i\000o\000n}{}% 14
\BOOKMARK [1][-]{section.11}{\376\377\000T\000o\000w\000a\000r\000d\000\040\000S\000p\000e\000c\000i\000f\000i\000c\000a\000t\000i\000o\000n}{}% 15
\BOOKMARK [1][-]{section.12}{\376\377\000C\000o\000h\000e\000r\000e\000n\000c\000e\000\040\000a\000s\000\040\000C\000o\000n\000s\000t\000r\000a\000i\000n\000t\000\040\000W\000i\000t\000h\000i\000n\000\040\000P\000r\000o\000b\000a\000b\000i\000l\000i\000t\000y\000\040\000M\000a\000n\000i\000f\000o\000l\000d\000s}{}% 16
\BOOKMARK [1][-]{section.13}{\376\377\000F\000i\000e\000l\000d\000\040\000S\000h\000a\000p\000i\000n\000g\000\040\000V\000e\000r\000s\000u\000s\000\040\000B\000i\000n\000a\000r\000y\000\040\000G\000a\000t\000i\000n\000g}{}% 17
\BOOKMARK [1][-]{section.14}{\376\377\000C\000o\000n\000t\000i\000n\000u\000a\000t\000i\000o\000n\000\040\000S\000t\000r\000u\000c\000t\000u\000r\000e\000\040\000a\000n\000d\000\040\000E\000x\000p\000l\000i\000c\000i\000t\000\040\000C\000o\000n\000t\000r\000o\000l\000\040\000G\000e\000o\000m\000e\000t\000r\000y}{}% 18
\BOOKMARK [1][-]{section.15}{\376\377\000O\000s\000c\000i\000l\000l\000a\000t\000o\000r\000\040\000C\000o\000h\000e\000r\000e\000n\000c\000e\000\040\000a\000s\000\040\000t\000h\000e\000\040\000L\000o\000c\000a\000l\000\040\000P\000r\000o\000t\000o\000t\000y\000p\000e}{}% 19
\BOOKMARK [1][-]{section.16}{\376\377\000A\000s\000s\000e\000m\000b\000l\000y\000\040\000I\000n\000d\000e\000x\000,\000\040\000P\000a\000r\000s\000i\000m\000o\000n\000y\000,\000\040\000a\000n\000d\000\040\000S\000t\000r\000u\000c\000t\000u\000r\000a\000l\000\040\000D\000e\000n\000s\000i\000t\000y}{}% 20
\BOOKMARK [1][-]{section.17}{\376\377\000S\000c\000a\000l\000e\000\040\000I\000n\000f\000l\000a\000t\000i\000o\000n\000\040\000a\000n\000d\000\040\000U\000n\000i\000v\000e\000r\000s\000a\000l\000\040\000R\000e\000p\000l\000a\000c\000e\000m\000e\000n\000t}{}% 21
\BOOKMARK [1][-]{section.18}{\376\377\000T\000o\000w\000a\000r\000d\000\040\000a\000\040\000D\000e\000r\000i\000v\000e\000d\000\040\000C\000o\000h\000e\000r\000e\000n\000c\000e\000\040\000F\000u\000n\000c\000t\000i\000o\000n\000a\000l}{}% 22
\BOOKMARK [1][-]{section.19}{\376\377\000R\000e\000p\000l\000a\000c\000e\000m\000e\000n\000t\000\040\000V\000e\000r\000s\000u\000s\000\040\000E\000m\000b\000e\000d\000d\000i\000n\000g}{}% 23
\BOOKMARK [1][-]{section.20}{\376\377\000S\000y\000m\000b\000o\000l\000i\000c\000\040\000W\000e\000i\000g\000h\000t\000\040\000a\000n\000d\000\040\000S\000t\000r\000u\000c\000t\000u\000r\000a\000l\000\040\000P\000a\000t\000i\000e\000n\000c\000e}{}% 24
\BOOKMARK [1][-]{section.21}{\376\377\000D\000e\000t\000e\000r\000m\000i\000n\000i\000s\000t\000i\000c\000\040\000C\000o\000l\000l\000a\000p\000s\000e\000\040\000a\000n\000d\000\040\000P\000r\000o\000b\000a\000b\000i\000l\000i\000s\000t\000i\000c\000\040\000C\000u\000r\000v\000a\000t\000u\000r\000e}{}% 25
\BOOKMARK [1][-]{section.22}{\376\377\000C\000o\000n\000t\000i\000n\000u\000a\000t\000i\000o\000n\000-\000P\000a\000s\000s\000i\000n\000g\000\040\000S\000t\000r\000u\000c\000t\000u\000r\000e\000\040\000a\000n\000d\000\040\000E\000m\000i\000s\000s\000i\000o\000n\000\040\000L\000e\000g\000a\000l\000i\000t\000y}{}% 26
\BOOKMARK [1][-]{section.23}{\376\377\000G\000a\000t\000i\000n\000g\000\040\000a\000s\000\040\000P\000h\000a\000s\000e\000\040\000T\000r\000a\000n\000s\000i\000t\000i\000o\000n}{}% 27
\BOOKMARK [1][-]{section.24}{\376\377\000I\000n\000f\000o\000r\000m\000a\000t\000i\000o\000n\000\040\000G\000e\000o\000m\000e\000t\000r\000y\000\040\000a\000n\000d\000\040\000C\000o\000h\000e\000r\000e\000n\000c\000e\000\040\000C\000u\000r\000v\000a\000t\000u\000r\000e}{}% 28
\BOOKMARK [1][-]{section.25}{\376\377\000A\000s\000s\000e\000m\000b\000l\000y\000\040\000I\000n\000d\000e\000x\000\040\000a\000n\000d\000\040\000S\000t\000r\000u\000c\000t\000u\000r\000a\000l\000\040\000C\000o\000m\000p\000r\000e\000s\000s\000i\000o\000n}{}% 29
\BOOKMARK [1][-]{section.26}{\376\377\000T\000h\000e\000\040\000P\000a\000t\000t\000e\000r\000n\040\023\000C\000o\000n\000c\000e\000p\000t\000\040\000B\000o\000u\000n\000d\000a\000r\000y}{}% 30
\BOOKMARK [1][-]{section.27}{\376\377\000S\000t\000r\000u\000c\000t\000u\000r\000a\000l\000\040\000P\000a\000t\000i\000e\000n\000c\000e\000\040\000a\000n\000d\000\040\000t\000h\000e\000\040\000N\000e\000x\000t\000\040\000S\000t\000e\000p}{}% 31
\BOOKMARK [1][-]{section.28}{\376\377\000C\000o\000m\000p\000a\000r\000i\000s\000o\000n\000\040\000w\000i\000t\000h\000\040\000M\000a\000n\000i\000f\000o\000l\000d\000-\000B\000a\000s\000e\000d\000\040\000S\000t\000r\000u\000c\000t\000u\000r\000a\000l\000\040\000G\000e\000o\000m\000e\000t\000r\000y}{}% 32
\BOOKMARK [2][-]{subsection.28.1}{\376\377\000S\000c\000a\000l\000a\000r\000-\000F\000i\000r\000s\000t\000\040\000V\000e\000r\000s\000u\000s\000\040\000S\000p\000a\000c\000e\000-\000F\000i\000r\000s\000t\000\040\000A\000r\000c\000h\000i\000t\000e\000c\000t\000u\000r\000e}{section.28}% 33
\BOOKMARK [2][-]{subsection.28.2}{\376\377\000E\000n\000t\000r\000o\000p\000y\000\040\000a\000s\000\040\000M\000e\000a\000s\000u\000r\000e\000\040\000V\000e\000r\000s\000u\000s\000\040\000C\000o\000h\000e\000r\000e\000n\000c\000e\000\040\000a\000s\000\040\000P\000r\000o\000j\000e\000c\000t\000i\000o\000n}{section.28}% 34
\BOOKMARK [2][-]{subsection.28.3}{\376\377\000C\000o\000n\000s\000t\000r\000a\000i\000n\000t\000\040\000D\000e\000n\000s\000i\000t\000y\000\040\000V\000e\000r\000s\000u\000s\000\040\000H\000a\000r\000m\000o\000n\000i\000c\000\040\000S\000y\000m\000b\000o\000l\000i\000s\000m}{section.28}% 35
\BOOKMARK [2][-]{subsection.28.4}{\376\377\000F\000i\000e\000l\000d\000\040\000D\000y\000n\000a\000m\000i\000c\000s\000\040\000V\000e\000r\000s\000u\000s\000\040\000S\000c\000a\000l\000a\000r\000\040\000E\000v\000a\000l\000u\000a\000t\000i\000o\000n}{section.28}% 36
\BOOKMARK [2][-]{subsection.28.5}{\376\377\000D\000i\000s\000t\000r\000i\000b\000u\000t\000e\000d\000\040\000C\000e\000n\000t\000r\000a\000l\000i\000t\000y\000\040\000a\000n\000d\000\040\000C\000u\000r\000v\000a\000t\000u\000r\000e\000\040\000S\000t\000a\000b\000i\000l\000i\000t\000y}{section.28}% 37
\BOOKMARK [2][-]{subsection.28.6}{\376\377\000C\000o\000n\000t\000i\000n\000u\000a\000t\000i\000o\000n\000\040\000G\000e\000o\000m\000e\000t\000r\000y\000\040\000a\000n\000d\000\040\000H\000i\000s\000t\000o\000r\000i\000c\000a\000l\000\040\000I\000n\000v\000a\000r\000i\000a\000n\000t\000s}{section.28}% 38
\BOOKMARK [2][-]{subsection.28.7}{\376\377\000R\000e\000p\000l\000a\000c\000e\000m\000e\000n\000t\000\040\000a\000n\000d\000\040\000R\000e\000f\000i\000n\000e\000m\000e\000n\000t}{section.28}% 39
\BOOKMARK [1][-]{section.29}{\376\377\000S\000t\000r\000u\000c\000t\000u\000r\000a\000l\000\040\000U\000n\000d\000e\000r\000d\000e\000t\000e\000r\000m\000i\000n\000a\000t\000i\000o\000n\000\040\000R\000e\000v\000i\000s\000i\000t\000e\000d}{}% 40
\BOOKMARK [1][-]{section.30}{\376\377\000F\000i\000n\000a\000l\000\040\000S\000y\000n\000t\000h\000e\000s\000i\000s\000:\000\040\000S\000t\000r\000u\000c\000t\000u\000r\000e\000\040\000B\000e\000f\000o\000r\000e\000\040\000S\000y\000m\000b\000o\000l}{}% 41
\BOOKMARK [2][-]{subsection.30.1}{\376\377\000T\000h\000e\000\040\000M\000o\000m\000e\000n\000t\000\040\000B\000e\000f\000o\000r\000e\000\040\000C\000o\000n\000c\000e\000p\000t\000u\000a\000l\000\040\000C\000l\000o\000s\000u\000r\000e}{section.30}% 42
\BOOKMARK [2][-]{subsection.30.2}{\376\377\000E\000n\000t\000r\000o\000p\000y\000,\000\040\000C\000o\000h\000e\000r\000e\000n\000c\000e\000,\000\040\000a\000n\000d\000\040\000t\000h\000e\000\040\000N\000o\000n\000-\000A\000b\000o\000l\000i\000t\000i\000o\000n\000\040\000P\000r\000i\000n\000c\000i\000p\000l\000e}{section.30}% 43
\BOOKMARK [2][-]{subsection.30.3}{\376\377\000C\000o\000n\000t\000i\000n\000u\000a\000t\000i\000o\000n\000\040\000a\000n\000d\000\040\000I\000n\000v\000a\000r\000i\000a\000n\000c\000e}{section.30}% 44
\BOOKMARK [2][-]{subsection.30.4}{\376\377\000S\000c\000a\000l\000a\000r\000\040\000W\000e\000i\000g\000h\000t\000\040\000a\000n\000d\000\040\000S\000t\000r\000u\000c\000t\000u\000r\000a\000l\000\040\000P\000a\000t\000i\000e\000n\000c\000e}{section.30}% 45
\BOOKMARK [2][-]{subsection.30.5}{\376\377\000R\000e\000a\000f\000f\000i\000r\000m\000i\000n\000g\000\040\000P\000r\000i\000o\000r\000i\000t\000y}{section.30}% 46
\BOOKMARK [2][-]{subsection.30.6}{\376\377\000W\000h\000a\000t\000\040\000R\000e\000m\000a\000i\000n\000s\000\040\000V\000a\000l\000i\000d}{section.30}% 47
\BOOKMARK [1][-]{appendix.A}{\376\377\000S\000c\000a\000l\000a\000r\000\040\000I\000n\000v\000a\000r\000i\000a\000n\000t\000s\000\040\000a\000s\000\040\000D\000e\000r\000i\000v\000e\000d\000\040\000Q\000u\000a\000n\000t\000i\000t\000i\000e\000s\000\040\000o\000f\000\040\000G\000e\000o\000m\000e\000t\000r\000i\000c\000\040\000F\000l\000o\000w}{}% 48
\BOOKMARK [1][-]{appendix.B}{\376\377\000C\000o\000h\000e\000r\000e\000n\000c\000e\000\040\000a\000s\000\040\000S\000p\000e\000c\000t\000r\000a\000l\000\040\000P\000r\000o\000j\000e\000c\000t\000i\000o\000n\000\040\000i\000n\000\040\000H\000i\000l\000b\000e\000r\000t\000\040\000S\000p\000a\000c\000e}{}% 49
\BOOKMARK [1][-]{appendix.C}{\376\377\000E\000n\000t\000r\000o\000p\000y\040\023\000C\000o\000h\000e\000r\000e\000n\000c\000e\000\040\000L\000o\000c\000a\000l\000\040\000E\000q\000u\000i\000v\000a\000l\000e\000n\000c\000e\000\040\000i\000n\000\040\000C\000o\000u\000p\000l\000e\000d\000\040\000O\000s\000c\000i\000l\000l\000a\000t\000o\000r\000\040\000S\000y\000s\000t\000e\000m\000s}{}% 50
\BOOKMARK [1][-]{appendix.D}{\376\377\000I\000n\000f\000o\000r\000m\000a\000t\000i\000o\000n\000-\000G\000e\000o\000m\000e\000t\000r\000i\000c\000\040\000E\000m\000b\000e\000d\000d\000i\000n\000g\000\040\000o\000f\000\040\000C\000o\000h\000e\000r\000e\000n\000c\000e\000\040\000F\000u\000n\000c\000t\000i\000o\000n\000a\000l}{}% 51
\BOOKMARK [1][-]{appendix.E}{\376\377\000D\000e\000t\000e\000r\000m\000i\000n\000i\000s\000t\000i\000c\000\040\000H\000i\000d\000d\000e\000n\000-\000V\000a\000r\000i\000a\000b\000l\000e\000\040\000C\000o\000m\000p\000l\000e\000t\000i\000o\000n\000\040\000a\000n\000d\000\040\000B\000e\000l\000l\000\040\000C\000o\000n\000s\000t\000r\000a\000i\000n\000t\000s}{}% 52
\BOOKMARK [1][-]{appendix.F}{\376\377\000S\000p\000e\000c\000t\000r\000a\000l\000\040\000S\000t\000a\000b\000i\000l\000i\000t\000y\000\040\000a\000n\000d\000\040\000L\000y\000a\000p\000u\000n\000o\000v\000-\000D\000e\000r\000i\000v\000e\000d\000\040\000C\000o\000h\000e\000r\000e\000n\000c\000e}{}% 53
\BOOKMARK [1][-]{appendix.G}{\376\377\000R\000e\000n\000o\000r\000m\000a\000l\000i\000z\000a\000t\000i\000o\000n\000\040\000F\000l\000o\000w\000\040\000a\000n\000d\000\040\000C\000u\000r\000v\000a\000t\000u\000r\000e\000\040\000F\000l\000a\000t\000t\000e\000n\000i\000n\000g}{}% 54
\BOOKMARK [1][-]{appendix.H}{\376\377\000A\000s\000s\000e\000m\000b\000l\000y\000\040\000I\000n\000d\000e\000x\000\040\000a\000n\000d\000\040\000G\000e\000n\000e\000r\000a\000t\000i\000v\000e\000\040\000D\000e\000p\000t\000h\000\040\000F\000o\000r\000m\000a\000l\000i\000z\000a\000t\000i\000o\000n}{}% 55
\BOOKMARK [1][-]{appendix.I}{\376\377\000P\000h\000a\000s\000e\000\040\000T\000r\000a\000n\000s\000i\000t\000i\000o\000n\000\040\000F\000o\000r\000m\000a\000l\000i\000z\000a\000t\000i\000o\000n\000\040\000o\000f\000\040\000B\000i\000n\000a\000r\000y\000\040\000G\000a\000t\000i\000n\000g}{}% 56
\BOOKMARK [1][-]{appendix.J}{\376\377\000U\000n\000i\000f\000i\000e\000d\000\040\000D\000e\000r\000i\000v\000a\000t\000i\000o\000n\000\040\000T\000h\000e\000o\000r\000e\000m\000\040\000f\000o\000r\000\040\000C\000o\000h\000e\000r\000e\000n\000c\000e\000\040\000F\000u\000n\000c\000t\000i\000o\000n\000a\000l\000s}{}% 57
