\BOOKMARK [1][-]{section.1}{\376\377\000I\000n\000t\000r\000o\000d\000u\000c\000t\000i\000o\000n\000:\000\040\000L\000o\000c\000a\000t\000i\000n\000g\000\040\000t\000h\000e\000\040\000E\000x\000p\000l\000o\000s\000i\000o\000n}{}% 1
\BOOKMARK [1][-]{section.2}{\376\377\000W\000h\000a\000t\000\040\000G\000i\000t\000H\000u\000b\000\040\000C\000h\000a\000n\000g\000e\000d\000\040\000S\000t\000r\000u\000c\000t\000u\000r\000a\000l\000l\000y}{}% 2
\BOOKMARK [1][-]{section.3}{\376\377\000T\000o\000w\000a\000r\000d\000\040\000a\000\040\000T\000h\000e\000o\000r\000y\000\040\000o\000f\000\040\000P\000r\000o\000c\000e\000d\000u\000r\000a\000l\000\040\000S\000u\000b\000s\000t\000r\000a\000t\000e\000s}{}% 3
\BOOKMARK [1][-]{section.4}{\376\377\000T\000h\000e\000\040\000E\000p\000i\000s\000t\000e\000m\000i\000c\000\040\000E\000c\000o\000n\000o\000m\000y\000:\000\040\000A\000c\000a\000d\000e\000m\000i\000a\000,\000\040\000I\000n\000d\000u\000s\000t\000r\000y\000,\000\040\000a\000n\000d\000\040\000t\000h\000e\000\040\000I\000n\000c\000e\000n\000t\000i\000v\000e\000\040\000I\000n\000v\000e\000r\000s\000i\000o\000n}{}% 4
\BOOKMARK [1][-]{section.5}{\376\377\000T\000h\000e\000\040\000R\000e\000c\000u\000r\000s\000i\000o\000n\000\040\000T\000h\000a\000t\000\040\000C\000l\000o\000s\000e\000d}{}% 5
\BOOKMARK [1][-]{section.6}{\376\377\000W\000h\000y\000\040\000E\000s\000o\000l\000a\000n\000g\000s\000\040\000M\000a\000t\000t\000e\000r\000\040\000E\000p\000i\000s\000t\000e\000m\000i\000c\000a\000l\000l\000y}{}% 6
\BOOKMARK [1][-]{section.7}{\376\377\000A\000\040\000W\000o\000r\000k\000e\000d\000\040\000E\000x\000a\000m\000p\000l\000e}{}% 7
\BOOKMARK [1][-]{section.8}{\376\377\000B\000u\000b\000b\000l\000e\000s\000\040\000a\000s\000\040\000M\000e\000t\000a\000s\000t\000a\000b\000l\000e\000\040\000A\000t\000t\000r\000a\000c\000t\000o\000r\000s\000:\000\040\000T\000h\000e\000\040\000S\000p\000h\000e\000r\000e\000p\000o\000p\000\040\000L\000a\000y\000e\000r}{}% 8
\BOOKMARK [1][-]{section.9}{\376\377\000T\000h\000e\000\040\000T\000h\000r\000e\000e\000\040\000T\000i\000e\000r\000s\000\040\000o\000f\000\040\000A\000d\000m\000i\000s\000s\000i\000b\000i\000l\000i\000t\000y}{}% 9
\BOOKMARK [1][-]{section.10}{\376\377\000C\000o\000m\000m\000i\000t\000\040\000H\000i\000s\000t\000o\000r\000i\000e\000s\000\040\000a\000s\000\040\000T\000e\000m\000p\000o\000r\000a\000l\000\040\000G\000e\000o\000m\000e\000t\000r\000y}{}% 10
\BOOKMARK [1][-]{section.11}{\376\377\000W\000h\000a\000t\000\040\000G\000e\000n\000e\000r\000a\000t\000i\000v\000e\000\040\000A\000l\000g\000o\000r\000i\000t\000h\000m\000s\000\040\000L\000e\000a\000r\000n}{}% 11
\BOOKMARK [1][-]{section.12}{\376\377\000G\000r\000a\000d\000i\000e\000n\000t\000\040\000L\000e\000g\000i\000b\000i\000l\000i\000t\000y\000\040\000a\000n\000d\000\040\000t\000h\000e\000\040\000L\000L\000M\000\040\000a\000s\000\040\000M\000a\000n\000i\000f\000o\000l\000d\000-\000C\000o\000m\000p\000r\000e\000s\000s\000i\000o\000n\000\040\000O\000p\000e\000r\000a\000t\000o\000r}{}% 12
\BOOKMARK [1][-]{section.13}{\376\377\000D\000e\000v\000e\000l\000o\000p\000m\000e\000n\000t\000a\000l\000\040\000G\000e\000o\000m\000e\000t\000r\000y\000\040\000A\000c\000r\000o\000s\000s\000\040\000R\000e\000p\000r\000e\000s\000e\000n\000t\000a\000t\000i\000o\000n\000a\000l\000\040\000L\000a\000y\000e\000r\000s}{}% 13
\BOOKMARK [1][-]{section.14}{\376\377\000Q\000u\000a\000n\000t\000u\000m\000\040\000S\000p\000h\000e\000r\000e\000P\000o\000p\000\040\000a\000n\000d\000\040\000S\000e\000m\000a\000n\000t\000i\000c\000\040\000Q\000u\000a\000n\000t\000i\000z\000a\000t\000i\000o\000n}{}% 14
\BOOKMARK [1][-]{section.15}{\376\377\000R\000e\000p\000l\000a\000y\000\040\000a\000s\000\040\000C\000o\000a\000r\000s\000e\000-\000G\000r\000a\000i\000n\000e\000d\000\040\000S\000e\000m\000a\000n\000t\000i\000c\000\040\000R\000e\000c\000o\000n\000s\000t\000r\000u\000c\000t\000i\000o\000n}{}% 15
\BOOKMARK [1][-]{section.16}{\376\377\000P\000h\000a\000s\000e\000\040\000S\000y\000n\000c\000h\000r\000o\000n\000i\000z\000a\000t\000i\000o\000n\000\040\000a\000n\000d\000\040\000t\000h\000e\000\040\000C\000o\000l\000l\000e\000c\000t\000i\000v\000e\000\040\000P\000r\000o\000c\000e\000d\000u\000r\000a\000l\000\040\000F\000i\000e\000l\000d}{}% 16
\BOOKMARK [1][-]{section.17}{\376\377\000R\000S\000V\000P\000\040\000C\000o\000n\000n\000e\000c\000t\000i\000o\000n\000s\000:\000\040\000G\000i\000t\000H\000u\000b\000\040\000a\000s\000\040\000P\000l\000a\000n\000e\000t\000a\000r\000y\000\040\000A\000d\000m\000i\000s\000s\000i\000b\000i\000l\000i\000t\000y\000\040\000G\000e\000o\000m\000e\000t\000r\000y}{}% 17
\BOOKMARK [1][-]{section.18}{\376\377\000O\000b\000j\000e\000c\000t\000i\000o\000n\000s\000\040\000a\000n\000d\000\040\000C\000l\000a\000r\000i\000f\000i\000c\000a\000t\000i\000o\000n\000s}{}% 18
\BOOKMARK [1][-]{section.19}{\376\377\000C\000o\000n\000c\000l\000u\000s\000i\000o\000n\000:\000\040\000T\000h\000o\000u\000g\000h\000t\000\040\000a\000s\000\040\000R\000e\000c\000u\000r\000s\000i\000v\000e\000l\000y\000\040\000R\000e\000u\000s\000a\000b\000l\000e\000\040\000I\000n\000f\000r\000a\000s\000t\000r\000u\000c\000t\000u\000r\000e}{}% 19
\BOOKMARK [1][-]{section*.36}{\376\377\000N\000o\000t\000a\000t\000i\000o\000n\000\040\000G\000l\000o\000s\000s\000a\000r\000y}{}% 20
\BOOKMARK [1][-]{appendix.A}{\376\377\000P\000r\000o\000b\000a\000b\000i\000l\000i\000s\000t\000i\000c\000\040\000T\000a\000p\000e\000\040\000G\000e\000o\000m\000e\000t\000r\000y}{}% 21
\BOOKMARK [1][-]{appendix.B}{\376\377\000B\000u\000b\000b\000l\000e\000\040\000R\000e\000g\000i\000o\000n\000s}{}% 22
\BOOKMARK [1][-]{appendix.C}{\376\377\000B\000u\000b\000b\000l\000e\000\040\000E\000n\000e\000r\000g\000y\000\040\000a\000n\000d\000\040\000C\000o\000h\000e\000r\000e\000n\000c\000e}{}% 23
\BOOKMARK [1][-]{appendix.D}{\376\377\000M\000o\000r\000t\000a\000l\000i\000t\000y\000\040\000F\000u\000n\000c\000t\000i\000o\000n\000a\000l}{}% 24
\BOOKMARK [1][-]{appendix.E}{\376\377\000S\000t\000a\000b\000i\000l\000i\000z\000a\000t\000i\000o\000n\000\040\000O\000p\000e\000r\000a\000t\000o\000r\000s}{}% 25
\BOOKMARK [1][-]{appendix.F}{\376\377\000M\000e\000r\000g\000e\000\040\000D\000y\000n\000a\000m\000i\000c\000s}{}% 26
\BOOKMARK [1][-]{appendix.G}{\376\377\000S\000e\000m\000a\000n\000t\000i\000c\000\040\000R\000e\000p\000l\000a\000y}{}% 27
\BOOKMARK [1][-]{appendix.H}{\376\377\000A\000t\000t\000r\000a\000c\000t\000o\000r\000\040\000S\000e\000m\000a\000n\000t\000i\000c\000s}{}% 28
\BOOKMARK [1][-]{appendix.I}{\376\377\000S\000p\000h\000e\000r\000e\000p\000o\000p\040\023\000/\000\346\000m\000b\000i\002\320\002\133\000f\000/\000\040\000C\000o\000r\000r\000e\000s\000p\000o\000n\000d\000e\000n\000c\000e}{}% 29
