This is XeTeX, Version 3.141592653-2.6-0.999997 (TeX Live 2025) (preloaded format=xelatex 2025.9.22)  24 OCT 2025 21:34
entering extended mode
 restricted \write18 enabled.
 %&-line parsing enabled.
**monograph.tex
(./monograph.tex
LaTeX2e <2025-06-01> patch level 1
L3 programming layer <2025-09-02>
(/usr/local/texlive/2025/texmf-dist/tex/latex/base/article.cls
Document Class: article 2025/01/22 v1.4n Standard LaTeX document class
(/usr/local/texlive/2025/texmf-dist/tex/latex/base/size12.clo
File: size12.clo 2025/01/22 v1.4n Standard LaTeX file (size option)
)
\c@part=\count271
\c@section=\count272
\c@subsection=\count273
\c@subsubsection=\count274
\c@paragraph=\count275
\c@subparagraph=\count276
\c@figure=\count277
\c@table=\count278
\abovecaptionskip=\skip49
\belowcaptionskip=\skip50
\bibindent=\dimen148
)
(/usr/local/texlive/2025/texmf-dist/tex/latex/base/inputenc.sty
Package: inputenc 2024/02/08 v1.3d Input encoding file
\inpenc@prehook=\toks17
\inpenc@posthook=\toks18


Package inputenc Warning: inputenc package ignored with utf8 based engines.

) (/usr/local/texlive/2025/texmf-dist/tex/latex/base/fontenc.sty
Package: fontenc 2024/12/21 v2.1c Standard LaTeX package
LaTeX Font Info:    Trying to load font information for T1+lmr on input line 11
6.

(/usr/local/texlive/2025/texmf-dist/tex/latex/lm/t1lmr.fd
File: t1lmr.fd 2015/05/01 v1.6.1 Font defs for Latin Modern
))
(/usr/local/texlive/2025/texmf-dist/tex/latex/lm/lmodern.sty
Package: lmodern 2015/05/01 v1.6.1 Latin Modern Fonts
LaTeX Font Info:    Overwriting symbol font `operators' in version `normal'
(Font)                  OT1/cmr/m/n --> OT1/lmr/m/n on input line 22.
LaTeX Font Info:    Overwriting symbol font `letters' in version `normal'
(Font)                  OML/cmm/m/it --> OML/lmm/m/it on input line 23.
LaTeX Font Info:    Overwriting symbol font `symbols' in version `normal'
(Font)                  OMS/cmsy/m/n --> OMS/lmsy/m/n on input line 24.
LaTeX Font Info:    Overwriting symbol font `largesymbols' in version `normal'
(Font)                  OMX/cmex/m/n --> OMX/lmex/m/n on input line 25.
LaTeX Font Info:    Overwriting symbol font `operators' in version `bold'
(Font)                  OT1/cmr/bx/n --> OT1/lmr/bx/n on input line 26.
LaTeX Font Info:    Overwriting symbol font `letters' in version `bold'
(Font)                  OML/cmm/b/it --> OML/lmm/b/it on input line 27.
LaTeX Font Info:    Overwriting symbol font `symbols' in version `bold'
(Font)                  OMS/cmsy/b/n --> OMS/lmsy/b/n on input line 28.
LaTeX Font Info:    Overwriting symbol font `largesymbols' in version `bold'
(Font)                  OMX/cmex/m/n --> OMX/lmex/m/n on input line 29.
LaTeX Font Info:    Overwriting math alphabet `\mathbf' in version `normal'
(Font)                  OT1/cmr/bx/n --> OT1/lmr/bx/n on input line 31.
LaTeX Font Info:    Overwriting math alphabet `\mathsf' in version `normal'
(Font)                  OT1/cmss/m/n --> OT1/lmss/m/n on input line 32.
LaTeX Font Info:    Overwriting math alphabet `\mathit' in version `normal'
(Font)                  OT1/cmr/m/it --> OT1/lmr/m/it on input line 33.
LaTeX Font Info:    Overwriting math alphabet `\mathtt' in version `normal'
(Font)                  OT1/cmtt/m/n --> OT1/lmtt/m/n on input line 34.
LaTeX Font Info:    Overwriting math alphabet `\mathbf' in version `bold'
(Font)                  OT1/cmr/bx/n --> OT1/lmr/bx/n on input line 35.
LaTeX Font Info:    Overwriting math alphabet `\mathsf' in version `bold'
(Font)                  OT1/cmss/bx/n --> OT1/lmss/bx/n on input line 36.
LaTeX Font Info:    Overwriting math alphabet `\mathit' in version `bold'
(Font)                  OT1/cmr/bx/it --> OT1/lmr/bx/it on input line 37.
LaTeX Font Info:    Overwriting math alphabet `\mathtt' in version `bold'
(Font)                  OT1/cmtt/m/n --> OT1/lmtt/m/n on input line 38.
)
(/usr/local/texlive/2025/texmf-dist/tex/latex/geometry/geometry.sty
Package: geometry 2020/01/02 v5.9 Page Geometry

(/usr/local/texlive/2025/texmf-dist/tex/latex/graphics/keyval.sty
Package: keyval 2022/05/29 v1.15 key=value parser (DPC)
\KV@toks@=\toks19
)
(/usr/local/texlive/2025/texmf-dist/tex/generic/iftex/ifvtex.sty
Package: ifvtex 2019/10/25 v1.7 ifvtex legacy package. Use iftex instead.

(/usr/local/texlive/2025/texmf-dist/tex/generic/iftex/iftex.sty
Package: iftex 2024/12/12 v1.0g TeX engine tests
))
\Gm@cnth=\count279
\Gm@cntv=\count280
\c@Gm@tempcnt=\count281
\Gm@bindingoffset=\dimen149
\Gm@wd@mp=\dimen150
\Gm@odd@mp=\dimen151
\Gm@even@mp=\dimen152
\Gm@layoutwidth=\dimen153
\Gm@layoutheight=\dimen154
\Gm@layouthoffset=\dimen155
\Gm@layoutvoffset=\dimen156
\Gm@dimlist=\toks20
)
(/usr/local/texlive/2025/texmf-dist/tex/latex/setspace/setspace.sty
Package: setspace 2022/12/04 v6.7b set line spacing
)
(/usr/local/texlive/2025/texmf-dist/tex/latex/amsmath/amsmath.sty
Package: amsmath 2025/06/16 v2.17y AMS math features
\@mathmargin=\skip51

For additional information on amsmath, use the `?' option.
(/usr/local/texlive/2025/texmf-dist/tex/latex/amsmath/amstext.sty
Package: amstext 2024/11/17 v2.01 AMS text

(/usr/local/texlive/2025/texmf-dist/tex/latex/amsmath/amsgen.sty
File: amsgen.sty 1999/11/30 v2.0 generic functions
\@emptytoks=\toks21
\ex@=\dimen157
))
(/usr/local/texlive/2025/texmf-dist/tex/latex/amsmath/amsbsy.sty
Package: amsbsy 1999/11/29 v1.2d Bold Symbols
\pmbraise@=\dimen158
)
(/usr/local/texlive/2025/texmf-dist/tex/latex/amsmath/amsopn.sty
Package: amsopn 2022/04/08 v2.04 operator names
)
\inf@bad=\count282
LaTeX Info: Redefining \frac on input line 233.
\uproot@=\count283
\leftroot@=\count284
LaTeX Info: Redefining \overline on input line 398.
LaTeX Info: Redefining \colon on input line 409.
\classnum@=\count285
\DOTSCASE@=\count286
LaTeX Info: Redefining \ldots on input line 495.
LaTeX Info: Redefining \dots on input line 498.
LaTeX Info: Redefining \cdots on input line 619.
\Mathstrutbox@=\box53
\strutbox@=\box54
LaTeX Info: Redefining \big on input line 721.
LaTeX Info: Redefining \Big on input line 722.
LaTeX Info: Redefining \bigg on input line 723.
LaTeX Info: Redefining \Bigg on input line 724.
\big@size=\dimen159
LaTeX Font Info:    Redeclaring font encoding OML on input line 742.
LaTeX Font Info:    Redeclaring font encoding OMS on input line 743.
\macc@depth=\count287
LaTeX Info: Redefining \bmod on input line 904.
LaTeX Info: Redefining \pmod on input line 909.
LaTeX Info: Redefining \smash on input line 939.
LaTeX Info: Redefining \relbar on input line 969.
LaTeX Info: Redefining \Relbar on input line 970.
\c@MaxMatrixCols=\count288
\dotsspace@=\muskip17
\c@parentequation=\count289
\dspbrk@lvl=\count290
\tag@help=\toks22
\row@=\count291
\column@=\count292
\maxfields@=\count293
\andhelp@=\toks23
\eqnshift@=\dimen160
\alignsep@=\dimen161
\tagshift@=\dimen162
\tagwidth@=\dimen163
\totwidth@=\dimen164
\lineht@=\dimen165
\@envbody=\toks24
\multlinegap=\skip52
\multlinetaggap=\skip53
\mathdisplay@stack=\toks25
LaTeX Info: Redefining \[ on input line 2949.
LaTeX Info: Redefining \] on input line 2950.
)
(/usr/local/texlive/2025/texmf-dist/tex/latex/amsfonts/amssymb.sty
Package: amssymb 2013/01/14 v3.01 AMS font symbols

(/usr/local/texlive/2025/texmf-dist/tex/latex/amsfonts/amsfonts.sty
Package: amsfonts 2013/01/14 v3.01 Basic AMSFonts support
\symAMSa=\mathgroup4
\symAMSb=\mathgroup5
LaTeX Font Info:    Redeclaring math symbol \hbar on input line 98.
LaTeX Font Info:    Overwriting math alphabet `\mathfrak' in version `bold'
(Font)                  U/euf/m/n --> U/euf/b/n on input line 106.
))
(/usr/local/texlive/2025/texmf-dist/tex/latex/amscls/amsthm.sty
Package: amsthm 2020/05/29 v2.20.6
\thm@style=\toks26
\thm@bodyfont=\toks27
\thm@headfont=\toks28
\thm@notefont=\toks29
\thm@headpunct=\toks30
\thm@preskip=\skip54
\thm@postskip=\skip55
\thm@headsep=\skip56
\dth@everypar=\toks31
)
(/usr/local/texlive/2025/texmf-dist/tex/latex/mathtools/mathtools.sty
Package: mathtools 2024/10/04 v1.31 mathematical typesetting tools

(/usr/local/texlive/2025/texmf-dist/tex/latex/tools/calc.sty
Package: calc 2025/03/01 v4.3b Infix arithmetic (KKT,FJ)
\calc@Acount=\count294
\calc@Bcount=\count295
\calc@Adimen=\dimen166
\calc@Bdimen=\dimen167
\calc@Askip=\skip57
\calc@Bskip=\skip58
LaTeX Info: Redefining \setlength on input line 86.
LaTeX Info: Redefining \addtolength on input line 87.
\calc@Ccount=\count296
\calc@Cskip=\skip59
)
(/usr/local/texlive/2025/texmf-dist/tex/latex/mathtools/mhsetup.sty
Package: mhsetup 2021/03/18 v1.4 programming setup (MH)
)
\g_MT_multlinerow_int=\count297
\l_MT_multwidth_dim=\dimen168
\origjot=\skip60
\l_MT_shortvdotswithinadjustabove_dim=\dimen169
\l_MT_shortvdotswithinadjustbelow_dim=\dimen170
\l_MT_above_intertext_sep=\dimen171
\l_MT_below_intertext_sep=\dimen172
\l_MT_above_shortintertext_sep=\dimen173
\l_MT_below_shortintertext_sep=\dimen174
\xmathstrut@box=\box55
\xmathstrut@dim=\dimen175
)
(/usr/local/texlive/2025/texmf-dist/tex/latex/microtype/microtype.sty
Package: microtype 2025/07/09 v3.2b Micro-typographical refinements (RS)

(/usr/local/texlive/2025/texmf-dist/tex/latex/etoolbox/etoolbox.sty
Package: etoolbox 2025/02/11 v2.5l e-TeX tools for LaTeX (JAW)
\etb@tempcnta=\count298
)
\MT@toks=\toks32
\MT@tempbox=\box56
\MT@count=\count299
LaTeX Info: Redefining \noprotrusionifhmode on input line 1087.
LaTeX Info: Redefining \leftprotrusion on input line 1088.
\MT@prot@toks=\toks33
LaTeX Info: Redefining \rightprotrusion on input line 1107.
LaTeX Info: Redefining \textls on input line 1449.
\MT@outer@kern=\dimen176
LaTeX Info: Redefining \microtypecontext on input line 2053.
LaTeX Info: Redefining \textmicrotypecontext on input line 2070.
\MT@listname@count=\count300

(/usr/local/texlive/2025/texmf-dist/tex/latex/microtype/microtype-xetex.def
File: microtype-xetex.def 2025/07/09 v3.2b Definitions specific to xetex (RS)
LaTeX Info: Redefining \lsstyle on input line 443.
LaTeX Info: Redefining \lslig on input line 451.
\MT@outer@space=\skip61
)
Package microtype Info: Loading configuration file microtype.cfg.

(/usr/local/texlive/2025/texmf-dist/tex/latex/microtype/microtype.cfg
File: microtype.cfg 2025/07/09 v3.2b microtype main configuration file (RS)
)
LaTeX Info: Redefining \microtypesetup on input line 3065.
)
(/usr/local/texlive/2025/texmf-dist/tex/latex/titlesec/titlesec.sty
Package: titlesec 2025/01/04 v2.17 Sectioning titles
\ttl@box=\box57
\beforetitleunit=\skip62
\aftertitleunit=\skip63
\ttl@plus=\dimen177
\ttl@minus=\dimen178
\ttl@toksa=\toks34
\titlewidth=\dimen179
\titlewidthlast=\dimen180
\titlewidthfirst=\dimen181
)
(/usr/local/texlive/2025/texmf-dist/tex/latex/hyperref/hyperref.sty
Package: hyperref 2025-07-12 v7.01o Hypertext links for LaTeX

(/usr/local/texlive/2025/texmf-dist/tex/latex/kvsetkeys/kvsetkeys.sty
Package: kvsetkeys 2022-10-05 v1.19 Key value parser (HO)
)
(/usr/local/texlive/2025/texmf-dist/tex/generic/kvdefinekeys/kvdefinekeys.sty
Package: kvdefinekeys 2019-12-19 v1.6 Define keys (HO)
)
(/usr/local/texlive/2025/texmf-dist/tex/generic/pdfescape/pdfescape.sty
Package: pdfescape 2019/12/09 v1.15 Implements pdfTeX's escape features (HO)

(/usr/local/texlive/2025/texmf-dist/tex/generic/ltxcmds/ltxcmds.sty
Package: ltxcmds 2023-12-04 v1.26 LaTeX kernel commands for general use (HO)
)
(/usr/local/texlive/2025/texmf-dist/tex/generic/pdftexcmds/pdftexcmds.sty
Package: pdftexcmds 2020-06-27 v0.33 Utility functions of pdfTeX for LuaTeX (HO
)

(/usr/local/texlive/2025/texmf-dist/tex/generic/infwarerr/infwarerr.sty
Package: infwarerr 2019/12/03 v1.5 Providing info/warning/error messages (HO)
)
Package pdftexcmds Info: \pdf@primitive is available.
Package pdftexcmds Info: \pdf@ifprimitive is available.
Package pdftexcmds Info: \pdfdraftmode not found.
))
(/usr/local/texlive/2025/texmf-dist/tex/latex/hycolor/hycolor.sty
Package: hycolor 2020-01-27 v1.10 Color options for hyperref/bookmark (HO)
)
(/usr/local/texlive/2025/texmf-dist/tex/latex/hyperref/nameref.sty
Package: nameref 2025-06-21 v2.57 Cross-referencing by name of section

(/usr/local/texlive/2025/texmf-dist/tex/latex/refcount/refcount.sty
Package: refcount 2019/12/15 v3.6 Data extraction from label references (HO)
)
(/usr/local/texlive/2025/texmf-dist/tex/generic/gettitlestring/gettitlestring.s
ty
Package: gettitlestring 2019/12/15 v1.6 Cleanup title references (HO)
 (/usr/local/texlive/2025/texmf-dist/tex/latex/kvoptions/kvoptions.sty
Package: kvoptions 2022-06-15 v3.15 Key value format for package options (HO)
))
\c@section@level=\count301
)
(/usr/local/texlive/2025/texmf-dist/tex/generic/stringenc/stringenc.sty
Package: stringenc 2019/11/29 v1.12 Convert strings between diff. encodings (HO
)
)
\@linkdim=\dimen182
\Hy@linkcounter=\count302
\Hy@pagecounter=\count303

(/usr/local/texlive/2025/texmf-dist/tex/latex/hyperref/pd1enc.def
File: pd1enc.def 2025-07-12 v7.01o Hyperref: PDFDocEncoding definition (HO)
)
(/usr/local/texlive/2025/texmf-dist/tex/generic/intcalc/intcalc.sty
Package: intcalc 2019/12/15 v1.3 Expandable calculations with integers (HO)
)
\Hy@SavedSpaceFactor=\count304

(/usr/local/texlive/2025/texmf-dist/tex/latex/hyperref/puenc.def
File: puenc.def 2025-07-12 v7.01o Hyperref: PDF Unicode definition (HO)
)
Package hyperref Info: Hyper figures OFF on input line 4195.
Package hyperref Info: Link nesting OFF on input line 4200.
Package hyperref Info: Hyper index ON on input line 4203.
Package hyperref Info: Plain pages OFF on input line 4210.
Package hyperref Info: Backreferencing OFF on input line 4215.
Package hyperref Info: Implicit mode ON; LaTeX internals redefined.
Package hyperref Info: Bookmarks ON on input line 4462.
\c@Hy@tempcnt=\count305

(/usr/local/texlive/2025/texmf-dist/tex/latex/url/url.sty
\Urlmuskip=\muskip18
Package: url 2013/09/16  ver 3.4  Verb mode for urls, etc.
)
LaTeX Info: Redefining \url on input line 4801.
\XeTeXLinkMargin=\dimen183

(/usr/local/texlive/2025/texmf-dist/tex/generic/bitset/bitset.sty
Package: bitset 2019/12/09 v1.3 Handle bit-vector datatype (HO)

(/usr/local/texlive/2025/texmf-dist/tex/generic/bigintcalc/bigintcalc.sty
Package: bigintcalc 2019/12/15 v1.5 Expandable calculations on big integers (HO
)
))
\Fld@menulength=\count306
\Field@Width=\dimen184
\Fld@charsize=\dimen185
Package hyperref Info: Hyper figures OFF on input line 6078.
Package hyperref Info: Link nesting OFF on input line 6083.
Package hyperref Info: Hyper index ON on input line 6086.
Package hyperref Info: backreferencing OFF on input line 6093.
Package hyperref Info: Link coloring OFF on input line 6098.
Package hyperref Info: Link coloring with OCG OFF on input line 6103.
Package hyperref Info: PDF/A mode OFF on input line 6108.
\Hy@abspage=\count307
\c@Item=\count308
\c@Hfootnote=\count309
)
Package hyperref Info: Driver (autodetected): hxetex.

(/usr/local/texlive/2025/texmf-dist/tex/latex/hyperref/hxetex.def
File: hxetex.def 2025-07-12 v7.01o Hyperref driver for XeTeX
\pdfm@box=\box58
\c@Hy@AnnotLevel=\count310
\HyField@AnnotCount=\count311
\Fld@listcount=\count312
\c@bookmark@seq@number=\count313

(/usr/local/texlive/2025/texmf-dist/tex/latex/rerunfilecheck/rerunfilecheck.sty
Package: rerunfilecheck 2025-06-21 v1.11 Rerun checks for auxiliary files (HO)

(/usr/local/texlive/2025/texmf-dist/tex/generic/uniquecounter/uniquecounter.sty
Package: uniquecounter 2019/12/15 v1.4 Provide unlimited unique counter (HO)
)
Package uniquecounter Info: New unique counter `rerunfilecheck' on input line 2
84.
)
\Hy@SectionHShift=\skip64
) (/usr/local/texlive/2025/texmf-dist/tex/latex/enumitem/enumitem.sty
Package: enumitem 2025/02/06 v3.11 Customized lists
\labelindent=\skip65
\enit@outerparindent=\dimen186
\enit@toks=\toks35
\enit@inbox=\box59
\enit@count@id=\count314
\enitdp@description=\count315
)
(/usr/local/texlive/2025/texmf-dist/tex/latex/graphics/graphicx.sty
Package: graphicx 2024/12/31 v1.2e Enhanced LaTeX Graphics (DPC,SPQR)

(/usr/local/texlive/2025/texmf-dist/tex/latex/graphics/graphics.sty
Package: graphics 2024/08/06 v1.4g Standard LaTeX Graphics (DPC,SPQR)

(/usr/local/texlive/2025/texmf-dist/tex/latex/graphics/trig.sty
Package: trig 2023/12/02 v1.11 sin cos tan (DPC)
)
(/usr/local/texlive/2025/texmf-dist/tex/latex/graphics-cfg/graphics.cfg
File: graphics.cfg 2016/06/04 v1.11 sample graphics configuration
)
Package graphics Info: Driver file: xetex.def on input line 106.

(/usr/local/texlive/2025/texmf-dist/tex/latex/graphics-def/xetex.def
File: xetex.def 2022/09/22 v5.0n Graphics/color driver for xetex
))
\Gin@req@height=\dimen187
\Gin@req@width=\dimen188
)
(/usr/local/texlive/2025/texmf-dist/tex/latex/xcolor/xcolor.sty
Package: xcolor 2024/09/29 v3.02 LaTeX color extensions (UK)

(/usr/local/texlive/2025/texmf-dist/tex/latex/graphics-cfg/color.cfg
File: color.cfg 2016/01/02 v1.6 sample color configuration
)
Package xcolor Info: Driver file: xetex.def on input line 274.

(/usr/local/texlive/2025/texmf-dist/tex/latex/graphics/mathcolor.ltx)
Package xcolor Info: Model `cmy' substituted by `cmy0' on input line 1349.
Package xcolor Info: Model `RGB' extended on input line 1365.
Package xcolor Info: Model `HTML' substituted by `rgb' on input line 1367.
Package xcolor Info: Model `Hsb' substituted by `hsb' on input line 1368.
Package xcolor Info: Model `tHsb' substituted by `hsb' on input line 1369.
Package xcolor Info: Model `HSB' substituted by `hsb' on input line 1370.
Package xcolor Info: Model `Gray' substituted by `gray' on input line 1371.
Package xcolor Info: Model `wave' substituted by `hsb' on input line 1372.
)
(/usr/local/texlive/2025/texmf-dist/tex/latex/quoting/quoting.sty
Package: quoting 2014/01/28 v0.1c Consolidated environment for displayed text
\quo@toppartop=\skip66
)
(/usr/local/texlive/2025/texmf-dist/tex/latex/csquotes/csquotes.sty
Package: csquotes 2024-04-04 v5.2o context-sensitive quotations (JAW)
\csq@reset=\count316
\csq@gtype=\count317
\csq@glevel=\count318
\csq@qlevel=\count319
\csq@maxlvl=\count320
\csq@tshold=\count321
\csq@ltx@everypar=\toks36

(/usr/local/texlive/2025/texmf-dist/tex/latex/csquotes/csquotes.def
File: csquotes.def 2024-04-04 v5.2o csquotes generic definitions (JAW)
)
Package csquotes Info: Trying to load configuration file 'csquotes.cfg'...
Package csquotes Info: ... configuration file loaded successfully.

(/usr/local/texlive/2025/texmf-dist/tex/latex/csquotes/csquotes.cfg
File: csquotes.cfg 
))
(/usr/local/texlive/2025/texmf-dist/tex/latex/fancyhdr/fancyhdr.sty
Package: fancyhdr 2025/02/07 v5.2 Extensive control of page headers and footers

\f@nch@headwidth=\skip67
\f@nch@offset@elh=\skip68
\f@nch@offset@erh=\skip69
\f@nch@offset@olh=\skip70
\f@nch@offset@orh=\skip71
\f@nch@offset@elf=\skip72
\f@nch@offset@erf=\skip73
\f@nch@offset@olf=\skip74
\f@nch@offset@orf=\skip75
\f@nch@height=\skip76
\f@nch@footalignment=\skip77
\f@nch@widthL=\skip78
\f@nch@widthC=\skip79
\f@nch@widthR=\skip80
\@temptokenb=\toks37
)
(/usr/local/texlive/2025/texmf-dist/tex/latex/booktabs/booktabs.sty
Package: booktabs 2020/01/12 v1.61803398 Publication quality tables
\heavyrulewidth=\dimen189
\lightrulewidth=\dimen190
\cmidrulewidth=\dimen191
\belowrulesep=\dimen192
\belowbottomsep=\dimen193
\aboverulesep=\dimen194
\abovetopsep=\dimen195
\cmidrulesep=\dimen196
\cmidrulekern=\dimen197
\defaultaddspace=\dimen198
\@cmidla=\count322
\@cmidlb=\count323
\@aboverulesep=\dimen199
\@belowrulesep=\dimen256
\@thisruleclass=\count324
\@lastruleclass=\count325
\@thisrulewidth=\dimen257
)
(/usr/local/texlive/2025/texmf-dist/tex/latex/mdframed/mdframed.sty
Package: mdframed 2013/07/01 1.9b: mdframed

(/usr/local/texlive/2025/texmf-dist/tex/latex/l3packages/xparse/xparse.sty
(/usr/local/texlive/2025/texmf-dist/tex/latex/l3kernel/expl3.sty
Package: expl3 2025-09-02 L3 programming layer (loader) 

(/usr/local/texlive/2025/texmf-dist/tex/latex/l3backend/l3backend-xetex.def
File: l3backend-xetex.def 2025-06-09 L3 backend support: XeTeX
\g__graphics_track_int=\count326
\g__pdfannot_backend_int=\count327
\g__pdfannot_backend_link_int=\count328
))
Package: xparse 2024-08-16 L3 Experimental document command parser
)
(/usr/local/texlive/2025/texmf-dist/tex/latex/zref/zref-abspage.sty
Package: zref-abspage 2025-06-08 v2.36 Module abspage for zref (HO)

(/usr/local/texlive/2025/texmf-dist/tex/latex/zref/zref-base.sty
Package: zref-base 2025-06-08 v2.36 Module base for zref (HO)

(/usr/local/texlive/2025/texmf-dist/tex/generic/etexcmds/etexcmds.sty
Package: etexcmds 2019/12/15 v1.7 Avoid name clashes with e-TeX commands (HO)
)
(/usr/local/texlive/2025/texmf-dist/tex/latex/auxhook/auxhook.sty
Package: auxhook 2019-12-17 v1.6 Hooks for auxiliary files (HO)
)
Package zref Info: New property list: main on input line 767.
Package zref Info: New property: default on input line 768.
Package zref Info: New property: page on input line 769.
)
\c@abspage=\count329
Package zref Info: New property: abspage on input line 67.
)
(/usr/local/texlive/2025/texmf-dist/tex/latex/needspace/needspace.sty
Package: needspace 2025/03/13 v1.3e reserve vertical space
)
\mdf@templength=\skip81
\c@mdf@globalstyle@cnt=\count330
\mdf@skipabove@length=\skip82
\mdf@skipbelow@length=\skip83
\mdf@leftmargin@length=\skip84
\mdf@rightmargin@length=\skip85
\mdf@innerleftmargin@length=\skip86
\mdf@innerrightmargin@length=\skip87
\mdf@innertopmargin@length=\skip88
\mdf@innerbottommargin@length=\skip89
\mdf@splittopskip@length=\skip90
\mdf@splitbottomskip@length=\skip91
\mdf@outermargin@length=\skip92
\mdf@innermargin@length=\skip93
\mdf@linewidth@length=\skip94
\mdf@innerlinewidth@length=\skip95
\mdf@middlelinewidth@length=\skip96
\mdf@outerlinewidth@length=\skip97
\mdf@roundcorner@length=\skip98
\mdf@footenotedistance@length=\skip99
\mdf@userdefinedwidth@length=\skip100
\mdf@needspace@length=\skip101
\mdf@frametitleaboveskip@length=\skip102
\mdf@frametitlebelowskip@length=\skip103
\mdf@frametitlerulewidth@length=\skip104
\mdf@frametitleleftmargin@length=\skip105
\mdf@frametitlerightmargin@length=\skip106
\mdf@shadowsize@length=\skip107
\mdf@extratopheight@length=\skip108
\mdf@subtitleabovelinewidth@length=\skip109
\mdf@subtitlebelowlinewidth@length=\skip110
\mdf@subtitleaboveskip@length=\skip111
\mdf@subtitlebelowskip@length=\skip112
\mdf@subtitleinneraboveskip@length=\skip113
\mdf@subtitleinnerbelowskip@length=\skip114
\mdf@subsubtitleabovelinewidth@length=\skip115
\mdf@subsubtitlebelowlinewidth@length=\skip116
\mdf@subsubtitleaboveskip@length=\skip117
\mdf@subsubtitlebelowskip@length=\skip118
\mdf@subsubtitleinneraboveskip@length=\skip119
\mdf@subsubtitleinnerbelowskip@length=\skip120

(/usr/local/texlive/2025/texmf-dist/tex/latex/mdframed/md-frame-0.mdf
File: md-frame-0.mdf 2013/07/01\ 1.9b: md-frame-0
)
\mdf@frametitlebox=\box60
\mdf@footnotebox=\box61
\mdf@splitbox@one=\box62
\mdf@splitbox@two=\box63
\mdf@splitbox@save=\box64
\mdfsplitboxwidth=\skip121
\mdfsplitboxtotalwidth=\skip122
\mdfsplitboxheight=\skip123
\mdfsplitboxdepth=\skip124
\mdfsplitboxtotalheight=\skip125
\mdfframetitleboxwidth=\skip126
\mdfframetitleboxtotalwidth=\skip127
\mdfframetitleboxheight=\skip128
\mdfframetitleboxdepth=\skip129
\mdfframetitleboxtotalheight=\skip130
\mdffootnoteboxwidth=\skip131
\mdffootnoteboxtotalwidth=\skip132
\mdffootnoteboxheight=\skip133
\mdffootnoteboxdepth=\skip134
\mdffootnoteboxtotalheight=\skip135
\mdftotallinewidth=\skip136
\mdfboundingboxwidth=\skip137
\mdfboundingboxtotalwidth=\skip138
\mdfboundingboxheight=\skip139
\mdfboundingboxdepth=\skip140
\mdfboundingboxtotalheight=\skip141
\mdf@freevspace@length=\skip142
\mdf@horizontalwidthofbox@length=\skip143
\mdf@verticalmarginwhole@length=\skip144
\mdf@horizontalspaceofbox=\skip145
\mdfsubtitleheight=\skip146
\mdfsubsubtitleheight=\skip147
\c@mdfcountframes=\count331

****** mdframed patching \endmdf@trivlist

****** -- success******

\mdf@envdepth=\count332
\c@mdf@env@i=\count333
\c@mdf@env@ii=\count334
\c@mdf@zref@counter=\count335
Package zref Info: New property: mdf@pagevalue on input line 895.
)
(/usr/local/texlive/2025/texmf-dist/tex/latex/parskip/parskip.sty
Package: parskip 2021-03-14 v2.0h non-zero parskip adjustments
)
(/usr/local/texlive/2025/texmf-dist/tex/latex/tools/bm.sty
Package: bm 2023/12/19 v1.2f Bold Symbol Support (DPC/FMi)
\symboldoperators=\mathgroup6
\symboldletters=\mathgroup7
\symboldsymbols=\mathgroup8
Package bm Info: No bold for \OMX/lmex/m/n, using \pmb.
Package bm Info: No bold for \U/msa/m/n, using \pmb.
Package bm Info: No bold for \U/msb/m/n, using \pmb.
LaTeX Font Info:    Redeclaring math alphabet \mathbf on input line 149.
)
(/usr/local/texlive/2025/texmf-dist/tex/latex/epigraph/epigraph.sty
Package: epigraph 2020/01/02 v1.5e typesetting epigraphs

(/usr/local/texlive/2025/texmf-dist/tex/latex/nextpage/nextpage.sty
Package: nextpage 2009/09/03 v1.1a additional page commands
)
\beforeepigraphskip=\skip148
\afterepigraphskip=\skip149
\epigraphwidth=\skip150
\epigraphrule=\skip151
)
\c@definition=\count336
\c@theorem=\count337
Package csquotes Info: Checking for multilingual support...
Package csquotes Info: ... none found.

(./monograph.aux)
\openout1 = `monograph.aux'.

LaTeX Font Info:    Checking defaults for OML/cmm/m/it on input line 97.
LaTeX Font Info:    ... okay on input line 97.
LaTeX Font Info:    Checking defaults for OMS/cmsy/m/n on input line 97.
LaTeX Font Info:    ... okay on input line 97.
LaTeX Font Info:    Checking defaults for OT1/cmr/m/n on input line 97.
LaTeX Font Info:    ... okay on input line 97.
LaTeX Font Info:    Checking defaults for T1/cmr/m/n on input line 97.
LaTeX Font Info:    ... okay on input line 97.
LaTeX Font Info:    Checking defaults for TS1/cmr/m/n on input line 97.
LaTeX Font Info:    ... okay on input line 97.
LaTeX Font Info:    Checking defaults for TU/lmr/m/n on input line 97.
LaTeX Font Info:    ... okay on input line 97.
LaTeX Font Info:    Checking defaults for OMX/cmex/m/n on input line 97.
LaTeX Font Info:    ... okay on input line 97.
LaTeX Font Info:    Checking defaults for U/cmr/m/n on input line 97.
LaTeX Font Info:    ... okay on input line 97.
LaTeX Font Info:    Checking defaults for PD1/pdf/m/n on input line 97.
LaTeX Font Info:    ... okay on input line 97.
LaTeX Font Info:    Checking defaults for PU/pdf/m/n on input line 97.
LaTeX Font Info:    ... okay on input line 97.

*geometry* driver: auto-detecting
*geometry* detected driver: xetex
*geometry* verbose mode - [ preamble ] result:
* driver: xetex
* paper: a4paper
* layout: <same size as paper>
* layoutoffset:(h,v)=(0.0pt,0.0pt)
* modes: 
* h-part:(L,W,R)=(72.26999pt, 452.9679pt, 72.26999pt)
* v-part:(T,H,B)=(72.26999pt, 700.50687pt, 72.26999pt)
* \paperwidth=597.50787pt
* \paperheight=845.04684pt
* \textwidth=452.9679pt
* \textheight=700.50687pt
* \oddsidemargin=0.0pt
* \evensidemargin=0.0pt
* \topmargin=-37.0pt
* \headheight=12.0pt
* \headsep=25.0pt
* \topskip=12.0pt
* \footskip=30.0pt
* \marginparwidth=35.0pt
* \marginparsep=10.0pt
* \columnsep=10.0pt
* \skip\footins=10.8pt plus 4.0pt minus 2.0pt
* \hoffset=0.0pt
* \voffset=0.0pt
* \mag=1000
* \@twocolumnfalse
* \@twosidefalse
* \@mparswitchfalse
* \@reversemarginfalse
* (1in=72.27pt=25.4mm, 1cm=28.453pt)

LaTeX Info: Redefining \microtypecontext on input line 97.
Package microtype Info: Applying patch `item' on input line 97.
Package microtype Info: Applying patch `toc' on input line 97.
Package microtype Info: Applying patch `eqnum' on input line 97.
Package microtype Info: Applying patch `footnote' on input line 97.
Package microtype Info: Applying patch `verbatim' on input line 97.
LaTeX Info: Redefining \microtypesetup on input line 97.
Package microtype Info: Character protrusion enabled (level 2).
Package microtype Info: Using default protrusion set `alltext'.
Package microtype Info: No adjustment of tracking.
Package microtype Info: No adjustment of spacing.
Package microtype Info: No adjustment of kerning.
(/usr/local/texlive/2025/texmf-dist/tex/latex/microtype/mt-cmr.cfg
File: mt-cmr.cfg 2013/05/19 v2.2 microtype config. file: Computer Modern Roman 
(RS)
)
Package hyperref Info: Link coloring OFF on input line 97.

(./monograph.out) (./monograph.out)
\@outlinefile=\write3
\openout3 = `monograph.out'.


Couldn't patch \deferred@thm@head!
LaTeX Font Info:    Trying to load font information for OT1+lmr on input line 9
9.
(/usr/local/texlive/2025/texmf-dist/tex/latex/lm/ot1lmr.fd
File: ot1lmr.fd 2015/05/01 v1.6.1 Font defs for Latin Modern
)
LaTeX Font Info:    Trying to load font information for OML+lmm on input line 9
9.

(/usr/local/texlive/2025/texmf-dist/tex/latex/lm/omllmm.fd
File: omllmm.fd 2015/05/01 v1.6.1 Font defs for Latin Modern
)
LaTeX Font Info:    Trying to load font information for OMS+lmsy on input line 
99.

(/usr/local/texlive/2025/texmf-dist/tex/latex/lm/omslmsy.fd
File: omslmsy.fd 2015/05/01 v1.6.1 Font defs for Latin Modern
)
LaTeX Font Info:    Trying to load font information for OMX+lmex on input line 
99.

(/usr/local/texlive/2025/texmf-dist/tex/latex/lm/omxlmex.fd
File: omxlmex.fd 2015/05/01 v1.6.1 Font defs for Latin Modern
)
LaTeX Font Info:    External font `lmex10' loaded for size
(Font)              <14.4> on input line 99.
LaTeX Font Info:    External font `lmex10' loaded for size
(Font)              <10> on input line 99.
LaTeX Font Info:    External font `lmex10' loaded for size
(Font)              <7> on input line 99.
LaTeX Font Info:    Trying to load font information for U+msa on input line 99.


(/usr/local/texlive/2025/texmf-dist/tex/latex/amsfonts/umsa.fd
File: umsa.fd 2013/01/14 v3.01 AMS symbols A
)
(/usr/local/texlive/2025/texmf-dist/tex/latex/microtype/mt-msa.cfg
File: mt-msa.cfg 2006/02/04 v1.1 microtype config. file: AMS symbols (a) (RS)
)
LaTeX Font Info:    Trying to load font information for U+msb on input line 99.


(/usr/local/texlive/2025/texmf-dist/tex/latex/amsfonts/umsb.fd
File: umsb.fd 2013/01/14 v3.01 AMS symbols B
)
(/usr/local/texlive/2025/texmf-dist/tex/latex/microtype/mt-msb.cfg
File: mt-msb.cfg 2005/06/01 v1.0 microtype config. file: AMS symbols (b) (RS)
)
! Missing $ inserted.
<inserted text> 
                $
l.112 ...ive, and ethical dynamics under the \RSVP
                                                  {} (Relativistic Scalar--V...

? 
LaTeX Font Info:    External font `lmex10' loaded for size
(Font)              <12> on input line 112.
LaTeX Font Info:    External font `lmex10' loaded for size
(Font)              <8> on input line 112.
LaTeX Font Info:    External font `lmex10' loaded for size
(Font)              <6> on input line 112.
! Missing $ inserted.
<inserted text> 
                $
l.116 
      
? 

Overfull \hbox (1229.98517pt too wide) in paragraph at lines 112--116
\T1/lmr/m/n/12 tive, and eth-i-cal dy-nam-ics un-der the $[] []\OT1/lmr/m/n/12 
(\OML/lmm/m/it/12 RelativisticScalar \OMS/lmsy/m/n/12 ^^@ ^^@\OML/lmm/m/it/12 V
ectorPlenum\OT1/lmr/m/n/12 )\OML/lmm/m/it/12 framework:Itextendsthe [] []\OT1/l
mr/m/n/12 (\OML/lmm/m/it/12 SpherepopCalculus\OT1/lmr/m/n/12 )\OML/lmm/m/it/12 
tomodelrecursivecoherenceandmutualcorrigibilityacrossphysicalandmoralsystems:We
arguethatexcessiveprecautioninartificialintelligence\OT1/lmr/m/n/12 (\OML/lmm/m
/it/12 AI\OT1/lmr/m/n/12 )\OML/lmm/m/it/12 governancemirrorsthermodynamicisolat
ion \OT1/lmr/m/n/12 :
 []


Overfull \hbox (418.34413pt too wide) in paragraph at lines 112--116
\OML/lmm/m/it/12 itcollapsesentropyflow; suppressesnegentropiccoupling; anddiss
olvestrust:Spherepopgeometryshowsthatsafetyisnotachievedthroughcontrolbutthroug
hentanglement \OMS/lmsy/m/n/12 ^^@
 []


Overfull \hbox (635.51714pt too wide) in paragraph at lines 112--116
\OMS/lmsy/m/n/12 ^^@\OML/lmm/m/it/12 anecologyofopenfeedbackamongintelligences:
Theworkisdividedintofourparts \OT1/lmr/m/n/12 : (\OML/lmm/m/it/12 I\OT1/lmr/m/n
/12 )\OML/lmm/m/it/12 TheMirrorofPrecaution; \OT1/lmr/m/n/12 (\OML/lmm/m/it/12 
II\OT1/lmr/m/n/12 )\OML/lmm/m/it/12 TheCalculusofCoherence; \OT1/lmr/m/n/12 (\O
ML/lmm/m/it/12 III\OT1/lmr/m/n/12 )\OML/lmm/m/it/12 EntropicTrustandAlignment; 
and\OT1/lmr/m/n/12 (\OML/lmm/m/it/12 IV\OT1/lmr/m/n/12 )\OML/lmm/m/it/12 TheTru
stSingularity:$ 
 []

(./monograph.toc)
\tf@toc=\write4
\openout4 = `monograph.toc'.



[1

]
LaTeX Font Info:    Trying to load font information for OT1+lmss on input line 
146.
 (/usr/local/texlive/2025/texmf-dist/tex/latex/lm/ot1lmss.fd
File: ot1lmss.fd 2015/05/01 v1.6.1 Font defs for Latin Modern
)
Package microtype Info: Loading generic protrusion settings for font family
(microtype)             `lmss' (encoding: OT1).
(microtype)             For optimal results, create family-specific settings.
(microtype)             See the microtype manual for details.


[2]
Overfull \hbox (7.51038pt too wide) in paragraph at lines 183--184
\T1/lmr/m/n/12 Iterated pops, merges, and dis-solves form a dy-namic tessellati
on--a co-her-ence foam. RSVP's
 []

! Missing $ inserted.
<inserted text> 
                $
l.186 The \SPC
              {} DSL provides surface syntax for authoring geometric scenes:
? 
! Missing $ inserted.
<inserted text> 
                $
l.187 
      
? 
LaTeX Font Info:    Trying to load font information for T1+lmtt on input line 1
88.
(/usr/local/texlive/2025/texmf-dist/tex/latex/lm/t1lmtt.fd
File: t1lmtt.fd 2015/05/01 v1.6.1 Font defs for Latin Modern
)
Package microtype Info: Loading generic protrusion settings for font family
(microtype)             `lmtt' (encoding: T1).
(microtype)             For optimal results, create family-specific settings.
(microtype)             See the microtype manual for details.


[3]
Missing character: There is no β ("3B2) in font ec-lmr12!
Missing character: There is no → ("2192) in font ec-lmr12!
Missing character: There is no Π ("3A0) in font ec-lmr12!
Missing character: There is no Σ ("3A3) in font ec-lmr12!
Missing character: There is no β ("3B2) in font ec-lmr12!
Missing character: There is no Γ ("393) in font ec-lmr12!


[4]
Missing character: There is no Π ("3A0) in font ec-lmr12!
Missing character: There is no → ("2192) in font ec-lmr12!
Missing character: There is no Π ("3A0) in font ec-lmr12!
Missing character: There is no → ("2192) in font ec-lmr12!
Missing character: There is no → ("2192) in font ec-lmr12!
Missing character: There is no β ("3B2) in font ec-lmr12!
Missing character: There is no → ("2192) in font ec-lmr12!
Missing character: There is no ⊗ ("2297) in font ec-lmr12!
Missing character: There is no ∘ ("2218) in font ec-lmr12!
Missing character: There is no → ("2192) in font ec-lmr12!
Missing character: There is no ⊕ ("2295) in font ec-lmr12!
Missing character: There is no → ("2192) in font ec-lmr12!
Missing character: There is no Σ ("3A3) in font ec-lmr12!
Missing character: There is no → ("2192) in font ec-lmr12!
Missing character: There is no Σ ("3A3) in font ec-lmr12!
Missing character: There is no → ("2192) in font ec-lmr12!
Missing character: There is no ∇ ("2207) in font ec-lmr12!
Missing character: There is no → ("2192) in font ec-lmr12!
Missing character: There is no ∇ ("2207) in font ec-lmr12!
Missing character: There is no ∇ ("2207) in font ec-lmr12!
Missing character: There is no Π ("3A0) in font ec-lmr12!
Missing character: There is no Π ("3A0) in font ec-lmr12!
Missing character: There is no Π ("3A0) in font ec-lmr12!
Missing character: There is no → ("2192) in font ec-lmr12!
Missing character: There is no ω ("3C9) in font ec-lmr12!
Missing character: There is no → ("2192) in font ec-lmr12!
Missing character: There is no → ("2192) in font ec-lmr12!
Missing character: There is no Γ ("393) in font ec-lmr12!
Missing character: There is no Π ("3A0) in font ec-lmr12!
Missing character: There is no Σ ("3A3) in font ec-lmr12!
Missing character: There is no Π ("3A0) in font ec-lmr12!
Missing character: There is no Σ ("3A3) in font ec-lmr12!


[5]
Missing character: There is no Σ ("3A3) in font ec-lmr12!
Missing character: There is no Γ ("393) in font ec-lmr12!
Missing character: There is no ⊢ ("22A2) in font ec-lmr12!
Missing character: There is no Γ ("393) in font ec-lmr12!
Missing character: There is no ⊢ ("22A2) in font ec-lmr12!
Missing character: There is no ⇒ ("21D2) in font ec-lmr12!
Missing character: There is no Γ ("393) in font ec-lmr12!
Missing character: There is no ⊢ ("22A2) in font ec-lmr12!
Missing character: There is no Π ("3A0) in font ec-lmr12!
! Missing $ inserted.
<inserted text> 
                $
l.323   _
          <- pure (TyUniv 0) -- assume kinds are ok / or check a is Type
? 
! Missing $ inserted.
<inserted text> 
                $
l.343 
      
? 
Missing character: There is no Γ ("393) in font lmmi12!
Missing character: There is no ⊢ ("22A2) in font rm-lmr12!
Missing character: There is no Σ ("3A3) in font lmmi12!

Overfull \hbox (164.62108pt too wide) in paragraph at lines 318--343
[]\T1/lmr/m/n/12 infer :: Ctx -> Tm -> Ei-ther TCEr-ror Ty in-fer g (Var x) = m
aybe (Left $\OML/lmm/m/it/12 NotFoundx\OT1/lmr/m/n/12 )\OML/lmm/m/it/12 Right\O
T1/lmr/m/n/12 (\OML/lmm/m/it/12 M:lookupxg\OT1/lmr/m/n/12 )\OML/lmm/m/it/12 inf
erg\OT1/lmr/m/n/12 (\OML/lmm/m/it/12 Atomc\OT1/lmr/m/n/12 ) =
 []


Overfull \hbox (55.86821pt too wide) in paragraph at lines 318--343
\T1/lmr/m/n/12 ,x:A  t : B    Sphere(x:A.t) : x:A.B $[] \OMS/lmsy/m/n/12 ^^@ \O
ML/lmm/m/it/12 pure\OT1/lmr/m/n/12 (\OML/lmm/m/it/12 TyUniv\OT1/lmr/m/n/12 0) \
OMS/lmsy/m/n/12 ^^@ ^^@\OML/lmm/m/it/12 assumekindsareok=orcheckaisTypeletg[] \
OT1/lmr/m/n/12 =
 []


Overfull \hbox (33.55882pt too wide) in paragraph at lines 318--343
\OML/lmm/m/it/12 M:insertxagb < \OMS/lmsy/m/n/12 ^^@\OML/lmm/m/it/12 inferg[]tp
ure\OT1/lmr/m/n/12 (\OML/lmm/m/it/12 Pixab\OT1/lmr/m/n/12 )\OML/lmm/m/it/12 inf
erg\OT1/lmr/m/n/12 (\OML/lmm/m/it/12 Popfu\OT1/lmr/m/n/12 ) = \OML/lmm/m/it/12 
dotf < \OMS/lmsy/m/n/12 ^^@\OML/lmm/m/it/12 infergfcasetfofPixab\OMS/lmsy/m/n/1
2 ^^@ \OML/lmm/m/it/12 >
 []


Overfull \hbox (163.90602pt too wide) in paragraph at lines 318--343
\OML/lmm/m/it/12 doau < \OMS/lmsy/m/n/12 ^^@\OML/lmm/m/it/12 inferguifau \OT1/l
mr/m/n/12 == \OML/lmm/m/it/12 athenpure\OT1/lmr/m/n/12 (\OML/lmm/m/it/12 substx
ub\OT1/lmr/m/n/12 )\OML/lmm/m/it/12 elseLeft\OT1/lmr/m/n/12 (\OML/lmm/m/it/12 M
ismatchaau\OT1/lmr/m/n/12 )[] \OML/lmm/m/it/12 > Left\OT1/lmr/m/n/12 (\OML/lmm/
m/it/12 NotFunctiontf\OT1/lmr/m/n/12 )\OML/lmm/m/it/12 inferg\OT1/lmr/m/n/12 (\
OML/lmm/m/it/12 Mergeab\OT1/lmr/m/n/12 ) =
 []


Overfull \hbox (213.5227pt too wide) in paragraph at lines 318--343
\OMS/lmsy/m/n/12 ^^@\OML/lmm/m/it/12 Merge\OT1/lmr/m/n/12 (\OML/lmm/m/it/12 t; 
u\OT1/lmr/m/n/12 ) : \OML/lmm/m/it/12 Ainferg\OT1/lmr/m/n/12 (\OML/lmm/m/it/12 
Choice[]u\OT1/lmr/m/n/12 ) = \OML/lmm/m/it/12 doa < \OMS/lmsy/m/n/12 ^^@\OML/lm
m/m/it/12 infergtb < \OMS/lmsy/m/n/12 ^^@\OML/lmm/m/it/12 inferguifa \OT1/lmr/m
/n/12 == \OML/lmm/m/it/12 bthenpureaelseLeft\OT1/lmr/m/n/12 (\OML/lmm/m/it/12 B
adChoiceab\OT1/lmr/m/n/12 )\OML/lmm/m/it/12 inferg\OT1/lmr/m/n/12 (\OML/lmm/m/i
t/12 Pairab\OT1/lmr/m/n/12 ) =
 []

! Missing $ inserted.
<inserted text> 
                $
l.351 subst _
              _ ty = ty  -- keep simple in skeleton; full dependent subst be...

? 
! Missing { inserted.
<to be read again> 
                   _
l.351 subst _ _
                ty = ty  -- keep simple in skeleton; full dependent subst be...

? 
! Missing $ inserted.
<inserted text> 
                $
l.352 
      
? 
! Missing } inserted.
<inserted text> 
                }
l.352 
      
? 

Overfull \hbox (33.79948pt too wide) in paragraph at lines 378--383
[]\T1/lmr/m/n/12 -- DSL/Desugar.hs mod-ule DSL.Desugar (low-er-Pro-gram) where 
im-port qual-i-fied Data.Map.Strict
 []

! Missing $ inserted.
<inserted text> 
                $
l.387 data Prim = PrimGrad  -- \nabla
                                      etc.
? 
! Missing $ inserted.
<inserted text> 
                $
l.388 
      
? 
! Missing $ inserted.
<inserted text> 
                $
l.392     (Just (VId tyname), Just body, _
                                          ) ->
? 
! Missing $ inserted.
<inserted text> 
                $
l.408 
      
? 

Overfull \hbox (372.42825pt too wide) in paragraph at lines 389--408
\OML/lmm/m/it/12 lowerValToTmbody \OMS/lmsy/m/n/12 ^^@ ^^@\OML/lmm/m/it/12 expe
ctsbodyastermtemplatef \OT1/lmr/m/n/12 = \OML/lmm/m/it/12 SpherexaTytin\OT1/lmr
/m/n/12 (\OML/lmm/m/it/12 M:insertnfe; M:insertn\OT1/lmr/m/n/12 (\OML/lmm/m/it/
12 PixaTy\OT1/lmr/m/n/12 (\OML/lmm/m/it/12 TyVar\OT1/lmr/m/n/12 (\OML/lmm/m/it/
12 N\OT1/lmr/m/n/12 "\OML/lmm/m/it/12 B\OT1/lmr/m/n/12 ")))\OML/lmm/m/it/12 te;
 \OT1/lmr/m/n/12 [])(\OML/lmm/m/it/12 Just\OT1/lmr/m/n/12 (\OML/lmm/m/it/12 VId
tyname\OT1/lmr/m/n/12 )\OML/lmm/m/it/12 ;[] Justv\OT1/lmr/m/n/12 )\OMS/lmsy/m/n
/12 ^^@ \OML/lmm/m/it/12 >
 []


Overfull \hbox (144.84499pt too wide) in paragraph at lines 389--408
\OML/lmm/m/it/12 lett \OT1/lmr/m/n/12 = \OML/lmm/m/it/12 literalvin\OT1/lmr/m/n
/12 (\OML/lmm/m/it/12 M:insertnte; M:insertn\OT1/lmr/m/n/12 (\OML/lmm/m/it/12 T
yVar\OT1/lmr/m/n/12 (\OML/lmm/m/it/12 fromValIdtyname\OT1/lmr/m/n/12 ))\OML/lmm
/m/it/12 te; \OT1/lmr/m/n/12 [])[] \OML/lmm/m/it/12 > \OT1/lmr/m/n/12 (\OML/lmm
/m/it/12 e; te; \OT1/lmr/m/n/12 [])\OML/lmm/m/it/12 wherefromValId\OT1/lmr/m/n/
12 (\OML/lmm/m/it/12 VIdx\OT1/lmr/m/n/12 ) =
 []


Overfull \hbox (66.94424pt too wide) in paragraph at lines 389--408
\OML/lmm/m/it/12 x\OT1/lmr/m/n/12 ; \OML/lmm/m/it/12 fromValId[]N\OT1/lmr/m/n/1
2 "[]\OML/lmm/m/it/12 literal\OT1/lmr/m/n/12 (\OML/lmm/m/it/12 VNumd\OT1/lmr/m/
n/12 ) = \OML/lmm/m/it/12 Atom\OT1/lmr/m/n/12 (\OML/lmm/m/it/12 N\OT1/lmr/m/n/1
2 (\OML/lmm/m/it/12 showd\OT1/lmr/m/n/12 ))\OML/lmm/m/it/12 literal\OT1/lmr/m/n
/12 (\OML/lmm/m/it/12 VStrs\OT1/lmr/m/n/12 ) = \OML/lmm/m/it/12 Atom\OT1/lmr/m/
n/12 (\OML/lmm/m/it/12 Ns\OT1/lmr/m/n/12 )\OML/lmm/m/it/12 literal\OT1/lmr/m/n/
12 (\OML/lmm/m/it/12 VIdx\OT1/lmr/m/n/12 ) =
 []



[6]
! Missing $ inserted.
<inserted text> 
                $
l.409 lowerStmt (e,te) (Pop f mu _
                                  ) =
? 
! Missing $ inserted.
<inserted text> 
                $
l.414 
      
? 

Overfull \hbox (83.62878pt too wide) in paragraph at lines 409--414
[]\T1/lmr/m/n/12 lowerStmt (e,te) (Pop f mu $[] \OT1/lmr/m/n/12 = \OML/lmm/m/it
/12 lett \OT1/lmr/m/n/12 = \OML/lmm/m/it/12 casemuofNothing\OMS/lmsy/m/n/12 ^^@
 \OML/lmm/m/it/12 > VarfJustu \OT1/lmr/m/n/12 = \OML/lmm/m/it/12 Pop\OT1/lmr/m/
n/12 (\OML/lmm/m/it/12 Varf\OT1/lmr/m/n/12 )(\OML/lmm/m/it/12 Varu\OT1/lmr/m/n/
12 )\OML/lmm/m/it/12 in\OT1/lmr/m/n/12 (\OML/lmm/m/it/12 e; te; \OT1/lmr/m/n/12
 [\OML/lmm/m/it/12 t\OT1/lmr/m/n/12 ])$ 
 []

! Missing $ inserted.
<inserted text> 
                $
l.417 ...N (show d)); v2 (VStr s)=Atom (N s); v2 _
                                                   = Atom (N "<lit>")
? 
! Missing $ inserted.
<inserted text> 
                $
l.418 
      
? 
! Missing $ inserted.
<inserted text> 
                $
l.419 lowerStmt (e,te) (Link a op b _
                                     ) =
? 
! Missing $ inserted.
<inserted text> 
                $
l.427 
      
? 
Missing character: There is no Σ ("3A3) in font lmmi12!

Overfull \hbox (87.15718pt too wide) in paragraph at lines 419--427
[]\T1/lmr/m/n/12 lowerStmt (e,te) (Link a op b $[] \OT1/lmr/m/n/12 = \OML/lmm/m
/it/12 letta \OT1/lmr/m/n/12 = \OML/lmm/m/it/12 Vara\OT1/lmr/m/n/12 ; \OML/lmm/
m/it/12 tb \OT1/lmr/m/n/12 = \OML/lmm/m/it/12 Varbincaseopofsync\OMS/lmsy/m/n/1
2 ^^@ \OML/lmm/m/it/12 > \OT1/lmr/m/n/12 (\OML/lmm/m/it/12 e; te; \OT1/lmr/m/n/
12 [\OML/lmm/m/it/12 Mergetatb\OT1/lmr/m/n/12 ])\OML/lmm/m/it/12 fuse\OMS/lmsy/
m/n/12 ^^@ \OML/lmm/m/it/12 >
 []


Overfull \hbox (3.46976pt too wide) in paragraph at lines 419--427
\OT1/lmr/m/n/12 (\OML/lmm/m/it/12 e; te; \OT1/lmr/m/n/12 [\OML/lmm/m/it/12 Merg
etatb\OT1/lmr/m/n/12 ])\OML/lmm/m/it/12 share\OMS/lmsy/m/n/12 ^^@ \OML/lmm/m/it
/12 > \OT1/lmr/m/n/12 (\OML/lmm/m/it/12 e; te; \OT1/lmr/m/n/12 [\OML/lmm/m/it/1
2 Mergetatb\OT1/lmr/m/n/12 ]) \OMS/lmsy/m/n/12 ^^@ ^^@\OML/lmm/m/it/12 or \OMS/
lmsy/m/n/12 ^^@ \OML/lmm/m/it/12 pairifflaggedelsewheregrad\OMS/lmsy/m/n/12 ^^@
 \OML/lmm/m/it/12 >
 []



[7]

[8] (./monograph.aux)
 ***********
LaTeX2e <2025-06-01> patch level 1
L3 programming layer <2025-09-02>
 ***********
Package rerunfilecheck Info: File `monograph.out' has not changed.
(rerunfilecheck)             Checksum: D41D8CD98F00B204E9800998ECF8427E;0.
 ) 
Here is how much of TeX's memory you used:
 16134 strings out of 468438
 260832 string characters out of 5445464
 733053 words of memory out of 5000000
 44328 multiletter control sequences out of 15000+600000
 719254 words of font info for 108 fonts, out of 8000000 for 9000
 1348 hyphenation exceptions out of 8191
 73i,12n,79p,1198b,609s stack positions out of 10000i,1000n,20000p,200000b,200000s

Output written on monograph.pdf (8 pages).
