\BOOKMARK [0][-]{chapter*.1}{\376\377\000I\000n\000t\000r\000o\000d\000u\000c\000t\000i\000o\000n}{}% 1
\BOOKMARK [-1][-]{part.1}{\376\377\000I\000\040\000S\000p\000h\000e\000r\000e\000p\000o\000p\000\040\000a\000n\000d\000\040\000t\000h\000e\000\040\000G\000e\000o\000m\000e\000t\000r\000y\000\040\000o\000f\000\040\000C\000o\000m\000p\000u\000t\000a\000t\000i\000o\000n}{}% 2
\BOOKMARK [0][-]{chapter.1}{\376\377\000T\000h\000e\000\040\000O\000r\000i\000g\000i\000n\000s\000\040\000a\000n\000d\000\040\000A\000r\000c\000h\000i\000t\000e\000c\000t\000u\000r\000e\000\040\000o\000f\000\040\000S\000p\000h\000e\000r\000e\000p\000o\000p}{part.1}% 3
\BOOKMARK [1][-]{section.1.1}{\376\377\000A\000r\000i\000t\000h\000m\000e\000t\000i\000c\000\040\000a\000s\000\040\000N\000e\000s\000t\000e\000d\000\040\000C\000o\000n\000t\000a\000i\000n\000m\000e\000n\000t}{chapter.1}% 4
\BOOKMARK [1][-]{section.1.2}{\376\377\000P\000o\000p\000\040\000a\000s\000\040\000a\000n\000\040\000E\000x\000p\000l\000i\000c\000i\000t\000\040\000E\000v\000a\000l\000u\000a\000t\000i\000o\000n\000\040\000E\000v\000e\000n\000t}{chapter.1}% 5
\BOOKMARK [1][-]{section.1.3}{\376\377\000P\000r\000e\000s\000e\000r\000v\000i\000n\000g\000\040\000C\000o\000m\000p\000u\000t\000a\000t\000i\000o\000n\000a\000l\000\040\000P\000r\000o\000v\000e\000n\000a\000n\000c\000e}{chapter.1}% 6
\BOOKMARK [1][-]{section.1.4}{\376\377\000F\000r\000o\000m\000\040\000P\000a\000r\000e\000n\000t\000h\000e\000s\000e\000s\000\040\000t\000o\000\040\000T\000o\000p\000o\000l\000o\000g\000y}{chapter.1}% 7
\BOOKMARK [1][-]{section.1.5}{\376\377\000F\000o\000u\000n\000d\000a\000t\000i\000o\000n\000a\000l\000\040\000C\000o\000m\000m\000i\000t\000m\000e\000n\000t\000s\000\040\000a\000n\000d\000\040\000S\000t\000a\000b\000l\000e\000\040\000T\000e\000r\000m\000i\000n\000o\000l\000o\000g\000y}{chapter.1}% 8
\BOOKMARK [0][-]{chapter.2}{\376\377\000O\000p\000e\000r\000a\000t\000i\000o\000n\000a\000l\000\040\000S\000e\000m\000a\000n\000t\000i\000c\000s\000\040\000T\000h\000r\000o\000u\000g\000h\000\040\000G\000e\000o\000m\000e\000t\000r\000y}{part.1}% 9
\BOOKMARK [1][-]{section.2.1}{\376\377\000L\000o\000c\000a\000l\000i\000t\000y\000\040\000a\000n\000d\000\040\000E\000v\000a\000l\000u\000a\000t\000i\000o\000n\000\040\000R\000e\000g\000i\000o\000n\000s}{chapter.2}% 10
\BOOKMARK [1][-]{section.2.2}{\376\377\000S\000c\000o\000p\000e\000\040\000a\000s\000\040\000P\000h\000y\000s\000i\000c\000a\000l\000\040\000B\000o\000u\000n\000d\000a\000r\000y}{chapter.2}% 11
\BOOKMARK [1][-]{section.2.3}{\376\377\000D\000e\000p\000e\000n\000d\000e\000n\000c\000y\000\040\000a\000s\000\040\000S\000p\000a\000t\000i\000a\000l\000\040\000N\000e\000s\000t\000i\000n\000g}{chapter.2}% 12
\BOOKMARK [1][-]{section.2.4}{\376\377\000R\000e\000f\000u\000s\000a\000l\000,\000\040\000C\000o\000l\000l\000a\000p\000s\000e\000,\000\040\000a\000n\000d\000\040\000A\000d\000m\000i\000s\000s\000i\000b\000i\000l\000i\000t\000y}{chapter.2}% 13
\BOOKMARK [0][-]{chapter.3}{\376\377\000T\000h\000e\000\040\000S\000p\000h\000e\000r\000e\000p\000o\000p\000\040\000O\000p\000e\000r\000a\000t\000o\000r\000s}{part.1}% 14
\BOOKMARK [1][-]{section.3.1}{\376\377\000H\000i\000s\000t\000o\000r\000i\000e\000s\000\040\000a\000n\000d\000\040\000E\000v\000a\000l\000u\000a\000t\000i\000o\000n\000\040\000C\000h\000a\000i\000n\000s}{chapter.3}% 15
\BOOKMARK [1][-]{section.3.2}{\376\377\000T\000h\000e\000\040\000M\000e\000a\000n\000i\000n\000g\000\040\000o\000f\000\040\000p\000o\000p}{chapter.3}% 16
\BOOKMARK [1][-]{section.3.3}{\376\377\000T\000h\000e\000\040\000M\000e\000a\000n\000i\000n\000g\000\040\000o\000f\000\040\000r\000e\000f\000u\000s\000e}{chapter.3}% 17
\BOOKMARK [1][-]{section.3.4}{\376\377\000C\000o\000l\000l\000a\000p\000s\000e\000\040\000O\000p\000e\000r\000a\000t\000o\000r\000s\000\040\000a\000n\000d\000\040\000Q\000u\000o\000t\000i\000e\000n\000t\000\040\000S\000p\000a\000c\000e\000s}{chapter.3}% 18
\BOOKMARK [1][-]{section.3.5}{\376\377\000B\000i\000n\000d\000\040\000O\000p\000e\000r\000a\000t\000i\000o\000n\000s\000\040\000a\000n\000d\000\040\000C\000o\000n\000s\000t\000r\000a\000i\000n\000t\000\040\000F\000o\000r\000m\000a\000t\000i\000o\000n}{chapter.3}% 19
\BOOKMARK [0][-]{chapter.4}{\376\377\000S\000p\000h\000e\000r\000e\000p\000o\000p\000\040\000a\000s\000\040\000a\000\040\000C\000o\000g\000n\000i\000t\000i\000v\000e\000\040\000I\000n\000t\000e\000r\000f\000a\000c\000e}{part.1}% 20
\BOOKMARK [1][-]{section.4.1}{\376\377\000E\000x\000t\000e\000r\000n\000a\000l\000i\000z\000i\000n\000g\000\040\000W\000o\000r\000k\000i\000n\000g\000\040\000M\000e\000m\000o\000r\000y}{chapter.4}% 21
\BOOKMARK [1][-]{section.4.2}{\376\377\000R\000e\000d\000u\000c\000i\000n\000g\000\040\000H\000i\000d\000d\000e\000n\000\040\000C\000o\000g\000n\000i\000t\000i\000v\000e\000\040\000L\000o\000a\000d}{chapter.4}% 22
\BOOKMARK [1][-]{section.4.3}{\376\377\000V\000i\000s\000u\000a\000l\000\040\000C\000o\000m\000p\000u\000t\000a\000t\000i\000o\000n\000\040\000a\000n\000d\000\040\000S\000e\000m\000a\000n\000t\000i\000c\000\040\000T\000r\000a\000n\000s\000p\000a\000r\000e\000n\000c\000y}{chapter.4}% 23
\BOOKMARK [1][-]{section.4.4}{\376\377\000W\000h\000y\000\040\000F\000l\000a\000t\000\040\000S\000t\000r\000i\000n\000g\000s\000\040\000A\000r\000e\000\040\000H\000a\000r\000d\000\040\000t\000o\000\040\000T\000h\000i\000n\000k\000\040\000W\000i\000t\000h}{chapter.4}% 24
\BOOKMARK [0][-]{chapter.5}{\376\377\000S\000p\000h\000e\000r\000e\000p\000o\000p\000\040\000a\000n\000d\000\040\000P\000r\000o\000g\000r\000a\000m\000m\000i\000n\000g\000\040\000L\000a\000n\000g\000u\000a\000g\000e\000s}{part.1}% 25
\BOOKMARK [1][-]{section.5.1}{\376\377\000O\000p\000e\000r\000a\000t\000i\000o\000n\000a\000l\000\040\000S\000e\000m\000a\000n\000t\000i\000c\000s\000\040\000a\000n\000d\000\040\000L\000a\000n\000g\000u\000a\000g\000e\000\040\000D\000e\000s\000i\000g\000n}{chapter.5}% 26
\BOOKMARK [1][-]{section.5.2}{\376\377\000P\000a\000r\000s\000e\000\040\000T\000r\000e\000e\000s\000\040\000V\000e\000r\000s\000u\000s\000\040\000S\000p\000a\000t\000i\000a\000l\000\040\000R\000e\000g\000i\000o\000n\000s}{chapter.5}% 27
\BOOKMARK [1][-]{section.5.3}{\376\377\000C\000o\000n\000t\000e\000x\000t\000\040\000W\000i\000n\000d\000o\000w\000s\000\040\000a\000s\000\040\000T\000o\000p\000o\000l\000o\000g\000i\000c\000a\000l\000\040\000N\000e\000i\000g\000h\000b\000o\000r\000h\000o\000o\000d\000s}{chapter.5}% 28
\BOOKMARK [1][-]{section.5.4}{\376\377\000T\000h\000e\000\040\000R\000e\000l\000a\000t\000i\000o\000n\000\040\000t\000o\000\040\000F\000u\000n\000c\000t\000i\000o\000n\000a\000l\000\040\000P\000r\000o\000g\000r\000a\000m\000m\000i\000n\000g}{chapter.5}% 29
\BOOKMARK [-1][-]{part.2}{\376\377\000I\000I\000\040\000C\000o\000g\000n\000i\000t\000i\000o\000n\000,\000\040\000N\000e\000u\000r\000o\000s\000c\000i\000e\000n\000c\000e\000,\000\040\000a\000n\000d\000\040\000P\000r\000o\000g\000r\000a\000m\000\040\000U\000n\000d\000e\000r\000s\000t\000a\000n\000d\000i\000n\000g}{}% 30
\BOOKMARK [0][-]{chapter.6}{\376\377\000T\000h\000e\000\040\000N\000e\000u\000r\000o\000a\000e\000s\000t\000h\000e\000t\000i\000c\000s\000\040\000o\000f\000\040\000P\000r\000o\000g\000r\000a\000m\000m\000i\000n\000g}{part.2}% 31
\BOOKMARK [1][-]{section.6.1}{\376\377\000P\000r\000o\000g\000r\000a\000m\000\040\000C\000o\000m\000p\000r\000e\000h\000e\000n\000s\000i\000o\000n\000\040\000a\000s\000\040\000S\000e\000m\000a\000n\000t\000i\000c\000\040\000A\000c\000t\000i\000v\000i\000t\000y}{chapter.6}% 32
\BOOKMARK [1][-]{section.6.2}{\376\377\000W\000o\000r\000k\000i\000n\000g\000\040\000M\000e\000m\000o\000r\000y\000\040\000a\000n\000d\000\040\000A\000t\000t\000e\000n\000t\000i\000o\000n}{chapter.6}% 33
\BOOKMARK [1][-]{section.6.3}{\376\377\000W\000h\000y\000\040\000C\000o\000d\000e\000\040\000I\000s\000\040\000N\000o\000t\000\040\000E\000x\000p\000e\000r\000i\000e\000n\000c\000e\000d\000\040\000a\000s\000\040\000P\000u\000r\000e\000\040\000L\000o\000g\000i\000c}{chapter.6}% 34
\BOOKMARK [1][-]{section.6.4}{\376\377\000T\000h\000e\000\040\000B\000r\000a\000i\000n\000\040\000I\000m\000a\000g\000i\000n\000g\000\040\000S\000t\000u\000d\000i\000e\000s\000\040\000o\000f\000\040\000P\000r\000o\000g\000r\000a\000m\000m\000i\000n\000g}{chapter.6}% 35
\BOOKMARK [1][-]{section.6.5}{\376\377\000S\000p\000a\000t\000i\000a\000l\000\040\000R\000e\000a\000s\000o\000n\000i\000n\000g\000\040\000a\000n\000d\000\040\000S\000y\000m\000b\000o\000l\000i\000c\000\040\000M\000a\000n\000i\000p\000u\000l\000a\000t\000i\000o\000n}{chapter.6}% 36
\BOOKMARK [1][-]{section.6.6}{\376\377\000S\000e\000m\000a\000n\000t\000i\000c\000\040\000G\000r\000o\000u\000p\000i\000n\000g\000\040\000i\000n\000\040\000H\000u\000m\000a\000n\000\040\000C\000o\000g\000n\000i\000t\000i\000o\000n}{chapter.6}% 37
\BOOKMARK [1][-]{section.6.7}{\376\377\000W\000h\000y\000\040\000S\000c\000o\000p\000e\000\040\000V\000i\000s\000u\000a\000l\000i\000z\000a\000t\000i\000o\000n\000\040\000M\000a\000t\000t\000e\000r\000s}{chapter.6}% 38
\BOOKMARK [1][-]{section.6.8}{\376\377\000N\000e\000s\000t\000e\000d\000\040\000O\000b\000j\000e\000c\000t\000s\000\040\000a\000n\000d\000\040\000C\000o\000g\000n\000i\000t\000i\000v\000e\000\040\000C\000o\000m\000p\000r\000e\000s\000s\000i\000o\000n}{chapter.6}% 39
\BOOKMARK [0][-]{chapter.7}{\376\377\000T\000h\000e\000\040\000B\000i\000o\000l\000o\000g\000i\000c\000a\000l\000\040\000B\000a\000s\000i\000s\000\040\000o\000f\000\040\000S\000t\000r\000u\000c\000t\000u\000r\000a\000l\000\040\000T\000h\000i\000n\000k\000i\000n\000g}{part.2}% 40
\BOOKMARK [1][-]{section.7.1}{\376\377\000I\000n\000t\000e\000l\000l\000i\000g\000e\000n\000c\000e\000\040\000a\000s\000\040\000P\000r\000e\000d\000i\000c\000t\000i\000v\000e\000\040\000N\000a\000v\000i\000g\000a\000t\000i\000o\000n}{chapter.7}% 41
\BOOKMARK [1][-]{section.7.2}{\376\377\000M\000o\000d\000e\000l\000i\000n\000g\000\040\000t\000h\000e\000\040\000W\000o\000r\000l\000d}{chapter.7}% 42
\BOOKMARK [1][-]{section.7.3}{\376\377\000S\000i\000m\000u\000l\000a\000t\000i\000o\000n\000\040\000a\000n\000d\000\040\000G\000e\000n\000e\000r\000a\000t\000i\000v\000e\000\040\000C\000o\000g\000n\000i\000t\000i\000o\000n}{chapter.7}% 43
\BOOKMARK [1][-]{section.7.4}{\376\377\000M\000e\000n\000t\000a\000l\000i\000z\000i\000n\000g\000\040\000a\000n\000d\000\040\000R\000e\000c\000u\000r\000s\000i\000v\000e\000\040\000R\000e\000p\000r\000e\000s\000e\000n\000t\000a\000t\000i\000o\000n}{chapter.7}% 44
\BOOKMARK [1][-]{section.7.5}{\376\377\000P\000r\000e\000d\000i\000c\000t\000i\000o\000n\000\040\000a\000s\000\040\000C\000o\000n\000s\000t\000r\000a\000i\000n\000t\000\040\000P\000r\000o\000p\000a\000g\000a\000t\000i\000o\000n}{chapter.7}% 45
\BOOKMARK [1][-]{section.7.6}{\376\377\000I\000n\000t\000e\000l\000l\000i\000g\000e\000n\000c\000e\000\040\000a\000s\000\040\000S\000t\000r\000u\000c\000t\000u\000r\000e\000d\000\040\000C\000o\000m\000p\000r\000e\000s\000s\000i\000o\000n}{chapter.7}% 46
\BOOKMARK [0][-]{chapter.8}{\376\377\000C\000o\000m\000p\000r\000e\000s\000s\000i\000o\000n\000\040\000V\000e\000r\000s\000u\000s\000\040\000E\000r\000a\000s\000u\000r\000e}{part.2}% 47
\BOOKMARK [1][-]{section.8.1}{\376\377\000T\000h\000e\000\040\000D\000i\000f\000f\000e\000r\000e\000n\000c\000e\000\040\000B\000e\000t\000w\000e\000e\000n\000\040\000S\000i\000m\000p\000l\000i\000f\000i\000c\000a\000t\000i\000o\000n\000\040\000a\000n\000d\000\040\000O\000b\000l\000i\000t\000e\000r\000a\000t\000i\000o\000n}{chapter.8}% 48
\BOOKMARK [1][-]{section.8.2}{\376\377\000S\000e\000m\000a\000n\000t\000i\000c\000\040\000M\000e\000m\000o\000r\000y\000\040\000a\000n\000d\000\040\000O\000p\000e\000r\000a\000t\000i\000o\000n\000a\000l\000\040\000G\000e\000o\000m\000e\000t\000r\000y}{chapter.8}% 49
\BOOKMARK [1][-]{section.8.3}{\376\377\000C\000o\000g\000n\000i\000t\000i\000v\000e\000\040\000M\000a\000p\000s\000\040\000a\000n\000d\000\040\000C\000o\000n\000s\000t\000r\000a\000i\000n\000t\000\040\000F\000i\000e\000l\000d\000s}{chapter.8}% 50
\BOOKMARK [-1][-]{part.3}{\376\377\000I\000I\000I\000\040\000T\000h\000e\000r\000m\000o\000d\000y\000n\000a\000m\000i\000c\000s\000,\000\040\000E\000n\000t\000r\000o\000p\000y\000,\000\040\000a\000n\000d\000\040\000C\000o\000n\000s\000t\000r\000a\000i\000n\000t}{}% 51
\BOOKMARK [0][-]{chapter.9}{\376\377\000T\000h\000e\000\040\000F\000r\000u\000s\000t\000r\000a\000t\000i\000o\000n\000\040\000o\000f\000\040\000F\000o\000r\000m\000u\000l\000a\000\040\000M\000a\000n\000i\000p\000u\000l\000a\000t\000i\000o\000n}{part.3}% 52
\BOOKMARK [1][-]{section.9.1}{\376\377\000K\000n\000o\000w\000i\000n\000g\000\040\000E\000q\000u\000a\000t\000i\000o\000n\000s\000\040\000W\000i\000t\000h\000o\000u\000t\000\040\000U\000n\000d\000e\000r\000s\000t\000a\000n\000d\000i\000n\000g\000\040\000P\000r\000o\000c\000e\000s\000s\000e\000s}{chapter.9}% 53
\BOOKMARK [1][-]{section.9.2}{\376\377\000T\000h\000e\000\040\000P\000r\000o\000b\000l\000e\000m\000\040\000o\000f\000\040\000B\000l\000a\000c\000k\000-\000B\000o\000x\000\040\000F\000o\000r\000m\000a\000l\000i\000s\000m}{chapter.9}% 54
\BOOKMARK [1][-]{section.9.3}{\376\377\000T\000h\000e\000r\000m\000o\000d\000y\000n\000a\000m\000i\000c\000s\000\040\000a\000s\000\040\000S\000t\000r\000u\000c\000t\000u\000r\000a\000l\000\040\000T\000r\000a\000n\000s\000f\000o\000r\000m\000a\000t\000i\000o\000n}{chapter.9}% 55
\BOOKMARK [0][-]{chapter.10}{\376\377\000T\000h\000e\000\040\000H\000i\000s\000t\000o\000r\000i\000c\000a\000l\000\040\000D\000e\000v\000e\000l\000o\000p\000m\000e\000n\000t\000\040\000o\000f\000\040\000E\000n\000e\000r\000g\000y}{part.3}% 56
\BOOKMARK [1][-]{section.10.1}{\376\377\000W\000h\000y\000\040\000H\000i\000s\000t\000o\000r\000y\000\040\000M\000a\000t\000t\000e\000r\000s\000\040\000f\000o\000r\000\040\000U\000n\000d\000e\000r\000s\000t\000a\000n\000d\000i\000n\000g\000\040\000C\000o\000n\000c\000e\000p\000t\000s}{chapter.10}% 57
\BOOKMARK [1][-]{section.10.2}{\376\377\000F\000r\000o\000m\000\040\000M\000e\000c\000h\000a\000n\000i\000c\000s\000\040\000t\000o\000\040\000H\000e\000a\000t}{chapter.10}% 58
\BOOKMARK [1][-]{section.10.3}{\376\377\000T\000h\000e\000\040\000D\000i\000s\000c\000o\000v\000e\000r\000y\000\040\000o\000f\000\040\000C\000o\000n\000s\000e\000r\000v\000a\000t\000i\000o\000n\000\040\000L\000a\000w\000s}{chapter.10}% 59
\BOOKMARK [1][-]{section.10.4}{\376\377\000E\000n\000t\000r\000o\000p\000y\000\040\000a\000n\000d\000\040\000S\000t\000a\000t\000i\000s\000t\000i\000c\000a\000l\000\040\000I\000n\000t\000e\000r\000p\000r\000e\000t\000a\000t\000i\000o\000n}{chapter.10}% 60
\BOOKMARK [1][-]{section.10.5}{\376\377\000C\000o\000n\000s\000t\000r\000a\000i\000n\000t\000\040\000a\000s\000\040\000t\000h\000e\000\040\000C\000o\000r\000e\000\040\000o\000f\000\040\000P\000h\000y\000s\000i\000c\000s}{chapter.10}% 61
\BOOKMARK [0][-]{chapter.11}{\376\377\000A\000d\000m\000i\000s\000s\000i\000b\000i\000l\000i\000t\000y\000,\000\040\000E\000n\000t\000r\000o\000p\000y\000,\000\040\000a\000n\000d\000\040\000T\000h\000e\000r\000m\000o\000d\000y\000n\000a\000m\000i\000c\000\040\000H\000i\000s\000t\000o\000r\000i\000e\000s}{part.3}% 62
\BOOKMARK [1][-]{section.11.1}{\376\377\000A\000d\000m\000i\000s\000s\000i\000b\000l\000e\000\040\000S\000t\000a\000t\000e\000s\000\040\000a\000n\000d\000\040\000F\000u\000t\000u\000r\000e\000\040\000P\000o\000s\000s\000i\000b\000i\000l\000i\000t\000y}{chapter.11}% 63
\BOOKMARK [1][-]{section.11.2}{\376\377\000E\000n\000t\000r\000o\000p\000y\000\040\000a\000s\000\040\000A\000c\000c\000e\000s\000s\000i\000b\000i\000l\000i\000t\000y\000\040\000V\000o\000l\000u\000m\000e}{chapter.11}% 64
\BOOKMARK [1][-]{section.11.3}{\376\377\000C\000o\000l\000l\000a\000p\000s\000e\000\040\000a\000n\000d\000\040\000R\000e\000n\000o\000r\000m\000a\000l\000i\000z\000a\000t\000i\000o\000n}{chapter.11}% 65
\BOOKMARK [1][-]{section.11.4}{\376\377\000T\000h\000e\000r\000m\000o\000d\000y\000n\000a\000m\000i\000c\000\040\000H\000i\000s\000t\000o\000r\000i\000e\000s}{chapter.11}% 66
\BOOKMARK [0][-]{chapter.12}{\376\377\000T\000h\000e\000\040\000S\000p\000h\000e\000r\000e\000p\000o\000p\000\040\000A\000c\000t\000i\000o\000n\000\040\000F\000o\000r\000m\000a\000l\000i\000s\000m}{part.3}% 67
\BOOKMARK [1][-]{section.12.1}{\376\377\000H\000i\000s\000t\000o\000r\000i\000e\000s\000\040\000a\000s\000\040\000C\000o\000m\000p\000u\000t\000a\000t\000i\000o\000n\000a\000l\000\040\000T\000r\000a\000j\000e\000c\000t\000o\000r\000i\000e\000s}{chapter.12}% 68
\BOOKMARK [1][-]{section.12.2}{\376\377\000V\000a\000r\000i\000a\000t\000i\000o\000n\000a\000l\000\040\000C\000o\000m\000p\000u\000t\000a\000t\000i\000o\000n\000\040\000a\000n\000d\000\040\000S\000t\000a\000t\000i\000o\000n\000a\000r\000y\000\040\000H\000i\000s\000t\000o\000r\000i\000e\000s}{chapter.12}% 69
\BOOKMARK [2][-]{subsection.12.2.1}{\376\377\000T\000h\000e\000\040\000P\000r\000i\000n\000c\000i\000p\000l\000e\000\040\000o\000f\000\040\000L\000e\000a\000s\000t\000\040\000S\000t\000r\000u\000c\000t\000u\000r\000a\000l\000\040\000C\000o\000m\000m\000i\000t\000m\000e\000n\000t}{section.12.2}% 70
\BOOKMARK [2][-]{subsection.12.2.2}{\376\377\000S\000e\000m\000a\000n\000t\000i\000c\000\040\000C\000o\000n\000f\000i\000g\000u\000r\000a\000t\000i\000o\000n\000\040\000S\000p\000a\000c\000e\000s}{section.12.2}% 71
\BOOKMARK [2][-]{subsection.12.2.3}{\376\377\000C\000o\000m\000p\000u\000t\000a\000t\000i\000o\000n\000a\000l\000\040\000G\000e\000o\000d\000e\000s\000i\000c\000s}{section.12.2}% 72
\BOOKMARK [2][-]{subsection.12.2.4}{\376\377\000H\000i\000s\000t\000o\000r\000i\000e\000s\000\040\000a\000s\000\040\000V\000a\000r\000i\000a\000t\000i\000o\000n\000a\000l\000\040\000O\000b\000j\000e\000c\000t\000s\000\040\000a\000n\000d\000\040\000t\000h\000e\000\040\000P\000a\000t\000h\000-\000I\000n\000t\000e\000g\000r\000a\000l\000\040\000A\000n\000a\000l\000o\000g\000y}{section.12.2}% 73
\BOOKMARK [1][-]{section.12.3}{\376\377\000A\000c\000t\000i\000o\000n\000\040\000a\000n\000d\000\040\000C\000o\000m\000p\000u\000t\000a\000t\000i\000o\000n\000a\000l\000\040\000C\000o\000s\000t}{chapter.12}% 74
\BOOKMARK [1][-]{section.12.4}{\376\377\000C\000o\000m\000m\000i\000t\000m\000e\000n\000t\000\040\000a\000n\000d\000\040\000R\000e\000m\000a\000i\000n\000i\000n\000g\000\040\000F\000r\000e\000e\000d\000o\000m}{chapter.12}% 75
\BOOKMARK [1][-]{section.12.5}{\376\377\000H\000a\000m\000i\000l\000t\000o\000n\000i\000a\000n\000s\000\040\000o\000f\000\040\000A\000d\000m\000i\000s\000s\000i\000b\000i\000l\000i\000t\000y}{chapter.12}% 76
\BOOKMARK [1][-]{section.12.6}{\376\377\000S\000h\000a\000n\000n\000o\000n\000\040\000a\000n\000d\000\040\000S\000t\000a\000t\000i\000s\000t\000i\000c\000a\000l\000\040\000S\000t\000r\000u\000c\000t\000u\000r\000e}{chapter.12}% 77
\BOOKMARK [1][-]{section.12.7}{\376\377\000C\000o\000m\000p\000r\000e\000s\000s\000i\000o\000n\000\040\000a\000n\000d\000\040\000M\000e\000a\000n\000i\000n\000g}{chapter.12}% 78
\BOOKMARK [1][-]{section.12.8}{\376\377\000I\000n\000f\000o\000r\000m\000a\000t\000i\000o\000n\000\040\000a\000s\000\040\000C\000o\000n\000s\000t\000r\000a\000i\000n\000t}{chapter.12}% 79
\BOOKMARK [1][-]{section.12.9}{\376\377\000S\000e\000m\000a\000n\000t\000i\000c\000\040\000E\000n\000t\000r\000o\000p\000y}{chapter.12}% 80
\BOOKMARK [-1][-]{part.4}{\376\377\000I\000V\000\040\000E\000m\000e\000r\000g\000e\000n\000c\000e\000,\000\040\000C\000o\000m\000p\000l\000e\000x\000i\000t\000y\000,\000\040\000a\000n\000d\000\040\000S\000e\000l\000f\000-\000O\000r\000g\000a\000n\000i\000z\000a\000t\000i\000o\000n}{}% 81
\BOOKMARK [0][-]{chapter.13}{\376\377\000T\000h\000e\000\040\000E\000m\000e\000r\000g\000e\000n\000t\000\040\000U\000n\000i\000v\000e\000r\000s\000e}{part.4}% 82
\BOOKMARK [1][-]{section.13.1}{\376\377\000C\000o\000m\000p\000l\000e\000x\000i\000t\000y\000\040\000a\000n\000d\000\040\000S\000e\000l\000f\000-\000O\000r\000g\000a\000n\000i\000z\000a\000t\000i\000o\000n}{chapter.13}% 83
\BOOKMARK [1][-]{section.13.2}{\376\377\000N\000e\000s\000t\000e\000d\000\040\000S\000y\000s\000t\000e\000m\000s\000\040\000W\000i\000t\000h\000i\000n\000\040\000S\000y\000s\000t\000e\000m\000s}{chapter.13}% 84
\BOOKMARK [1][-]{section.13.3}{\376\377\000E\000v\000o\000l\000u\000t\000i\000o\000n\000a\000r\000y\000\040\000C\000o\000n\000s\000t\000r\000a\000i\000n\000t\000\040\000F\000o\000r\000m\000a\000t\000i\000o\000n}{chapter.13}% 85
\BOOKMARK [1][-]{section.13.4}{\376\377\000E\000m\000e\000r\000g\000e\000n\000c\000e\000\040\000a\000s\000\040\000S\000t\000r\000u\000c\000t\000u\000r\000e\000d\000\040\000C\000o\000l\000l\000a\000p\000s\000e}{chapter.13}% 86
\BOOKMARK [1][-]{section.13.5}{\376\377\000T\000h\000e\000\040\000R\000o\000m\000a\000n\000c\000e\000\040\000o\000f\000\040\000R\000e\000a\000l\000i\000t\000y}{chapter.13}% 87
\BOOKMARK [1][-]{section.13.6}{\376\377\000C\000o\000s\000m\000i\000c\000\040\000C\000o\000m\000p\000l\000e\000x\000i\000t\000y\000\040\000a\000n\000d\000\040\000I\000n\000f\000o\000r\000m\000a\000t\000i\000o\000n}{chapter.13}% 88
\BOOKMARK [1][-]{section.13.7}{\376\377\000S\000e\000l\000f\000-\000O\000r\000g\000a\000n\000i\000z\000i\000n\000g\000\040\000S\000y\000s\000t\000e\000m\000s}{chapter.13}% 89
\BOOKMARK [1][-]{section.13.8}{\376\377\000A\000g\000e\000n\000c\000y\000\040\000a\000n\000d\000\040\000T\000h\000e\000r\000m\000o\000d\000y\000n\000a\000m\000i\000c\000\040\000G\000r\000a\000d\000i\000e\000n\000t\000s}{chapter.13}% 90
\BOOKMARK [1][-]{section.13.9}{\376\377\000T\000h\000e\000\040\000U\000n\000i\000v\000e\000r\000s\000e\000\040\000a\000s\000\040\000C\000o\000n\000s\000t\000r\000a\000i\000n\000t\000\040\000N\000a\000v\000i\000g\000a\000t\000i\000o\000n}{chapter.13}% 91
\BOOKMARK [0][-]{chapter.14}{\376\377\000I\000n\000t\000e\000l\000l\000i\000g\000e\000n\000c\000e\000\040\000a\000n\000d\000\040\000E\000v\000o\000l\000u\000t\000i\000o\000n}{part.4}% 92
\BOOKMARK [1][-]{section.14.1}{\376\377\000T\000h\000e\000\040\000F\000i\000v\000e\000\040\000B\000r\000e\000a\000k\000t\000h\000r\000o\000u\000g\000h\000s\000\040\000o\000f\000\040\000I\000n\000t\000e\000l\000l\000i\000g\000e\000n\000c\000e}{chapter.14}% 93
\BOOKMARK [1][-]{section.14.2}{\376\377\000R\000e\000i\000n\000f\000o\000r\000c\000e\000m\000e\000n\000t\000\040\000a\000n\000d\000\040\000P\000r\000e\000d\000i\000c\000t\000i\000o\000n}{chapter.14}% 94
\BOOKMARK [1][-]{section.14.3}{\376\377\000S\000i\000m\000u\000l\000a\000t\000i\000o\000n\000\040\000a\000n\000d\000\040\000W\000o\000r\000l\000d\000\040\000M\000o\000d\000e\000l\000i\000n\000g}{chapter.14}% 95
\BOOKMARK [1][-]{section.14.4}{\376\377\000L\000a\000n\000g\000u\000a\000g\000e\000\040\000a\000n\000d\000\040\000R\000e\000c\000u\000r\000s\000i\000v\000e\000\040\000A\000b\000s\000t\000r\000a\000c\000t\000i\000o\000n}{chapter.14}% 96
\BOOKMARK [1][-]{section.14.5}{\376\377\000C\000o\000m\000p\000u\000t\000a\000t\000i\000o\000n\000\040\000a\000s\000\040\000E\000v\000o\000l\000u\000t\000i\000o\000n\000a\000r\000y\000\040\000P\000r\000o\000c\000e\000s\000s}{chapter.14}% 97
\BOOKMARK [1][-]{section.14.6}{\376\377\000A\000d\000a\000p\000t\000i\000v\000e\000\040\000C\000o\000m\000p\000r\000e\000s\000s\000i\000o\000n}{chapter.14}% 98
\BOOKMARK [1][-]{section.14.7}{\376\377\000T\000h\000e\000\040\000E\000m\000e\000r\000g\000e\000n\000c\000e\000\040\000o\000f\000\040\000S\000e\000m\000a\000n\000t\000i\000c\000\040\000L\000a\000y\000e\000r\000s}{chapter.14}% 99
\BOOKMARK [1][-]{section.14.8}{\376\377\000L\000e\000a\000r\000n\000i\000n\000g\000\040\000a\000s\000\040\000T\000o\000p\000o\000l\000o\000g\000i\000c\000a\000l\000\040\000S\000t\000a\000b\000i\000l\000i\000z\000a\000t\000i\000o\000n}{chapter.14}% 100
\BOOKMARK [1][-]{section.14.9}{\376\377\000T\000h\000e\000\040\000G\000r\000o\000w\000t\000h\000\040\000o\000f\000\040\000I\000n\000t\000e\000r\000n\000a\000l\000\040\000M\000o\000d\000e\000l\000s}{chapter.14}% 101
\BOOKMARK [-1][-]{part.5}{\376\377\000V\000\040\000C\000r\000i\000t\000i\000q\000u\000e\000s\000\040\000o\000f\000\040\000R\000a\000t\000i\000o\000n\000a\000l\000i\000s\000m\000\040\000a\000n\000d\000\040\000T\000e\000c\000h\000n\000i\000q\000u\000e}{}% 102
\BOOKMARK [0][-]{chapter.15}{\376\377\000F\000e\000y\000e\000r\000a\000b\000e\000n\000d\000\040\000a\000n\000d\000\040\000t\000h\000e\000\040\000L\000i\000m\000i\000t\000s\000\040\000o\000f\000\040\000M\000e\000t\000h\000o\000d}{part.5}% 103
\BOOKMARK [1][-]{section.15.1}{\376\377\000A\000g\000a\000i\000n\000s\000t\000\040\000U\000n\000i\000v\000e\000r\000s\000a\000l\000\040\000R\000a\000t\000i\000o\000n\000a\000l\000\040\000P\000r\000o\000c\000e\000d\000u\000r\000e}{chapter.15}% 104
\BOOKMARK [1][-]{section.15.2}{\376\377\000T\000h\000e\000\040\000H\000i\000s\000t\000o\000r\000i\000c\000a\000l\000\040\000M\000e\000s\000s\000i\000n\000e\000s\000s\000\040\000o\000f\000\040\000D\000i\000s\000c\000o\000v\000e\000r\000y}{chapter.15}% 105
\BOOKMARK [1][-]{section.15.3}{\376\377\000S\000c\000i\000e\000n\000c\000e\000\040\000a\000s\000\040\000E\000v\000o\000l\000v\000i\000n\000g\000\040\000P\000r\000a\000c\000t\000i\000c\000e}{chapter.15}% 106
\BOOKMARK [1][-]{section.15.4}{\376\377\000"\000A\000n\000y\000t\000h\000i\000n\000g\000\040\000G\000o\000e\000s\000"\000\040\000R\000e\000v\000i\000s\000i\000t\000e\000d}{chapter.15}% 107
\BOOKMARK [0][-]{chapter.16}{\376\377\000P\000o\000p\000p\000e\000r\000\040\000a\000n\000d\000\040\000R\000a\000t\000i\000o\000n\000a\000l\000\040\000C\000r\000i\000t\000i\000c\000i\000s\000m}{part.5}% 108
\BOOKMARK [1][-]{section.16.1}{\376\377\000F\000r\000a\000m\000e\000w\000o\000r\000k\000s\000\040\000a\000n\000d\000\040\000D\000i\000a\000l\000o\000g\000u\000e}{chapter.16}% 109
\BOOKMARK [1][-]{section.16.2}{\376\377\000E\000r\000r\000o\000r\000\040\000C\000o\000r\000r\000e\000c\000t\000i\000o\000n\000\040\000a\000n\000d\000\040\000F\000a\000l\000s\000i\000f\000i\000a\000b\000i\000l\000i\000t\000y}{chapter.16}% 110
\BOOKMARK [1][-]{section.16.3}{\376\377\000T\000h\000e\000\040\000D\000e\000f\000e\000n\000s\000e\000\040\000o\000f\000\040\000R\000a\000t\000i\000o\000n\000a\000l\000\040\000I\000n\000q\000u\000i\000r\000y}{chapter.16}% 111
\BOOKMARK [1][-]{section.16.4}{\376\377\000S\000t\000r\000u\000c\000t\000u\000r\000a\000l\000\040\000C\000r\000i\000t\000i\000q\000u\000e\000\040\000W\000i\000t\000h\000o\000u\000t\000\040\000D\000o\000g\000m\000a\000t\000i\000s\000m}{chapter.16}% 112
\BOOKMARK [0][-]{chapter.17}{\376\377\000B\000e\000t\000w\000e\000e\000n\000\040\000F\000e\000y\000e\000r\000a\000b\000e\000n\000d\000\040\000a\000n\000d\000\040\000P\000o\000p\000p\000e\000r\000:\000\040\000S\000p\000h\000e\000r\000e\000p\000o\000p\000\040\000a\000s\000\040\000N\000o\000n\000-\000D\000o\000g\000m\000a\000t\000i\000c\000\040\000R\000a\000t\000i\000o\000n\000a\000l\000i\000s\000m}{part.5}% 113
\BOOKMARK [1][-]{section.17.1}{\376\377\000W\000h\000y\000\040\000S\000p\000h\000e\000r\000e\000p\000o\000p\000\040\000I\000s\000\040\000N\000o\000t\000\040\000A\000n\000t\000i\000-\000R\000a\000t\000i\000o\000n\000a\000l}{chapter.17}% 114
\BOOKMARK [1][-]{section.17.2}{\376\377\000A\000g\000a\000i\000n\000s\000t\000\040\000O\000p\000a\000c\000i\000t\000y\000,\000\040\000N\000o\000t\000\040\000A\000g\000a\000i\000n\000s\000t\000\040\000S\000t\000r\000u\000c\000t\000u\000r\000e}{chapter.17}% 115
\BOOKMARK [1][-]{section.17.3}{\376\377\000I\000n\000t\000e\000r\000p\000r\000e\000t\000a\000b\000i\000l\000i\000t\000y\000\040\000a\000s\000\040\000a\000\040\000P\000h\000i\000l\000o\000s\000o\000p\000h\000i\000c\000a\000l\000\040\000P\000r\000i\000n\000c\000i\000p\000l\000e}{chapter.17}% 116
\BOOKMARK [1][-]{section.17.4}{\376\377\000V\000i\000s\000i\000b\000l\000e\000\040\000S\000t\000r\000u\000c\000t\000u\000r\000e\000\040\000a\000n\000d\000\040\000P\000u\000b\000l\000i\000c\000\040\000R\000e\000a\000s\000o\000n}{chapter.17}% 117
\BOOKMARK [0][-]{chapter.18}{\376\377\000E\000l\000l\000u\000l\000\040\000a\000n\000d\000\040\000T\000e\000c\000h\000n\000i\000q\000u\000e}{part.5}% 118
\BOOKMARK [1][-]{section.18.1}{\376\377\000T\000e\000c\000h\000n\000i\000q\000u\000e\000\040\000a\000s\000\040\000S\000t\000a\000n\000d\000a\000r\000d\000i\000z\000e\000d\000\040\000P\000r\000o\000c\000e\000d\000u\000r\000e}{chapter.18}% 119
\BOOKMARK [1][-]{section.18.2}{\376\377\000E\000f\000f\000i\000c\000i\000e\000n\000c\000y\000\040\000a\000n\000d\000\040\000t\000h\000e\000\040\000E\000r\000a\000s\000u\000r\000e\000\040\000o\000f\000\040\000M\000e\000a\000n\000i\000n\000g}{chapter.18}% 120
\BOOKMARK [1][-]{section.18.3}{\376\377\000T\000h\000e\000\040\000A\000u\000t\000o\000m\000a\000t\000i\000o\000n\000\040\000o\000f\000\040\000T\000h\000o\000u\000g\000h\000t}{chapter.18}% 121
\BOOKMARK [1][-]{section.18.4}{\376\377\000W\000h\000y\000\040\000S\000t\000r\000u\000c\000t\000u\000r\000a\000l\000\040\000T\000r\000a\000n\000s\000p\000a\000r\000e\000n\000c\000y\000\040\000M\000a\000t\000t\000e\000r\000s}{chapter.18}% 122
\BOOKMARK [-1][-]{part.6}{\376\377\000V\000I\000\040\000O\000n\000t\000o\000l\000o\000g\000y\000,\000\040\000L\000a\000n\000g\000u\000a\000g\000e\000,\000\040\000a\000n\000d\000\040\000E\000x\000p\000l\000a\000i\000n\000a\000b\000i\000l\000i\000t\000y}{}% 123
\BOOKMARK [0][-]{chapter.19}{\376\377\000S\000y\000m\000b\000o\000l\000i\000c\000\040\000V\000e\000r\000s\000u\000s\000\040\000S\000u\000b\000s\000y\000m\000b\000o\000l\000i\000c\000\040\000S\000y\000s\000t\000e\000m\000s}{part.6}% 124
\BOOKMARK [1][-]{section.19.1}{\376\377\000T\000h\000e\000\040\000R\000i\000s\000e\000\040\000o\000f\000\040\000S\000t\000a\000t\000i\000s\000t\000i\000c\000a\000l\000\040\000M\000o\000d\000e\000l\000s}{chapter.19}% 125
\BOOKMARK [1][-]{section.19.2}{\376\377\000L\000a\000n\000g\000u\000a\000g\000e\000\040\000M\000o\000d\000e\000l\000s\000\040\000a\000n\000d\000\040\000O\000p\000a\000q\000u\000e\000\040\000C\000o\000m\000p\000r\000e\000s\000s\000i\000o\000n}{chapter.19}% 126
\BOOKMARK [1][-]{section.19.3}{\376\377\000E\000x\000p\000l\000a\000i\000n\000a\000b\000i\000l\000i\000t\000y\000\040\000a\000n\000d\000\040\000I\000n\000t\000e\000r\000p\000r\000e\000t\000a\000b\000i\000l\000i\000t\000y}{chapter.19}% 127
\BOOKMARK [1][-]{section.19.4}{\376\377\000T\000h\000e\000\040\000C\000r\000i\000s\000i\000s\000\040\000o\000f\000\040\000S\000e\000m\000a\000n\000t\000i\000c\000\040\000G\000r\000o\000u\000n\000d\000i\000n\000g}{chapter.19}% 128
\BOOKMARK [0][-]{chapter.20}{\376\377\000O\000n\000t\000o\000l\000o\000g\000i\000c\000a\000l\000\040\000S\000t\000r\000u\000c\000t\000u\000r\000e\000\040\000a\000n\000d\000\040\000G\000r\000o\000u\000n\000d\000e\000d\000\040\000R\000e\000p\000r\000e\000s\000e\000n\000t\000a\000t\000i\000o\000n}{part.6}% 129
\BOOKMARK [1][-]{section.20.1}{\376\377\000M\000e\000a\000n\000i\000n\000g\000\040\000a\000s\000\040\000R\000e\000l\000a\000t\000i\000o\000n\000a\000l\000\040\000C\000o\000n\000s\000t\000r\000a\000i\000n\000t}{chapter.20}% 130
\BOOKMARK [1][-]{section.20.2}{\376\377\000S\000e\000m\000a\000n\000t\000i\000c\000\040\000N\000e\000i\000g\000h\000b\000o\000r\000h\000o\000o\000d\000s}{chapter.20}% 131
\BOOKMARK [1][-]{section.20.3}{\376\377\000L\000a\000n\000g\000u\000a\000g\000e\000\040\000a\000s\000\040\000S\000t\000r\000u\000c\000t\000u\000r\000e\000d\000\040\000N\000a\000v\000i\000g\000a\000t\000i\000o\000n}{chapter.20}% 132
\BOOKMARK [1][-]{section.20.4}{\376\377\000G\000r\000o\000u\000n\000d\000e\000d\000\040\000R\000e\000p\000r\000e\000s\000e\000n\000t\000a\000t\000i\000o\000n}{chapter.20}% 133
\BOOKMARK [0][-]{chapter.21}{\376\377\000S\000p\000h\000e\000r\000e\000p\000o\000p\000\040\000a\000n\000d\000\040\000E\000x\000p\000l\000a\000i\000n\000a\000b\000l\000e\000\040\000S\000e\000m\000a\000n\000t\000i\000c\000s}{part.6}% 134
\BOOKMARK [1][-]{section.21.1}{\376\377\000V\000i\000s\000i\000b\000l\000e\000\040\000S\000e\000m\000a\000n\000t\000i\000c\000\040\000O\000p\000e\000r\000a\000t\000i\000o\000n\000s}{chapter.21}% 135
\BOOKMARK [1][-]{section.21.2}{\376\377\000O\000p\000e\000r\000a\000t\000i\000o\000n\000a\000l\000\040\000P\000r\000o\000v\000e\000n\000a\000n\000c\000e}{chapter.21}% 136
\BOOKMARK [1][-]{section.21.3}{\376\377\000L\000o\000c\000a\000l\000i\000z\000e\000d\000\040\000M\000e\000a\000n\000i\000n\000g\000\040\000R\000e\000g\000i\000o\000n\000s}{chapter.21}% 137
\BOOKMARK [1][-]{section.21.4}{\376\377\000C\000o\000m\000p\000u\000t\000a\000t\000i\000o\000n\000\040\000a\000s\000\040\000N\000a\000v\000i\000g\000a\000b\000l\000e\000\040\000G\000e\000o\000m\000e\000t\000r\000y}{chapter.21}% 138
\BOOKMARK [1][-]{section.21.5}{\376\377\000C\000o\000o\000r\000d\000i\000n\000a\000t\000e\000\040\000C\000h\000a\000r\000t\000s\000\040\000a\000n\000d\000\040\000C\000o\000n\000t\000e\000x\000t\000\040\000W\000i\000n\000d\000o\000w\000s}{chapter.21}% 139
\BOOKMARK [1][-]{section.21.6}{\376\377\000S\000h\000e\000a\000f\000-\000L\000i\000k\000e\000\040\000S\000t\000r\000u\000c\000t\000u\000r\000e\000s}{chapter.21}% 140
\BOOKMARK [1][-]{section.21.7}{\376\377\000L\000o\000c\000a\000l\000-\000t\000o\000-\000G\000l\000o\000b\000a\000l\000\040\000M\000e\000a\000n\000i\000n\000g\000\040\000C\000o\000n\000s\000t\000r\000u\000c\000t\000i\000o\000n}{chapter.21}% 141
\BOOKMARK [1][-]{section.21.8}{\376\377\000S\000e\000m\000a\000n\000t\000i\000c\000\040\000C\000o\000n\000t\000i\000n\000u\000i\000t\000y}{chapter.21}% 142
\BOOKMARK [-1][-]{part.7}{\376\377\000V\000I\000I\000\040\000G\000e\000o\000m\000e\000t\000r\000y\000,\000\040\000W\000a\000v\000e\000s\000,\000\040\000a\000n\000d\000\040\000P\000h\000y\000s\000i\000c\000a\000l\000\040\000R\000e\000p\000r\000e\000s\000e\000n\000t\000a\000t\000i\000o\000n}{}% 143
\BOOKMARK [0][-]{chapter.22}{\376\377\000W\000a\000v\000e\000\040\000S\000t\000r\000u\000c\000t\000u\000r\000e\000\040\000a\000n\000d\000\040\000R\000e\000l\000a\000t\000i\000o\000n\000a\000l\000\040\000P\000h\000y\000s\000i\000c\000s}{part.7}% 144
\BOOKMARK [1][-]{section.22.1}{\376\377\000S\000t\000a\000n\000d\000i\000n\000g\000\040\000W\000a\000v\000e\000s\000\040\000a\000n\000d\000\040\000I\000n\000t\000e\000r\000a\000c\000t\000i\000o\000n}{chapter.22}% 145
\BOOKMARK [1][-]{section.22.2}{\376\377\000C\000o\000l\000l\000a\000p\000s\000e\000\040\000a\000n\000d\000\040\000R\000e\000v\000i\000v\000a\000l}{chapter.22}% 146
\BOOKMARK [1][-]{section.22.3}{\376\377\000L\000o\000c\000a\000l\000i\000z\000e\000d\000\040\000C\000o\000h\000e\000r\000e\000n\000c\000e}{chapter.22}% 147
\BOOKMARK [1][-]{section.22.4}{\376\377\000P\000h\000a\000s\000e\000\040\000S\000p\000a\000c\000e\000\040\000a\000n\000d\000\040\000C\000o\000n\000s\000t\000r\000a\000i\000n\000t\000\040\000F\000i\000e\000l\000d\000s}{chapter.22}% 148
\BOOKMARK [0][-]{chapter.23}{\376\377\000B\000l\000e\000n\000d\000e\000r\000\040\000M\000o\000d\000e\000l\000s\000\040\000a\000n\000d\000\040\000C\000o\000m\000p\000u\000t\000a\000t\000i\000o\000n\000a\000l\000\040\000T\000o\000p\000o\000l\000o\000g\000y}{part.7}% 149
\BOOKMARK [1][-]{section.23.1}{\376\377\000O\000r\000b\000i\000t\000a\000l\000\040\000S\000t\000r\000u\000c\000t\000u\000r\000e\000s\000\040\000a\000n\000d\000\040\000S\000e\000m\000a\000n\000t\000i\000c\000\040\000R\000e\000g\000i\000o\000n\000s}{chapter.23}% 150
\BOOKMARK [1][-]{section.23.2}{\376\377\000S\000p\000h\000e\000r\000e\000s\000\040\000a\000s\000\040\000C\000o\000g\000n\000i\000t\000i\000v\000e\000\040\000M\000a\000n\000i\000f\000o\000l\000d\000s}{chapter.23}% 151
\BOOKMARK [1][-]{section.23.3}{\376\377\000R\000i\000n\000g\000s\000\040\000a\000s\000\040\000C\000o\000n\000s\000t\000r\000a\000i\000n\000t\000\040\000B\000o\000u\000n\000d\000a\000r\000i\000e\000s}{chapter.23}% 152
\BOOKMARK [1][-]{section.23.4}{\376\377\000V\000i\000s\000u\000a\000l\000i\000z\000i\000n\000g\000\040\000N\000e\000s\000t\000e\000d\000\040\000C\000o\000m\000p\000u\000t\000a\000t\000i\000o\000n}{chapter.23}% 153
\BOOKMARK [0][-]{chapter.24}{\376\377\000G\000e\000o\000m\000e\000t\000r\000y\000\040\000a\000s\000\040\000O\000p\000e\000r\000a\000t\000i\000o\000n\000a\000l\000\040\000L\000a\000n\000g\000u\000a\000g\000e}{part.7}% 154
\BOOKMARK [1][-]{section.24.1}{\376\377\000T\000o\000p\000o\000l\000o\000g\000i\000c\000a\000l\000\040\000S\000e\000m\000a\000n\000t\000i\000c\000s}{chapter.24}% 155
\BOOKMARK [1][-]{section.24.2}{\376\377\000C\000o\000m\000p\000u\000t\000a\000t\000i\000o\000n\000\040\000a\000s\000\040\000D\000e\000f\000o\000r\000m\000a\000t\000i\000o\000n}{chapter.24}% 156
\BOOKMARK [1][-]{section.24.3}{\376\377\000S\000p\000a\000t\000i\000a\000l\000i\000z\000e\000d\000\040\000L\000o\000g\000i\000c}{chapter.24}% 157
\BOOKMARK [1][-]{section.24.4}{\376\377\000M\000e\000a\000n\000i\000n\000g\000\040\000a\000s\000\040\000C\000u\000r\000v\000a\000t\000u\000r\000e\000\040\000i\000n\000\040\000C\000o\000n\000s\000t\000r\000a\000i\000n\000t\000\040\000S\000p\000a\000c\000e}{chapter.24}% 158
\BOOKMARK [-1][-]{part.8}{\376\377\000V\000I\000I\000I\000\040\000T\000o\000w\000a\000r\000d\000\040\000a\000\040\000U\000n\000i\000f\000i\000e\000d\000\040\000P\000h\000i\000l\000o\000s\000o\000p\000h\000y\000\040\000o\000f\000\040\000C\000o\000m\000p\000u\000t\000a\000t\000i\000o\000n}{}% 159
\BOOKMARK [0][-]{chapter.25}{\376\377\000F\000r\000o\000m\000\040\000S\000t\000r\000i\000n\000g\000s\000\040\000t\000o\000\040\000S\000p\000a\000c\000e\000s}{part.8}% 160
\BOOKMARK [1][-]{section.25.1}{\376\377\000T\000h\000e\000\040\000H\000i\000s\000t\000o\000r\000i\000c\000a\000l\000\040\000D\000o\000m\000i\000n\000a\000n\000c\000e\000\040\000o\000f\000\040\000T\000e\000x\000t\000u\000a\000l\000\040\000F\000o\000r\000m\000a\000l\000i\000s\000m}{chapter.25}% 161
\BOOKMARK [1][-]{section.25.2}{\376\377\000W\000h\000y\000\040\000C\000o\000m\000p\000u\000t\000a\000t\000i\000o\000n\000\040\000B\000e\000c\000a\000m\000e\000\040\000L\000i\000n\000e\000a\000r\000i\000z\000e\000d}{chapter.25}% 162
\BOOKMARK [1][-]{section.25.3}{\376\377\000R\000e\000c\000o\000v\000e\000r\000i\000n\000g\000\040\000S\000p\000a\000t\000i\000a\000l\000\040\000S\000t\000r\000u\000c\000t\000u\000r\000e}{chapter.25}% 163
\BOOKMARK [1][-]{section.25.4}{\376\377\000T\000h\000e\000\040\000R\000e\000t\000u\000r\000n\000\040\000o\000f\000\040\000G\000e\000o\000m\000e\000t\000r\000y}{chapter.25}% 164
\BOOKMARK [0][-]{chapter.26}{\376\377\000C\000o\000m\000p\000u\000t\000a\000t\000i\000o\000n\000\040\000a\000s\000\040\000N\000a\000v\000i\000g\000a\000t\000i\000o\000n}{part.8}% 165
\BOOKMARK [1][-]{section.26.1}{\376\377\000T\000r\000a\000j\000e\000c\000t\000o\000r\000i\000e\000s\000\040\000T\000h\000r\000o\000u\000g\000h\000\040\000A\000d\000m\000i\000s\000s\000i\000b\000i\000l\000i\000t\000y\000\040\000S\000p\000a\000c\000e}{chapter.26}% 166
\BOOKMARK [1][-]{section.26.2}{\376\377\000C\000o\000n\000s\000t\000r\000a\000i\000n\000t\000\040\000S\000a\000t\000i\000s\000f\000a\000c\000t\000i\000o\000n\000\040\000a\000n\000d\000\040\000F\000u\000t\000u\000r\000e\000\040\000P\000o\000s\000s\000i\000b\000i\000l\000i\000t\000y}{chapter.26}% 167
\BOOKMARK [1][-]{section.26.3}{\376\377\000L\000o\000c\000a\000l\000\040\000A\000c\000t\000i\000o\000n\000s\000\040\000a\000n\000d\000\040\000G\000l\000o\000b\000a\000l\000\040\000C\000o\000n\000s\000e\000q\000u\000e\000n\000c\000e\000s}{chapter.26}% 168
\BOOKMARK [1][-]{section.26.4}{\376\377\000H\000i\000s\000t\000o\000r\000i\000e\000s\000\040\000a\000s\000\040\000F\000u\000n\000d\000a\000m\000e\000n\000t\000a\000l\000\040\000O\000b\000j\000e\000c\000t\000s}{chapter.26}% 169
\BOOKMARK [0][-]{chapter.27}{\376\377\000T\000h\000e\000\040\000E\000t\000h\000i\000c\000s\000\040\000o\000f\000\040\000I\000n\000t\000e\000r\000p\000r\000e\000t\000a\000b\000i\000l\000i\000t\000y}{part.8}% 170
\BOOKMARK [1][-]{section.27.1}{\376\377\000A\000g\000a\000i\000n\000s\000t\000\040\000I\000n\000v\000i\000s\000i\000b\000l\000e\000\040\000S\000y\000s\000t\000e\000m\000s}{chapter.27}% 171
\BOOKMARK [1][-]{section.27.2}{\376\377\000T\000r\000a\000n\000s\000p\000a\000r\000e\000n\000c\000y\000\040\000a\000n\000d\000\040\000H\000u\000m\000a\000n\000\040\000C\000o\000g\000n\000i\000t\000i\000o\000n}{chapter.27}% 172
\BOOKMARK [1][-]{section.27.3}{\376\377\000T\000h\000e\000\040\000P\000o\000l\000i\000t\000i\000c\000a\000l\000\040\000D\000i\000m\000e\000n\000s\000i\000o\000n\000\040\000o\000f\000\040\000A\000b\000s\000t\000r\000a\000c\000t\000i\000o\000n}{chapter.27}% 173
\BOOKMARK [1][-]{section.27.4}{\376\377\000P\000u\000b\000l\000i\000c\000l\000y\000\040\000L\000e\000g\000i\000b\000l\000e\000\040\000C\000o\000m\000p\000u\000t\000a\000t\000i\000o\000n}{chapter.27}% 174
\BOOKMARK [0][-]{chapter.28}{\376\377\000T\000h\000e\000\040\000F\000u\000t\000u\000r\000e\000\040\000o\000f\000\040\000S\000t\000r\000u\000c\000t\000u\000r\000a\000l\000\040\000T\000h\000i\000n\000k\000i\000n\000g}{part.8}% 175
\BOOKMARK [1][-]{section.28.1}{\376\377\000E\000d\000u\000c\000a\000t\000i\000o\000n\000a\000l\000\040\000A\000p\000p\000l\000i\000c\000a\000t\000i\000o\000n\000s}{chapter.28}% 176
\BOOKMARK [1][-]{section.28.2}{\376\377\000E\000x\000p\000l\000a\000i\000n\000a\000b\000l\000e\000\040\000A\000I}{chapter.28}% 177
\BOOKMARK [1][-]{section.28.3}{\376\377\000S\000e\000m\000a\000n\000t\000i\000c\000\040\000I\000n\000f\000r\000a\000s\000t\000r\000u\000c\000t\000u\000r\000e}{chapter.28}% 178
\BOOKMARK [1][-]{section.28.4}{\376\377\000C\000o\000g\000n\000i\000t\000i\000v\000e\000\040\000G\000e\000o\000m\000e\000t\000r\000y\000\040\000a\000n\000d\000\040\000H\000u\000m\000a\000n\000\040\000A\000u\000g\000m\000e\000n\000t\000a\000t\000i\000o\000n}{chapter.28}% 179
\BOOKMARK [0][-]{chapter*.2}{\376\377\000C\000o\000n\000c\000l\000u\000s\000i\000o\000n}{part.8}% 180
\BOOKMARK [0][-]{appendix.A}{\376\377\000H\000i\000s\000t\000o\000r\000y\000\040\000G\000e\000o\000m\000e\000t\000r\000y\000\040\000a\000n\000d\000\040\000S\000t\000r\000o\000n\000g\000\040\000A\000d\000m\000i\000s\000s\000i\000b\000i\000l\000i\000t\000y}{part.8}% 181
\BOOKMARK [1][-]{section.A.1}{\376\377\000H\000i\000s\000t\000o\000r\000y\000\040\000M\000a\000n\000i\000f\000o\000l\000d\000s}{appendix.A}% 182
\BOOKMARK [1][-]{section.A.2}{\376\377\000A\000d\000m\000i\000s\000s\000i\000b\000i\000l\000i\000t\000y\000\040\000R\000e\000g\000i\000o\000n\000s}{appendix.A}% 183
\BOOKMARK [1][-]{section.A.3}{\376\377\000S\000t\000r\000o\000n\000g\000\040\000A\000d\000m\000i\000s\000s\000i\000b\000i\000l\000i\000t\000y}{appendix.A}% 184
\BOOKMARK [1][-]{section.A.4}{\376\377\000C\000o\000l\000l\000a\000p\000s\000e\000\040\000O\000p\000e\000r\000a\000t\000o\000r\000s}{appendix.A}% 185
\BOOKMARK [1][-]{section.A.5}{\376\377\000D\000e\000g\000e\000n\000e\000r\000a\000t\000i\000v\000e\000\040\000R\000e\000d\000u\000c\000t\000i\000o\000n}{appendix.A}% 186
\BOOKMARK [1][-]{section.A.6}{\376\377\000A\000c\000t\000i\000o\000n\000\040\000F\000u\000n\000c\000t\000i\000o\000n\000a\000l\000s\000\040\000O\000v\000e\000r\000\040\000H\000i\000s\000t\000o\000r\000i\000e\000s}{appendix.A}% 187
\BOOKMARK [1][-]{section.A.7}{\376\377\000A\000c\000c\000e\000s\000s\000i\000b\000i\000l\000i\000t\000y\000\040\000G\000e\000o\000m\000e\000t\000r\000y}{appendix.A}% 188
\BOOKMARK [1][-]{section.A.8}{\376\377\000G\000l\000o\000b\000a\000l\000\040\000A\000d\000m\000i\000s\000s\000i\000b\000i\000l\000i\000t\000y\000\040\000a\000n\000d\000\040\000S\000h\000e\000a\000f\000\040\000C\000o\000h\000o\000m\000o\000l\000o\000g\000y}{appendix.A}% 189
\BOOKMARK [1][-]{section.A.9}{\376\377\000T\000h\000e\000\040\000A\000d\000m\000i\000s\000s\000i\000b\000i\000l\000i\000t\000y\000\040\000M\000a\000n\000i\000f\000o\000l\000d}{appendix.A}% 190
\BOOKMARK [1][-]{section.A.10}{\376\377\000T\000h\000e\000\040\000T\000r\000a\000j\000e\000c\000t\000o\000r\000y\000\040\000O\000n\000t\000o\000l\000o\000g\000y}{appendix.A}% 191
\BOOKMARK [0][-]{appendix.B}{\376\377\000V\000a\000r\000i\000a\000t\000i\000o\000n\000a\000l\000\040\000S\000e\000m\000a\000n\000t\000i\000c\000s\000,\000\040\000P\000r\000o\000o\000f\000\040\000R\000e\000d\000u\000c\000t\000i\000o\000n\000,\000\040\000a\000n\000d\000\040\000C\000o\000g\000n\000i\000t\000i\000v\000e\000\040\000C\000o\000l\000l\000a\000p\000s\000e}{part.8}% 192
\BOOKMARK [1][-]{section.B.1}{\376\377\000R\000e\000d\000u\000c\000t\000i\000o\000n\000\040\000a\000s\000\040\000C\000o\000n\000s\000t\000r\000a\000i\000n\000t\000\040\000N\000a\000v\000i\000g\000a\000t\000i\000o\000n}{appendix.B}% 193
\BOOKMARK [1][-]{section.B.2}{\376\377\000L\000a\000m\000b\000d\000a\000\040\000C\000a\000l\000c\000u\000l\000u\000s\000\040\000a\000s\000\040\000A\000d\000m\000i\000s\000s\000i\000b\000i\000l\000i\000t\000y\000\040\000R\000e\000d\000u\000c\000t\000i\000o\000n}{appendix.B}% 194
\BOOKMARK [1][-]{section.B.3}{\376\377\000C\000o\000n\000f\000l\000u\000e\000n\000c\000e\000\040\000a\000n\000d\000\040\000G\000l\000o\000b\000a\000l\000\040\000C\000o\000h\000e\000r\000e\000n\000c\000e}{appendix.B}% 195
\BOOKMARK [1][-]{section.B.4}{\376\377\000P\000r\000o\000o\000f\000\040\000T\000h\000e\000o\000r\000y\000\040\000a\000n\000d\000\040\000t\000h\000e\000\040\000C\000u\000r\000r\000y\040\023\000H\000o\000w\000a\000r\000d\000\040\000C\000o\000r\000r\000e\000s\000p\000o\000n\000d\000e\000n\000c\000e}{appendix.B}% 196
\BOOKMARK [1][-]{section.B.5}{\376\377\000S\000e\000m\000a\000n\000t\000i\000c\000\040\000A\000c\000t\000i\000o\000n\000\040\000F\000u\000n\000c\000t\000i\000o\000n\000a\000l\000s}{appendix.B}% 197
\BOOKMARK [1][-]{section.B.6}{\376\377\000U\000n\000d\000e\000r\000s\000t\000a\000n\000d\000i\000n\000g\000\040\000a\000s\000\040\000S\000t\000a\000b\000i\000l\000i\000z\000e\000d\000\040\000C\000o\000m\000p\000r\000e\000s\000s\000i\000o\000n}{appendix.B}% 198
\BOOKMARK [1][-]{section.B.7}{\376\377\000A\000n\000a\000l\000o\000g\000i\000c\000a\000l\000\040\000M\000a\000p\000p\000i\000n\000g}{appendix.B}% 199
\BOOKMARK [1][-]{section.B.8}{\376\377\000C\000o\000n\000c\000e\000p\000t\000u\000a\000l\000\040\000S\000l\000i\000p\000p\000a\000g\000e}{appendix.B}% 200
\BOOKMARK [1][-]{section.B.9}{\376\377\000S\000e\000m\000a\000n\000t\000i\000c\000\040\000E\000n\000t\000r\000o\000p\000y}{appendix.B}% 201
\BOOKMARK [1][-]{section.B.10}{\376\377\000H\000a\000l\000l\000u\000c\000i\000n\000a\000t\000i\000o\000n\000\040\000a\000n\000d\000\040\000G\000l\000o\000b\000a\000l\000\040\000O\000b\000s\000t\000r\000u\000c\000t\000i\000o\000n}{appendix.B}% 202
\BOOKMARK [1][-]{section.B.11}{\376\377\000P\000r\000o\000o\000f\000\040\000C\000o\000l\000l\000a\000p\000s\000e\000\040\000a\000n\000d\000\040\000C\000o\000g\000n\000i\000t\000i\000v\000e\000\040\000C\000l\000o\000s\000u\000r\000e}{appendix.B}% 203
\BOOKMARK [1][-]{section.B.12}{\376\377\000R\000e\000d\000u\000c\000t\000i\000o\000n\000\040\000a\000n\000d\000\040\000I\000r\000r\000e\000v\000e\000r\000s\000i\000b\000i\000l\000i\000t\000y}{appendix.B}% 204
\BOOKMARK [1][-]{section.B.13}{\376\377\000S\000e\000m\000a\000n\000t\000i\000c\000\040\000G\000e\000o\000d\000e\000s\000i\000c\000s}{appendix.B}% 205
\BOOKMARK [1][-]{section.B.14}{\376\377\000T\000h\000e\000\040\000G\000e\000o\000m\000e\000t\000r\000y\000\040\000o\000f\000\040\000T\000h\000o\000u\000g\000h\000t}{appendix.B}% 206
\BOOKMARK [0][-]{appendix.C}{\376\377\000T\000h\000e\000r\000m\000o\000d\000y\000n\000a\000m\000i\000c\000\040\000A\000d\000m\000i\000s\000s\000i\000b\000i\000l\000i\000t\000y\000\040\000a\000n\000d\000\040\000P\000h\000y\000s\000i\000c\000a\000l\000\040\000R\000e\000d\000u\000c\000t\000i\000o\000n}{part.8}% 207
\BOOKMARK [1][-]{section.C.1}{\376\377\000T\000h\000e\000r\000m\000o\000d\000y\000n\000a\000m\000i\000c\000\040\000R\000e\000d\000u\000c\000t\000i\000o\000n}{appendix.C}% 208
\BOOKMARK [1][-]{section.C.2}{\376\377\000A\000c\000c\000e\000s\000s\000i\000b\000i\000l\000i\000t\000y\000\040\000V\000o\000l\000u\000m\000e}{appendix.C}% 209
\BOOKMARK [1][-]{section.C.3}{\376\377\000A\000c\000t\000i\000o\000n\000\040\000a\000n\000d\000\040\000D\000i\000s\000s\000i\000p\000a\000t\000i\000o\000n}{appendix.C}% 210
\BOOKMARK [1][-]{section.C.4}{\376\377\000M\000a\000x\000i\000m\000u\000m\000\040\000D\000i\000s\000s\000i\000p\000a\000t\000i\000o\000n\000\040\000S\000e\000l\000e\000c\000t\000i\000o\000n}{appendix.C}% 211
\BOOKMARK [1][-]{section.C.5}{\376\377\000C\000o\000n\000s\000t\000r\000a\000i\000n\000t\000\040\000M\000e\000m\000b\000r\000a\000n\000e\000s\000\040\000i\000n\000\040\000N\000o\000n\000l\000i\000n\000e\000a\000r\000\040\000O\000p\000t\000i\000c\000s}{appendix.C}% 212
\BOOKMARK [1][-]{section.C.6}{\376\377\000Q\000u\000a\000n\000t\000u\000m\000\040\000W\000e\000a\000k\000\040\000V\000a\000l\000u\000e\000s}{appendix.C}% 213
\BOOKMARK [1][-]{section.C.7}{\376\377\000P\000a\000t\000h\000\040\000I\000n\000t\000e\000g\000r\000a\000l\000s\000\040\000a\000n\000d\000\040\000A\000d\000m\000i\000s\000s\000i\000b\000i\000l\000i\000t\000y\000\040\000F\000i\000l\000t\000e\000r\000i\000n\000g}{appendix.C}% 214
\BOOKMARK [1][-]{section.C.8}{\376\377\000T\000h\000e\000r\000m\000o\000d\000y\000n\000a\000m\000i\000c\000\040\000B\000o\000u\000n\000d\000s\000\040\000o\000n\000\040\000R\000e\000c\000u\000r\000s\000i\000v\000e\000\040\000C\000o\000m\000p\000u\000t\000a\000t\000i\000o\000n}{appendix.C}% 215
\BOOKMARK [1][-]{section.C.9}{\376\377\000R\000e\000c\000u\000r\000s\000i\000v\000e\000\040\000C\000o\000l\000l\000a\000p\000s\000e\000\040\000a\000n\000d\000\040\000S\000c\000a\000l\000i\000n\000g\000\040\000G\000e\000o\000m\000e\000t\000r\000y}{appendix.C}% 216
\BOOKMARK [1][-]{section.C.10}{\376\377\000O\000b\000s\000e\000r\000v\000e\000r\000h\000o\000o\000d\000\040\000a\000n\000d\000\040\000P\000r\000o\000j\000e\000c\000t\000i\000o\000n}{appendix.C}% 217
\BOOKMARK [1][-]{section.C.11}{\376\377\000P\000r\000o\000j\000e\000c\000t\000i\000o\000n\000\040\000C\000o\000l\000l\000a\000p\000s\000e\000\040\000a\000t\000\040\000E\000x\000t\000r\000e\000m\000e\000\040\000S\000c\000a\000l\000e\000s}{appendix.C}% 218
\BOOKMARK [1][-]{section.C.12}{\376\377\000C\000u\000r\000v\000a\000t\000u\000r\000e\000\040\000S\000i\000n\000g\000u\000l\000a\000r\000i\000t\000i\000e\000s}{appendix.C}% 219
\BOOKMARK [1][-]{section.C.13}{\376\377\000G\000l\000o\000b\000a\000l\000\040\000P\000h\000y\000s\000i\000c\000a\000l\000\040\000C\000o\000h\000e\000r\000e\000n\000c\000e}{appendix.C}% 220
\BOOKMARK [1][-]{section.C.14}{\376\377\000P\000h\000y\000s\000i\000c\000a\000l\000\040\000L\000a\000w\000\040\000a\000s\000\040\000A\000d\000m\000i\000s\000s\000i\000b\000i\000l\000i\000t\000y\000\040\000G\000e\000o\000m\000e\000t\000r\000y}{appendix.C}% 221
\BOOKMARK [0][-]{appendix.D}{\376\377\000S\000h\000e\000a\000f\000\040\000C\000o\000h\000o\000m\000o\000l\000o\000g\000y\000,\000\040\000S\000e\000m\000a\000n\000t\000i\000c\000\040\000G\000l\000u\000i\000n\000g\000,\000\040\000a\000n\000d\000\040\000G\000l\000o\000b\000a\000l\000\040\000C\000o\000h\000e\000r\000e\000n\000c\000e}{part.8}% 222
\BOOKMARK [1][-]{section.D.1}{\376\377\000L\000o\000c\000a\000l\000i\000t\000y\000\040\000a\000n\000d\000\040\000G\000l\000o\000b\000a\000l\000\040\000S\000t\000r\000u\000c\000t\000u\000r\000e}{appendix.D}% 223
\BOOKMARK [1][-]{section.D.2}{\376\377\000S\000h\000e\000a\000v\000e\000s\000\040\000o\000f\000\040\000A\000d\000m\000i\000s\000s\000i\000b\000l\000e\000\040\000R\000e\000d\000u\000c\000t\000i\000o\000n\000s}{appendix.D}% 224
\BOOKMARK [1][-]{section.D.3}{\376\377\000G\000l\000o\000b\000a\000l\000\040\000S\000e\000c\000t\000i\000o\000n\000s}{appendix.D}% 225
\BOOKMARK [1][-]{section.D.4}{\376\377\000C\000o\000h\000o\000m\000o\000l\000o\000g\000i\000c\000a\000l\000\040\000O\000b\000s\000t\000r\000u\000c\000t\000i\000o\000n}{appendix.D}% 226
\BOOKMARK [1][-]{section.D.5}{\376\377\000H\000a\000l\000l\000u\000c\000i\000n\000a\000t\000i\000o\000n\000\040\000a\000s\000\040\000C\000o\000h\000o\000m\000o\000l\000o\000g\000i\000c\000a\000l\000\040\000F\000a\000i\000l\000u\000r\000e}{appendix.D}% 227
\BOOKMARK [1][-]{section.D.6}{\376\377\000B\000i\000o\000l\000o\000g\000i\000c\000a\000l\000\040\000L\000i\000n\000e\000a\000g\000e\000\040\000R\000e\000c\000o\000n\000s\000t\000r\000u\000c\000t\000i\000o\000n}{appendix.D}% 228
\BOOKMARK [1][-]{section.D.7}{\376\377\000D\000i\000s\000t\000r\000i\000b\000u\000t\000e\000d\000\040\000C\000o\000m\000p\000u\000t\000a\000t\000i\000o\000n}{appendix.D}% 229
\BOOKMARK [1][-]{section.D.8}{\376\377\000S\000e\000m\000a\000n\000t\000i\000c\000\040\000B\000u\000n\000d\000l\000e\000s}{appendix.D}% 230
\BOOKMARK [1][-]{section.D.9}{\376\377\000B\000u\000n\000d\000l\000e\000\040\000D\000e\000g\000e\000n\000e\000r\000a\000t\000i\000o\000n}{appendix.D}% 231
\BOOKMARK [1][-]{section.D.10}{\376\377\000G\000o\000o\000d\000h\000a\000r\000t\000\040\000D\000e\000g\000e\000n\000e\000r\000a\000t\000i\000o\000n}{appendix.D}% 232
\BOOKMARK [1][-]{section.D.11}{\376\377\000S\000e\000m\000a\000n\000t\000i\000c\000\040\000C\000u\000r\000v\000a\000t\000u\000r\000e}{appendix.D}% 233
\BOOKMARK [1][-]{section.D.12}{\376\377\000C\000o\000n\000t\000e\000x\000t\000\040\000W\000i\000n\000d\000o\000w\000s\000\040\000a\000s\000\040\000C\000o\000o\000r\000d\000i\000n\000a\000t\000e\000\040\000C\000h\000a\000r\000t\000s}{appendix.D}% 234
\BOOKMARK [1][-]{section.D.13}{\376\377\000C\000a\000t\000e\000g\000o\000r\000y\000-\000T\000h\000e\000o\000r\000e\000t\000i\000c\000\040\000I\000n\000t\000e\000r\000p\000r\000e\000t\000a\000t\000i\000o\000n}{appendix.D}% 235
\BOOKMARK [1][-]{section.D.14}{\376\377\000F\000u\000n\000c\000t\000o\000r\000i\000a\000l\000\040\000S\000e\000m\000a\000n\000t\000i\000c\000\040\000T\000r\000a\000n\000s\000p\000o\000r\000t}{appendix.D}% 236
\BOOKMARK [1][-]{section.D.15}{\376\377\000G\000l\000o\000b\000a\000l\000\040\000C\000o\000h\000e\000r\000e\000n\000c\000e\000\040\000a\000s\000\040\000P\000h\000y\000s\000i\000c\000a\000l\000\040\000P\000r\000i\000n\000c\000i\000p\000l\000e}{appendix.D}% 237
\BOOKMARK [0][-]{appendix.E}{\376\377\000R\000e\000c\000u\000r\000s\000i\000v\000e\000\040\000C\000o\000n\000s\000t\000r\000a\000i\000n\000t\000\040\000S\000y\000s\000t\000e\000m\000s\000,\000\040\000O\000b\000s\000e\000r\000v\000e\000r\000h\000o\000o\000d\000,\000\040\000a\000n\000d\000\040\000C\000L\000I\000O\000\040\000P\000r\000o\000j\000e\000c\000t\000i\000o\000n\000s}{part.8}% 238
\BOOKMARK [1][-]{section.E.1}{\376\377\000P\000r\000o\000j\000e\000c\000t\000i\000o\000n\000\040\000a\000s\000\040\000A\000d\000m\000i\000s\000s\000i\000b\000l\000e\000\040\000R\000e\000d\000u\000c\000t\000i\000o\000n}{appendix.E}% 239
\BOOKMARK [1][-]{section.E.2}{\376\377\000T\000h\000e\000\040\000C\000L\000I\000O\000\040\000P\000r\000o\000j\000e\000c\000t\000i\000o\000n\000\040\000O\000p\000e\000r\000a\000t\000o\000r}{appendix.E}% 240
\BOOKMARK [1][-]{section.E.3}{\376\377\000O\000b\000s\000e\000r\000v\000e\000r\000h\000o\000o\000d\000\040\000a\000s\000\040\000S\000t\000a\000b\000i\000l\000i\000z\000e\000d\000\040\000C\000o\000m\000p\000r\000e\000s\000s\000i\000o\000n}{appendix.E}% 241
\BOOKMARK [1][-]{section.E.4}{\376\377\000R\000e\000c\000u\000r\000s\000i\000v\000e\000\040\000S\000e\000l\000f\000-\000M\000o\000d\000i\000f\000i\000c\000a\000t\000i\000o\000n}{appendix.E}% 242
\BOOKMARK [1][-]{section.E.5}{\376\377\000R\000e\000c\000u\000r\000s\000i\000v\000e\000\040\000S\000t\000a\000b\000i\000l\000i\000t\000y}{appendix.E}% 243
\BOOKMARK [1][-]{section.E.6}{\376\377\000C\000o\000n\000s\000t\000r\000a\000i\000n\000t\000-\000L\000e\000v\000e\000r\000a\000g\000e\000d\000\040\000I\000n\000f\000e\000r\000e\000n\000c\000e}{appendix.E}% 244
\BOOKMARK [1][-]{section.E.7}{\376\377\000S\000p\000a\000r\000s\000e\000\040\000P\000r\000o\000j\000e\000c\000t\000i\000o\000n\000\040\000G\000e\000o\000m\000e\000t\000r\000y}{appendix.E}% 245
\BOOKMARK [1][-]{section.E.8}{\376\377\000S\000e\000m\000a\000n\000t\000i\000c\000\040\000P\000h\000a\000s\000e\000\040\000T\000r\000a\000n\000s\000i\000t\000i\000o\000n\000s}{appendix.E}% 246
\BOOKMARK [1][-]{section.E.9}{\376\377\000O\000b\000s\000e\000r\000v\000e\000r\000-\000I\000n\000d\000u\000c\000e\000d\000\040\000Q\000u\000o\000t\000i\000e\000n\000t\000s}{appendix.E}% 247
\BOOKMARK [1][-]{section.E.10}{\376\377\000R\000e\000c\000u\000r\000s\000i\000v\000e\000\040\000E\000n\000t\000r\000o\000p\000y\000\040\000E\000x\000p\000o\000r\000t}{appendix.E}% 248
\BOOKMARK [1][-]{section.E.11}{\376\377\000O\000b\000s\000e\000r\000v\000e\000r\000\040\000C\000o\000l\000l\000a\000p\000s\000e\000\040\000B\000o\000u\000n\000d\000a\000r\000i\000e\000s}{appendix.E}% 249
\BOOKMARK [1][-]{section.E.12}{\376\377\000M\000u\000l\000t\000i\000-\000S\000c\000a\000l\000e\000\040\000O\000b\000s\000e\000r\000v\000e\000r\000\040\000G\000e\000o\000m\000e\000t\000r\000y}{appendix.E}% 250
\BOOKMARK [1][-]{section.E.13}{\376\377\000C\000o\000n\000s\000t\000r\000a\000i\000n\000t\000\040\000C\000u\000r\000v\000a\000t\000u\000r\000e\000\040\000a\000n\000d\000\040\000C\000o\000g\000n\000i\000t\000i\000v\000e\000\040\000T\000e\000n\000s\000i\000o\000n}{appendix.E}% 251
\BOOKMARK [1][-]{section.E.14}{\376\377\000T\000h\000e\000\040\000O\000b\000s\000e\000r\000v\000e\000r\000h\000o\000o\000d\000\040\000P\000r\000i\000n\000c\000i\000p\000l\000e}{appendix.E}% 252
\BOOKMARK [1][-]{section.E.15}{\376\377\000E\000x\000i\000s\000t\000e\000n\000c\000e\000\040\000a\000s\000\040\000A\000d\000m\000i\000s\000s\000i\000b\000l\000e\000\040\000P\000e\000r\000s\000i\000s\000t\000e\000n\000c\000e}{appendix.E}% 253
\BOOKMARK [0][-]{appendix.F}{\376\377\000C\000a\000t\000e\000g\000o\000r\000y\000-\000T\000h\000e\000o\000r\000e\000t\000i\000c\000\040\000S\000e\000m\000a\000n\000t\000i\000c\000s\000\040\000a\000n\000d\000\040\000A\000d\000m\000i\000s\000s\000i\000b\000i\000l\000i\000t\000y\000\040\000F\000u\000n\000c\000t\000o\000r\000s}{part.8}% 254
\BOOKMARK [1][-]{section.F.1}{\376\377\000T\000h\000e\000\040\000C\000a\000t\000e\000g\000o\000r\000y\000\040\000o\000f\000\040\000A\000d\000m\000i\000s\000s\000i\000b\000i\000l\000i\000t\000y\000\040\000R\000e\000g\000i\000o\000n\000s}{appendix.F}% 255
\BOOKMARK [1][-]{section.F.2}{\376\377\000H\000i\000s\000t\000o\000r\000y\000\040\000C\000a\000t\000e\000g\000o\000r\000i\000e\000s}{appendix.F}% 256
\BOOKMARK [1][-]{section.F.3}{\376\377\000C\000o\000l\000l\000a\000p\000s\000e\000\040\000F\000u\000n\000c\000t\000o\000r\000s}{appendix.F}% 257
\BOOKMARK [1][-]{section.F.4}{\376\377\000F\000u\000n\000c\000t\000o\000r\000i\000a\000l\000\040\000S\000e\000m\000a\000n\000t\000i\000c\000s}{appendix.F}% 258
\BOOKMARK [1][-]{section.F.5}{\376\377\000D\000e\000g\000e\000n\000e\000r\000a\000t\000i\000v\000e\000\040\000F\000u\000n\000c\000t\000o\000r\000s}{appendix.F}% 259
\BOOKMARK [1][-]{section.F.6}{\376\377\000N\000a\000t\000u\000r\000a\000l\000\040\000T\000r\000a\000n\000s\000f\000o\000r\000m\000a\000t\000i\000o\000n\000s}{appendix.F}% 260
\BOOKMARK [1][-]{section.F.7}{\376\377\000H\000i\000g\000h\000e\000r\000-\000O\000r\000d\000e\000r\000\040\000R\000e\000d\000u\000c\000t\000i\000o\000n\000\040\000C\000a\000t\000e\000g\000o\000r\000i\000e\000s}{appendix.F}% 261
\BOOKMARK [1][-]{section.F.8}{\376\377\000M\000o\000n\000o\000i\000d\000a\000l\000\040\000C\000o\000m\000p\000o\000s\000i\000t\000i\000o\000n}{appendix.F}% 262
\BOOKMARK [1][-]{section.F.9}{\376\377\000L\000i\000m\000i\000t\000s\000\040\000a\000n\000d\000\040\000C\000o\000l\000i\000m\000i\000t\000s}{appendix.F}% 263
\BOOKMARK [1][-]{section.F.10}{\376\377\000P\000u\000l\000l\000b\000a\000c\000k\000s\000\040\000a\000n\000d\000\040\000C\000o\000n\000s\000t\000r\000a\000i\000n\000t\000\040\000I\000n\000t\000e\000r\000s\000e\000c\000t\000i\000o\000n\000s}{appendix.F}% 264
\BOOKMARK [1][-]{section.F.11}{\376\377\000A\000d\000j\000o\000i\000n\000t\000\040\000S\000t\000r\000u\000c\000t\000u\000r\000e\000s}{appendix.F}% 265
\BOOKMARK [1][-]{section.F.12}{\376\377\000T\000o\000p\000o\000s\000-\000T\000h\000e\000o\000r\000e\000t\000i\000c\000\040\000I\000n\000t\000e\000r\000p\000r\000e\000t\000a\000t\000i\000o\000n}{appendix.F}% 266
\BOOKMARK [1][-]{section.F.13}{\376\377\000R\000e\000c\000u\000r\000s\000i\000v\000e\000\040\000S\000e\000m\000a\000n\000t\000i\000c\000\040\000S\000t\000a\000b\000i\000l\000i\000z\000a\000t\000i\000o\000n}{appendix.F}% 267
\BOOKMARK [1][-]{section.F.14}{\376\377\000E\000q\000u\000i\000v\000a\000l\000e\000n\000c\000e\000\040\000a\000n\000d\000\040\000C\000o\000l\000l\000a\000p\000s\000e\000\040\000R\000e\000l\000a\000t\000i\000v\000i\000t\000y}{appendix.F}% 268
\BOOKMARK [1][-]{section.F.15}{\376\377\000T\000h\000e\000\040\000F\000u\000n\000c\000t\000o\000r\000i\000a\000l\000\040\000P\000r\000i\000n\000c\000i\000p\000l\000e}{appendix.F}% 269
\BOOKMARK [0][-]{appendix.G}{\376\377\000T\000h\000e\000r\000m\000o\000d\000y\000n\000a\000m\000i\000c\000\040\000A\000d\000m\000i\000s\000s\000i\000b\000i\000l\000i\000t\000y\000\040\000a\000n\000d\000\040\000E\000n\000t\000r\000o\000p\000i\000c\000\040\000G\000e\000o\000m\000e\000t\000r\000y}{part.8}% 270
\BOOKMARK [1][-]{section.G.1}{\376\377\000C\000o\000n\000f\000i\000g\000u\000r\000a\000t\000i\000o\000n\000\040\000S\000p\000a\000c\000e\000\040\000a\000n\000d\000\040\000A\000c\000c\000e\000s\000s\000i\000b\000i\000l\000i\000t\000y}{appendix.G}% 271
\BOOKMARK [1][-]{section.G.2}{\376\377\000E\000n\000t\000r\000o\000p\000y\000\040\000a\000s\000\040\000A\000c\000c\000e\000s\000s\000i\000b\000i\000l\000i\000t\000y\000\040\000V\000o\000l\000u\000m\000e}{appendix.G}% 272
\BOOKMARK [1][-]{section.G.3}{\376\377\000T\000h\000e\000r\000m\000o\000d\000y\000n\000a\000m\000i\000c\000\040\000H\000i\000s\000t\000o\000r\000i\000e\000s}{appendix.G}% 273
\BOOKMARK [1][-]{section.G.4}{\376\377\000I\000r\000r\000e\000v\000e\000r\000s\000i\000b\000i\000l\000i\000t\000y}{appendix.G}% 274
\BOOKMARK [1][-]{section.G.5}{\376\377\000A\000c\000t\000i\000o\000n\000\040\000F\000u\000n\000c\000t\000i\000o\000n\000a\000l\000s}{appendix.G}% 275
\BOOKMARK [1][-]{section.G.6}{\376\377\000C\000o\000n\000s\000t\000r\000a\000i\000n\000t\000-\000W\000e\000i\000g\000h\000t\000e\000d\000\040\000L\000a\000g\000r\000a\000n\000g\000i\000a\000n\000s}{appendix.G}% 276
\BOOKMARK [1][-]{section.G.7}{\376\377\000A\000d\000m\000i\000s\000s\000i\000b\000i\000l\000i\000t\000y\000\040\000C\000u\000r\000v\000a\000t\000u\000r\000e}{appendix.G}% 277
\BOOKMARK [1][-]{section.G.8}{\376\377\000E\000n\000t\000r\000o\000p\000y\000\040\000G\000r\000a\000d\000i\000e\000n\000t\000s}{appendix.G}% 278
\BOOKMARK [1][-]{section.G.9}{\376\377\000D\000i\000s\000s\000i\000p\000a\000t\000i\000o\000n\000\040\000a\000n\000d\000\040\000S\000t\000a\000b\000i\000l\000i\000t\000y}{appendix.G}% 279
\BOOKMARK [1][-]{section.G.10}{\376\377\000R\000e\000c\000u\000r\000s\000i\000v\000e\000\040\000T\000h\000e\000r\000m\000o\000d\000y\000n\000a\000m\000i\000c\000\040\000S\000y\000s\000t\000e\000m\000s}{appendix.G}% 280
\BOOKMARK [1][-]{section.G.11}{\376\377\000L\000a\000n\000d\000a\000u\000e\000r\000\040\000B\000o\000u\000n\000d\000s}{appendix.G}% 281
\BOOKMARK [1][-]{section.G.12}{\376\377\000S\000e\000m\000a\000n\000t\000i\000c\000\040\000T\000h\000e\000r\000m\000o\000d\000y\000n\000a\000m\000i\000c\000s}{appendix.G}% 282
\BOOKMARK [1][-]{section.G.13}{\376\377\000S\000t\000r\000o\000n\000g\000\040\000A\000d\000m\000i\000s\000s\000i\000b\000i\000l\000i\000t\000y\000\040\000a\000n\000d\000\040\000T\000h\000e\000r\000m\000o\000d\000y\000n\000a\000m\000i\000c\000\040\000M\000e\000m\000o\000r\000y}{appendix.G}% 283
\BOOKMARK [1][-]{section.G.14}{\376\377\000T\000u\000r\000b\000u\000l\000e\000n\000c\000e\000\040\000a\000n\000d\000\040\000A\000d\000m\000i\000s\000s\000i\000b\000i\000l\000i\000t\000y\000\040\000S\000e\000l\000e\000c\000t\000i\000o\000n}{appendix.G}% 284
\BOOKMARK [1][-]{section.G.15}{\376\377\000P\000h\000a\000s\000e\000\040\000T\000r\000a\000n\000s\000i\000t\000i\000o\000n\000s}{appendix.G}% 285
\BOOKMARK [1][-]{section.G.16}{\376\377\000L\000i\000v\000i\000n\000g\000\040\000S\000y\000s\000t\000e\000m\000s}{appendix.G}% 286
\BOOKMARK [1][-]{section.G.17}{\376\377\000C\000o\000g\000n\000i\000t\000i\000v\000e\000\040\000T\000h\000e\000r\000m\000o\000d\000y\000n\000a\000m\000i\000c\000s}{appendix.G}% 287
\BOOKMARK [1][-]{section.G.18}{\376\377\000T\000h\000e\000\040\000A\000d\000m\000i\000s\000s\000i\000b\000i\000l\000i\000t\000y\000\040\000P\000r\000i\000n\000c\000i\000p\000l\000e\000\040\000o\000f\000\040\000T\000h\000e\000r\000m\000o\000d\000y\000n\000a\000m\000i\000c\000s}{appendix.G}% 288
