This is XeTeX, Version 3.141592653-2.6-0.999997 (TeX Live 2025) (preloaded format=xelatex 2025.9.22)  25 OCT 2025 13:31
entering extended mode
 restricted \write18 enabled.
 %&-line parsing enabled.
**monograph.tex
(./monograph.tex
LaTeX2e <2025-06-01> patch level 1
L3 programming layer <2025-09-02>
(/usr/local/texlive/2025/texmf-dist/tex/latex/base/article.cls
Document Class: article 2025/01/22 v1.4n Standard LaTeX document class
(/usr/local/texlive/2025/texmf-dist/tex/latex/base/size12.clo
File: size12.clo 2025/01/22 v1.4n Standard LaTeX file (size option)
)
\c@part=\count271
\c@section=\count272
\c@subsection=\count273
\c@subsubsection=\count274
\c@paragraph=\count275
\c@subparagraph=\count276
\c@figure=\count277
\c@table=\count278
\abovecaptionskip=\skip49
\belowcaptionskip=\skip50
\bibindent=\dimen148
)
(/usr/local/texlive/2025/texmf-dist/tex/latex/geometry/geometry.sty
Package: geometry 2020/01/02 v5.9 Page Geometry

(/usr/local/texlive/2025/texmf-dist/tex/latex/graphics/keyval.sty
Package: keyval 2022/05/29 v1.15 key=value parser (DPC)
\KV@toks@=\toks17
)
(/usr/local/texlive/2025/texmf-dist/tex/generic/iftex/ifvtex.sty
Package: ifvtex 2019/10/25 v1.7 ifvtex legacy package. Use iftex instead.

(/usr/local/texlive/2025/texmf-dist/tex/generic/iftex/iftex.sty
Package: iftex 2024/12/12 v1.0g TeX engine tests
))
\Gm@cnth=\count279
\Gm@cntv=\count280
\c@Gm@tempcnt=\count281
\Gm@bindingoffset=\dimen149
\Gm@wd@mp=\dimen150
\Gm@odd@mp=\dimen151
\Gm@even@mp=\dimen152
\Gm@layoutwidth=\dimen153
\Gm@layoutheight=\dimen154
\Gm@layouthoffset=\dimen155
\Gm@layoutvoffset=\dimen156
\Gm@dimlist=\toks18
)
(/usr/local/texlive/2025/texmf-dist/tex/latex/base/fontenc.sty
Package: fontenc 2024/12/21 v2.1c Standard LaTeX package
LaTeX Font Info:    Trying to load font information for T1+lmr on input line 11
6.

(/usr/local/texlive/2025/texmf-dist/tex/latex/lm/t1lmr.fd
File: t1lmr.fd 2015/05/01 v1.6.1 Font defs for Latin Modern
))
(/usr/local/texlive/2025/texmf-dist/tex/latex/base/inputenc.sty
Package: inputenc 2024/02/08 v1.3d Input encoding file
\inpenc@prehook=\toks19
\inpenc@posthook=\toks20


Package inputenc Warning: inputenc package ignored with utf8 based engines.

) (/usr/local/texlive/2025/texmf-dist/tex/latex/lm/lmodern.sty
Package: lmodern 2015/05/01 v1.6.1 Latin Modern Fonts
LaTeX Font Info:    Overwriting symbol font `operators' in version `normal'
(Font)                  OT1/cmr/m/n --> OT1/lmr/m/n on input line 22.
LaTeX Font Info:    Overwriting symbol font `letters' in version `normal'
(Font)                  OML/cmm/m/it --> OML/lmm/m/it on input line 23.
LaTeX Font Info:    Overwriting symbol font `symbols' in version `normal'
(Font)                  OMS/cmsy/m/n --> OMS/lmsy/m/n on input line 24.
LaTeX Font Info:    Overwriting symbol font `largesymbols' in version `normal'
(Font)                  OMX/cmex/m/n --> OMX/lmex/m/n on input line 25.
LaTeX Font Info:    Overwriting symbol font `operators' in version `bold'
(Font)                  OT1/cmr/bx/n --> OT1/lmr/bx/n on input line 26.
LaTeX Font Info:    Overwriting symbol font `letters' in version `bold'
(Font)                  OML/cmm/b/it --> OML/lmm/b/it on input line 27.
LaTeX Font Info:    Overwriting symbol font `symbols' in version `bold'
(Font)                  OMS/cmsy/b/n --> OMS/lmsy/b/n on input line 28.
LaTeX Font Info:    Overwriting symbol font `largesymbols' in version `bold'
(Font)                  OMX/cmex/m/n --> OMX/lmex/m/n on input line 29.
LaTeX Font Info:    Overwriting math alphabet `\mathbf' in version `normal'
(Font)                  OT1/cmr/bx/n --> OT1/lmr/bx/n on input line 31.
LaTeX Font Info:    Overwriting math alphabet `\mathsf' in version `normal'
(Font)                  OT1/cmss/m/n --> OT1/lmss/m/n on input line 32.
LaTeX Font Info:    Overwriting math alphabet `\mathit' in version `normal'
(Font)                  OT1/cmr/m/it --> OT1/lmr/m/it on input line 33.
LaTeX Font Info:    Overwriting math alphabet `\mathtt' in version `normal'
(Font)                  OT1/cmtt/m/n --> OT1/lmtt/m/n on input line 34.
LaTeX Font Info:    Overwriting math alphabet `\mathbf' in version `bold'
(Font)                  OT1/cmr/bx/n --> OT1/lmr/bx/n on input line 35.
LaTeX Font Info:    Overwriting math alphabet `\mathsf' in version `bold'
(Font)                  OT1/cmss/bx/n --> OT1/lmss/bx/n on input line 36.
LaTeX Font Info:    Overwriting math alphabet `\mathit' in version `bold'
(Font)                  OT1/cmr/bx/it --> OT1/lmr/bx/it on input line 37.
LaTeX Font Info:    Overwriting math alphabet `\mathtt' in version `bold'
(Font)                  OT1/cmtt/m/n --> OT1/lmtt/m/n on input line 38.
)
(/usr/local/texlive/2025/texmf-dist/tex/latex/microtype/microtype.sty
Package: microtype 2025/07/09 v3.2b Micro-typographical refinements (RS)

(/usr/local/texlive/2025/texmf-dist/tex/latex/etoolbox/etoolbox.sty
Package: etoolbox 2025/02/11 v2.5l e-TeX tools for LaTeX (JAW)
\etb@tempcnta=\count282
)
\MT@toks=\toks21
\MT@tempbox=\box53
\MT@count=\count283
LaTeX Info: Redefining \noprotrusionifhmode on input line 1087.
LaTeX Info: Redefining \leftprotrusion on input line 1088.
\MT@prot@toks=\toks22
LaTeX Info: Redefining \rightprotrusion on input line 1107.
LaTeX Info: Redefining \textls on input line 1449.
\MT@outer@kern=\dimen157
LaTeX Info: Redefining \microtypecontext on input line 2053.
LaTeX Info: Redefining \textmicrotypecontext on input line 2070.
\MT@listname@count=\count284

(/usr/local/texlive/2025/texmf-dist/tex/latex/microtype/microtype-xetex.def
File: microtype-xetex.def 2025/07/09 v3.2b Definitions specific to xetex (RS)
LaTeX Info: Redefining \lsstyle on input line 443.
LaTeX Info: Redefining \lslig on input line 451.
\MT@outer@space=\skip51
)
Package microtype Info: Loading configuration file microtype.cfg.

(/usr/local/texlive/2025/texmf-dist/tex/latex/microtype/microtype.cfg
File: microtype.cfg 2025/07/09 v3.2b microtype main configuration file (RS)
)
LaTeX Info: Redefining \microtypesetup on input line 3065.
)
(/usr/local/texlive/2025/texmf-dist/tex/latex/amsmath/amsmath.sty
Package: amsmath 2025/06/16 v2.17y AMS math features
\@mathmargin=\skip52

For additional information on amsmath, use the `?' option.
(/usr/local/texlive/2025/texmf-dist/tex/latex/amsmath/amstext.sty
Package: amstext 2024/11/17 v2.01 AMS text

(/usr/local/texlive/2025/texmf-dist/tex/latex/amsmath/amsgen.sty
File: amsgen.sty 1999/11/30 v2.0 generic functions
\@emptytoks=\toks23
\ex@=\dimen158
))
(/usr/local/texlive/2025/texmf-dist/tex/latex/amsmath/amsbsy.sty
Package: amsbsy 1999/11/29 v1.2d Bold Symbols
\pmbraise@=\dimen159
)
(/usr/local/texlive/2025/texmf-dist/tex/latex/amsmath/amsopn.sty
Package: amsopn 2022/04/08 v2.04 operator names
)
\inf@bad=\count285
LaTeX Info: Redefining \frac on input line 233.
\uproot@=\count286
\leftroot@=\count287
LaTeX Info: Redefining \overline on input line 398.
LaTeX Info: Redefining \colon on input line 409.
\classnum@=\count288
\DOTSCASE@=\count289
LaTeX Info: Redefining \ldots on input line 495.
LaTeX Info: Redefining \dots on input line 498.
LaTeX Info: Redefining \cdots on input line 619.
\Mathstrutbox@=\box54
\strutbox@=\box55
LaTeX Info: Redefining \big on input line 721.
LaTeX Info: Redefining \Big on input line 722.
LaTeX Info: Redefining \bigg on input line 723.
LaTeX Info: Redefining \Bigg on input line 724.
\big@size=\dimen160
LaTeX Font Info:    Redeclaring font encoding OML on input line 742.
LaTeX Font Info:    Redeclaring font encoding OMS on input line 743.
\macc@depth=\count290
LaTeX Info: Redefining \bmod on input line 904.
LaTeX Info: Redefining \pmod on input line 909.
LaTeX Info: Redefining \smash on input line 939.
LaTeX Info: Redefining \relbar on input line 969.
LaTeX Info: Redefining \Relbar on input line 970.
\c@MaxMatrixCols=\count291
\dotsspace@=\muskip17
\c@parentequation=\count292
\dspbrk@lvl=\count293
\tag@help=\toks24
\row@=\count294
\column@=\count295
\maxfields@=\count296
\andhelp@=\toks25
\eqnshift@=\dimen161
\alignsep@=\dimen162
\tagshift@=\dimen163
\tagwidth@=\dimen164
\totwidth@=\dimen165
\lineht@=\dimen166
\@envbody=\toks26
\multlinegap=\skip53
\multlinetaggap=\skip54
\mathdisplay@stack=\toks27
LaTeX Info: Redefining \[ on input line 2949.
LaTeX Info: Redefining \] on input line 2950.
)
(/usr/local/texlive/2025/texmf-dist/tex/latex/amsfonts/amssymb.sty
Package: amssymb 2013/01/14 v3.01 AMS font symbols

(/usr/local/texlive/2025/texmf-dist/tex/latex/amsfonts/amsfonts.sty
Package: amsfonts 2013/01/14 v3.01 Basic AMSFonts support
\symAMSa=\mathgroup4
\symAMSb=\mathgroup5
LaTeX Font Info:    Redeclaring math symbol \hbar on input line 98.
LaTeX Font Info:    Overwriting math alphabet `\mathfrak' in version `bold'
(Font)                  U/euf/m/n --> U/euf/b/n on input line 106.
))
(/usr/local/texlive/2025/texmf-dist/tex/latex/amscls/amsthm.sty
Package: amsthm 2020/05/29 v2.20.6
\thm@style=\toks28
\thm@bodyfont=\toks29
\thm@headfont=\toks30
\thm@notefont=\toks31
\thm@headpunct=\toks32
\thm@preskip=\skip55
\thm@postskip=\skip56
\thm@headsep=\skip57
\dth@everypar=\toks33
)
(/usr/local/texlive/2025/texmf-dist/tex/latex/mathtools/mathtools.sty
Package: mathtools 2024/10/04 v1.31 mathematical typesetting tools

(/usr/local/texlive/2025/texmf-dist/tex/latex/tools/calc.sty
Package: calc 2025/03/01 v4.3b Infix arithmetic (KKT,FJ)
\calc@Acount=\count297
\calc@Bcount=\count298
\calc@Adimen=\dimen167
\calc@Bdimen=\dimen168
\calc@Askip=\skip58
\calc@Bskip=\skip59
LaTeX Info: Redefining \setlength on input line 86.
LaTeX Info: Redefining \addtolength on input line 87.
\calc@Ccount=\count299
\calc@Cskip=\skip60
)
(/usr/local/texlive/2025/texmf-dist/tex/latex/mathtools/mhsetup.sty
Package: mhsetup 2021/03/18 v1.4 programming setup (MH)
)
\g_MT_multlinerow_int=\count300
\l_MT_multwidth_dim=\dimen169
\origjot=\skip61
\l_MT_shortvdotswithinadjustabove_dim=\dimen170
\l_MT_shortvdotswithinadjustbelow_dim=\dimen171
\l_MT_above_intertext_sep=\dimen172
\l_MT_below_intertext_sep=\dimen173
\l_MT_above_shortintertext_sep=\dimen174
\l_MT_below_shortintertext_sep=\dimen175
\xmathstrut@box=\box56
\xmathstrut@dim=\dimen176
)
(/usr/local/texlive/2025/texmf-dist/tex/latex/tools/bm.sty
Package: bm 2023/12/19 v1.2f Bold Symbol Support (DPC/FMi)
\symboldoperators=\mathgroup6
\symboldletters=\mathgroup7
\symboldsymbols=\mathgroup8
Package bm Info: No bold for \OMX/lmex/m/n, using \pmb.
Package bm Info: No bold for \U/msa/m/n, using \pmb.
Package bm Info: No bold for \U/msb/m/n, using \pmb.
LaTeX Font Info:    Redeclaring math alphabet \mathbf on input line 149.
)
(/usr/local/texlive/2025/texmf-dist/tex/latex/csquotes/csquotes.sty
Package: csquotes 2024-04-04 v5.2o context-sensitive quotations (JAW)
\csq@reset=\count301
\csq@gtype=\count302
\csq@glevel=\count303
\csq@qlevel=\count304
\csq@maxlvl=\count305
\csq@tshold=\count306
\csq@ltx@everypar=\toks34

(/usr/local/texlive/2025/texmf-dist/tex/latex/csquotes/csquotes.def
File: csquotes.def 2024-04-04 v5.2o csquotes generic definitions (JAW)
)
Package csquotes Info: Trying to load configuration file 'csquotes.cfg'...
Package csquotes Info: ... configuration file loaded successfully.

(/usr/local/texlive/2025/texmf-dist/tex/latex/csquotes/csquotes.cfg
File: csquotes.cfg 
))
(/usr/local/texlive/2025/texmf-dist/tex/latex/xcolor/xcolor.sty
Package: xcolor 2024/09/29 v3.02 LaTeX color extensions (UK)

(/usr/local/texlive/2025/texmf-dist/tex/latex/graphics-cfg/color.cfg
File: color.cfg 2016/01/02 v1.6 sample color configuration
)
Package xcolor Info: Driver file: xetex.def on input line 274.

(/usr/local/texlive/2025/texmf-dist/tex/latex/graphics-def/xetex.def
File: xetex.def 2022/09/22 v5.0n Graphics/color driver for xetex
)
(/usr/local/texlive/2025/texmf-dist/tex/latex/graphics/mathcolor.ltx)
Package xcolor Info: Model `cmy' substituted by `cmy0' on input line 1349.
Package xcolor Info: Model `RGB' extended on input line 1365.
Package xcolor Info: Model `HTML' substituted by `rgb' on input line 1367.
Package xcolor Info: Model `Hsb' substituted by `hsb' on input line 1368.
Package xcolor Info: Model `tHsb' substituted by `hsb' on input line 1369.
Package xcolor Info: Model `HSB' substituted by `hsb' on input line 1370.
Package xcolor Info: Model `Gray' substituted by `gray' on input line 1371.
Package xcolor Info: Model `wave' substituted by `hsb' on input line 1372.
)
(/usr/local/texlive/2025/texmf-dist/tex/latex/hyperref/hyperref.sty
Package: hyperref 2025-07-12 v7.01o Hypertext links for LaTeX

(/usr/local/texlive/2025/texmf-dist/tex/latex/kvsetkeys/kvsetkeys.sty
Package: kvsetkeys 2022-10-05 v1.19 Key value parser (HO)
)
(/usr/local/texlive/2025/texmf-dist/tex/generic/kvdefinekeys/kvdefinekeys.sty
Package: kvdefinekeys 2019-12-19 v1.6 Define keys (HO)
)
(/usr/local/texlive/2025/texmf-dist/tex/generic/pdfescape/pdfescape.sty
Package: pdfescape 2019/12/09 v1.15 Implements pdfTeX's escape features (HO)

(/usr/local/texlive/2025/texmf-dist/tex/generic/ltxcmds/ltxcmds.sty
Package: ltxcmds 2023-12-04 v1.26 LaTeX kernel commands for general use (HO)
)
(/usr/local/texlive/2025/texmf-dist/tex/generic/pdftexcmds/pdftexcmds.sty
Package: pdftexcmds 2020-06-27 v0.33 Utility functions of pdfTeX for LuaTeX (HO
)

(/usr/local/texlive/2025/texmf-dist/tex/generic/infwarerr/infwarerr.sty
Package: infwarerr 2019/12/03 v1.5 Providing info/warning/error messages (HO)
)
Package pdftexcmds Info: \pdf@primitive is available.
Package pdftexcmds Info: \pdf@ifprimitive is available.
Package pdftexcmds Info: \pdfdraftmode not found.
))
(/usr/local/texlive/2025/texmf-dist/tex/latex/hycolor/hycolor.sty
Package: hycolor 2020-01-27 v1.10 Color options for hyperref/bookmark (HO)
)
(/usr/local/texlive/2025/texmf-dist/tex/latex/hyperref/nameref.sty
Package: nameref 2025-06-21 v2.57 Cross-referencing by name of section

(/usr/local/texlive/2025/texmf-dist/tex/latex/refcount/refcount.sty
Package: refcount 2019/12/15 v3.6 Data extraction from label references (HO)
)
(/usr/local/texlive/2025/texmf-dist/tex/generic/gettitlestring/gettitlestring.s
ty
Package: gettitlestring 2019/12/15 v1.6 Cleanup title references (HO)
 (/usr/local/texlive/2025/texmf-dist/tex/latex/kvoptions/kvoptions.sty
Package: kvoptions 2022-06-15 v3.15 Key value format for package options (HO)
))
\c@section@level=\count307
)
(/usr/local/texlive/2025/texmf-dist/tex/generic/stringenc/stringenc.sty
Package: stringenc 2019/11/29 v1.12 Convert strings between diff. encodings (HO
)
)
\@linkdim=\dimen177
\Hy@linkcounter=\count308
\Hy@pagecounter=\count309

(/usr/local/texlive/2025/texmf-dist/tex/latex/hyperref/pd1enc.def
File: pd1enc.def 2025-07-12 v7.01o Hyperref: PDFDocEncoding definition (HO)
)
(/usr/local/texlive/2025/texmf-dist/tex/generic/intcalc/intcalc.sty
Package: intcalc 2019/12/15 v1.3 Expandable calculations with integers (HO)
)
\Hy@SavedSpaceFactor=\count310

(/usr/local/texlive/2025/texmf-dist/tex/latex/hyperref/puenc.def
File: puenc.def 2025-07-12 v7.01o Hyperref: PDF Unicode definition (HO)
)
Package hyperref Info: Hyper figures OFF on input line 4195.
Package hyperref Info: Link nesting OFF on input line 4200.
Package hyperref Info: Hyper index ON on input line 4203.
Package hyperref Info: Plain pages OFF on input line 4210.
Package hyperref Info: Backreferencing OFF on input line 4215.
Package hyperref Info: Implicit mode ON; LaTeX internals redefined.
Package hyperref Info: Bookmarks ON on input line 4462.
\c@Hy@tempcnt=\count311

(/usr/local/texlive/2025/texmf-dist/tex/latex/url/url.sty
\Urlmuskip=\muskip18
Package: url 2013/09/16  ver 3.4  Verb mode for urls, etc.
)
LaTeX Info: Redefining \url on input line 4801.
\XeTeXLinkMargin=\dimen178

(/usr/local/texlive/2025/texmf-dist/tex/generic/bitset/bitset.sty
Package: bitset 2019/12/09 v1.3 Handle bit-vector datatype (HO)

(/usr/local/texlive/2025/texmf-dist/tex/generic/bigintcalc/bigintcalc.sty
Package: bigintcalc 2019/12/15 v1.5 Expandable calculations on big integers (HO
)
))
\Fld@menulength=\count312
\Field@Width=\dimen179
\Fld@charsize=\dimen180
Package hyperref Info: Hyper figures OFF on input line 6078.
Package hyperref Info: Link nesting OFF on input line 6083.
Package hyperref Info: Hyper index ON on input line 6086.
Package hyperref Info: backreferencing OFF on input line 6093.
Package hyperref Info: Link coloring OFF on input line 6098.
Package hyperref Info: Link coloring with OCG OFF on input line 6103.
Package hyperref Info: PDF/A mode OFF on input line 6108.
\Hy@abspage=\count313
\c@Item=\count314
\c@Hfootnote=\count315
)
Package hyperref Info: Driver (autodetected): hxetex.

(/usr/local/texlive/2025/texmf-dist/tex/latex/hyperref/hxetex.def
File: hxetex.def 2025-07-12 v7.01o Hyperref driver for XeTeX
\pdfm@box=\box57
\c@Hy@AnnotLevel=\count316
\HyField@AnnotCount=\count317
\Fld@listcount=\count318
\c@bookmark@seq@number=\count319

(/usr/local/texlive/2025/texmf-dist/tex/latex/rerunfilecheck/rerunfilecheck.sty
Package: rerunfilecheck 2025-06-21 v1.11 Rerun checks for auxiliary files (HO)

(/usr/local/texlive/2025/texmf-dist/tex/generic/uniquecounter/uniquecounter.sty
Package: uniquecounter 2019/12/15 v1.4 Provide unlimited unique counter (HO)
)
Package uniquecounter Info: New unique counter `rerunfilecheck' on input line 2
84.
)
\Hy@SectionHShift=\skip62
) (/usr/local/texlive/2025/texmf-dist/tex/latex/booktabs/booktabs.sty
Package: booktabs 2020/01/12 v1.61803398 Publication quality tables
\heavyrulewidth=\dimen181
\lightrulewidth=\dimen182
\cmidrulewidth=\dimen183
\belowrulesep=\dimen184
\belowbottomsep=\dimen185
\aboverulesep=\dimen186
\abovetopsep=\dimen187
\cmidrulesep=\dimen188
\cmidrulekern=\dimen189
\defaultaddspace=\dimen190
\@cmidla=\count320
\@cmidlb=\count321
\@aboverulesep=\dimen191
\@belowrulesep=\dimen192
\@thisruleclass=\count322
\@lastruleclass=\count323
\@thisrulewidth=\dimen193
)
(/usr/local/texlive/2025/texmf-dist/tex/latex/enumitem/enumitem.sty
Package: enumitem 2025/02/06 v3.11 Customized lists
\labelindent=\skip63
\enit@outerparindent=\dimen194
\enit@toks=\toks35
\enit@inbox=\box58
\enit@count@id=\count324
\enitdp@description=\count325
)
(/usr/local/texlive/2025/texmf-dist/tex/latex/caption/caption.sty
Package: caption 2023/08/05 v3.6o Customizing captions (AR)

(/usr/local/texlive/2025/texmf-dist/tex/latex/caption/caption3.sty
Package: caption3 2023/07/31 v2.4d caption3 kernel (AR)
\caption@tempdima=\dimen195
\captionmargin=\dimen196
\caption@leftmargin=\dimen197
\caption@rightmargin=\dimen198
\caption@width=\dimen199
\caption@indent=\dimen256
\caption@parindent=\dimen257
\caption@hangindent=\dimen258
Package caption Info: Standard document class detected.
)
\c@caption@flags=\count326
\c@continuedfloat=\count327
Package caption Info: hyperref package is loaded.
)
(/usr/local/texlive/2025/texmf-dist/tex/latex/float/float.sty
Package: float 2001/11/08 v1.3d Float enhancements (AL)
\c@float@type=\count328
\float@exts=\toks36
\float@box=\box59
\@float@everytoks=\toks37
\@floatcapt=\box60
)
(/usr/local/texlive/2025/texmf-dist/tex/latex/titlesec/titlesec.sty
Package: titlesec 2025/01/04 v2.17 Sectioning titles
\ttl@box=\box61
\beforetitleunit=\skip64
\aftertitleunit=\skip65
\ttl@plus=\dimen259
\ttl@minus=\dimen260
\ttl@toksa=\toks38
\titlewidth=\dimen261
\titlewidthlast=\dimen262
\titlewidthfirst=\dimen263
)
(/usr/local/texlive/2025/texmf-dist/tex/latex/inconsolata/inconsolata.sty
Package: inconsolata 2019/05/17 v1.12

`inconsolata-zi4' v1.12, 2019/05/17 Text macros for Inconsolata (msharpe)
(/usr/local/texlive/2025/texmf-dist/tex/latex/base/textcomp.sty
Package: textcomp 2024/04/24 v2.1b Standard LaTeX package
)
(/usr/local/texlive/2025/texmf-dist/tex/latex/xkeyval/xkeyval.sty
Package: xkeyval 2022/06/16 v2.9 package option processing (HA)

(/usr/local/texlive/2025/texmf-dist/tex/generic/xkeyval/xkeyval.tex
(/usr/local/texlive/2025/texmf-dist/tex/generic/xkeyval/xkvutils.tex
\XKV@toks=\toks39
\XKV@tempa@toks=\toks40
)
\XKV@depth=\count329
File: xkeyval.tex 2014/12/03 v2.7a key=value parser (HA)
))
\zifour@ocount=\count330
)
(/usr/local/texlive/2025/texmf-dist/tex/latex/tcolorbox/tcolorbox.sty
Package: tcolorbox 2025/09/09 version 6.8.0 text color boxes

(/usr/local/texlive/2025/texmf-dist/tex/latex/pgf/frontendlayer/tikz.sty
(/usr/local/texlive/2025/texmf-dist/tex/latex/pgf/basiclayer/pgf.sty
(/usr/local/texlive/2025/texmf-dist/tex/latex/pgf/utilities/pgfrcs.sty
(/usr/local/texlive/2025/texmf-dist/tex/generic/pgf/utilities/pgfutil-common.te
x
\pgfutil@everybye=\toks41
\pgfutil@tempdima=\dimen264
\pgfutil@tempdimb=\dimen265
)
(/usr/local/texlive/2025/texmf-dist/tex/generic/pgf/utilities/pgfutil-latex.def
\pgfutil@abb=\box62
) (/usr/local/texlive/2025/texmf-dist/tex/generic/pgf/utilities/pgfrcs.code.tex
(/usr/local/texlive/2025/texmf-dist/tex/generic/pgf/pgf.revision.tex)
Package: pgfrcs 2025-08-29 v3.1.11a (3.1.11a)
))
Package: pgf 2025-08-29 v3.1.11a (3.1.11a)

(/usr/local/texlive/2025/texmf-dist/tex/latex/pgf/basiclayer/pgfcore.sty
(/usr/local/texlive/2025/texmf-dist/tex/latex/graphics/graphicx.sty
Package: graphicx 2024/12/31 v1.2e Enhanced LaTeX Graphics (DPC,SPQR)

(/usr/local/texlive/2025/texmf-dist/tex/latex/graphics/graphics.sty
Package: graphics 2024/08/06 v1.4g Standard LaTeX Graphics (DPC,SPQR)

(/usr/local/texlive/2025/texmf-dist/tex/latex/graphics/trig.sty
Package: trig 2023/12/02 v1.11 sin cos tan (DPC)
)
(/usr/local/texlive/2025/texmf-dist/tex/latex/graphics-cfg/graphics.cfg
File: graphics.cfg 2016/06/04 v1.11 sample graphics configuration
)
Package graphics Info: Driver file: xetex.def on input line 106.
)
\Gin@req@height=\dimen266
\Gin@req@width=\dimen267
)
(/usr/local/texlive/2025/texmf-dist/tex/latex/pgf/systemlayer/pgfsys.sty
(/usr/local/texlive/2025/texmf-dist/tex/generic/pgf/systemlayer/pgfsys.code.tex
Package: pgfsys 2025-08-29 v3.1.11a (3.1.11a)
(/usr/local/texlive/2025/texmf-dist/tex/generic/pgf/utilities/pgfkeys.code.tex
\pgfkeys@pathtoks=\toks42
\pgfkeys@temptoks=\toks43

(/usr/local/texlive/2025/texmf-dist/tex/generic/pgf/utilities/pgfkeyslibraryfil
tered.code.tex
\pgfkeys@tmptoks=\toks44
))
\pgf@x=\dimen268
\pgf@y=\dimen269
\pgf@xa=\dimen270
\pgf@ya=\dimen271
\pgf@xb=\dimen272
\pgf@yb=\dimen273
\pgf@xc=\dimen274
\pgf@yc=\dimen275
\pgf@xd=\dimen276
\pgf@yd=\dimen277
\w@pgf@writea=\write3
\r@pgf@reada=\read2
\c@pgf@counta=\count331
\c@pgf@countb=\count332
\c@pgf@countc=\count333
\c@pgf@countd=\count334
\t@pgf@toka=\toks45
\t@pgf@tokb=\toks46
\t@pgf@tokc=\toks47
\pgf@sys@id@count=\count335

(/usr/local/texlive/2025/texmf-dist/tex/generic/pgf/systemlayer/pgf.cfg
File: pgf.cfg 2025-08-29 v3.1.11a (3.1.11a)
)
Driver file for pgf: pgfsys-xetex.def

(/usr/local/texlive/2025/texmf-dist/tex/generic/pgf/systemlayer/pgfsys-xetex.de
f
File: pgfsys-xetex.def 2025-08-29 v3.1.11a (3.1.11a)

(/usr/local/texlive/2025/texmf-dist/tex/generic/pgf/systemlayer/pgfsys-dvipdfmx
.def
File: pgfsys-dvipdfmx.def 2025-08-29 v3.1.11a (3.1.11a)

(/usr/local/texlive/2025/texmf-dist/tex/generic/pgf/systemlayer/pgfsys-common-p
df.def
File: pgfsys-common-pdf.def 2025-08-29 v3.1.11a (3.1.11a)
)
\pgfsys@objnum=\count336
)))
(/usr/local/texlive/2025/texmf-dist/tex/generic/pgf/systemlayer/pgfsyssoftpath.
code.tex
File: pgfsyssoftpath.code.tex 2025-08-29 v3.1.11a (3.1.11a)
\pgfsyssoftpath@smallbuffer@items=\count337
\pgfsyssoftpath@bigbuffer@items=\count338
)
(/usr/local/texlive/2025/texmf-dist/tex/generic/pgf/systemlayer/pgfsysprotocol.
code.tex
File: pgfsysprotocol.code.tex 2025-08-29 v3.1.11a (3.1.11a)
))
(/usr/local/texlive/2025/texmf-dist/tex/generic/pgf/basiclayer/pgfcore.code.tex
Package: pgfcore 2025-08-29 v3.1.11a (3.1.11a)
(/usr/local/texlive/2025/texmf-dist/tex/generic/pgf/math/pgfmath.code.tex
(/usr/local/texlive/2025/texmf-dist/tex/generic/pgf/math/pgfmathutil.code.tex)
(/usr/local/texlive/2025/texmf-dist/tex/generic/pgf/math/pgfmathparser.code.tex
\pgfmath@dimen=\dimen278
\pgfmath@count=\count339
\pgfmath@box=\box63
\pgfmath@toks=\toks48
\pgfmath@stack@operand=\toks49
\pgfmath@stack@operation=\toks50
)
(/usr/local/texlive/2025/texmf-dist/tex/generic/pgf/math/pgfmathfunctions.code.
tex)
(/usr/local/texlive/2025/texmf-dist/tex/generic/pgf/math/pgfmathfunctions.basic
.code.tex)
(/usr/local/texlive/2025/texmf-dist/tex/generic/pgf/math/pgfmathfunctions.trigo
nometric.code.tex)
(/usr/local/texlive/2025/texmf-dist/tex/generic/pgf/math/pgfmathfunctions.rando
m.code.tex)
(/usr/local/texlive/2025/texmf-dist/tex/generic/pgf/math/pgfmathfunctions.compa
rison.code.tex)
(/usr/local/texlive/2025/texmf-dist/tex/generic/pgf/math/pgfmathfunctions.base.
code.tex)
(/usr/local/texlive/2025/texmf-dist/tex/generic/pgf/math/pgfmathfunctions.round
.code.tex)
(/usr/local/texlive/2025/texmf-dist/tex/generic/pgf/math/pgfmathfunctions.misc.
code.tex)
(/usr/local/texlive/2025/texmf-dist/tex/generic/pgf/math/pgfmathfunctions.integ
erarithmetics.code.tex)
(/usr/local/texlive/2025/texmf-dist/tex/generic/pgf/math/pgfmathcalc.code.tex)
(/usr/local/texlive/2025/texmf-dist/tex/generic/pgf/math/pgfmathfloat.code.tex
\c@pgfmathroundto@lastzeros=\count340
)) (/usr/local/texlive/2025/texmf-dist/tex/generic/pgf/math/pgfint.code.tex)
(/usr/local/texlive/2025/texmf-dist/tex/generic/pgf/basiclayer/pgfcorepoints.co
de.tex
File: pgfcorepoints.code.tex 2025-08-29 v3.1.11a (3.1.11a)
\pgf@picminx=\dimen279
\pgf@picmaxx=\dimen280
\pgf@picminy=\dimen281
\pgf@picmaxy=\dimen282
\pgf@pathminx=\dimen283
\pgf@pathmaxx=\dimen284
\pgf@pathminy=\dimen285
\pgf@pathmaxy=\dimen286
\pgf@xx=\dimen287
\pgf@xy=\dimen288
\pgf@yx=\dimen289
\pgf@yy=\dimen290
\pgf@zx=\dimen291
\pgf@zy=\dimen292
)
(/usr/local/texlive/2025/texmf-dist/tex/generic/pgf/basiclayer/pgfcorepathconst
ruct.code.tex
File: pgfcorepathconstruct.code.tex 2025-08-29 v3.1.11a (3.1.11a)
\pgf@path@lastx=\dimen293
\pgf@path@lasty=\dimen294
)
(/usr/local/texlive/2025/texmf-dist/tex/generic/pgf/basiclayer/pgfcorepathusage
.code.tex
File: pgfcorepathusage.code.tex 2025-08-29 v3.1.11a (3.1.11a)
\pgf@shorten@end@additional=\dimen295
\pgf@shorten@start@additional=\dimen296
)
(/usr/local/texlive/2025/texmf-dist/tex/generic/pgf/basiclayer/pgfcorescopes.co
de.tex
File: pgfcorescopes.code.tex 2025-08-29 v3.1.11a (3.1.11a)
\pgfpic=\box64
\pgf@hbox=\box65
\pgf@layerbox@main=\box66
\pgf@picture@serial@count=\count341
)
(/usr/local/texlive/2025/texmf-dist/tex/generic/pgf/basiclayer/pgfcoregraphicst
ate.code.tex
File: pgfcoregraphicstate.code.tex 2025-08-29 v3.1.11a (3.1.11a)
\pgflinewidth=\dimen297
)
(/usr/local/texlive/2025/texmf-dist/tex/generic/pgf/basiclayer/pgfcoretransform
ations.code.tex
File: pgfcoretransformations.code.tex 2025-08-29 v3.1.11a (3.1.11a)
\pgf@pt@x=\dimen298
\pgf@pt@y=\dimen299
\pgf@pt@temp=\dimen300
)
(/usr/local/texlive/2025/texmf-dist/tex/generic/pgf/basiclayer/pgfcorequick.cod
e.tex
File: pgfcorequick.code.tex 2025-08-29 v3.1.11a (3.1.11a)
)
(/usr/local/texlive/2025/texmf-dist/tex/generic/pgf/basiclayer/pgfcoreobjects.c
ode.tex
File: pgfcoreobjects.code.tex 2025-08-29 v3.1.11a (3.1.11a)
)
(/usr/local/texlive/2025/texmf-dist/tex/generic/pgf/basiclayer/pgfcorepathproce
ssing.code.tex
File: pgfcorepathprocessing.code.tex 2025-08-29 v3.1.11a (3.1.11a)
)
(/usr/local/texlive/2025/texmf-dist/tex/generic/pgf/basiclayer/pgfcorearrows.co
de.tex
File: pgfcorearrows.code.tex 2025-08-29 v3.1.11a (3.1.11a)
\pgfarrowsep=\dimen301
)
(/usr/local/texlive/2025/texmf-dist/tex/generic/pgf/basiclayer/pgfcoreshade.cod
e.tex
File: pgfcoreshade.code.tex 2025-08-29 v3.1.11a (3.1.11a)
\pgf@max=\dimen302
\pgf@sys@shading@range@num=\count342
\pgf@shadingcount=\count343
)
(/usr/local/texlive/2025/texmf-dist/tex/generic/pgf/basiclayer/pgfcoreimage.cod
e.tex
File: pgfcoreimage.code.tex 2025-08-29 v3.1.11a (3.1.11a)
)
(/usr/local/texlive/2025/texmf-dist/tex/generic/pgf/basiclayer/pgfcoreexternal.
code.tex
File: pgfcoreexternal.code.tex 2025-08-29 v3.1.11a (3.1.11a)
\pgfexternal@startupbox=\box67
)
(/usr/local/texlive/2025/texmf-dist/tex/generic/pgf/basiclayer/pgfcorelayers.co
de.tex
File: pgfcorelayers.code.tex 2025-08-29 v3.1.11a (3.1.11a)
)
(/usr/local/texlive/2025/texmf-dist/tex/generic/pgf/basiclayer/pgfcoretranspare
ncy.code.tex
File: pgfcoretransparency.code.tex 2025-08-29 v3.1.11a (3.1.11a)
)
(/usr/local/texlive/2025/texmf-dist/tex/generic/pgf/basiclayer/pgfcorepatterns.
code.tex
File: pgfcorepatterns.code.tex 2025-08-29 v3.1.11a (3.1.11a)
)
(/usr/local/texlive/2025/texmf-dist/tex/generic/pgf/basiclayer/pgfcorerdf.code.
tex
File: pgfcorerdf.code.tex 2025-08-29 v3.1.11a (3.1.11a)
)))
(/usr/local/texlive/2025/texmf-dist/tex/generic/pgf/modules/pgfmoduleshapes.cod
e.tex
File: pgfmoduleshapes.code.tex 2025-08-29 v3.1.11a (3.1.11a)
\pgfnodeparttextbox=\box68
)
(/usr/local/texlive/2025/texmf-dist/tex/generic/pgf/modules/pgfmoduleplot.code.
tex
File: pgfmoduleplot.code.tex 2025-08-29 v3.1.11a (3.1.11a)
)
(/usr/local/texlive/2025/texmf-dist/tex/latex/pgf/compatibility/pgfcomp-version
-0-65.sty
Package: pgfcomp-version-0-65 2025-08-29 v3.1.11a (3.1.11a)
\pgf@nodesepstart=\dimen303
\pgf@nodesepend=\dimen304
)
(/usr/local/texlive/2025/texmf-dist/tex/latex/pgf/compatibility/pgfcomp-version
-1-18.sty
Package: pgfcomp-version-1-18 2025-08-29 v3.1.11a (3.1.11a)
))
(/usr/local/texlive/2025/texmf-dist/tex/latex/pgf/utilities/pgffor.sty
(/usr/local/texlive/2025/texmf-dist/tex/latex/pgf/utilities/pgfkeys.sty
(/usr/local/texlive/2025/texmf-dist/tex/generic/pgf/utilities/pgfkeys.code.tex)
) (/usr/local/texlive/2025/texmf-dist/tex/latex/pgf/math/pgfmath.sty
(/usr/local/texlive/2025/texmf-dist/tex/generic/pgf/math/pgfmath.code.tex))
(/usr/local/texlive/2025/texmf-dist/tex/generic/pgf/utilities/pgffor.code.tex
Package: pgffor 2025-08-29 v3.1.11a (3.1.11a)
\pgffor@iter=\dimen305
\pgffor@skip=\dimen306
\pgffor@stack=\toks51
\pgffor@toks=\toks52
))
(/usr/local/texlive/2025/texmf-dist/tex/generic/pgf/frontendlayer/tikz/tikz.cod
e.tex
Package: tikz 2025-08-29 v3.1.11a (3.1.11a)

(/usr/local/texlive/2025/texmf-dist/tex/generic/pgf/libraries/pgflibraryplothan
dlers.code.tex
File: pgflibraryplothandlers.code.tex 2025-08-29 v3.1.11a (3.1.11a)
\pgf@plot@mark@count=\count344
\pgfplotmarksize=\dimen307
)
\tikz@lastx=\dimen308
\tikz@lasty=\dimen309
\tikz@lastxsaved=\dimen310
\tikz@lastysaved=\dimen311
\tikz@lastmovetox=\dimen312
\tikz@lastmovetoy=\dimen313
\tikzleveldistance=\dimen314
\tikzsiblingdistance=\dimen315
\tikz@figbox=\box69
\tikz@figbox@bg=\box70
\tikz@tempbox=\box71
\tikz@tempbox@bg=\box72
\tikztreelevel=\count345
\tikznumberofchildren=\count346
\tikznumberofcurrentchild=\count347
\tikz@fig@count=\count348

(/usr/local/texlive/2025/texmf-dist/tex/generic/pgf/modules/pgfmodulematrix.cod
e.tex
File: pgfmodulematrix.code.tex 2025-08-29 v3.1.11a (3.1.11a)
\pgfmatrixcurrentrow=\count349
\pgfmatrixcurrentcolumn=\count350
\pgf@matrix@numberofcolumns=\count351
)
\tikz@expandcount=\count352

(/usr/local/texlive/2025/texmf-dist/tex/generic/pgf/frontendlayer/tikz/librarie
s/tikzlibrarytopaths.code.tex
File: tikzlibrarytopaths.code.tex 2025-08-29 v3.1.11a (3.1.11a)
)))
(/usr/local/texlive/2025/texmf-dist/tex/latex/tools/verbatim.sty
Package: verbatim 2024-01-22 v1.5x LaTeX2e package for verbatim enhancements
\every@verbatim=\toks53
\verbatim@line=\toks54
\verbatim@in@stream=\read3
)
(/usr/local/texlive/2025/texmf-dist/tex/latex/environ/environ.sty
Package: environ 2014/05/04 v0.3 A new way to define environments

(/usr/local/texlive/2025/texmf-dist/tex/latex/trimspaces/trimspaces.sty
Package: trimspaces 2009/09/17 v1.1 Trim spaces around a token list
))
\tcb@titlebox=\box73
\tcb@upperbox=\box74
\tcb@lowerbox=\box75
\tcb@phantombox=\box76
\c@tcbbreakpart=\count353
\c@tcblayer=\count354
\c@tcolorbox@number=\count355
\l__tcobox_tmpa_box=\box77
\l__tcobox_tmpa_dim=\dimen316
\tcb@temp=\box78
\tcb@temp=\box79
\tcb@temp=\box80
\tcb@temp=\box81

(/usr/local/texlive/2025/texmf-dist/tex/latex/tcolorbox/tcbraster.code.tex
Library (tcolorbox): 'tcbraster.code.tex' version '6.8.0'
\c@tcbrastercolumn=\count356
\c@tcbrasterrow=\count357
\c@tcbrasternum=\count358
\c@tcbraster=\count359
) (/usr/local/texlive/2025/texmf-dist/tex/latex/tcolorbox/tcbskins.code.tex
Library (tcolorbox): 'tcbskins.code.tex' version '6.8.0'
(/usr/local/texlive/2025/texmf-dist/tex/latex/tikzfill/tikzfill.image.sty
Package: tikzfill.image 2023/08/08 v1.0.1 Image filling library for TikZ

(/usr/local/texlive/2025/texmf-dist/tex/latex/tikzfill/tikzfill-common.sty
Package: tikzfill-common 2023/08/08 v1.0.1 Auxiliary code for tikzfill
)
(/usr/local/texlive/2025/texmf-dist/tex/latex/tikzfill/tikzlibraryfill.image.co
de.tex
File: tikzlibraryfill.image.code.tex 2023/08/08 v1.0.1 Image filling library
\l__tikzfill_img_box=\box82
))
(/usr/local/texlive/2025/texmf-dist/tex/latex/tcolorbox/tcbskinsjigsaw.code.tex
Library (tcolorbox): 'tcbskinsjigsaw.code.tex' version '6.8.0'
))
(/usr/local/texlive/2025/texmf-dist/tex/latex/tcolorbox/tcbbreakable.code.tex
Library (tcolorbox): 'tcbbreakable.code.tex' version '6.8.0'
(/usr/local/texlive/2025/texmf-dist/tex/latex/pdfcol/pdfcol.sty
Package: pdfcol 2022-09-21 v1.7 Handle new color stacks for pdfTeX (HO)
Package pdfcol Info: Interface disabled because of missing PDF mode of pdfTeX.
)
Package pdfcol Info: pdfTeX's color stacks are not available.
\tcb@testbox=\box83
\tcb@totalupperbox=\box84
\tcb@totallowerbox=\box85
)
(/usr/local/texlive/2025/texmf-dist/tex/latex/tcolorbox/tcbhooks.code.tex
Library (tcolorbox): 'tcbhooks.code.tex' version '6.8.0'
) (/usr/local/texlive/2025/texmf-dist/tex/latex/tcolorbox/tcbtheorems.code.tex
Library (tcolorbox): 'tcbtheorems.code.tex' version '6.8.0'
) (/usr/local/texlive/2025/texmf-dist/tex/latex/tcolorbox/tcbfitting.code.tex
Library (tcolorbox): 'tcbfitting.code.tex' version '6.8.0'
\tcbfitdim=\dimen317
\tcb@lowerfitdim=\dimen318
\tcb@upperfitdim=\dimen319
\tcb@cur@hbadness=\count360
)
(/usr/local/texlive/2025/texmf-dist/tex/latex/tcolorbox/tcblistingsutf8.code.te
x
Library (tcolorbox): 'tcblistingsutf8.code.tex' version '6.8.0'
(/usr/local/texlive/2025/texmf-dist/tex/latex/tcolorbox/tcblistings.code.tex
Library (tcolorbox): 'tcblistings.code.tex' version '6.8.0'
(/usr/local/texlive/2025/texmf-dist/tex/latex/listings/listings.sty
\lst@mode=\count361
\lst@gtempboxa=\box86
\lst@token=\toks55
\lst@length=\count362
\lst@currlwidth=\dimen320
\lst@column=\count363
\lst@pos=\count364
\lst@lostspace=\dimen321
\lst@width=\dimen322
\lst@newlines=\count365
\lst@lineno=\count366
\lst@maxwidth=\dimen323

(/usr/local/texlive/2025/texmf-dist/tex/latex/listings/lstpatch.sty
File: lstpatch.sty 2024/09/23 1.10c (Carsten Heinz)
)
(/usr/local/texlive/2025/texmf-dist/tex/latex/listings/lstmisc.sty
File: lstmisc.sty 2024/09/23 1.10c (Carsten Heinz)
\c@lstnumber=\count367
\lst@skipnumbers=\count368
\lst@framebox=\box87
)
(/usr/local/texlive/2025/texmf-dist/tex/latex/listings/listings.cfg
File: listings.cfg 2024/09/23 1.10c listings configuration
))
Package: listings 2024/09/23 1.10c (Carsten Heinz)

(/usr/local/texlive/2025/texmf-dist/tex/latex/tcolorbox/tcblistingscore.code.te
x
Library (tcolorbox): 'tcblistingscore.code.tex' version '6.8.0'
(/usr/local/texlive/2025/texmf-dist/tex/latex/tcolorbox/tcbprocessing.code.tex
Library (tcolorbox): 'tcbprocessing.code.tex' version '6.8.0'
)
\c@tcblisting=\count369
))
Package tcolorbox Info: Library `listingsutf8' is compatible with pdftex only. 
Library `listings` is loaded instead. on input line 29.
)
(/usr/local/texlive/2025/texmf-dist/tex/latex/tcolorbox/tcbexternal.code.tex
Library (tcolorbox): 'tcbexternal.code.tex' version '6.8.0'
) (/usr/local/texlive/2025/texmf-dist/tex/latex/tcolorbox/tcbmagazine.code.tex
Library (tcolorbox): 'tcbmagazine.code.tex' version '6.8.0'
) (/usr/local/texlive/2025/texmf-dist/tex/latex/tcolorbox/tcbvignette.code.tex
Library (tcolorbox): 'tcbvignette.code.tex' version '6.8.0'

(/usr/local/texlive/2025/texmf-dist/tex/generic/pgf/frontendlayer/tikz/librarie
s/tikzlibraryfadings.code.tex
File: tikzlibraryfadings.code.tex 2025-08-29 v3.1.11a (3.1.11a)

(/usr/local/texlive/2025/texmf-dist/tex/generic/pgf/libraries/pgflibraryfadings
.code.tex
File: pgflibraryfadings.code.tex 2025-08-29 v3.1.11a (3.1.11a)
)))
(/usr/local/texlive/2025/texmf-dist/tex/latex/tcolorbox/tcbposter.code.tex
Library (tcolorbox): 'tcbposter.code.tex' version '6.8.0'
))
Package hyperref Info: Option `colorlinks' set `true' on input line 28.
\c@definition=\count370
\c@example=\count371
\c@proposition=\count372
\c@lemma=\count373
\c@theorem=\count374
\c@corollary=\count375
\c@remark=\count376
Package csquotes Info: Checking for multilingual support...
Package csquotes Info: ... none found.
 (/usr/local/texlive/2025/texmf-dist/tex/latex/l3backend/l3backend-xetex.def
File: l3backend-xetex.def 2025-06-09 L3 backend support: XeTeX
\g__graphics_track_int=\count377
\g__pdfannot_backend_int=\count378
\g__pdfannot_backend_link_int=\count379
)
No file monograph.aux.
\openout1 = `monograph.aux'.

LaTeX Font Info:    Checking defaults for OML/cmm/m/it on input line 68.
LaTeX Font Info:    ... okay on input line 68.
LaTeX Font Info:    Checking defaults for OMS/cmsy/m/n on input line 68.
LaTeX Font Info:    ... okay on input line 68.
LaTeX Font Info:    Checking defaults for OT1/cmr/m/n on input line 68.
LaTeX Font Info:    ... okay on input line 68.
LaTeX Font Info:    Checking defaults for T1/cmr/m/n on input line 68.
LaTeX Font Info:    ... okay on input line 68.
LaTeX Font Info:    Checking defaults for TS1/cmr/m/n on input line 68.
LaTeX Font Info:    ... okay on input line 68.
LaTeX Font Info:    Checking defaults for TU/lmr/m/n on input line 68.
LaTeX Font Info:    ... okay on input line 68.
LaTeX Font Info:    Checking defaults for OMX/cmex/m/n on input line 68.
LaTeX Font Info:    ... okay on input line 68.
LaTeX Font Info:    Checking defaults for U/cmr/m/n on input line 68.
LaTeX Font Info:    ... okay on input line 68.
LaTeX Font Info:    Checking defaults for PD1/pdf/m/n on input line 68.
LaTeX Font Info:    ... okay on input line 68.
LaTeX Font Info:    Checking defaults for PU/pdf/m/n on input line 68.
LaTeX Font Info:    ... okay on input line 68.
*geometry* driver: auto-detecting
*geometry* detected driver: xetex
*geometry* verbose mode - [ preamble ] result:
* driver: xetex
* paper: a4paper
* layout: <same size as paper>
* layoutoffset:(h,v)=(0.0pt,0.0pt)
* modes: 
* h-part:(L,W,R)=(72.26999pt, 452.9679pt, 72.26999pt)
* v-part:(T,H,B)=(72.26999pt, 700.50687pt, 72.26999pt)
* \paperwidth=597.50787pt
* \paperheight=845.04684pt
* \textwidth=452.9679pt
* \textheight=700.50687pt
* \oddsidemargin=0.0pt
* \evensidemargin=0.0pt
* \topmargin=-37.0pt
* \headheight=12.0pt
* \headsep=25.0pt
* \topskip=12.0pt
* \footskip=30.0pt
* \marginparwidth=44.0pt
* \marginparsep=10.0pt
* \columnsep=10.0pt
* \skip\footins=10.8pt plus 4.0pt minus 2.0pt
* \hoffset=0.0pt
* \voffset=0.0pt
* \mag=1000
* \@twocolumnfalse
* \@twosidefalse
* \@mparswitchfalse
* \@reversemarginfalse
* (1in=72.27pt=25.4mm, 1cm=28.453pt)

LaTeX Info: Redefining \microtypecontext on input line 68.
Package microtype Info: Applying patch `item' on input line 68.
Package microtype Info: Applying patch `toc' on input line 68.
Package microtype Info: Applying patch `eqnum' on input line 68.
Package microtype Info: Applying patch `footnote' on input line 68.
Package microtype Info: Applying patch `verbatim' on input line 68.
LaTeX Info: Redefining \microtypesetup on input line 68.
Package microtype Info: Character protrusion enabled (level 2).
Package microtype Info: Using default protrusion set `alltext'.
Package microtype Info: No adjustment of tracking.
Package microtype Info: No adjustment of spacing.
Package microtype Info: No adjustment of kerning.
(/usr/local/texlive/2025/texmf-dist/tex/latex/microtype/mt-cmr.cfg
File: mt-cmr.cfg 2013/05/19 v2.2 microtype config. file: Computer Modern Roman 
(RS)
)
Package hyperref Info: Link coloring ON on input line 68.
\@outlinefile=\write4
\openout4 = `monograph.out'.



Package hyperref Warning: Rerun to get /PageLabels entry.

Package caption Info: Begin \AtBeginDocument code.
Package caption Info: float package is loaded.
Package caption Info: listings package is loaded.
Package caption Info: End \AtBeginDocument code.
(/usr/local/texlive/2025/texmf-dist/tex/latex/upquote/upquote.sty
Package: upquote 2012/04/19 v1.3 upright-quote and grave-accent glyphs in verba
tim
)
\c@lstlisting=\count380
LaTeX Font Info:    Trying to load font information for OT1+lmr on input line 7
0.

(/usr/local/texlive/2025/texmf-dist/tex/latex/lm/ot1lmr.fd
File: ot1lmr.fd 2015/05/01 v1.6.1 Font defs for Latin Modern
)
LaTeX Font Info:    Trying to load font information for OML+lmm on input line 7
0.

(/usr/local/texlive/2025/texmf-dist/tex/latex/lm/omllmm.fd
File: omllmm.fd 2015/05/01 v1.6.1 Font defs for Latin Modern
)
LaTeX Font Info:    Trying to load font information for OMS+lmsy on input line 
70.

(/usr/local/texlive/2025/texmf-dist/tex/latex/lm/omslmsy.fd
File: omslmsy.fd 2015/05/01 v1.6.1 Font defs for Latin Modern
)
LaTeX Font Info:    Trying to load font information for OMX+lmex on input line 
70.

(/usr/local/texlive/2025/texmf-dist/tex/latex/lm/omxlmex.fd
File: omxlmex.fd 2015/05/01 v1.6.1 Font defs for Latin Modern
)
LaTeX Font Info:    External font `lmex10' loaded for size
(Font)              <14.4> on input line 70.
LaTeX Font Info:    External font `lmex10' loaded for size
(Font)              <10> on input line 70.
LaTeX Font Info:    External font `lmex10' loaded for size
(Font)              <7> on input line 70.
LaTeX Font Info:    Trying to load font information for U+msa on input line 70.


(/usr/local/texlive/2025/texmf-dist/tex/latex/amsfonts/umsa.fd
File: umsa.fd 2013/01/14 v3.01 AMS symbols A
)
(/usr/local/texlive/2025/texmf-dist/tex/latex/microtype/mt-msa.cfg
File: mt-msa.cfg 2006/02/04 v1.1 microtype config. file: AMS symbols (a) (RS)
)
LaTeX Font Info:    Trying to load font information for U+msb on input line 70.


(/usr/local/texlive/2025/texmf-dist/tex/latex/amsfonts/umsb.fd
File: umsb.fd 2013/01/14 v3.01 AMS symbols B
)
(/usr/local/texlive/2025/texmf-dist/tex/latex/microtype/mt-msb.cfg
File: mt-msb.cfg 2005/06/01 v1.0 microtype config. file: AMS symbols (b) (RS)
)
No file monograph.toc.
\tf@toc=\write5
\openout5 = `monograph.toc'.

LaTeX Font Info:    External font `lmex10' loaded for size
(Font)              <12> on input line 84.
LaTeX Font Info:    External font `lmex10' loaded for size
(Font)              <8> on input line 84.
LaTeX Font Info:    External font `lmex10' loaded for size
(Font)              <6> on input line 84.


[1

]
Overfull \hbox (13.80748pt too wide) in paragraph at lines 102--103
[][]\T1/lmr/bx/n/12 Remark 1. []\T1/lmr/m/it/12 This ho-mo-topy as-so-cia-tiv-i
ty pro-vides a ge-o-met-ric in-tu-ition for higher-categorical
 []



[2]

[3]

[4]

[5]
Missing character: There is no – ("2013) in font ec-lmr12!
Missing character: There is no – ("2013) in font ec-lmr12!
Missing character: There is no Φ ("3A6) in font ec-lmr12!
Missing character: There is no Φ ("3A6) in font ec-lmr12!
Missing character: There is no → ("2192) in font ec-lmr12!
Missing character: There is no → ("2192) in font ec-lmr12!
Missing character: There is no → ("2192) in font ec-lmr12!
Missing character: There is no Φ ("3A6) in font ec-lmr12!
LaTeX Font Info:    Trying to load font information for OT1+lmss on input line 
249.
(/usr/local/texlive/2025/texmf-dist/tex/latex/lm/ot1lmss.fd
File: ot1lmss.fd 2015/05/01 v1.6.1 Font defs for Latin Modern
)
Package microtype Info: Loading generic protrusion settings for font family
(microtype)             `lmss' (encoding: OT1).
(microtype)             For optimal results, create family-specific settings.
(microtype)             See the microtype manual for details.

Missing character: There is no ∂ ("2202) in font ec-lmr12!
Missing character: There is no Φ ("3A6) in font ec-lmr12!
Missing character: There is no Φ ("3A6) in font ec-lmr12!


[6]
Missing character: There is no ◦ ("25E6) in font ec-lmr12!
Missing character: There is no Φ ("3A6) in font ec-lmr12!
Missing character: There is no ’ ("2019) in font ec-lmr12!
LaTeX Font Info:    Trying to load font information for T1+zi4 on input line 29
8.
(/usr/local/texlive/2025/texmf-dist/tex/latex/inconsolata/t1zi4.fd
File: t1zi4.fd 2018/01/14 T1/zi4 (Inconsolata)
)
LaTeX Font Info:    Font shape `T1/zi4/m/n' will be
(Font)              scaled to size 12.0pt on input line 298.
Package microtype Info: Loading generic protrusion settings for font family
(microtype)             `zi4' (encoding: T1).
(microtype)             For optimal results, create family-specific settings.
(microtype)             See the microtype manual for details.

! Missing $ inserted.
<inserted text> 
                $
l.302 stmt      ::= sphere_
                           decl | link_decl | spin_decl
? 
! Missing $ inserted.
<inserted text> 
                $
l.305 
      
? 
! Missing $ inserted.
<inserted text> 
                $
l.306 sphere_
             decl ::= "sphere" IDENT "(" { attr ("," attr)* } ")" ;
? 
! Missing $ inserted.
<inserted text> 
                $
l.308 
      
? 
! Missing $ inserted.
<inserted text> 
                $
l.309 let_
          decl  ::= "let" IDENT "=" expr ;
? 
! Missing $ inserted.
<inserted text> 
                $
l.310 
      
? 
! Missing $ inserted.
<inserted text> 
                $
l.311 link_
           decl ::= "link" IDENT op IDENT [ "[" IDENT "]" ] ;
? 
! Missing $ inserted.
<inserted text> 
                $
l.313 
      
? 
! Missing $ inserted.
<inserted text> 
                $
l.314 spin_
           decl ::= "spin" IDENT "(" { attr ("," attr)* } ")" ;
? 
! Missing $ inserted.
<inserted text> 
                $
l.315 
      
? 
! Missing $ inserted.
<inserted text> 
                $
l.316 burst_
            decl ::= "burst" IDENT "(" { arg ("," arg)* } ")" ;
? 
! Missing $ inserted.
<inserted text> 
                $
l.319 \end{codeblock}
                     
? 

Underfull \hbox (badness 10000) in paragraph at lines 316--319
[]\T1/zi4/m/n/12 burst$[]\OML/lmm/m/it/12 ecl \OT1/lmr/m/n/12 ::= "\OML/lmm/m/i
t/12 burst\OT1/lmr/m/n/12 "\OML/lmm/m/it/12 IDENT\OT1/lmr/m/n/12 "("[]")"; \OML
/lmm/m/it/12 pop[]ecl \OT1/lmr/m/n/12 ::=
 []


Underfull \hbox (badness 10000) in paragraph at lines 316--319
\OT1/lmr/m/n/12 "\OML/lmm/m/it/12 pop\OT1/lmr/m/n/12 "\OML/lmm/m/it/12 IDENT\OT
1/lmr/m/n/12 ["\OML/lmm/m/it/12 with\OT1/lmr/m/n/12 "\OML/lmm/m/it/12 IDENT\OT1
/lmr/m/n/12 ]["\OML/lmm/m/it/12 when\OT1/lmr/m/n/12 "\OML/lmm/m/it/12 condition
\OT1/lmr/m/n/12 ]; \OML/lmm/m/it/12 choose[]ecl \OT1/lmr/m/n/12 ::=
 []


Overfull \hbox (18.0pt too wide) in paragraph at lines 319--320
[][] 
 []


Overfull \hbox (175.67982pt too wide) in paragraph at lines 321--330
[]\T1/lmr/bx/n/12 Example: Scene Def-i-ni-tion [] 
 []


Overfull \hbox (171.83932pt too wide) in paragraph at lines 331--341
[]\T1/lmr/bx/n/12 Example: Pop In-ter-ac-tion [] 
 []



[7]

[8]

[9]
! You can't use `macro parameter character #' in horizontal mode.
l.480 n = 10  #
                Number of agents
? 
! You can't use `macro parameter character #' in horizontal mode.
l.481 Phi = np.random.randn(n)  #
                                  Initial intelligibility potentials
? 
! You can't use `macro parameter character #' in horizontal mode.
l.482 kappa = np.ones((n, n)) * 0.3  #
                                       Initial couplings
? 
! You can't use `macro parameter character #' in horizontal mode.
l.483 eta, sigma, dt = 0.05, 0.2, 0.01  #
                                          Parameters
? 
! Missing $ inserted.
<inserted text> 
                $
l.490     Phi_
              dot = -L.dot(Phi)
? 
! Missing $ inserted.
<inserted text> 
                $
l.495 
      
? 
! You can't use `macro parameter character #' in internal vertical mode.
l.496     #
            Stochastic pop: randomly dissolve a weak coupling
? 
! Missing $ inserted.
<inserted text> 
                $
l.498         weak_
                   ij = np.argmin(kappa + np.eye(n) * 1e6)  # Find minimal n...

? 
! You can't use `macro parameter character #' in math mode.
l.498 ...j = np.argmin(kappa + np.eye(n) * 1e6)  #
                                                   Find minimal non-diagonal
? 
! You can't use `macro parameter character #' in math mode.
l.500         kappa[i, j] = kappa[j, i] = 0  #
                                               Dissolve link
? 
! Missing $ inserted.
<inserted text> 
                $
l.501 \end{codeblock}
                     
? 

Overfull \hbox (18.0pt too wide) in paragraph at lines 501--502
[][] 
 []



[10]
! Missing $ inserted.
<inserted text> 
                $
l.518     Phi_
              dot = -L.dot(Phi)
? 
! Missing $ inserted.
<inserted text> 
                $
l.523 \end{codeblock}
                     
? 

Overfull \hbox (18.0pt too wide) in paragraph at lines 523--524
[][] 
 []



[11]

! LaTeX Error: Environment conjecture undefined.

See the LaTeX manual or LaTeX Companion for explanation.
Type  H <return>  for immediate help.
 ...                                              
                                                  
l.575 \begin{conjecture}
                        [Dimensional Scaling]
? 

! LaTeX Error: \begin{document} ended by \end{conjecture}.

See the LaTeX manual or LaTeX Companion for explanation.
Type  H <return>  for immediate help.
 ...                                              
                                                  
l.577 \end{conjecture}
                      
? 


[12]
! Undefined control sequence.
l.639 ...\mathcal{L}} = \frac{1}{2} \sum_{i<j} \Tr
                                                  (\hat{\kappa}_{ij} (\hat{\...

? 


[13]
! You can't use `macro parameter character #' in horizontal mode.
l.648 #
        Define Hilbert space dimension
? 
! You can't use `macro parameter character #' in horizontal mode.
l.650 ...Qobj(np.diag(np.linspace(-1, 1, dim)))  #
                                                   Coherence operator
? 
! You can't use `macro parameter character #' in horizontal mode.
l.651 #
        Initial state: superposition
? 
! You can't use `macro parameter character #' in horizontal mode.
l.654 #
        Unitary pop operator
? 
! You can't use `macro parameter character #' in horizontal mode.
l.656 #
        Evolve and compute entropy
? 
! Missing $ inserted.
<inserted text> 
                $
l.657 rho_
          t = U * rho0 * U.dag()
? 
! Missing $ inserted.
<inserted text> 
                $
l.660 \end{codeblock}
                     
? 

Overfull \hbox (18.0pt too wide) in paragraph at lines 660--661
[][] 
 []



[14]
Overfull \hbox (6.35352pt too wide) in paragraph at lines 688--689
\T1/lmr/m/n/12 Surface codes con-sti-tute a lead-ing class of quan-tum er-ror c
or-rec-tion (QEC) codes, renowned
 []


Overfull \hbox (8.07207pt too wide) in paragraph at lines 694--695
[]\T1/lmr/m/n/12 The sur-face code's sta-bi-lizer for-mal-ism aligns nat-u-rall
y with Sphere-pop's sheaf-theoretic
 []

Missing character: There is no — ("2014) in font ec-lmr12!
Missing character: There is no — ("2014) in font ec-lmr12!

Overfull \hbox (5.48164pt too wide) in paragraph at lines 700--701
\T1/lmr/m/n/12 ences $\OT1/lmr/m/n/12 ([] \OMS/lmsy/m/n/12 ^^@ []\OT1/lmr/m/n/1
2 )$\T1/lmr/m/n/12 . Er-rors-man-i-fest-ing as bit-flips (X-errors) or phase-fl
ips (Z-errors)correspond
 []


Overfull \hbox (0.64839pt too wide) in paragraph at lines 703--704
[][]\T1/lmr/bx/n/12 Theorem 8 \T1/lmr/m/n/12 (Fault---Tol-er-ant Adap-tive Gov-
er-nance)\T1/lmr/bx/n/12 . []\T1/lmr/m/it/12 Un-der the adap-tive law $[]\OML/l
mm/m/it/12 ^^T[] \OT1/lmr/m/n/12 = \OML/lmm/m/it/12 ^^Q[]\OT1/lmr/m/n/12 ([] \O
MS/lmsy/m/n/12 ^^@
 []



[15]
Missing character: There is no — ("2014) in font ec-lmr12!
Missing character: There is no — ("2014) in font ec-lmr12!
! You can't use `macro parameter character #' in horizontal mode.
l.722 from qecsim import app #
                               Hypothetical QEC library
? 
! You can't use `macro parameter character #' in horizontal mode.
l.723 ...ecsim.genericmodels import Color666Code #
                                                   Example topological code
? 
! You can't use `macro parameter character #' in horizontal mode.
l.724 #
        Initialize 6-6-6 color code (analogous to surface code)
? 
! You can't use `macro parameter character #' in horizontal mode.
l.725 code = Color666Code(5) #
                               Distance 5
? 
! Missing $ inserted.
<inserted text> 
                $
l.726 error_
            probability = 0.005
? 
! You can't use `macro parameter character #' in math mode.
l.727 #
        Encode logical |+> state (representing sphere)
? 
! You can't use `macro parameter character #' in math mode.
l.728 logical_state = np.array([1, 0]) #
                                         |0_L>
? 
! You can't use `macro parameter character #' in math mode.
l.729 #
        Introduce error (e.g., X on physical qubit)
? 
! You can't use `macro parameter character #' in math mode.
l.730 error = code.stabilizers[0] #
                                    Example stabilizer flip
? 
! You can't use `macro parameter character #' in math mode.
l.731 #
        Syndrome measurement and decoding
? 
! You can't use `macro parameter character #' in math mode.
l.734 #
        Apply pop as transversal CNOT (merge with ancillary)
? 
! You can't use `macro parameter character #' in math mode.
l.735 ...ate = np.kron(np.eye(2), [[0,1],[1,0]]) #
                                                   Transversal X
? 
! You can't use `macro parameter character #' in math mode.
l.736 #
        Fault-tolerant execution
? 
! Missing $ inserted.
<inserted text> 
                $
l.740 \end{codeblock}
                     
? 

Underfull \hbox (badness 2343) in paragraph at lines 721--740
[]\T1/zi4/m/n/12 import numpy as np from qecsim import app  Hypothetical QEC
 []


Underfull \hbox (badness 5359) in paragraph at lines 721--740
\T1/zi4/m/n/12 library from qecsim.genericmodels import Color666Code  Example
 []


Underfull \hbox (badness 10000) in paragraph at lines 721--740
\T1/zi4/m/n/12 topological code  Initialize 6-6-6 color code (analogous
 []


Underfull \hbox (badness 10000) in paragraph at lines 721--740
\T1/zi4/m/n/12 to surface code) code = Color666Code(5)  Distance 5
 []


Underfull \hbox (badness 10000) in paragraph at lines 721--740
\OML/lmm/m/it/12 np:array\OT1/lmr/m/n/12 ([1\OML/lmm/m/it/12 ; \OT1/lmr/m/n/12 
0])\OMS/lmsy/m/n/12 j\OT1/lmr/m/n/12 0[] \OML/lmm/m/it/12 > Introduceerror\OT1/
lmr/m/n/12 (\OML/lmm/m/it/12 e:g:; Xonphysicalqubit\OT1/lmr/m/n/12 )\OML/lmm/m/
it/12 error \OT1/lmr/m/n/12 =
 []


Overfull \hbox (26.95209pt too wide) in paragraph at lines 721--740
\OML/lmm/m/it/12 code:stabilizers\OT1/lmr/m/n/12 [0]\OML/lmm/m/it/12 Examplesta
bilizerflipSyndromemeasurementanddecodingsyndrome \OT1/lmr/m/n/12 =
 []


Overfull \hbox (230.77098pt too wide) in paragraph at lines 721--740
\OML/lmm/m/it/12 code:measure[]yndrome\OT1/lmr/m/n/12 (\OML/lmm/m/it/12 error\O
T1/lmr/m/n/12 )\OML/lmm/m/it/12 correction \OT1/lmr/m/n/12 = \OML/lmm/m/it/12 c
ode:decode\OT1/lmr/m/n/12 (\OML/lmm/m/it/12 syndrome\OT1/lmr/m/n/12 )\OML/lmm/m
/it/12 ApplypopastransversalCNOT\OT1/lmr/m/n/12 (\OML/lmm/m/it/12 mergewithanci
llary\OT1/lmr/m/n/12 )\OML/lmm/m/it/12 pop[]ate \OT1/lmr/m/n/12 =
 []


Underfull \hbox (badness 10000) in paragraph at lines 721--740
\OML/lmm/m/it/12 np:kron\OT1/lmr/m/n/12 (\OML/lmm/m/it/12 np:eye\OT1/lmr/m/n/12
 (2)\OML/lmm/m/it/12 ; \OT1/lmr/m/n/12 [[0\OML/lmm/m/it/12 ; \OT1/lmr/m/n/12 1]
\OML/lmm/m/it/12 ; \OT1/lmr/m/n/12 [1\OML/lmm/m/it/12 ; \OT1/lmr/m/n/12 0]])\OM
L/lmm/m/it/12 TransversalXFault \OMS/lmsy/m/n/12 ^^@
 []


Underfull \hbox (badness 2359) in paragraph at lines 721--740
\OML/lmm/m/it/12 tolerantexecutioncorrected[]tate \OT1/lmr/m/n/12 = \OML/lmm/m/
it/12 correction\OT1/lmr/m/n/12 @\OML/lmm/m/it/12 error\OT1/lmr/m/n/12 @\OML/lm
m/m/it/12 logical[]tatepopped[]tate \OT1/lmr/m/n/12 =
 []


Overfull \hbox (18.0pt too wide) in paragraph at lines 740--741
[][] 
 []



[16]
! You can't use `macro parameter character #' in horizontal mode.
l.777 ... qecsim.models.planar import PlanarCode #
                                                   Hypothetical QEC sim
? 
! Missing $ inserted.
<inserted text> 
                $
l.778 from qecsim.app import run_
                                 once
? 
! You can't use `macro parameter character #' in math mode.
l.779 #
        Initialize two planar surface code patches (distance 3)
? 
! You can't use `macro parameter character #' in math mode.
l.780 code1 = PlanarCode(3, 3) #
                                 Sphere S1
? 
! You can't use `macro parameter character #' in math mode.
l.781 code2 = PlanarCode(3, 3) #
                                 Sphere S2
? 
! You can't use `macro parameter character #' in math mode.
l.782 #
        Prepare logical states (e.g., |+> for coherence)
? 
! You can't use `macro parameter character #' in math mode.
l.783 ... np.array([1/np.sqrt(2), 1/np.sqrt(2)]) #
                                                   Logical |+>
? 
! You can't use `macro parameter character #' in math mode.
l.785 #
        Perform lattice surgery merge (simplified)
? 
! You can't use `macro parameter character #' in math mode.
l.786 #
        Measure ZZ stabilizers across boundary to couple
? 
! You can't use `macro parameter character #' in math mode.
l.787 ....stabilizers[-1], code2.stabilizers[0]] #
                                                   Interface
? 
! You can't use `macro parameter character #' in math mode.
l.788 ... measure_syndrome(boundary_stabilizers) #
                                                   Hypothetical function
? 
! You can't use `macro parameter character #' in math mode.
l.789 #
        Decode and correct
? 
! You can't use `macro parameter character #' in math mode.
l.790 correction = decode_syndrome(syndrome) #
                                               MWPM decoder
? 
! You can't use `macro parameter character #' in math mode.
l.791 ...correction(state1 @ state2, correction) #
                                                   Tensor and correct
? 
! You can't use `macro parameter character #' in math mode.
l.792 #
        Split: Measure XX to decouple, repeat syndrome/correction
? 
! Missing $ inserted.
<inserted text> 
                $
l.794 \end{codeblock}
                     
? 

Underfull \hbox (badness 10000) in paragraph at lines 776--794
[]\T1/zi4/m/n/12 import numpy as np from qecsim.models.planar import
 []


Underfull \hbox (badness 10000) in paragraph at lines 776--794
\T1/zi4/m/n/12 PlanarCode  Hypothetical QEC sim from qecsim.app import
 []


Underfull \hbox (badness 10000) in paragraph at lines 776--794
\T1/zi4/m/n/12 run$[]\OML/lmm/m/it/12 nceInitializetwoplanarsurfacecodepatches\
OT1/lmr/m/n/12 (\OML/lmm/m/it/12 distance\OT1/lmr/m/n/12 3)\OML/lmm/m/it/12 cod
e\OT1/lmr/m/n/12 1 =
 []


Overfull \hbox (48.82626pt too wide) in paragraph at lines 776--794
\OML/lmm/m/it/12 PlanarCode\OT1/lmr/m/n/12 (3\OML/lmm/m/it/12 ; \OT1/lmr/m/n/12
 3)\OML/lmm/m/it/12 SphereS\OT1/lmr/m/n/12 1\OML/lmm/m/it/12 code\OT1/lmr/m/n/1
2 2 = \OML/lmm/m/it/12 PlanarCode\OT1/lmr/m/n/12 (3\OML/lmm/m/it/12 ; \OT1/lmr/
m/n/12 3)\OML/lmm/m/it/12 SphereS\OT1/lmr/m/n/12 2\OML/lmm/m/it/12 Preparelogic
alstates\OT1/lmr/m/n/12 (\OML/lmm/m/it/12 e:g:; \OMS/lmsy/m/n/12 j\OT1/lmr/m/n/
12 + \OML/lmm/m/it/12 >
 []


Overfull \hbox (207.51265pt too wide) in paragraph at lines 776--794
\OML/lmm/m/it/12 state\OT1/lmr/m/n/12 1\OML/lmm/m/it/12 :copy\OT1/lmr/m/n/12 ()
\OML/lmm/m/it/12 Performlatticesurgerymerge\OT1/lmr/m/n/12 (\OML/lmm/m/it/12 si
mplified\OT1/lmr/m/n/12 )\OML/lmm/m/it/12 MeasureZZstabilizersacrossboundarytoc
oupleboundary[]tabilizers \OT1/lmr/m/n/12 =
 []


Underfull \hbox (badness 10000) in paragraph at lines 776--794
\OT1/lmr/m/n/12 [\OML/lmm/m/it/12 code\OT1/lmr/m/n/12 1\OML/lmm/m/it/12 :stabil
izers\OT1/lmr/m/n/12 [\OMS/lmsy/m/n/12 ^^@\OT1/lmr/m/n/12 1]\OML/lmm/m/it/12 ; 
code\OT1/lmr/m/n/12 2\OML/lmm/m/it/12 :stabilizers\OT1/lmr/m/n/12 [0]]\OML/lmm/
m/it/12 Interfacesyndrome \OT1/lmr/m/n/12 =
 []


Overfull \hbox (41.7336pt too wide) in paragraph at lines 776--794
\OML/lmm/m/it/12 measure[]yndrome\OT1/lmr/m/n/12 (\OML/lmm/m/it/12 boundary[]ta
bilizers\OT1/lmr/m/n/12 )\OML/lmm/m/it/12 HypotheticalfunctionDecodeandcorrectc
orrection \OT1/lmr/m/n/12 =
 []


Underfull \hbox (badness 10000) in paragraph at lines 776--794
\OML/lmm/m/it/12 decode[]yndrome\OT1/lmr/m/n/12 (\OML/lmm/m/it/12 syndrome\OT1/
lmr/m/n/12 )\OML/lmm/m/it/12 MWPMdecodermerged[]tate \OT1/lmr/m/n/12 =
 []


Underfull \hbox (badness 10000) in paragraph at lines 776--794
\OML/lmm/m/it/12 apply[]orrection\OT1/lmr/m/n/12 (\OML/lmm/m/it/12 state\OT1/lm
r/m/n/12 1@\OML/lmm/m/it/12 state\OT1/lmr/m/n/12 2\OML/lmm/m/it/12 ; correction
\OT1/lmr/m/n/12 )\OML/lmm/m/it/12 TensorandcorrectSplit \OT1/lmr/m/n/12 :
 []


Overfull \hbox (45.04044pt too wide) in paragraph at lines 776--794
\OML/lmm/m/it/12 MeasureXXtodecouple; repeatsyndrome=correctionprint\OT1/lmr/m/
n/12 ("\OML/lmm/m/it/12 Mergedlogicalstateaftersurgery \OT1/lmr/m/n/12 :
 []


Overfull \hbox (18.0pt too wide) in paragraph at lines 794--795
[][] 
 []



[17]
Missing character: There is no ’ ("2019) in font ec-lmr12!
Missing character: There is no ’ ("2019) in font ec-lmr12!


[18]

[19]

[20]
Missing character: There is no ’ ("2019) in font ec-lmr12!


[21]
Missing character: There is no – ("2013) in font ec-lmr12!
Missing character: There is no — ("2014) in font ec-lmr12!


[22]
Missing character: There is no — ("2014) in font ec-lmr12!
Missing character: There is no ’ ("2019) in font ec-lmr12!
Missing character: There is no — ("2014) in font ec-lmr12!


[23]
Overfull \hbox (81.61833pt too wide) in paragraph at lines 1036--1041
\T1/lmr/bx/n/12 Source Form: [] 
 []



[24]
Overfull \hbox (12.65266pt too wide) in paragraph at lines 1082--1083
[]\T1/lmr/m/n/12 Schommer-Pries, C. J. (2011). The Clas-si-fi-ca-tion of 2D Ex-
tended TFTs. \T1/lmr/m/it/12 arXiv:1112.1000\T1/lmr/m/n/12 . 
 []



[25] (./monograph.aux)
 ***********
LaTeX2e <2025-06-01> patch level 1
L3 programming layer <2025-09-02>
 ***********


LaTeX Warning: Label(s) may have changed. Rerun to get cross-references right.


Package rerunfilecheck Warning: File `monograph.out' has changed.
(rerunfilecheck)                Rerun to get outlines right
(rerunfilecheck)                or use package `bookmark'.

Package rerunfilecheck Info: Checksums for `monograph.out':
(rerunfilecheck)             Before: <no file>
(rerunfilecheck)             After:  9CE0E58EC785165A905AF28F7D75F4EF;17160.
 ) 
Here is how much of TeX's memory you used:
 32652 strings out of 468438
 648542 string characters out of 5445464
 1121398 words of memory out of 5000000
 60577 multiletter control sequences out of 15000+600000
 738640 words of font info for 115 fonts, out of 8000000 for 9000
 1348 hyphenation exceptions out of 8191
 116i,12n,121p,1006b,574s stack positions out of 10000i,1000n,20000p,200000b,200000s

Output written on monograph.pdf (25 pages).
