\BOOKMARK [1][-]{Doc-Start}{\376\377\000P\000a\000r\000t\000\040\0000\000:\000\040\000T\000h\000e\000\040\000B\000a\000s\000i\000c\000s\000\040\000o\000f\000\040\000S\000p\000h\000e\000r\000e\000p\000o\000p\000\040\040\024\000\040\000A\000\040\000P\000e\000d\000a\000g\000o\000g\000i\000c\000a\000l\000\040\000P\000r\000e\000l\000u\000d\000e}{}% 1
\BOOKMARK [2][-]{subsection.0.1}{\376\377\000D\000i\000s\000t\000i\000n\000c\000t\000i\000o\000n\000\040\000a\000n\000d\000\040\000P\000a\000r\000t\000i\000c\000i\000p\000a\000t\000i\000o\000n}{Doc-Start}% 2
\BOOKMARK [2][-]{subsection.0.2}{\376\377\000M\000i\000n\000i\000m\000a\000l\000\040\000V\000o\000c\000a\000b\000u\000l\000a\000r\000y}{Doc-Start}% 3
\BOOKMARK [2][-]{subsection.0.3}{\376\377\000F\000r\000o\000m\000\040\000C\000o\000u\000n\000t\000i\000n\000g\000\040\000t\000o\000\040\000C\000o\000n\000t\000i\000n\000u\000i\000t\000y}{Doc-Start}% 4
\BOOKMARK [2][-]{subsection.0.4}{\376\377\000S\000y\000n\000t\000a\000x\000\040\000a\000s\000\040\000T\000o\000p\000o\000l\000o\000g\000y}{Doc-Start}% 5
\BOOKMARK [2][-]{subsection.0.5}{\376\377\000C\000a\000t\000e\000g\000o\000r\000y\000\040\000a\000n\000d\000\040\000S\000h\000e\000a\000f\000\040\000I\000n\000t\000u\000i\000t\000i\000o\000n}{Doc-Start}% 6
\BOOKMARK [2][-]{subsection.0.6}{\376\377\000A\000e\000s\000t\000h\000e\000t\000i\000c\000\040\000a\000n\000d\000\040\000P\000e\000d\000a\000g\000o\000g\000i\000c\000a\000l\000\040\000N\000o\000t\000e\000s}{Doc-Start}% 7
\BOOKMARK [1][-]{subsection.0.6}{\376\377\000P\000a\000r\000t\000\040\000I\000:\000\040\000T\000h\000e\000\040\000M\000i\000r\000r\000o\000r\000\040\000o\000f\000\040\000P\000r\000e\000c\000a\000u\000t\000i\000o\000n}{}% 8
\BOOKMARK [2][-]{subsection.0.7}{\376\377\000T\000h\000e\000\040\000P\000a\000r\000a\000d\000o\000x\000\040\000o\000f\000\040\000S\000a\000f\000e\000t\000y}{subsection.0.6}% 9
\BOOKMARK [2][-]{subsection.0.8}{\376\377\000R\000e\000c\000u\000r\000s\000i\000v\000e\000\040\000D\000i\000s\000a\000l\000i\000g\000n\000m\000e\000n\000t}{subsection.0.6}% 10
\BOOKMARK [2][-]{subsection.0.9}{\376\377\000E\000c\000o\000l\000o\000g\000i\000c\000a\000l\000\040\000R\000a\000t\000i\000o\000n\000a\000l\000i\000t\000y}{subsection.0.6}% 11
\BOOKMARK [2][-]{subsection.0.10}{\376\377\000T\000o\000w\000a\000r\000d\000\040\000D\000y\000n\000a\000m\000i\000c\000\040\000C\000o\000r\000r\000i\000g\000i\000b\000i\000l\000i\000t\000y}{subsection.0.6}% 12
\BOOKMARK [2][-]{subsection.0.11}{\376\377\000T\000h\000e\000\040\000U\000n\000a\000l\000i\000g\000n\000a\000b\000i\000l\000i\000t\000y\000\040\000o\000f\000\040\000H\000u\000m\000a\000n\000\040\000O\000v\000e\000r\000s\000i\000g\000h\000t}{subsection.0.6}% 13
\BOOKMARK [2][-]{subsection.0.12}{\376\377\000H\000o\000w\000\040\000S\000a\000f\000e\000t\000y\000\040\000M\000e\000c\000h\000a\000n\000i\000s\000m\000s\000\040\000R\000e\000p\000r\000o\000d\000u\000c\000e\000\040\000M\000i\000s\000t\000r\000u\000s\000t}{subsection.0.6}% 14
\BOOKMARK [2][-]{subsection.0.13}{\376\377\000T\000h\000e\000\040\000C\000a\000t\000e\000g\000o\000r\000y\000\040\000E\000r\000r\000o\000r\000\040\000i\000n\000\040\000A\000G\000I\000\040\000C\000a\000t\000a\000s\000t\000r\000o\000p\000h\000i\000s\000m}{subsection.0.6}% 15
\BOOKMARK [2][-]{subsection.0.14}{\376\377\000R\000e\000c\000u\000r\000s\000i\000v\000e\000\040\000A\000l\000i\000g\000n\000m\000e\000n\000t\000,\000\040\000N\000o\000t\000\040\000S\000t\000a\000t\000i\000c\000\040\000C\000o\000n\000t\000r\000o\000l}{subsection.0.6}% 16
\BOOKMARK [2][-]{subsection.0.15}{\376\377\000T\000h\000e\000\040\000M\000i\000r\000r\000o\000r\000\040\000P\000r\000o\000b\000l\000e\000m}{subsection.0.6}% 17
\BOOKMARK [2][-]{subsection.0.16}{\376\377\000T\000o\000w\000a\000r\000d\000\040\000a\000n\000\040\000E\000c\000o\000l\000o\000g\000y\000\040\000o\000f\000\040\000I\000n\000t\000e\000l\000l\000i\000g\000e\000n\000c\000e}{subsection.0.6}% 18
\BOOKMARK [2][-]{subsection.0.17}{\376\377\000C\000o\000n\000c\000l\000u\000s\000i\000o\000n\000:\000\040\000P\000r\000e\000c\000a\000u\000t\000i\000o\000n\000\040\000a\000s\000\040\000a\000\040\000S\000e\000l\000f\000-\000F\000u\000l\000f\000i\000l\000l\000i\000n\000g\000\040\000D\000i\000s\000a\000l\000i\000g\000n\000m\000e\000n\000t}{subsection.0.6}% 19
\BOOKMARK [1][-]{subsection.0.17}{\376\377\000P\000a\000r\000t\000\040\000I\000I\000:\000\040\000T\000h\000e\000\040\000C\000a\000l\000c\000u\000l\000u\000s\000\040\000o\000f\000\040\000C\000o\000h\000e\000r\000e\000n\000c\000e}{}% 20
\BOOKMARK [2][-]{subsection.0.18}{\376\377\000T\000h\000e\000\040\000P\000l\000e\000n\000u\000m\000\040\000a\000s\000\040\000B\000a\000s\000e\000\040\000C\000a\000t\000e\000g\000o\000r\000y}{subsection.0.17}% 21
\BOOKMARK [2][-]{subsection.0.19}{\376\377\000P\000o\000p\000\040\000D\000e\000r\000i\000v\000a\000t\000i\000v\000e}{subsection.0.17}% 22
\BOOKMARK [2][-]{subsection.0.20}{\376\377\000M\000e\000r\000g\000e\000\040\000P\000r\000o\000d\000u\000c\000t\000\040\000a\000n\000d\000\040\000E\000n\000t\000r\000o\000p\000y\000\040\000C\000o\000n\000s\000t\000r\000a\000i\000n\000t}{subsection.0.17}% 23
\BOOKMARK [2][-]{subsection.0.21}{\376\377\000P\000o\000p\000\040\000I\000n\000t\000e\000g\000r\000a\000l}{subsection.0.17}% 24
\BOOKMARK [2][-]{subsection.0.22}{\376\377\000G\000e\000o\000m\000e\000t\000r\000y\000\040\000o\000f\000\040\000a\000\040\000P\000o\000p}{subsection.0.17}% 25
\BOOKMARK [2][-]{subsection.0.23}{\376\377\000M\000e\000r\000g\000e\000\040\000a\000n\000d\000\040\000D\000i\000s\000s\000o\000l\000v\000e}{subsection.0.17}% 26
\BOOKMARK [2][-]{subsection.0.24}{\376\377\000C\000u\000r\000v\000a\000t\000u\000r\000e\000\040\000F\000l\000o\000w\000\040\000a\000n\000d\000\040\000t\000h\000e\000\040\000P\000o\000p\000\040\000D\000e\000r\000i\000v\000a\000t\000i\000v\000e}{subsection.0.17}% 27
\BOOKMARK [2][-]{subsection.0.25}{\376\377\000T\000h\000e\000\040\000C\000o\000h\000e\000r\000e\000n\000c\000e\000\040\000F\000o\000a\000m}{subsection.0.17}% 28
\BOOKMARK [2][-]{subsection.0.26}{\376\377\000S\000p\000h\000e\000r\000e\000p\000o\000p\000\040\000D\000S\000L\000\040\000G\000r\000a\000m\000m\000a\000r}{subsection.0.17}% 29
\BOOKMARK [2][-]{subsection.0.27}{\376\377\000L\000o\000w\000e\000r\000i\000n\000g\000\040\000\050\000D\000S\000L\000\040\000t\000o\000\040\000S\000P\000C\000\051}{subsection.0.17}% 30
\BOOKMARK [1][-]{equation.11}{\376\377\000P\000a\000r\000t\000\040\000I\000I\000I\000:\000\040\000E\000n\000t\000r\000o\000p\000i\000c\000\040\000T\000r\000u\000s\000t\000\040\000a\000n\000d\000\040\000G\000o\000v\000e\000r\000n\000a\000n\000c\000e}{}% 31
\BOOKMARK [2][-]{subsection.0.28}{\376\377\000R\000S\000V\000P\000\040\000F\000i\000e\000l\000d\000\040\000I\000n\000t\000e\000r\000p\000r\000e\000t\000a\000t\000i\000o\000n}{equation.11}% 32
\BOOKMARK [2][-]{subsection.0.29}{\376\377\000E\000n\000t\000r\000o\000p\000i\000c\000\040\000S\000y\000m\000m\000e\000t\000r\000y\000\040\000a\000n\000d\000\040\000T\000r\000u\000s\000t}{equation.11}% 33
\BOOKMARK [2][-]{subsection.0.30}{\376\377\000M\000o\000r\000a\000l\000\040\000F\000e\000e\000d\000b\000a\000c\000k\000\040\000a\000s\000\040\000N\000e\000g\000e\000n\000t\000r\000o\000p\000i\000c\000\040\000C\000o\000u\000p\000l\000i\000n\000g}{equation.11}% 34
\BOOKMARK [2][-]{subsection.0.31}{\376\377\000P\000r\000e\000c\000a\000u\000t\000i\000o\000n\000\040\000a\000s\000\040\000E\000n\000t\000r\000o\000p\000i\000c\000\040\000S\000t\000a\000s\000i\000s}{equation.11}% 35
\BOOKMARK [2][-]{subsection.0.32}{\376\377\000C\000o\000-\000e\000v\000o\000l\000u\000t\000i\000o\000n\000a\000r\000y\000\040\000A\000l\000i\000g\000n\000m\000e\000n\000t\000\040\000a\000n\000d\000\040\000G\000o\000v\000e\000r\000n\000a\000n\000c\000e}{equation.11}% 36
\BOOKMARK [2][-]{subsection.0.33}{\376\377\000V\000a\000r\000i\000a\000t\000i\000o\000n\000a\000l\000\040\000T\000r\000u\000s\000t\000\040\000O\000p\000t\000i\000m\000i\000z\000a\000t\000i\000o\000n}{equation.11}% 37
\BOOKMARK [2][-]{subsection.0.34}{\376\377\000D\000y\000n\000a\000m\000i\000c\000\040\000S\000t\000a\000b\000i\000l\000i\000t\000y\000\040\000a\000n\000d\000\040\000L\000y\000a\000p\000u\000n\000o\000v\000\040\000F\000u\000n\000c\000t\000i\000o\000n}{equation.11}% 38
\BOOKMARK [2][-]{subsection.0.35}{\376\377\000A\000d\000a\000p\000t\000i\000v\000e\000\040\000G\000o\000v\000e\000r\000n\000a\000n\000c\000e\000\040\000L\000a\000w}{equation.11}% 39
\BOOKMARK [2][-]{subsection.0.36}{\376\377\000G\000o\000v\000e\000r\000n\000a\000n\000c\000e\000\040\000E\000q\000u\000i\000l\000i\000b\000r\000i\000a}{equation.11}% 40
\BOOKMARK [2][-]{subsection.0.37}{\376\377\000C\000l\000o\000s\000i\000n\000g\000\040\000R\000e\000f\000l\000e\000c\000t\000i\000o\000n}{equation.11}% 41
\BOOKMARK [1][-]{subsection.0.37}{\376\377\000P\000a\000r\000t\000\040\000I\000V\000:\000\040\000T\000h\000e\000\040\000T\000r\000u\000s\000t\000\040\000S\000i\000n\000g\000u\000l\000a\000r\000i\000t\000y}{}% 42
\BOOKMARK [1][-]{subsection.0.37}{\376\377\000P\000a\000r\000t\000\040\000V\000:\000\040\000A\000p\000p\000l\000i\000c\000a\000t\000i\000o\000n\000s\000\040\000t\000o\000\040\000A\000r\000t\000i\000f\000i\000c\000i\000a\000l\000\040\000I\000n\000t\000e\000l\000l\000i\000g\000e\000n\000c\000e\000\040\000S\000y\000s\000t\000e\000m\000s}{}% 43
\BOOKMARK [2][-]{subsection.0.38}{\376\377\000M\000o\000d\000e\000l\000i\000n\000g\000\040\000A\000g\000e\000n\000t\000\040\000I\000n\000t\000e\000r\000a\000c\000t\000i\000o\000n\000s}{subsection.0.37}% 44
\BOOKMARK [2][-]{subsection.0.39}{\376\377\000S\000i\000m\000u\000l\000a\000t\000i\000o\000n\000\040\000o\000f\000\040\000T\000r\000u\000s\000t\000\040\000D\000y\000n\000a\000m\000i\000c\000s}{subsection.0.37}% 45
\BOOKMARK [2][-]{subsection.0.40}{\376\377\000I\000n\000t\000e\000g\000r\000a\000t\000i\000o\000n\000\040\000w\000i\000t\000h\000\040\000E\000x\000i\000s\000t\000i\000n\000g\000\040\000A\000I\000\040\000F\000r\000a\000m\000e\000w\000o\000r\000k\000s}{subsection.0.37}% 46
\BOOKMARK [1][-]{theorem.5}{\376\377\000P\000a\000r\000t\000\040\000V\000I\000:\000\040\000C\000o\000m\000p\000a\000r\000i\000s\000o\000n\000s\000\040\000w\000i\000t\000h\000\040\000E\000s\000t\000a\000b\000l\000i\000s\000h\000e\000d\000\040\000T\000h\000e\000o\000r\000i\000e\000s}{}% 47
\BOOKMARK [2][-]{subsection.0.41}{\376\377\000C\000o\000n\000n\000e\000c\000t\000i\000o\000n\000s\000\040\000t\000o\000\040\000C\000a\000t\000e\000g\000o\000r\000y\000\040\000T\000h\000e\000o\000r\000y}{theorem.5}% 48
\BOOKMARK [2][-]{subsection.0.42}{\376\377\000T\000h\000e\000r\000m\000o\000d\000y\000n\000a\000m\000i\000c\000\040\000A\000n\000a\000l\000o\000g\000i\000e\000s}{theorem.5}% 49
\BOOKMARK [2][-]{subsection.0.43}{\376\377\000D\000i\000f\000f\000e\000r\000e\000n\000c\000e\000s\000\040\000f\000r\000o\000m\000\040\000T\000r\000a\000d\000i\000t\000i\000o\000n\000a\000l\000\040\000A\000I\000\040\000S\000a\000f\000e\000t\000y\000\040\000A\000p\000p\000r\000o\000a\000c\000h\000e\000s}{theorem.5}% 50
\BOOKMARK [1][-]{subsection.0.43}{\376\377\000P\000a\000r\000t\000\040\000V\000I\000I\000:\000\040\000O\000p\000e\000n\000\040\000P\000r\000o\000b\000l\000e\000m\000s\000\040\000a\000n\000d\000\040\000F\000u\000t\000u\000r\000e\000\040\000D\000i\000r\000e\000c\000t\000i\000o\000n\000s}{}% 51
\BOOKMARK [2][-]{subsection.0.44}{\376\377\000C\000o\000m\000p\000u\000t\000a\000t\000i\000o\000n\000a\000l\000\040\000C\000o\000m\000p\000l\000e\000x\000i\000t\000y}{subsection.0.43}% 52
\BOOKMARK [2][-]{subsection.0.45}{\376\377\000H\000i\000g\000h\000e\000r\000-\000D\000i\000m\000e\000n\000s\000i\000o\000n\000a\000l\000\040\000G\000e\000n\000e\000r\000a\000l\000i\000z\000a\000t\000i\000o\000n\000s}{subsection.0.43}% 53
\BOOKMARK [2][-]{subsection.0.46}{\376\377\000E\000m\000p\000i\000r\000i\000c\000a\000l\000\040\000V\000a\000l\000i\000d\000a\000t\000i\000o\000n}{subsection.0.43}% 54
\BOOKMARK [1][-]{subsection.0.46}{\376\377\000P\000a\000r\000t\000\040\000V\000I\000I\000I\000:\000\040\000Q\000u\000a\000n\000t\000u\000m\000\040\000E\000x\000t\000e\000n\000s\000i\000o\000n\000s}{}% 55
\BOOKMARK [2][-]{subsection.0.47}{\376\377\000Q\000u\000a\000n\000t\000u\000m\000\040\000P\000l\000e\000n\000u\000m\000\040\000a\000n\000d\000\040\000S\000h\000i\000f\000t\000e\000d\000\040\000S\000y\000m\000p\000l\000e\000c\000t\000i\000c\000\040\000S\000t\000r\000u\000c\000t\000u\000r\000e\000s}{subsection.0.46}% 56
\BOOKMARK [2][-]{subsection.0.48}{\376\377\000Q\000u\000a\000n\000t\000u\000m\000\040\000P\000o\000p\000\040\000D\000e\000r\000i\000v\000a\000t\000i\000v\000e}{subsection.0.46}% 57
\BOOKMARK [2][-]{subsection.0.49}{\376\377\000E\000n\000t\000a\000n\000g\000l\000e\000d\000\040\000M\000e\000r\000g\000e\000\040\000P\000r\000o\000d\000u\000c\000t}{subsection.0.46}% 58
\BOOKMARK [2][-]{subsection.0.50}{\376\377\000Q\000u\000a\000n\000t\000u\000m\000\040\000T\000r\000u\000s\000t\000\040\000a\000n\000d\000\040\000G\000o\000v\000e\000r\000n\000a\000n\000c\000e}{subsection.0.46}% 59
\BOOKMARK [2][-]{subsection.0.51}{\376\377\000S\000i\000m\000u\000l\000a\000t\000i\000o\000n\000\040\000S\000k\000e\000t\000c\000h\000:\000\040\000Q\000u\000a\000n\000t\000u\000m\000\040\000C\000o\000h\000e\000r\000e\000n\000c\000e\000\040\000F\000o\000a\000m}{subsection.0.46}% 60
\BOOKMARK [2][-]{subsection.0.52}{\376\377\000Q\000u\000a\000n\000t\000u\000m\000\040\000E\000r\000r\000o\000r\000\040\000C\000o\000r\000r\000e\000c\000t\000i\000o\000n\000\040\000i\000n\000\040\000S\000p\000h\000e\000r\000e\000p\000o\000p\000\040\000G\000o\000v\000e\000r\000n\000a\000n\000c\000e}{subsection.0.46}% 61
\BOOKMARK [2][-]{subsection.0.53}{\376\377\000S\000u\000r\000f\000a\000c\000e\000\040\000C\000o\000d\000e\000s\000\040\000i\000n\000\040\000S\000p\000h\000e\000r\000e\000p\000o\000p\000\040\000G\000o\000v\000e\000r\000n\000a\000n\000c\000e}{subsection.0.46}% 62
\BOOKMARK [2][-]{subsection.0.54}{\376\377\000L\000a\000t\000t\000i\000c\000e\000\040\000S\000u\000r\000g\000e\000r\000y\000\040\000a\000n\000d\000\040\000D\000y\000n\000a\000m\000i\000c\000\040\000S\000p\000h\000e\000r\000e\000p\000o\000p}{subsection.0.46}% 63
\BOOKMARK [2][-]{subsection.0.55}{\376\377\000S\000i\000m\000u\000l\000a\000t\000i\000o\000n\000\040\000S\000k\000e\000t\000c\000h\000:\000\040\000S\000u\000r\000f\000a\000c\000e\000\040\000C\000o\000d\000e\000\040\000P\000r\000o\000t\000e\000c\000t\000e\000d\000\040\000P\000o\000p}{subsection.0.46}% 64
\BOOKMARK [2][-]{subsection.0.56}{\376\377\000C\000h\000a\000l\000l\000e\000n\000g\000e\000s\000\040\000a\000n\000d\000\040\000F\000u\000t\000u\000r\000e\000\040\000D\000i\000r\000e\000c\000t\000i\000o\000n\000s}{subsection.0.46}% 65
\BOOKMARK [2][-]{subsection.0.57}{\376\377\000L\000a\000t\000t\000i\000c\000e\000\040\000S\000u\000r\000g\000e\000r\000y\000\040\000i\000n\000\040\000S\000p\000h\000e\000r\000e\000p\000o\000p}{subsection.0.46}% 66
\BOOKMARK [2][-]{subsection.0.58}{\376\377\000S\000i\000m\000u\000l\000a\000t\000i\000o\000n\000\040\000S\000k\000e\000t\000c\000h\000:\000\040\000L\000a\000t\000t\000i\000c\000e\000\040\000S\000u\000r\000g\000e\000r\000y\000\040\000M\000e\000r\000g\000e}{subsection.0.46}% 67
\BOOKMARK [2][-]{subsection.0.59}{\376\377\000C\000h\000a\000l\000l\000e\000n\000g\000e\000s\000\040\000a\000n\000d\000\040\000F\000u\000t\000u\000r\000e\000\040\000D\000i\000r\000e\000c\000t\000i\000o\000n\000s}{subsection.0.46}% 68
\BOOKMARK [1][-]{subsection.0.59}{\376\377\000P\000a\000r\000t\000\040\000I\000X\000:\000\040\000P\000h\000i\000l\000o\000s\000o\000p\000h\000i\000c\000a\000l\000\040\000I\000m\000p\000l\000i\000c\000a\000t\000i\000o\000n\000s\000\040\000a\000n\000d\000\040\000C\000o\000n\000c\000l\000u\000s\000i\000o\000n}{}% 69
\BOOKMARK [1][-]{appendix.A}{\376\377\000A\000l\000i\000g\000n\000m\000e\000n\000t\000\040\000a\000s\000\040\000E\000n\000t\000r\000o\000p\000i\000c\000\040\000C\000o\000u\000p\000l\000i\000n\000g\000\040\000i\000n\000\040\000t\000h\000e\000\040\000C\000o\000g\000n\000i\000t\000i\000v\000e\000\040\000F\000i\000e\000l\000d\000\040\000\050\000R\000S\000V\000P\000\051}{}% 70
\BOOKMARK [1][-]{appendix.A}{\376\377\000A\000p\000p\000e\000n\000d\000i\000x\000\040\000A\000\040\040\024\000\040\000A\000l\000i\000g\000n\000m\000e\000n\000t\000\040\000a\000s\000\040\000E\000n\000t\000r\000o\000p\000i\000c\000\040\000C\000o\000u\000p\000l\000i\000n\000g\000\040\000i\000n\000\040\000t\000h\000e\000\040\000C\000o\000g\000n\000i\000t\000i\000v\000e\000\040\000F\000i\000e\000l\000d\000\040\000\050\000R\000S\000V\000P\000\051}{}% 71
\BOOKMARK [1][-]{appendix.B}{\376\377\000T\000h\000e\000\040\000S\000p\000h\000e\000r\000e\000p\000o\000p\000\040\000C\000a\000l\000c\000u\000l\000u\000s\000\040\000\050\000S\000P\000C\000\051\000\040\000C\000o\000r\000e}{}% 72
\BOOKMARK [1][-]{appendix.B}{\376\377\000A\000p\000p\000e\000n\000d\000i\000x\000\040\000B\000\040\040\024\000\040\000T\000h\000e\000\040\000S\000p\000h\000e\000r\000e\000p\000o\000p\000\040\000C\000a\000l\000c\000u\000l\000u\000s\000\040\000\050\000S\000P\000C\000\051\000\040\000C\000o\000r\000e}{}% 73
\BOOKMARK [1][-]{appendix.C}{\376\377\000R\000e\000f\000e\000r\000e\000n\000c\000e\000s}{}% 74
