\BOOKMARK [1][-]{section.1}{\376\377\000I\000n\000t\000r\000o\000d\000u\000c\000t\000i\000o\000n}{}% 1
\BOOKMARK [2][-]{subsection.1.1}{\376\377\000T\000h\000e\000\040\000I\000n\000v\000e\000r\000s\000i\000o\000n}{section.1}% 2
\BOOKMARK [2][-]{subsection.1.2}{\376\377\000S\000t\000r\000u\000c\000t\000u\000r\000a\000l\000\040\000Q\000u\000a\000n\000t\000i\000t\000i\000e\000s}{section.1}% 3
\BOOKMARK [2][-]{subsection.1.3}{\376\377\000T\000w\000o\000\040\000S\000t\000r\000u\000c\000t\000u\000r\000e\000s\000\040\000T\000h\000a\000t\000\040\000M\000u\000s\000t\000\040\000B\000e\000\040\000K\000e\000p\000t\000\040\000S\000e\000p\000a\000r\000a\000t\000e}{section.1}% 4
\BOOKMARK [2][-]{subsection.1.4}{\376\377\000R\000o\000a\000d\000m\000a\000p}{section.1}% 5
\BOOKMARK [1][-]{section.2}{\376\377\000O\000p\000t\000i\000o\000n\000-\000S\000p\000a\000c\000e\000s\000,\000\040\000A\000d\000m\000i\000s\000s\000i\000b\000i\000l\000i\000t\000y\000,\000\040\000a\000n\000d\000\040\000E\000n\000t\000r\000o\000p\000y}{}% 6
\BOOKMARK [2][-]{subsection.2.1}{\376\377\000O\000p\000t\000i\000o\000n\000-\000S\000p\000a\000c\000e\000s}{section.2}% 7
\BOOKMARK [2][-]{subsection.2.2}{\376\377\000E\000n\000t\000r\000o\000p\000y\000\040\000a\000n\000d\000\040\000O\000p\000t\000i\000o\000n\000a\000l\000i\000t\000y}{section.2}% 8
\BOOKMARK [1][-]{section.3}{\376\377\000E\000n\000t\000r\000o\000p\000y\000\040\000a\000s\000\040\000a\000\040\000M\000o\000n\000o\000i\000d\000a\000l\000\040\000W\000e\000i\000g\000h\000t}{}% 9
\BOOKMARK [2][-]{subsection.3.1}{\376\377\000E\000n\000t\000r\000o\000p\000y\000-\000D\000e\000c\000r\000e\000a\000s\000i\000n\000g\000\040\000E\000n\000r\000i\000c\000h\000m\000e\000n\000t}{section.3}% 10
\BOOKMARK [2][-]{subsection.3.2}{\376\377\000A\000d\000d\000i\000t\000i\000v\000e\000\040\000D\000e\000c\000o\000m\000p\000o\000s\000i\000t\000i\000o\000n\000\040\000o\000f\000\040\000H\000i\000s\000t\000o\000r\000i\000e\000s}{section.3}% 11
\BOOKMARK [1][-]{section.4}{\376\377\000B\000i\000-\000G\000r\000a\000d\000e\000d\000\040\000R\000e\000s\000o\000u\000r\000c\000e\000\040\000F\000u\000n\000c\000t\000i\000o\000n\000a\000l}{}% 12
\BOOKMARK [2][-]{subsection.4.1}{\376\377\000T\000h\000e\000\040\000B\000i\000-\000G\000r\000a\000d\000e\000d\000\040\000O\000r\000d\000e\000r\000e\000d\000\040\000M\000o\000n\000o\000i\000d}{section.4}% 13
\BOOKMARK [2][-]{subsection.4.2}{\376\377\000G\000e\000n\000e\000r\000a\000t\000o\000r\000\040\000B\000e\000h\000a\000v\000i\000o\000r\000\040\000U\000n\000d\000e\000r\000\040\000t\000h\000e\000\040\000B\000i\000-\000G\000r\000a\000d\000e\000d\000\040\000F\000u\000n\000c\000t\000i\000o\000n\000a\000l}{section.4}% 14
\BOOKMARK [2][-]{subsection.4.3}{\376\377\000B\000i\000-\000G\000r\000a\000d\000e\000d\000\040\000L\000a\000w\000v\000e\000r\000e\000\040\000E\000n\000r\000i\000c\000h\000m\000e\000n\000t}{section.4}% 15
\BOOKMARK [2][-]{subsection.4.4}{\376\377\000R\000e\000f\000i\000n\000e\000d\000\040\000F\000a\000c\000t\000o\000r\000i\000z\000a\000t\000i\000o\000n\000\040\000S\000y\000s\000t\000e\000m}{section.4}% 16
\BOOKMARK [1][-]{section.5}{\376\377\000L\000a\000w\000v\000e\000r\000e\000-\000M\000e\000t\000r\000i\000c\000\040\000E\000n\000r\000i\000c\000h\000m\000e\000n\000t\000\040\000o\000f\000\040\000S\000P}{}% 17
\BOOKMARK [2][-]{subsection.5.1}{\376\377\000T\000h\000e\000\040\000L\000a\000w\000v\000e\000r\000e\000\040\000Q\000u\000a\000n\000t\000a\000l\000e}{section.5}% 18
\BOOKMARK [2][-]{subsection.5.2}{\376\377\000T\000h\000e\000\040\000E\000n\000t\000r\000o\000p\000y\000\040\000D\000i\000s\000t\000a\000n\000c\000e\000\040\000o\000n\000\040\000O\000b\000\050\000S\000P\000\051}{section.5}% 19
\BOOKMARK [2][-]{subsection.5.3}{\376\377\000C\000o\000l\000l\000a\000p\000s\000e\000\040\000t\000o\000\040\000a\000\040\000C\000l\000e\000a\000n\000\040\000F\000o\000r\000m\000u\000l\000a}{section.5}% 20
\BOOKMARK [2][-]{subsection.5.4}{\376\377\000T\000h\000i\000n\000-\000C\000a\000t\000e\000g\000o\000r\000y\000\040\000F\000o\000r\000m\000u\000l\000a\000t\000i\000o\000n}{section.5}% 21
\BOOKMARK [1][-]{section.6}{\376\377\000A\000\040\000C\000a\000n\000o\000n\000i\000c\000a\000l\000\040\000F\000a\000c\000t\000o\000r\000i\000z\000a\000t\000i\000o\000n\000\040\000S\000y\000s\000t\000e\000m}{}% 22
\BOOKMARK [2][-]{subsection.6.1}{\376\377\000E\040\023\000M\000\040\000F\000a\000c\000t\000o\000r\000i\000z\000a\000t\000i\000o\000n}{section.6}% 23
\BOOKMARK [1][-]{section.7}{\376\377\000T\000h\000e\000\040\000C\000a\000t\000e\000g\000o\000r\000y\000\040\000S\000P}{}% 24
\BOOKMARK [2][-]{subsection.7.1}{\376\377\000O\000b\000j\000e\000c\000t\000s\000,\000\040\000M\000o\000r\000p\000h\000i\000s\000m\000s\000,\000\040\000a\000n\000d\000\040\000A\000x\000i\000o\000m\000s}{section.7}% 25
\BOOKMARK [2][-]{subsection.7.2}{\376\377\000G\000e\000n\000e\000r\000a\000t\000i\000n\000g\000\040\000M\000o\000r\000p\000h\000i\000s\000m\000s}{section.7}% 26
\BOOKMARK [2][-]{subsection.7.3}{\376\377\000F\000r\000e\000e\000\040\000G\000e\000n\000e\000r\000a\000t\000i\000o\000n\000\040\000a\000n\000d\000\040\000I\000n\000d\000e\000p\000e\000n\000d\000e\000n\000c\000e\000\040\000o\000f\000\040\000G\000e\000n\000e\000r\000a\000t\000o\000r\000s}{section.7}% 27
\BOOKMARK [2][-]{subsection.7.4}{\376\377\000E\000n\000t\000r\000o\000p\000y\000\040\000S\000l\000a\000c\000k\000\040\000W\000i\000t\000n\000e\000s\000s\000e\000s}{section.7}% 28
\BOOKMARK [1][-]{section.8}{\376\377\000C\000a\000u\000s\000a\000l\000i\000t\000y\000\040\000a\000n\000d\000\040\000t\000h\000e\000\040\000U\000n\000i\000v\000e\000r\000s\000a\000l\000\040\000P\000r\000o\000p\000e\000r\000t\000y\000\040\000o\000f\000\040\000C\000o\000l\000l\000a\000p\000s\000e}{}% 29
\BOOKMARK [2][-]{subsection.8.1}{\376\377\000C\000a\000u\000s\000a\000l\000\040\000P\000r\000e\000o\000r\000d\000e\000r}{section.8}% 30
\BOOKMARK [2][-]{subsection.8.2}{\376\377\000C\000a\000u\000s\000a\000l\000l\000y\000\040\000A\000d\000m\000i\000s\000s\000i\000b\000l\000e\000\040\000E\000q\000u\000i\000v\000a\000l\000e\000n\000c\000e\000\040\000R\000e\000l\000a\000t\000i\000o\000n\000s}{section.8}% 31
\BOOKMARK [2][-]{subsection.8.3}{\376\377\000F\000u\000l\000l\000\040\000U\000n\000i\000v\000e\000r\000s\000a\000l\000\040\000P\000r\000o\000p\000e\000r\000t\000y\000\040\000o\000f\000\040\000C\000o\000l\000l\000a\000p\000s\000e}{section.8}% 32
\BOOKMARK [1][-]{section.9}{\376\377\000S\000y\000m\000m\000e\000t\000r\000i\000c\000\040\000M\000o\000n\000o\000i\000d\000a\000l\000\040\000S\000t\000r\000u\000c\000t\000u\000r\000e\000\040\000a\000n\000d\000\040\000U\000n\000i\000v\000e\000r\000s\000a\000l\000\040\000P\000r\000o\000p\000e\000r\000t\000y\000\040\000o\000f\000\040\000S\000P}{}% 33
\BOOKMARK [2][-]{subsection.9.1}{\376\377\000T\000e\000n\000s\000o\000r\000\040\000P\000r\000o\000d\000u\000c\000t}{section.9}% 34
\BOOKMARK [2][-]{subsection.9.2}{\376\377\000T\000h\000e\000\040\000C\000a\000t\000e\000g\000o\000r\000y\000\040\000E\000D\000S\000M\000C\000\040\000a\000n\000d\000\040\000I\000n\000i\000t\000i\000a\000l\000i\000t\000y\000\040\000o\000f\000\040\000S\000P}{section.9}% 35
\BOOKMARK [1][-]{section.10}{\376\377\000M\000e\000l\000d\000\040\000a\000n\000d\000\040\000S\000h\000e\000a\000f\000-\000T\000h\000e\000o\000r\000e\000t\000i\000c\000\040\000W\000o\000r\000l\000d\000h\000o\000o\000d}{}% 36
\BOOKMARK [2][-]{subsection.10.1}{\376\377\000P\000r\000e\000s\000h\000e\000a\000f\000\040\000o\000f\000\040\000L\000o\000c\000a\000l\000\040\000P\000r\000o\000p\000o\000s\000a\000l\000s}{section.10}% 37
\BOOKMARK [2][-]{subsection.10.2}{\376\377\000M\000e\000l\000d\000\040\000a\000s\000\040\000P\000o\000l\000i\000c\000y\000-\000I\000n\000d\000u\000c\000e\000d\000\040\000S\000h\000e\000a\000f\000i\000f\000i\000c\000a\000t\000i\000o\000n}{section.10}% 38
\BOOKMARK [1][-]{section.11}{\376\377\000T\000h\000e\000\040\000C\000a\000t\000e\000g\000o\000r\000y\000\040\000R\000S\000V\000P}{}% 39
\BOOKMARK [2][-]{subsection.11.1}{\376\377\000O\000b\000j\000e\000c\000t\000s}{section.11}% 40
\BOOKMARK [2][-]{subsection.11.2}{\376\377\000M\000o\000r\000p\000h\000i\000s\000m\000s\000\040\000w\000i\000t\000h\000\040\000S\000l\000a\000c\000k\000\040\000W\000i\000t\000n\000e\000s\000s\000e\000s}{section.11}% 41
\BOOKMARK [1][-]{section.12}{\376\377\000T\000h\000e\000\040\000R\000e\000a\000l\000i\000z\000a\000t\000i\000o\000n\000\040\000F\000u\000n\000c\000t\000o\000r\000\040\000F}{}% 42
\BOOKMARK [2][-]{subsection.12.1}{\376\377\000O\000n\000\040\000O\000b\000j\000e\000c\000t\000s}{section.12}% 43
\BOOKMARK [2][-]{subsection.12.2}{\376\377\000O\000n\000\040\000G\000e\000n\000e\000r\000a\000t\000i\000n\000g\000\040\000M\000o\000r\000p\000h\000i\000s\000m\000s}{section.12}% 44
\BOOKMARK [2][-]{subsection.12.3}{\376\377\000F\000u\000n\000c\000t\000o\000r\000i\000a\000l\000i\000t\000y}{section.12}% 45
\BOOKMARK [1][-]{section.13}{\376\377\000I\000n\000i\000t\000i\000a\000l\000i\000t\000y\000\040\000o\000f\000\040\000S\000P\000:\000\040\000M\000a\000c\000\040\000L\000a\000n\000e\000\040\000P\000r\000e\000s\000e\000n\000t\000a\000t\000i\000o\000n}{}% 46
\BOOKMARK [2][-]{subsection.13.1}{\376\377\000T\000h\000e\000\040\000T\000e\000r\000m\000\040\000M\000o\000d\000e\000l\000\040\000T}{section.13}% 47
\BOOKMARK [2][-]{subsection.13.2}{\376\377\000T\000h\000e\000\040\000C\000o\000n\000g\000r\000u\000e\000n\000c\000e\000\040\042\141}{section.13}% 48
\BOOKMARK [2][-]{subsection.13.3}{\376\377\000E\000v\000a\000l\000u\000a\000t\000i\000o\000n\000\040\000F\000u\000n\000c\000t\000o\000r\000s\000\040\000a\000n\000d\000\040\000I\000n\000i\000t\000i\000a\000l\000i\000t\000y}{section.13}% 49
\BOOKMARK [1][-]{section.14}{\376\377\000W\000o\000r\000k\000e\000d\000\040\000E\000x\000a\000m\000p\000l\000e\000:\000\040\000A\000\040\000F\000o\000u\000r\000-\000E\000v\000e\000n\000t\000\040\000H\000i\000s\000t\000o\000r\000y}{}% 50
\BOOKMARK [2][-]{subsection.14.1}{\376\377\000S\000e\000t\000u\000p}{section.14}% 51
\BOOKMARK [2][-]{subsection.14.2}{\376\377\000E\000v\000e\000n\000t\000\040\0001\000:\000\040\000P\000o\000p}{section.14}% 52
\BOOKMARK [2][-]{subsection.14.3}{\376\377\000E\000v\000e\000n\000t\000\040\0002\000:\000\040\000B\000i\000n\000d}{section.14}% 53
\BOOKMARK [2][-]{subsection.14.4}{\376\377\000E\000v\000e\000n\000t\000\040\0003\000:\000\040\000R\000e\000n\000a\000m\000i\000n\000g\000\040\000\050\000n\000o\000t\000\040\000a\000\040\000C\000o\000l\000l\000a\000p\000s\000e\000\051}{section.14}% 54
\BOOKMARK [2][-]{subsection.14.5}{\376\377\000E\000v\000e\000n\000t\000\040\0004\000:\000\040\000P\000o\000p\000\040\000t\000o\000\040\000T\000e\000r\000m\000i\000n\000a\000l}{section.14}% 55
\BOOKMARK [2][-]{subsection.14.6}{\376\377\000S\000u\000m\000m\000a\000r\000y\000\040\000o\000f\000\040\000t\000h\000e\000\040\000H\000i\000s\000t\000o\000r\000y}{section.14}% 56
\BOOKMARK [1][-]{section.15}{\376\377\000D\000i\000s\000c\000r\000e\000t\000e\000\040\000M\000e\000c\000h\000a\000n\000i\000c\000s\000\040\000o\000f\000\040\000C\000o\000m\000m\000i\000t\000m\000e\000n\000t}{}% 57
\BOOKMARK [2][-]{subsection.15.1}{\376\377\000L\000a\000g\000r\000a\000n\000g\000i\000a\000n\000\040\000F\000o\000r\000m\000u\000l\000a\000t\000i\000o\000n}{section.15}% 58
\BOOKMARK [2][-]{subsection.15.2}{\376\377\000C\000o\000l\000l\000a\000p\000s\000e\000\040\000R\000e\000d\000u\000c\000e\000s\000\040\000A\000c\000t\000i\000o\000n}{section.15}% 59
\BOOKMARK [2][-]{subsection.15.3}{\376\377\000H\000a\000m\000i\000l\000t\000o\000n\000i\000a\000n\000\040\000a\000n\000d\000\040\000R\000e\000m\000a\000i\000n\000i\000n\000g\000\040\000F\000r\000e\000e\000d\000o\000m}{section.15}% 60
\BOOKMARK [1][-]{section.16}{\376\377\000C\000o\000n\000t\000i\000n\000u\000u\000m\000\040\000L\000i\000m\000i\000t\000\040\000o\000f\000\040\000C\000o\000m\000m\000i\000t\000m\000e\000n\000t}{}% 61
\BOOKMARK [1][-]{section.17}{\376\377\000I\000n\000f\000o\000r\000m\000a\000t\000i\000o\000n\000-\000T\000h\000e\000o\000r\000e\000t\000i\000c\000\040\000I\000n\000t\000e\000r\000p\000r\000e\000t\000a\000t\000i\000o\000n}{}% 62
\BOOKMARK [1][-]{section.18}{\376\377\000N\000o\000r\000m\000a\000l\000i\000z\000a\000t\000i\000o\000n}{}% 63
\BOOKMARK [1][-]{section.19}{\376\377\000S\000t\000r\000u\000c\000t\000u\000r\000e\000d\000\040\000I\000r\000r\000e\000v\000e\000r\000s\000i\000b\000i\000l\000i\000t\000y}{}% 64
\BOOKMARK [1][-]{section.20}{\376\377\000I\000r\000r\000e\000v\000e\000r\000s\000i\000b\000i\000l\000i\000t\000y\000\040\000A\000c\000r\000o\000s\000s\000\040\000S\000c\000a\000l\000e\000s}{}% 65
\BOOKMARK [1][-]{section.21}{\376\377\000P\000e\000r\000s\000i\000s\000t\000e\000n\000c\000e\000\040\000W\000i\000t\000h\000o\000u\000t\000\040\000S\000u\000b\000s\000t\000a\000n\000c\000e}{}% 66
\BOOKMARK [1][-]{section.22}{\376\377\000M\000i\000n\000i\000m\000a\000l\000\040\000C\000o\000m\000m\000i\000t\000m\000e\000n\000t}{}% 67
\BOOKMARK [1][-]{section.23}{\376\377\000F\000i\000n\000i\000t\000u\000d\000e}{}% 68
\BOOKMARK [1][-]{section.24}{\376\377\000V\000a\000r\000i\000a\000t\000i\000o\000n\000a\000l\000\040\000S\000t\000r\000u\000c\000t\000u\000r\000e\000\040\000o\000f\000\040\000I\000r\000r\000e\000v\000e\000r\000s\000i\000b\000i\000l\000i\000t\000y}{}% 69
\BOOKMARK [1][-]{section.25}{\376\377\000A\000d\000j\000o\000i\000n\000t\000\040\000S\000t\000r\000u\000c\000t\000u\000r\000e\000\040\000o\000f\000\040\000D\000i\000s\000c\000r\000e\000t\000e\040\023\000C\000o\000n\000t\000i\000n\000u\000o\000u\000s\000\040\000R\000e\000a\000l\000i\000z\000a\000t\000i\000o\000n}{}% 70
\BOOKMARK [1][-]{section.26}{\376\377\000C\000l\000a\000s\000s\000i\000f\000i\000c\000a\000t\000i\000o\000n\000\040\000o\000f\000\040\000E\000n\000t\000r\000o\000p\000y\000-\000M\000o\000n\000o\000t\000o\000n\000e\000\040\000I\000r\000r\000e\000v\000e\000r\000s\000i\000b\000l\000e\000\040\000C\000a\000t\000e\000g\000o\000r\000i\000e\000s}{}% 71
\BOOKMARK [1][-]{section.27}{\376\377\000T\000h\000e\000\040\000A\000d\000j\000u\000n\000c\000t\000i\000o\000n\000\040\000F\000\040\042\243\000\040\000G\000\040\000v\000i\000a\000\040\000t\000h\000e\000\040\000S\000i\000m\000p\000l\000e\000x\000-\000R\000e\000a\000l\000i\000z\000a\000t\000i\000o\000n\000\040\000S\000u\000b\000c\000a\000t\000e\000g\000o\000r\000y}{}% 72
\BOOKMARK [2][-]{subsection.27.1}{\376\377\000T\000h\000e\000\040\000S\000i\000m\000p\000l\000e\000x\000-\000R\000e\000a\000l\000i\000z\000a\000t\000i\000o\000n\000\040\000S\000u\000b\000c\000a\000t\000e\000g\000o\000r\000y}{section.27}% 73
\BOOKMARK [2][-]{subsection.27.2}{\376\377\000T\000h\000e\000\040\000D\000i\000s\000c\000r\000e\000t\000i\000z\000a\000t\000i\000o\000n\000\040\000F\000u\000n\000c\000t\000o\000r\000\040\000G}{section.27}% 74
\BOOKMARK [2][-]{subsection.27.3}{\376\377\000T\000h\000e\000\040\000A\000d\000j\000u\000n\000c\000t\000i\000o\000n}{section.27}% 75
\BOOKMARK [1][-]{section.28}{\376\377\000M\000a\000t\000h\000e\000m\000a\000t\000i\000c\000a\000l\000\040\000S\000t\000a\000t\000u\000s\000\040\000a\000n\000d\000\040\000F\000a\000i\000l\000u\000r\000e\000\040\000M\000o\000d\000e\000s}{}% 76
\BOOKMARK [2][-]{subsection.28.1}{\376\377\000F\000u\000l\000l\000y\000\040\000F\000o\000r\000m\000a\000l}{section.28}% 77
\BOOKMARK [2][-]{subsection.28.2}{\376\377\000M\000o\000d\000e\000l\000i\000n\000g\000-\000D\000e\000p\000e\000n\000d\000e\000n\000t}{section.28}% 78
\BOOKMARK [2][-]{subsection.28.3}{\376\377\000F\000a\000i\000l\000u\000r\000e\000\040\000M\000o\000d\000e\000s}{section.28}% 79
\BOOKMARK [2][-]{subsection.28.4}{\376\377\000O\000p\000e\000n\000\040\000P\000r\000o\000b\000l\000e\000m\000s}{section.28}% 80
\BOOKMARK [1][-]{section.29}{\376\377\000D\000u\000a\000l\000\040\000D\000e\000s\000c\000r\000i\000p\000t\000i\000o\000n\000s\000\040\000a\000n\000d\000\040\000S\000c\000a\000l\000e\000\040\000S\000e\000p\000a\000r\000a\000t\000i\000o\000n}{}% 81
\BOOKMARK [1][-]{section.30}{\376\377\000F\000u\000r\000t\000h\000e\000r\000\040\000D\000i\000r\000e\000c\000t\000i\000o\000n\000s}{}% 82
\BOOKMARK [1][-]{section.31}{\376\377\000P\000h\000i\000l\000o\000s\000o\000p\000h\000i\000c\000a\000l\000\040\000R\000e\000m\000a\000r\000k}{}% 83
\BOOKMARK [1][-]{section.32}{\376\377\000C\000o\000n\000c\000l\000u\000s\000i\000o\000n}{}% 84
\BOOKMARK [1][-]{appendix.A}{\376\377\000C\000o\000n\000f\000l\000u\000e\000n\000c\000e\000\040\000o\000f\000\040\000G\000e\000n\000e\000r\000a\000t\000o\000r\000\040\000R\000e\000l\000a\000t\000i\000o\000n\000s}{}% 85
\BOOKMARK [1][-]{appendix.B}{\376\377\000F\000r\000e\000e\000\040\000G\000e\000n\000e\000r\000a\000t\000i\000o\000n\000:\000\040\000F\000o\000r\000m\000a\000l\000\040\000C\000o\000n\000s\000t\000r\000u\000c\000t\000i\000o\000n}{}% 86
\BOOKMARK [1][-]{appendix.C}{\376\377\000S\000y\000m\000m\000e\000t\000r\000y\000\040\000E\000n\000t\000r\000o\000p\000y\000\040\000f\000o\000r\000\040\000B\000i\000n\000d}{}% 87
\BOOKMARK [1][-]{appendix.D}{\376\377\000A\000l\000m\000o\000s\000t\000-\000S\000u\000r\000e\000\040\000N\000o\000r\000m\000a\000l\000i\000z\000a\000t\000i\000o\000n}{}% 88
\BOOKMARK [1][-]{appendix.E}{\376\377\000S\000c\000a\000l\000i\000n\000g\000\040\000L\000i\000m\000i\000t\000\040\000H\000e\000u\000r\000i\000s\000t\000i\000c}{}% 89
\BOOKMARK [1][-]{appendix.F}{\376\377\000F\000a\000i\000t\000h\000f\000u\000l\000n\000e\000s\000s\000:\000\040\000S\000u\000f\000f\000i\000c\000i\000e\000n\000t\000\040\000C\000o\000n\000d\000i\000t\000i\000o\000n\000s}{}% 90
\BOOKMARK [1][-]{appendix.G}{\376\377\000N\000o\000t\000a\000t\000i\000o\000n\000\040\000S\000u\000m\000m\000a\000r\000y}{}% 91
