This is XeTeX, Version 3.141592653-2.6-0.999993 (TeX Live 2022/dev/Debian) (preloaded format=xelatex 2025.8.11)  19 SEP 2025 19:53
entering extended mode
 restricted \write18 enabled.
 %&-line parsing enabled.
**spherepop-calculus.tex
(./spherepop-calculus.tex
LaTeX2e <2021-11-15> patch level 1
L3 programming layer <2022-01-21>
(/usr/share/texlive/texmf-dist/tex/latex/base/article.cls
Document Class: article 2021/10/04 v1.4n Standard LaTeX document class
(/usr/share/texlive/texmf-dist/tex/latex/base/size10.clo
File: size10.clo 2021/10/04 v1.4n Standard LaTeX file (size option)
)
\c@part=\count181
\c@section=\count182
\c@subsection=\count183
\c@subsubsection=\count184
\c@paragraph=\count185
\c@subparagraph=\count186
\c@figure=\count187
\c@table=\count188
\abovecaptionskip=\skip47
\belowcaptionskip=\skip48
\bibindent=\dimen138
)
(/usr/share/texlive/texmf-dist/tex/latex/amsmath/amsmath.sty
Package: amsmath 2021/10/15 v2.17l AMS math features
\@mathmargin=\skip49

For additional information on amsmath, use the `?' option.
(/usr/share/texlive/texmf-dist/tex/latex/amsmath/amstext.sty
Package: amstext 2021/08/26 v2.01 AMS text

(/usr/share/texlive/texmf-dist/tex/latex/amsmath/amsgen.sty
File: amsgen.sty 1999/11/30 v2.0 generic functions
\@emptytoks=\toks16
\ex@=\dimen139
))
(/usr/share/texlive/texmf-dist/tex/latex/amsmath/amsbsy.sty
Package: amsbsy 1999/11/29 v1.2d Bold Symbols
\pmbraise@=\dimen140
)
(/usr/share/texlive/texmf-dist/tex/latex/amsmath/amsopn.sty
Package: amsopn 2021/08/26 v2.02 operator names
)
\inf@bad=\count189
LaTeX Info: Redefining \frac on input line 234.
\uproot@=\count190
\leftroot@=\count191
LaTeX Info: Redefining \overline on input line 399.
\classnum@=\count192
\DOTSCASE@=\count193
LaTeX Info: Redefining \ldots on input line 496.
LaTeX Info: Redefining \dots on input line 499.
LaTeX Info: Redefining \cdots on input line 620.
\Mathstrutbox@=\box50
\strutbox@=\box51
\big@size=\dimen141
LaTeX Font Info:    Redeclaring font encoding OML on input line 743.
LaTeX Font Info:    Redeclaring font encoding OMS on input line 744.
\macc@depth=\count194
\c@MaxMatrixCols=\count195
\dotsspace@=\muskip16
\c@parentequation=\count196
\dspbrk@lvl=\count197
\tag@help=\toks17
\row@=\count198
\column@=\count199
\maxfields@=\count266
\andhelp@=\toks18
\eqnshift@=\dimen142
\alignsep@=\dimen143
\tagshift@=\dimen144
\tagwidth@=\dimen145
\totwidth@=\dimen146
\lineht@=\dimen147
\@envbody=\toks19
\multlinegap=\skip50
\multlinetaggap=\skip51
\mathdisplay@stack=\toks20
LaTeX Info: Redefining \[ on input line 2938.
LaTeX Info: Redefining \] on input line 2939.
)
(/usr/share/texlive/texmf-dist/tex/latex/amsfonts/amssymb.sty
Package: amssymb 2013/01/14 v3.01 AMS font symbols

(/usr/share/texlive/texmf-dist/tex/latex/amsfonts/amsfonts.sty
Package: amsfonts 2013/01/14 v3.01 Basic AMSFonts support
\symAMSa=\mathgroup4
\symAMSb=\mathgroup5
LaTeX Font Info:    Redeclaring math symbol \hbar on input line 98.
LaTeX Font Info:    Overwriting math alphabet `\mathfrak' in version `bold'
(Font)                  U/euf/m/n --> U/euf/b/n on input line 106.
))
(/usr/share/texlive/texmf-dist/tex/latex/amscls/amsthm.sty
Package: amsthm 2020/05/29 v2.20.6
\thm@style=\toks21
\thm@bodyfont=\toks22
\thm@headfont=\toks23
\thm@notefont=\toks24
\thm@headpunct=\toks25
\thm@preskip=\skip52
\thm@postskip=\skip53
\thm@headsep=\skip54
\dth@everypar=\toks26
)
(/usr/share/texlive/texmf-dist/tex/latex/mathpartir/mathpartir.sty
Package: mathpartir 2016/02/24 version 1.3.2 Math Paragraph for Typesetting Inf
erence Rules

(/usr/share/texlive/texmf-dist/tex/latex/graphics/keyval.sty
Package: keyval 2014/10/28 v1.15 key=value parser (DPC)
\KV@toks@=\toks27
)
\mpr@andskip=\skip55
\mpr@lista=\toks28
\mpr@listb=\toks29
\mpr@hlist=\box52
\mpr@vlist=\box53
\mpr@right=\box54
)
(/usr/share/texlive/texmf-dist/tex/latex/booktabs/booktabs.sty
Package: booktabs 2020/01/12 v1.61803398 Publication quality tables
\heavyrulewidth=\dimen148
\lightrulewidth=\dimen149
\cmidrulewidth=\dimen150
\belowrulesep=\dimen151
\belowbottomsep=\dimen152
\aboverulesep=\dimen153
\abovetopsep=\dimen154
\cmidrulesep=\dimen155
\cmidrulekern=\dimen156
\defaultaddspace=\dimen157
\@cmidla=\count267
\@cmidlb=\count268
\@aboverulesep=\dimen158
\@belowrulesep=\dimen159
\@thisruleclass=\count269
\@lastruleclass=\count270
\@thisrulewidth=\dimen160
)
(/usr/share/texlive/texmf-dist/tex/latex/hyperref/hyperref.sty
Package: hyperref 2021-06-07 v7.00m Hypertext links for LaTeX

(/usr/share/texlive/texmf-dist/tex/generic/ltxcmds/ltxcmds.sty
Package: ltxcmds 2020-05-10 v1.25 LaTeX kernel commands for general use (HO)
)
(/usr/share/texlive/texmf-dist/tex/generic/iftex/iftex.sty
Package: iftex 2020/03/06 v1.0d TeX engine tests
)
(/usr/share/texlive/texmf-dist/tex/generic/pdftexcmds/pdftexcmds.sty
Package: pdftexcmds 2020-06-27 v0.33 Utility functions of pdfTeX for LuaTeX (HO
)

(/usr/share/texlive/texmf-dist/tex/generic/infwarerr/infwarerr.sty
Package: infwarerr 2019/12/03 v1.5 Providing info/warning/error messages (HO)
)
Package pdftexcmds Info: \pdf@primitive is available.
Package pdftexcmds Info: \pdf@ifprimitive is available.
Package pdftexcmds Info: \pdfdraftmode not found.
)
(/usr/share/texlive/texmf-dist/tex/generic/kvsetkeys/kvsetkeys.sty
Package: kvsetkeys 2019/12/15 v1.18 Key value parser (HO)
)
(/usr/share/texlive/texmf-dist/tex/generic/kvdefinekeys/kvdefinekeys.sty
Package: kvdefinekeys 2019-12-19 v1.6 Define keys (HO)
)
(/usr/share/texlive/texmf-dist/tex/generic/pdfescape/pdfescape.sty
Package: pdfescape 2019/12/09 v1.15 Implements pdfTeX's escape features (HO)
)
(/usr/share/texlive/texmf-dist/tex/latex/hycolor/hycolor.sty
Package: hycolor 2020-01-27 v1.10 Color options for hyperref/bookmark (HO)
)
(/usr/share/texlive/texmf-dist/tex/latex/letltxmacro/letltxmacro.sty
Package: letltxmacro 2019/12/03 v1.6 Let assignment for LaTeX macros (HO)
)
(/usr/share/texlive/texmf-dist/tex/latex/auxhook/auxhook.sty
Package: auxhook 2019-12-17 v1.6 Hooks for auxiliary files (HO)
)
(/usr/share/texlive/texmf-dist/tex/latex/kvoptions/kvoptions.sty
Package: kvoptions 2020-10-07 v3.14 Key value format for package options (HO)
)
\@linkdim=\dimen161
\Hy@linkcounter=\count271
\Hy@pagecounter=\count272

(/usr/share/texlive/texmf-dist/tex/latex/hyperref/pd1enc.def
File: pd1enc.def 2021-06-07 v7.00m Hyperref: PDFDocEncoding definition (HO)
)
(/usr/share/texlive/texmf-dist/tex/latex/hyperref/hyperref-langpatches.def
File: hyperref-langpatches.def 2021-06-07 v7.00m Hyperref: patches for babel la
nguages
)
(/usr/share/texlive/texmf-dist/tex/generic/intcalc/intcalc.sty
Package: intcalc 2019/12/15 v1.3 Expandable calculations with integers (HO)
)
(/usr/share/texlive/texmf-dist/tex/generic/etexcmds/etexcmds.sty
Package: etexcmds 2019/12/15 v1.7 Avoid name clashes with e-TeX commands (HO)
)
\Hy@SavedSpaceFactor=\count273

(/usr/share/texlive/texmf-dist/tex/latex/hyperref/puenc.def
File: puenc.def 2021-06-07 v7.00m Hyperref: PDF Unicode definition (HO)
)
Package hyperref Info: Hyper figures OFF on input line 4192.
Package hyperref Info: Link nesting OFF on input line 4197.
Package hyperref Info: Hyper index ON on input line 4200.
Package hyperref Info: Plain pages OFF on input line 4207.
Package hyperref Info: Backreferencing OFF on input line 4212.
Package hyperref Info: Implicit mode ON; LaTeX internals redefined.
Package hyperref Info: Bookmarks ON on input line 4445.
\c@Hy@tempcnt=\count274

(/usr/share/texlive/texmf-dist/tex/latex/url/url.sty
\Urlmuskip=\muskip17
Package: url 2013/09/16  ver 3.4  Verb mode for urls, etc.
)
LaTeX Info: Redefining \url on input line 4804.
\XeTeXLinkMargin=\dimen162

(/usr/share/texlive/texmf-dist/tex/generic/bitset/bitset.sty
Package: bitset 2019/12/09 v1.3 Handle bit-vector datatype (HO)

(/usr/share/texlive/texmf-dist/tex/generic/bigintcalc/bigintcalc.sty
Package: bigintcalc 2019/12/15 v1.5 Expandable calculations on big integers (HO
)
))
\Fld@menulength=\count275
\Field@Width=\dimen163
\Fld@charsize=\dimen164
Package hyperref Info: Hyper figures OFF on input line 6076.
Package hyperref Info: Link nesting OFF on input line 6081.
Package hyperref Info: Hyper index ON on input line 6084.
Package hyperref Info: backreferencing OFF on input line 6091.
Package hyperref Info: Link coloring OFF on input line 6096.
Package hyperref Info: Link coloring with OCG OFF on input line 6101.
Package hyperref Info: PDF/A mode OFF on input line 6106.
LaTeX Info: Redefining \ref on input line 6146.
LaTeX Info: Redefining \pageref on input line 6150.

(/usr/share/texlive/texmf-dist/tex/latex/base/atbegshi-ltx.sty
Package: atbegshi-ltx 2021/01/10 v1.0c Emulation of the original atbegshi
package with kernel methods
)
\Hy@abspage=\count276
\c@Item=\count277
\c@Hfootnote=\count278
)
Package hyperref Info: Driver (autodetected): hxetex.

(/usr/share/texlive/texmf-dist/tex/latex/hyperref/hxetex.def
File: hxetex.def 2021-06-07 v7.00m Hyperref driver for XeTeX

(/usr/share/texlive/texmf-dist/tex/generic/stringenc/stringenc.sty
Package: stringenc 2019/11/29 v1.12 Convert strings between diff. encodings (HO
)
)
\pdfm@box=\box55
\c@Hy@AnnotLevel=\count279
\HyField@AnnotCount=\count280
\Fld@listcount=\count281
\c@bookmark@seq@number=\count282

(/usr/share/texlive/texmf-dist/tex/latex/rerunfilecheck/rerunfilecheck.sty
Package: rerunfilecheck 2019/12/05 v1.9 Rerun checks for auxiliary files (HO)

(/usr/share/texlive/texmf-dist/tex/latex/base/atveryend-ltx.sty
Package: atveryend-ltx 2020/08/19 v1.0a Emulation of the original atveryend pac
kage
with kernel methods
)
(/usr/share/texlive/texmf-dist/tex/generic/uniquecounter/uniquecounter.sty
Package: uniquecounter 2019/12/15 v1.4 Provide unlimited unique counter (HO)
)
Package uniquecounter Info: New unique counter `rerunfilecheck' on input line 2
86.
)
\Hy@SectionHShift=\skip56
)
(/usr/share/texlive/texmf-dist/tex/latex/preprint/fullpage.sty
Package: fullpage 1999/02/23 1.1 (PWD)
\FP@margin=\skip57
)
\c@theorem=\count283

(/usr/share/texlive/texmf-dist/tex/latex/l3backend/l3backend-xetex.def
File: l3backend-xetex.def 2022-01-12 L3 backend support: XeTeX

(|extractbb --version)
\c__kernel_sys_dvipdfmx_version_int=\count284
\l__color_backend_stack_int=\count285
\g__color_backend_stack_int=\count286
\g__graphics_track_int=\count287
\l__pdf_internal_box=\box56
\g__pdf_backend_object_int=\count288
\g__pdf_backend_annotation_int=\count289
\g__pdf_backend_link_int=\count290
) (./spherepop-calculus.aux)
\openout1 = `spherepop-calculus.aux'.

LaTeX Font Info:    Checking defaults for OML/cmm/m/it on input line 21.
LaTeX Font Info:    ... okay on input line 21.
LaTeX Font Info:    Checking defaults for OMS/cmsy/m/n on input line 21.
LaTeX Font Info:    ... okay on input line 21.
LaTeX Font Info:    Checking defaults for OT1/cmr/m/n on input line 21.
LaTeX Font Info:    ... okay on input line 21.
LaTeX Font Info:    Checking defaults for T1/cmr/m/n on input line 21.
LaTeX Font Info:    ... okay on input line 21.
LaTeX Font Info:    Checking defaults for TS1/cmr/m/n on input line 21.
LaTeX Font Info:    Trying to load font information for TS1+cmr on input line 2
1.

(/usr/share/texlive/texmf-dist/tex/latex/base/ts1cmr.fd
File: ts1cmr.fd 2019/12/16 v2.5j Standard LaTeX font definitions
)
LaTeX Font Info:    ... okay on input line 21.
LaTeX Font Info:    Checking defaults for TU/lmr/m/n on input line 21.
LaTeX Font Info:    ... okay on input line 21.
LaTeX Font Info:    Checking defaults for OMX/cmex/m/n on input line 21.
LaTeX Font Info:    ... okay on input line 21.
LaTeX Font Info:    Checking defaults for U/cmr/m/n on input line 21.
LaTeX Font Info:    ... okay on input line 21.
LaTeX Font Info:    Checking defaults for PD1/pdf/m/n on input line 21.
LaTeX Font Info:    ... okay on input line 21.
LaTeX Font Info:    Checking defaults for PU/pdf/m/n on input line 21.
LaTeX Font Info:    ... okay on input line 21.
Package hyperref Info: Link coloring OFF on input line 21.

(/usr/share/texlive/texmf-dist/tex/latex/hyperref/nameref.sty
Package: nameref 2021-04-02 v2.47 Cross-referencing by name of section

(/usr/share/texlive/texmf-dist/tex/latex/refcount/refcount.sty
Package: refcount 2019/12/15 v3.6 Data extraction from label references (HO)
)
(/usr/share/texlive/texmf-dist/tex/generic/gettitlestring/gettitlestring.sty
Package: gettitlestring 2019/12/15 v1.6 Cleanup title references (HO)
)
\c@section@level=\count291
)
LaTeX Info: Redefining \ref on input line 21.
LaTeX Info: Redefining \pageref on input line 21.
LaTeX Info: Redefining \nameref on input line 21.

(./spherepop-calculus.out) (./spherepop-calculus.out)
\@outlinefile=\write3
\openout3 = `spherepop-calculus.out'.

LaTeX Font Info:    Trying to load font information for U+msa on input line 24.


(/usr/share/texlive/texmf-dist/tex/latex/amsfonts/umsa.fd
File: umsa.fd 2013/01/14 v3.01 AMS symbols A
)
LaTeX Font Info:    Trying to load font information for U+msb on input line 24.


(/usr/share/texlive/texmf-dist/tex/latex/amsfonts/umsb.fd
File: umsb.fd 2013/01/14 v3.01 AMS symbols B
)
(./spherepop-calculus.toc [1

])
\tf@toc=\write4
\openout4 = `spherepop-calculus.toc'.

 [2] [3] [4]

Package hyperref Warning: Difference (2) between bookmark levels is greater 
(hyperref)                than one, level fixed on input line 276.

[5] [6]
! Missing \endcsname inserted.
<to be read again> 
                   \Pi 
l.385 ...Pi x{:}A.\,B : \mathsf{Type}_{\max(i,j)}}
                                                  
? 
! Missing $ inserted.
<inserted text> 
                $
l.385 ...Pi x{:}A.\,B : \mathsf{Type}_{\max(i,j)}}
                                                  
? 
! Extra \endcsname.
\KV@split ...csname \KV@prefix \@tempa \endcsname 
                                                  \ifx \@tempc \relax \KV@er...
l.385 ...Pi x{:}A.\,B : \mathsf{Type}_{\max(i,j)}}
                                                  
? 

! Package keyval Error: $\Pi $-Form undefined.

See the keyval package documentation for explanation.
Type  H <return>  for immediate help.
 ...                                              
                                                  
l.385 ...Pi x{:}A.\,B : \mathsf{Type}_{\max(i,j)}}
                                                  
? 
! Missing \endcsname inserted.
<to be read again> 
                   \Pi 
l.389 ...athrm{Sphere}(x{:}A.\,t) : \Pi x{:}A.\,B}
                                                  
? 
! Missing $ inserted.
<inserted text> 
                $
l.389 ...athrm{Sphere}(x{:}A.\,t) : \Pi x{:}A.\,B}
                                                  
? 
! Extra \endcsname.
\KV@split ...csname \KV@prefix \@tempa \endcsname 
                                                  \ifx \@tempc \relax \KV@er...
l.389 ...athrm{Sphere}(x{:}A.\,t) : \Pi x{:}A.\,B}
                                                  
? 

! Package keyval Error: $\Pi $-Intro undefined.

See the keyval package documentation for explanation.
Type  H <return>  for immediate help.
 ...                                              
                                                  
l.389 ...athrm{Sphere}(x{:}A.\,t) : \Pi x{:}A.\,B}
                                                  
? 
! Missing \endcsname inserted.
<to be read again> 
                   \Pi 
l.393   {\Gamma \vdash \mathrm{Pop}(f,u) : B[u/x]}
                                                  
? 
! Missing $ inserted.
<inserted text> 
                $
l.393   {\Gamma \vdash \mathrm{Pop}(f,u) : B[u/x]}
                                                  
? 
! Extra \endcsname.
\KV@split ...csname \KV@prefix \@tempa \endcsname 
                                                  \ifx \@tempc \relax \KV@er...
l.393   {\Gamma \vdash \mathrm{Pop}(f,u) : B[u/x]}
                                                  
? 

! Package keyval Error: $\Pi $-Elim undefined.

See the keyval package documentation for explanation.
Type  H <return>  for immediate help.
 ...                                              
                                                  
l.393   {\Gamma \vdash \mathrm{Pop}(f,u) : B[u/x]}
                                                  
? 
! Missing \endcsname inserted.
<to be read again> 
                   \Sigma 
l.397 ...ma x{:}A.\,B : \mathsf{Type}_{\max(i,j)}}
                                                  
? 
! Missing $ inserted.
<inserted text> 
                $
l.397 ...ma x{:}A.\,B : \mathsf{Type}_{\max(i,j)}}
                                                  
? 
! Extra \endcsname.
\KV@split ...csname \KV@prefix \@tempa \endcsname 
                                                  \ifx \@tempc \relax \KV@er...
l.397 ...ma x{:}A.\,B : \mathsf{Type}_{\max(i,j)}}
                                                  
? 

! Package keyval Error: $\Sigma $-Form undefined.

See the keyval package documentation for explanation.
Type  H <return>  for immediate help.
 ...                                              
                                                  
l.397 ...ma x{:}A.\,B : \mathsf{Type}_{\max(i,j)}}
                                                  
? 
! Missing \endcsname inserted.
<to be read again> 
                   \Sigma 
l.401   {\Gamma \vdash (a,b) : \Sigma x{:}A.\,B}
                                                
? 
! Missing $ inserted.
<inserted text> 
                $
l.401   {\Gamma \vdash (a,b) : \Sigma x{:}A.\,B}
                                                
? 
! Extra \endcsname.
\KV@split ...csname \KV@prefix \@tempa \endcsname 
                                                  \ifx \@tempc \relax \KV@er...
l.401   {\Gamma \vdash (a,b) : \Sigma x{:}A.\,B}
                                                
? 

! Package keyval Error: $\Sigma $-Intro undefined.

See the keyval package documentation for explanation.
Type  H <return>  for immediate help.
 ...                                              
                                                  
l.401   {\Gamma \vdash (a,b) : \Sigma x{:}A.\,B}
                                                
? 
[7]
Overfull \hbox (5.934pt too wide) in paragraph at lines 477--479
 []\TU/lmr/bx/n/10 Interaction with Choice.[] \TU/lmr/m/n/10 The probabilistic 
operator $[]\OT1/cmr/m/n/10 (\OML/cmm/m/it/10 p; M; N\OT1/cmr/m/n/10 )$ \TU/lmr
/m/n/10 is well-typed whenever both branches
 []

[8]
! Undefined control sequence.
<recently read> \llbracket 
                           
l.530       $\mathsf{Dist}$, if $\llbracket
                                            P_1 \rrbracket \in \mathsf{Dist}...

? 
! Undefined control sequence.
l.530 ...hsf{Dist}$, if $\llbracket P_1 \rrbracket
                                                   \in \mathsf{Dist}\!\big(\...

? 
! Undefined control sequence.
<recently read> \llbracket 
                           
l.531       and $\llbracket
                            P_2 \rrbracket \in \mathsf{Dist}\!\big(\Sigma m....

? 
! Undefined control sequence.
l.531       and $\llbracket P_2 \rrbracket
                                           \in \mathsf{Dist}\!\big(\Sigma m....

? 
! Undefined control sequence.
l.534       \llbracket
                       \mathsf{Merge}(P_1,P_2) \rrbracket
? 
! Undefined control sequence.
l.534 ...racket \mathsf{Merge}(P_1,P_2) \rrbracket
                                                  
? 
! Undefined control sequence.
l.536       \llbracket
                       P_1 \rrbracket \otimes \llbracket P_2 \rrbracket
? 
! Undefined control sequence.
l.536       \llbracket P_1 \rrbracket
                                      \otimes \llbracket P_2 \rrbracket
? 
! Undefined control sequence.
l.536 ...bracket P_1 \rrbracket \otimes \llbracket
                                                   P_2 \rrbracket
? 
! Undefined control sequence.
l.536 ...bracket \otimes \llbracket P_2 \rrbracket
                                                  
? 
! Undefined control sequence.
l.573 \llbracket
                 \Phi(\mathsf{Merge}(P_1,P_2)) \rrbracket
? 
! Undefined control sequence.
l.573 ... \Phi(\mathsf{Merge}(P_1,P_2)) \rrbracket
                                                  
? 
! Missing { inserted.
<to be read again> 
                   \discretionary 
l.574 \;=\; \Phi_\*
                    \big(\,\llbracket P_1 \rrbracket \otimes \llbracket P_2 ...

? 
! Undefined control sequence.
l.574 \;=\; \Phi_\* \big(\,\llbracket
                                      P_1 \rrbracket \otimes \llbracket P_2 ...

? 
! Undefined control sequence.
l.574 ... \Phi_\* \big(\,\llbracket P_1 \rrbracket
                                                   \otimes \llbracket P_2 \r...

? 
! Undefined control sequence.
l.574 ...bracket P_1 \rrbracket \otimes \llbracket
                                                   P_2 \rrbracket\,\big).
? 
! Undefined control sequence.
l.574 ...bracket \otimes \llbracket P_2 \rrbracket
                                                  \,\big).
? 
! Missing } inserted.
<inserted text> 
                }
l.575 \]
        
? 
! Undefined control sequence.
<recently read> \llbracket 
                           
l.589 \emph{Denotational.} Since $\llbracket
                                             \mathsf{Merge}(P_1,P_2)\rrbrack...

? 
! Undefined control sequence.
l.589 ...bracket \mathsf{Merge}(P_1,P_2)\rrbracket
                                                  $ is the
? 
! Missing { inserted.
<to be read again> 
                   \discretionary 
l.592 pushforward $\Phi_\*
                          $. ∎
? 
! Missing } inserted.
<inserted text> 
                }
l.592 pushforward $\Phi_\*$
                           . ∎
? 
Missing character: There is no ∎ (U+220E) in font [lmroman10-regular]:mapping=t
ex-text;!
[9]
! Undefined control sequence.
l.643 \llbracket
                 P \rrbracket \;=\;
? 
! Undefined control sequence.
l.643 \llbracket P \rrbracket
                              \;=\;
? 
! Undefined control sequence.
l.706 \llbracket
                 M \rrbracket
? 
! Undefined control sequence.
l.706 \llbracket M \rrbracket
                             
? 
! Undefined control sequence.
l.707 = \llbracket
                   P_1 \rrbracket \otimes \llbracket P_2 \rrbracket,
? 
! Undefined control sequence.
l.707 = \llbracket P_1 \rrbracket
                                  \otimes \llbracket P_2 \rrbracket,
? 
! Undefined control sequence.
l.707 ...bracket P_1 \rrbracket \otimes \llbracket
                                                   P_2 \rrbracket,
? 
! Undefined control sequence.
l.707 ...bracket \otimes \llbracket P_2 \rrbracket
                                                  ,
? 
[10]
! Undefined control sequence.
l.764 Write $\mu=\llbracket
                            P_1 \rrbracket \in \mathsf{Dist}(\Sigma n.\,\mat...

? 
! Undefined control sequence.
l.764 Write $\mu=\llbracket P_1 \rrbracket
                                           \in \mathsf{Dist}(\Sigma n.\,\mat...

? 
! Undefined control sequence.
l.765 and $\nu=\llbracket
                          P_2 \rrbracket \in \mathsf{Dist}(\Sigma m.\,\maths...

? 
! Undefined control sequence.
l.765 and $\nu=\llbracket P_2 \rrbracket
                                         \in \mathsf{Dist}(\Sigma m.\,\maths...

? 

Overfull \hbox (25.3563pt too wide) in paragraph at lines 763--767
[]\TU/lmr/bx/n/10 Denotational semantics (general form). \TU/lmr/m/n/10 Write $
\OML/cmm/m/it/10 ^^V \OT1/cmr/m/n/10 = \OML/cmm/m/it/10 P[] \OMS/cmsy/m/n/10 2 
[]\OT1/cmr/m/n/10 (^^F\OML/cmm/m/it/10 n: []\OT1/cmr/m/n/10 (\OML/cmm/m/it/10 n
\OT1/cmr/m/n/10 ))$ \TU/lmr/m/n/10 and $\OML/cmm/m/it/10 ^^W \OT1/cmr/m/n/10 = 
\OML/cmm/m/it/10 P[] \OMS/cmsy/m/n/10 2 []\OT1/cmr/m/n/10 (^^F\OML/cmm/m/it/10 
m: []\OT1/cmr/m/n/10 (\OML/cmm/m/it/10 m\OT1/cmr/m/n/10 ))$\TU/lmr/m/n/10 ,
 []

! Undefined control sequence.
l.768 \llbracket
                 \Phi(\mathsf{Merge}(P_1,P_2)) \rrbracket
? 
! Undefined control sequence.
l.768 ... \Phi(\mathsf{Merge}(P_1,P_2)) \rrbracket
                                                  
? 
! Undefined control sequence.
l.804 \llbracket
                 \Phi(\mathsf{Merge}(P_1,P_2)) \rrbracket
? 
! Undefined control sequence.
l.804 ... \Phi(\mathsf{Merge}(P_1,P_2)) \rrbracket
                                                  
? 

Package hyperref Warning: Token not allowed in a PDF string (Unicode):
(hyperref)                removing `math shift' on input line 822.


Package hyperref Warning: Token not allowed in a PDF string (Unicode):
(hyperref)                removing `\beta' on input line 822.


Package hyperref Warning: Token not allowed in a PDF string (Unicode):
(hyperref)                removing `math shift' on input line 822.

[11] [12]
! Undefined control sequence.
<recently read> \llbracket 
                           
l.961 \llbracket
                 \mathrm{Sphere}(x{:}A.\,t) \rrbracket
? 
! Undefined control sequence.
l.961 ...ket \mathrm{Sphere}(x{:}A.\,t) \rrbracket
                                                  
? 
! Undefined control sequence.
l.962 &:\; \llbracket
                      \Gamma \rrbracket \to \llbracket A \rrbracket \Rightar...

? 
! Undefined control sequence.
l.962 &:\; \llbracket \Gamma \rrbracket
                                        \to \llbracket A \rrbracket \Rightar...

? 
! Undefined control sequence.
l.962 ...lbracket \Gamma \rrbracket \to \llbracket
                                                   A \rrbracket \Rightarrow ...

? 
! Undefined control sequence.
l.962 ...ma \rrbracket \to \llbracket A \rrbracket
                                                   \Rightarrow \llbracket B ...

? 
! Undefined control sequence.
l.962 ...acket A \rrbracket \Rightarrow \llbracket
                                                   B \rrbracket
? 
! Undefined control sequence.
l.962 ...acket \Rightarrow \llbracket B \rrbracket
                                                  
? 
! Undefined control sequence.
l.964 \llbracket
                 \mathrm{Pop}(t,u) \rrbracket
? 
! Undefined control sequence.
l.964 \llbracket \mathrm{Pop}(t,u) \rrbracket
                                             
? 
! Undefined control sequence.
l.965 &=\; \mathsf{ev} \circ \langle \llbracket
                                                t \rrbracket , \llbracket u ...

? 
! Undefined control sequence.
l.965 ...ev} \circ \langle \llbracket t \rrbracket
                                                   , \llbracket u \rrbracket...

? 
! Undefined control sequence.
l.965 ...ngle \llbracket t \rrbracket , \llbracket
                                                   u \rrbracket \rangle
? 
! Undefined control sequence.
l.965 ...et t \rrbracket , \llbracket u \rrbracket
                                                   \rangle
? 
! Undefined control sequence.
l.966 \quad:\; \llbracket
                          \Gamma \rrbracket \to \llbracket B \rrbracket \\
? 
! Undefined control sequence.
l.966 \quad:\; \llbracket \Gamma \rrbracket
                                            \to \llbracket B \rrbracket \\
? 
! Undefined control sequence.
l.966 ...lbracket \Gamma \rrbracket \to \llbracket
                                                   B \rrbracket \\
? 
! Undefined control sequence.
l.966 ...ma \rrbracket \to \llbracket B \rrbracket
                                                   \\
? 
! Undefined control sequence.
l.967 \llbracket
                 \mathrm{Merge}(t,u) \rrbracket
? 
! Undefined control sequence.
l.967 \llbracket \mathrm{Merge}(t,u) \rrbracket
                                               
? 
! Undefined control sequence.
l.968 &=\; \langle \llbracket
                              t \rrbracket , \llbracket u \rrbracket \rangle
? 
! Undefined control sequence.
l.968 &=\; \langle \llbracket t \rrbracket
                                           , \llbracket u \rrbracket \rangle
? 
! Undefined control sequence.
l.968 ...ngle \llbracket t \rrbracket , \llbracket
                                                   u \rrbracket \rangle
? 
! Undefined control sequence.
l.968 ...et t \rrbracket , \llbracket u \rrbracket
                                                   \rangle
? 
! Undefined control sequence.
l.969 \quad:\; \llbracket
                          \Gamma \rrbracket \to \llbracket A \times A \rrbra...

? 
! Undefined control sequence.
l.969 \quad:\; \llbracket \Gamma \rrbracket
                                            \to \llbracket A \times A \rrbra...

? 
! Undefined control sequence.
l.969 ...lbracket \Gamma \rrbracket \to \llbracket
                                                   A \times A \rrbracket
? 
! Undefined control sequence.
l.969 ...cket \to \llbracket A \times A \rrbracket
                                                  
? 
! Undefined control sequence.
l.975 Given $p : \llbracket
                            \Gamma \rrbracket \to [0,1]$ and $t,u : \llbrack...

? 
! Undefined control sequence.
l.975 Given $p : \llbracket \Gamma \rrbracket
                                              \to [0,1]$ and $t,u : \llbrack...

? 
! Undefined control sequence.
l.975 ...rbracket \to [0,1]$ and $t,u : \llbracket
                                                   \Gamma \rrbracket \to \ll...

? 
! Undefined control sequence.
l.975 ...$ and $t,u : \llbracket \Gamma \rrbracket
                                                   \to \llbracket A \rrbrack...

? 
! Undefined control sequence.
l.975 ...lbracket \Gamma \rrbracket \to \llbracket
                                                   A \rrbracket$,
? 
! Undefined control sequence.
l.975 ...ma \rrbracket \to \llbracket A \rrbracket
                                                  $,
? 
! Undefined control sequence.
l.978 \llbracket
                 \mathrm{Choice}(p,t,u) \rrbracket
? 
! Undefined control sequence.
l.978 \llbracket \mathrm{Choice}(p,t,u) \rrbracket
                                                  
? 
! Undefined control sequence.
l.980 ...amma.\; p(\gamma)\cdot \delta_{\llbracket
                                                   t \rrbracket(\gamma)} \;+...

? 
! Undefined control sequence.
l.980 ...mma)\cdot \delta_{\llbracket t \rrbracket
                                                  (\gamma)} \;+\; (1-p(\gamm...

? 
! Undefined control sequence.
l.980 ...+\; (1-p(\gamma))\cdot \delta_{\llbracket
                                                   u \rrbracket(\gamma)} \big)
? 
! Undefined control sequence.
l.980 ...ma))\cdot \delta_{\llbracket u \rrbracket
                                                  (\gamma)} \big)
? 
[13]
! Undefined control sequence.
l.1034   \llbracket
                    \mathsf{Choice}(p, M, N) \rrbracket
? 
! Undefined control sequence.
l.1034 ...cket \mathsf{Choice}(p, M, N) \rrbracket
                                                  
? 
! Undefined control sequence.
l.1035   = p \cdot \llbracket
                              M \rrbracket + (1-p) \cdot \llbracket N \rrbra...

? 
! Undefined control sequence.
l.1035   = p \cdot \llbracket M \rrbracket
                                           + (1-p) \cdot \llbracket N \rrbra...

? 
! Undefined control sequence.
l.1035 ...et M \rrbracket + (1-p) \cdot \llbracket
                                                   N \rrbracket.
? 
! Undefined control sequence.
l.1035 ...et + (1-p) \cdot \llbracket N \rrbracket
                                                  .
? 
[14]
! Undefined control sequence.
l.1083   \llbracket
                    M \otimes N \rrbracket
? 
! Undefined control sequence.
l.1083   \llbracket M \otimes N \rrbracket
                                          
? 
! Undefined control sequence.
l.1084   = \llbracket
                      M \rrbracket \otimes \llbracket N \rrbracket,
? 
! Undefined control sequence.
l.1084   = \llbracket M \rrbracket
                                   \otimes \llbracket N \rrbracket,
? 
! Undefined control sequence.
l.1084 ...lbracket M \rrbracket \otimes \llbracket
                                                   N \rrbracket,
? 
! Undefined control sequence.
l.1084 ...rbracket \otimes \llbracket N \rrbracket
                                                  ,
? 
Missing character: There is no ∎ (U+220E) in font [lmroman10-regular]:mapping=t
ex-text;!
[15]
Missing character: There is no ∎ (U+220E) in font [lmroman10-regular]:mapping=t
ex-text;!
! Undefined control sequence.
<recently read> \llbracket 
                           
l.1164 ...$ where $v$ is a value, then $\llbracket
                                                   t \rrbracket = \delta_{\l...

? 
! Undefined control sequence.
l.1164 ...s a value, then $\llbracket t \rrbracket
                                                   = \delta_{\llbracket v \r...

? 
! Undefined control sequence.
l.1164 ...racket t \rrbracket = \delta_{\llbracket
                                                   v \rrbracket}$
? 
! Undefined control sequence.
l.1164 ...racket = \delta_{\llbracket v \rrbracket
                                                  }$
? 
! Undefined control sequence.
l.1166 ... then for any measurable $h : \llbracket
                                                   A \rrbracket \to \mathbb{...

? 
! Undefined control sequence.
l.1166 ... measurable $h : \llbracket A \rrbracket
                                                   \to \mathbb{R}$,
? 
! Undefined control sequence.
l.1168 ...tional}}[h] \;=\; \mathbb{E}_{\llbracket
                                                   t \rrbracket}[h].
? 
! Undefined control sequence.
l.1168 ...;=\; \mathbb{E}_{\llbracket t \rrbracket
                                                  }[h].
? 
! Undefined control sequence.
<recently read> \llbracket 
                           
l.1176 of $\llbracket
                      \mathrm{Choice}(p,t,u) \rrbracket$ as the convex mixture
? 
! Undefined control sequence.
l.1176 ...racket \mathrm{Choice}(p,t,u) \rrbracket
                                                  $ as the convex mixture
? 
! Undefined control sequence.
l.1177 $p \delta_{\llbracket
                             t \rrbracket} + (1-p)\delta_{\llbracket u \rrbr...

? 
! Undefined control sequence.
l.1177 $p \delta_{\llbracket t \rrbracket
                                         } + (1-p)\delta_{\llbracket u \rrbr...

? 
! Undefined control sequence.
l.1177 ... t \rrbracket} + (1-p)\delta_{\llbracket
                                                   u \rrbracket}$,
? 
! Undefined control sequence.
l.1177 ...} + (1-p)\delta_{\llbracket u \rrbracket
                                                  }$,
? 

Overfull \hbox (0.361pt too wide) in paragraph at lines 1174--1179
[]\TU/lmr/m/n/10 For the deterministic fragment, by induction on evaluation con
texts and the soundness of $\OML/cmm/m/it/10 ^^L$\TU/lmr/m/n/10 -reduction.
 []

! Undefined control sequence.
<recently read> \llbracket 
                           
l.1194 $\llbracket
                   R_i \rrbracket = p_i \delta_D + (1-p_i)\delta_S$.
? 
! Undefined control sequence.
l.1194 $\llbracket R_i \rrbracket
                                  = p_i \delta_D + (1-p_i)\delta_S$.
? 
! Undefined control sequence.
l.1201 \adjustbox
                 {max width=\textwidth}{%
? 
! Missing number, treated as zero.
<to be read again> 
                   }
l.1201 \adjustbox{max width=\textwidth}
                                       {%
? 
! Illegal unit of measure (pt inserted).
<to be read again> 
                   }
l.1201 \adjustbox{max width=\textwidth}
                                       {%
? 

! LaTeX Error: Environment tikzcd undefined.

See the LaTeX manual or LaTeX Companion for explanation.
Type  H <return>  for immediate help.
 ...                                              
                                                  
l.1202 \begin{tikzcd}
                     [column sep=small]
? 
! Undefined control sequence.
l.1204   \ar
            [r,"{\langle f , \pi_2 \rangle}"]
? 
! Undefined control sequence.
l.1205   \ar
            [d,swap,"{\text{oper.}}"]
? 
! Misplaced alignment tab character &.
l.1206 &
         (A \Rightarrow B) \times A
? 
! Undefined control sequence.
l.1207   \ar
            [r,"\mathsf{ev}"]
? 
! Misplaced alignment tab character &.
l.1208 &
         B \\
? 
! Undefined control sequence.
l.1210   \ar
            [rr,swap,"\llbracket \mathrm{Pop}(\mathrm{Sphere}(x{:}A.\,t),u)\...

? 
! Undefined control sequence.
l.1210   \ar[rr,swap,"\llbracket
                                 \mathrm{Pop}(\mathrm{Sphere}(x{:}A.\,t),u)\...

? 
! Undefined control sequence.
l.1210 ...(\mathrm{Sphere}(x{:}A.\,t),u)\rrbracket
                                                  "]
? 
! Misplaced alignment tab character &.
l.1211 &
        & B
? 
! Misplaced alignment tab character &.
l.1211 &&
          B
? 

! LaTeX Error: \begin{equation*} on input line 1200 ended by \end{tikzcd}.

See the LaTeX manual or LaTeX Companion for explanation.
Type  H <return>  for immediate help.
 ...                                              
                                                  
l.1212 \end{tikzcd}
                   }
? 

Overfull \hbox (115.81273pt too wide) detected at line 1213
[][]
 []


! Package amsmath Error: \tag not allowed here.

See the amsmath package documentation for explanation.
Type  H <return>  for immediate help.
 ...                                              
                                                  
l.1214 \tag
           {Sphere/Pop Adequacy}
? 
! Undefined control sequence.
l.1219 \adjustbox
                 {max width=\textwidth}{%
? 
! Missing number, treated as zero.
<to be read again> 
                   }
l.1219 \adjustbox{max width=\textwidth}
                                       {%
? 
! Illegal unit of measure (pt inserted).
<to be read again> 
                   }
l.1219 \adjustbox{max width=\textwidth}
                                       {%
? 

! LaTeX Error: Environment tikzcd undefined.

See the LaTeX manual or LaTeX Companion for explanation.
Type  H <return>  for immediate help.
 ...                                              
                                                  
l.1220 \begin{tikzcd}
                     [column sep=small]
? 
! Undefined control sequence.
l.1222   \ar
            [rr,"\cong"]
? 
! Undefined control sequence.
l.1223   \ar
            [d,swap,"{\text{oper. flatten}}"]
? 
! Misplaced alignment tab character &.
l.1224 &
        & t \otimes u
? 
! Misplaced alignment tab character &.
l.1224 &&
          t \otimes u
? 
! Undefined control sequence.
l.1225   \ar
            [d,"{\text{tensor}}"] \\
? 
! Undefined control sequence.
l.1227   \ar
            [rr,equal]
? 
! Misplaced alignment tab character &.
l.1228 &
        & \mathrm{Merge}(t,u)
? 
! Misplaced alignment tab character &.
l.1228 &&
          \mathrm{Merge}(t,u)
? 

! LaTeX Error: \begin{equation*} on input line 1218 ended by \end{tikzcd}.

See the LaTeX manual or LaTeX Companion for explanation.
Type  H <return>  for immediate help.
 ...                                              
                                                  
l.1229 \end{tikzcd}
                   }
? 

Overfull \hbox (61.29648pt too wide) detected at line 1230
[][]
 []


! Package amsmath Error: \tag not allowed here.

See the amsmath package documentation for explanation.
Type  H <return>  for immediate help.
 ...                                              
                                                  
l.1231 \tag
           {Merge Adequacy}
? 
! Undefined control sequence.
l.1236 \adjustbox
                 {max width=\textwidth}{%
? 
! Missing number, treated as zero.
<to be read again> 
                   }
l.1236 \adjustbox{max width=\textwidth}
                                       {%
? 
! Illegal unit of measure (pt inserted).
<to be read again> 
                   }
l.1236 \adjustbox{max width=\textwidth}
                                       {%
? 

! LaTeX Error: Environment tikzcd undefined.

See the LaTeX manual or LaTeX Companion for explanation.
Type  H <return>  for immediate help.
 ...                                              
                                                  
l.1237 \begin{tikzcd}
                     [column sep=small]
? 
! Undefined control sequence.
l.1239   \ar
            [r,"{(p,t,u)}"]
? 
! Undefined control sequence.
l.1240   \ar
            [d,swap,"{\text{sampling}}"]
? 
! Misplaced alignment tab character &.
l.1241 &
         [0,1] \times A^2
? 
! Undefined control sequence.
l.1242   \ar
            [r,"\mathsf{mix}"]
? 
! Misplaced alignment tab character &.
l.1243 &
         \mathsf{Dist}(A) \\
? 
! Undefined control sequence.
l.1245   \ar
            [rr,swap,"\llbracket \mathrm{Choice}(p,t,u) \rrbracket"]
? 
! Undefined control sequence.
l.1245   \ar[rr,swap,"\llbracket
                                 \mathrm{Choice}(p,t,u) \rrbracket"]
? 
! Undefined control sequence.
l.1245 ...racket \mathrm{Choice}(p,t,u) \rrbracket
                                                  "]
? 
! Misplaced alignment tab character &.
l.1246 &
        & \mathsf{Dist}(A)
? 
! Misplaced alignment tab character &.
l.1246 &&
          \mathsf{Dist}(A)
? 

! LaTeX Error: \begin{equation*} on input line 1235 ended by \end{tikzcd}.

See the LaTeX manual or LaTeX Companion for explanation.
Type  H <return>  for immediate help.
 ...                                              
                                                  
l.1247 \end{tikzcd}
                   }
? 

Overfull \hbox (100.5052pt too wide) detected at line 1248
[][]
 []


! Package amsmath Error: \tag not allowed here.

See the amsmath package documentation for explanation.
Type  H <return>  for immediate help.
 ...                                              
                                                  
l.1249 \tag
           {Choice Adequacy}
? 
! Undefined control sequence.
l.1254 \adjustbox
                 {max width=\textwidth}{%
? 
! Missing number, treated as zero.
<to be read again> 
                   }
l.1254 \adjustbox{max width=\textwidth}
                                       {%
? 
! Illegal unit of measure (pt inserted).
<to be read again> 
                   }
l.1254 \adjustbox{max width=\textwidth}
                                       {%
? 

! LaTeX Error: Environment tikzcd undefined.

See the LaTeX manual or LaTeX Companion for explanation.
Type  H <return>  for immediate help.
 ...                                              
                                                  
l.1255 \begin{tikzcd}
                     [column sep=small]
? 
! Undefined control sequence.
l.1257   \ar
            [r,"\otimes"]
? 
! Undefined control sequence.
l.1258   \ar
            [d,swap,"{\text{oper. Merge}}"]
? 
! Misplaced alignment tab character &.
l.1259 &
         \mathsf{Dist}(O^n)
? 
! Undefined control sequence.
l.1260   \ar
            [r,"{\mathsf{anyDoom}_\*}"]
? 
! Missing { inserted.
<to be read again> 
                   \discretionary 
l.1260   \ar[r,"{\mathsf{anyDoom}_\*
                                    }"]
? 
! Misplaced alignment tab character &.
l.1261 &
         \mathsf{Dist}(O) \\
? 
! Undefined control sequence.
l.1263   \ar
            [rr,equal]
? 
! Misplaced alignment tab character &.
l.1264 &
        & \mathsf{Dist}(O)
? 
! Misplaced alignment tab character &.
l.1264 &&
          \mathsf{Dist}(O)
? 

! LaTeX Error: \begin{equation*} on input line 1253 ended by \end{tikzcd}.

See the LaTeX manual or LaTeX Companion for explanation.
Type  H <return>  for immediate help.
 ...                                              
                                                  
l.1265 \end{tikzcd}
                   }
? 
! Missing } inserted.
<inserted text> 
                }
l.1265 \end{tikzcd}
                   }
? 

Overfull \hbox (111.90596pt too wide) detected at line 1266
[][]
 []


! Package amsmath Error: \tag not allowed here.

See the amsmath package documentation for explanation.
Type  H <return>  for immediate help.
 ...                                              
                                                  
l.1267 \tag
           {Independent Channels Adequacy}
? 
[16] [17]

Package hyperref Warning: Token not allowed in a PDF string (Unicode):
(hyperref)                removing `math shift' on input line 1356.


Package hyperref Warning: Token not allowed in a PDF string (Unicode):
(hyperref)                removing `\lambda' on input line 1356.


Package hyperref Warning: Token not allowed in a PDF string (Unicode):
(hyperref)                removing `math shift' on input line 1356.


Package hyperref Warning: Token not allowed in a PDF string (Unicode):
(hyperref)                removing `math shift' on input line 1365.


Package hyperref Warning: Token not allowed in a PDF string (Unicode):
(hyperref)                removing `\pi' on input line 1365.


Package hyperref Warning: Token not allowed in a PDF string (Unicode):
(hyperref)                removing `math shift' on input line 1365.


Package hyperref Warning: Token not allowed in a PDF string (Unicode):
(hyperref)                removing `math shift' on input line 1374.


Package hyperref Warning: Token not allowed in a PDF string (Unicode):
(hyperref)                removing `\lambda' on input line 1374.


Package hyperref Warning: Token not allowed in a PDF string (Unicode):
(hyperref)                removing `math shift' on input line 1374.

[18]

! LaTeX Error: Can be used only in preamble.

See the LaTeX manual or LaTeX Companion for explanation.
Type  H <return>  for immediate help.
 ...                                              
                                                  
l.1431 \usepackage
                  {tabularx} % in your preamble
? 

! LaTeX Error: Environment tabularx undefined.

See the LaTeX manual or LaTeX Companion for explanation.
Type  H <return>  for immediate help.
 ...                                              
                                                  
l.1436 \begin{tabularx}
                       {\textwidth}{|l|X|X|X|X|}
? 
! Missing number, treated as zero.
<to be read again> 
                   }
l.1436 \begin{tabularx}{\textwidth}
                                   {|l|X|X|X|X|}
? 
! Illegal unit of measure (pt inserted).
<to be read again> 
                   }
l.1436 \begin{tabularx}{\textwidth}
                                   {|l|X|X|X|X|}
? 
! Misplaced \noalign.
\hline ->\noalign 
                  {\ifnum 0=`}\fi \hrule \@height \arrayrulewidth \futurelet...
l.1437 \hline
             
? 
! Misplaced alignment tab character &.
l.1438 \textbf{Feature} &
                          $\lambda$-calc. & $\pi$-calc. & Prob.\ $\lambda$ &...

? 
! Misplaced alignment tab character &.
l.1438 \textbf{Feature} & $\lambda$-calc. &
                                            $\pi$-calc. & Prob.\ $\lambda$ &...

? 
! Misplaced alignment tab character &.
l.1438 ...ature} & $\lambda$-calc. & $\pi$-calc. &
                                                   Prob.\ $\lambda$ & \textb...

? 
! Misplaced alignment tab character &.
l.1438 ...calc. & $\pi$-calc. & Prob.\ $\lambda$ &
                                                   \textbf{SPC} \\
? 
! Misplaced \noalign.
\hline ->\noalign 
                  {\ifnum 0=`}\fi \hrule \@height \arrayrulewidth \futurelet...
l.1439 \hline
             
? 
! Misplaced alignment tab character &.
l.1440 Core abstraction &
                         
? 
! Misplaced alignment tab character &.
l.1441 $\lambda x.\,t$ &
                        
? 
! Misplaced alignment tab character &.
l.1442 Processes, channels &
                            
? 
! Misplaced alignment tab character &.
l.1443 $\lambda x.\,t$ &
                        
? 
! Misplaced \noalign.
\hline ->\noalign 
                  {\ifnum 0=`}\fi \hrule \@height \arrayrulewidth \futurelet...
l.1445 \hline
             
? 
! Misplaced alignment tab character &.
l.1446 Application &
                    
? 
! Misplaced alignment tab character &.
l.1447 $t\;u$ &
               
? 
! Misplaced alignment tab character &.
l.1448 Channel comm. &
                      
? 
! Misplaced alignment tab character &.
l.1449 $t\;u$ &
               
? 
! Misplaced \noalign.
\hline ->\noalign 
                  {\ifnum 0=`}\fi \hrule \@height \arrayrulewidth \futurelet...
l.1451 \hline
             
? 
! Misplaced alignment tab character &.
l.1452 Scope model &
                    
? 
! Misplaced alignment tab character &.
l.1453 Parentheses &
                    
? 
! Misplaced alignment tab character &.
l.1454 Channel scope &
                      
? 
! Misplaced alignment tab character &.
l.1455 Parentheses &
                    
? 
! Misplaced \noalign.
\hline ->\noalign 
                  {\ifnum 0=`}\fi \hrule \@height \arrayrulewidth \futurelet...
l.1457 \hline
             
? 
! Misplaced alignment tab character &.
l.1458 Concurrency &
                    
? 
! Misplaced alignment tab character &.
l.1459 Not built-in &
                     
? 
! Misplaced alignment tab character &.
l.1460 Yes: parallel comp. &
                            
? 
! Misplaced alignment tab character &.
l.1461 Not built-in &
                     
? 
! Misplaced \noalign.
\hline ->\noalign 
                  {\ifnum 0=`}\fi \hrule \@height \arrayrulewidth \futurelet...
l.1463 \hline
             
? 
! Misplaced alignment tab character &.
l.1464 Probabilistic choice &
                             
? 
! Misplaced alignment tab character &.
l.1465 Not built-in &
                     
? 
! Misplaced alignment tab character &.
l.1466 Not built-in &
                     
? 
! Misplaced alignment tab character &.
l.1467 $\mathrm{flip}(p)$, random prims &
                                         
? 
! Misplaced \noalign.
\hline ->\noalign 
                  {\ifnum 0=`}\fi \hrule \@height \arrayrulewidth \futurelet...
l.1469 \hline
             
? 
! Misplaced alignment tab character &.
l.1470 Dependent types &
                        
? 
! Misplaced alignment tab character &.
l.1471 No &
           
? 
! Misplaced alignment tab character &.
l.1472 No &
           
? 
! Misplaced alignment tab character &.
l.1473 Rare extensions &
                        
? 
! Misplaced \noalign.
\hline ->\noalign 
                  {\ifnum 0=`}\fi \hrule \@height \arrayrulewidth \futurelet...
l.1475 \hline
             
? 
! Misplaced alignment tab character &.
l.1476 Categorical semantics &
                              
? 
! Misplaced alignment tab character &.
l.1477 CCC (cart.\ closed cat.) &
                                 
? 
! Misplaced alignment tab character &.
l.1478 Proc.\ categories &
                          
? 
! Misplaced alignment tab character &.
l.1479 Monads for prob. &
                         
? 
! Misplaced \noalign.
\hline ->\noalign 
                  {\ifnum 0=`}\fi \hrule \@height \arrayrulewidth \futurelet...
l.1481 \hline
             
? 
! Misplaced alignment tab character &.
l.1482 Evaluation &
                   
? 
! Misplaced alignment tab character &.
l.1483 $\beta$-reduction &
                          
? 
! Misplaced alignment tab character &.
l.1484 Proc.\ interaction &
                           
? 
! Misplaced alignment tab character &.
l.1485 $\beta$-red.\ + sampling &
                                 
? 
! Misplaced \noalign.
\hline ->\noalign 
                  {\ifnum 0=`}\fi \hrule \@height \arrayrulewidth \futurelet...
l.1487 \hline
             
? 
! Misplaced alignment tab character &.
l.1488 Scope visualization &
                            
? 
! Misplaced alignment tab character &.
l.1489 Not emphasized &
                       
? 
! Misplaced alignment tab character &.
l.1490 Channel diagrams &
                         
? 
! Misplaced alignment tab character &.
l.1491 Not emphasized &
                       
? 
! Misplaced \noalign.
\hline ->\noalign 
                  {\ifnum 0=`}\fi \hrule \@height \arrayrulewidth \futurelet...
l.1493 \hline
             
? 

! LaTeX Error: \begin{table} on input line 1433 ended by \end{tabularx}.

See the LaTeX manual or LaTeX Companion for explanation.
Type  H <return>  for immediate help.
 ...                                              
                                                  
l.1494 \end{tabularx}
                     
? 
[19]

Package hyperref Warning: Token not allowed in a PDF string (Unicode):
(hyperref)                removing `math shift' on input line 1551.


Package hyperref Warning: Token not allowed in a PDF string (Unicode):
(hyperref)                removing `subscript' on input line 1551.


Package hyperref Warning: Token not allowed in a PDF string (Unicode):
(hyperref)                removing `\lambda' on input line 1551.


Package hyperref Warning: Token not allowed in a PDF string (Unicode):
(hyperref)                removing `math shift' on input line 1551.


Package hyperref Warning: Token not allowed in a PDF string (Unicode):
(hyperref)                removing `math shift' on input line 1551.


Package hyperref Warning: Token not allowed in a PDF string (Unicode):
(hyperref)                removing `\lambda' on input line 1551.


Package hyperref Warning: Token not allowed in a PDF string (Unicode):
(hyperref)                removing `math shift' on input line 1551.

! Undefined control sequence.
l.1563 \llbracket
                  \alpha \rrbracket = \alpha, \qquad
? 
! Undefined control sequence.
l.1563 \llbracket \alpha \rrbracket
                                    = \alpha, \qquad
? 
! Undefined control sequence.
l.1564 \llbracket
                  \tau_1 \to \tau_2 \rrbracket = \Pi x{:}\llbracket \tau_1 \...

? 
! Undefined control sequence.
l.1564 \llbracket \tau_1 \to \tau_2 \rrbracket
                                               = \Pi x{:}\llbracket \tau_1 \...

? 
! Undefined control sequence.
l.1564 ...o \tau_2 \rrbracket = \Pi x{:}\llbracket
                                                   \tau_1 \rrbracket.\ \llbr...

? 
! Undefined control sequence.
l.1564 ...t = \Pi x{:}\llbracket \tau_1 \rrbracket
                                                  .\ \llbracket \tau_2 \rrbr...

? 
! Undefined control sequence.
l.1564 ...llbracket \tau_1 \rrbracket.\ \llbracket
                                                   \tau_2 \rrbracket
? 
! Undefined control sequence.
l.1564 ...rrbracket.\ \llbracket \tau_2 \rrbracket
                                                  
? 
! Undefined control sequence.
l.1572 ...u.\,e) &= \mathrm{Sphere}(x{:}\llbracket
                                                   \tau \rrbracket.\ \mathca...

? 
! Undefined control sequence.
l.1572 ...m{Sphere}(x{:}\llbracket \tau \rrbracket
                                                  .\ \mathcal{T}_\lambda(e)) \\

? 
! Undefined control sequence.
l.1578 ...dash \mathcal{T}_\lambda(e) : \llbracket
                                                   \tau \rrbracket$.
? 
! Undefined control sequence.
l.1578 ..._\lambda(e) : \llbracket \tau \rrbracket
                                                  $.
? 

Package hyperref Warning: Token not allowed in a PDF string (Unicode):
(hyperref)                removing `math shift' on input line 1591.


Package hyperref Warning: Token not allowed in a PDF string (Unicode):
(hyperref)                removing `subscript' on input line 1591.


Package hyperref Warning: Token not allowed in a PDF string (Unicode):
(hyperref)                removing `\leavevmode@ifvmode' on input line 1591.


Package hyperref Warning: Token not allowed in a PDF string (Unicode):
(hyperref)                \kern 1.66702pt
(hyperref)                removed on input line 1591.


Package hyperref Warning: Token not allowed in a PDF string (Unicode):
(hyperref)                removing `\lambda' on input line 1591.


Package hyperref Warning: Token not allowed in a PDF string (Unicode):
(hyperref)                removing `math shift' on input line 1591.


Package hyperref Warning: Token not allowed in a PDF string (Unicode):
(hyperref)                removing `math shift' on input line 1591.


Package hyperref Warning: Token not allowed in a PDF string (Unicode):
(hyperref)                removing `\lambda' on input line 1591.


Package hyperref Warning: Token not allowed in a PDF string (Unicode):
(hyperref)                removing `math shift' on input line 1591.

! Undefined control sequence.
<recently read> \llbracket 
                           
l.1599 As in $\lambda$; additionally $\llbracket
                                                 \mathsf{Prob} \rrbracket = ...

? 
! Undefined control sequence.
l.1599 ...lly $\llbracket \mathsf{Prob} \rrbracket
                                                   = \mathsf{Prob}$.
? 
! Undefined control sequence.
l.1613 ...{\mathrm{prob}\,\lambda}(e) : \llbracket
                                                   \tau \rrbracket$ in SPC
? 
! Undefined control sequence.
l.1613 ...\lambda}(e) : \llbracket \tau \rrbracket
                                                  $ in SPC
? 
[20]
! Undefined control sequence.
l.1634 ...\lambda(e_2)) : \mathsf{Dist}(\llbracket
                                                   \tau \rrbracket),
? 
! Undefined control sequence.
l.1634 ...\mathsf{Dist}(\llbracket \tau \rrbracket
                                                  ),
? 

Package hyperref Warning: Token not allowed in a PDF string (Unicode):
(hyperref)                removing `math shift' on input line 1639.


Package hyperref Warning: Token not allowed in a PDF string (Unicode):
(hyperref)                removing `subscript' on input line 1639.


Package hyperref Warning: Token not allowed in a PDF string (Unicode):
(hyperref)                removing `\pi' on input line 1639.


Package hyperref Warning: Token not allowed in a PDF string (Unicode):
(hyperref)                removing `math shift' on input line 1639.


Package hyperref Warning: Token not allowed in a PDF string (Unicode):
(hyperref)                removing `math shift' on input line 1639.


Package hyperref Warning: Token not allowed in a PDF string (Unicode):
(hyperref)                removing `\pi' on input line 1639.


Package hyperref Warning: Token not allowed in a PDF string (Unicode):
(hyperref)                removing `math shift' on input line 1639.

[21]
! Undefined control sequence.
<recently read> \llbracket 
                           
l.1710       $\llbracket
                         \mathcal{T}_{\mathrm{prob}\,\lambda}(e)\rrbracket
? 
! Undefined control sequence.
l.1710 ...T}_{\mathrm{prob}\,\lambda}(e)\rrbracket
                                                  
? 
! Undefined control sequence.
l.1711       = \mathcal{T}^\mathcal{E}(\llbracket
                                                  e \rrbracket)$, where
? 
! Undefined control sequence.
l.1711 ...l{T}^\mathcal{E}(\llbracket e \rrbracket
                                                  )$, where
? 
! Undefined control sequence.
l.1724 ...\tau.\,e)=\mathrm{Sphere}(x{:}\llbracket
                                                  \tau\rrbracket.\,\mathcal{...

? 
! Undefined control sequence.
l.1724 ...hrm{Sphere}(x{:}\llbracket\tau\rrbracket
                                                  .\,\mathcal{T}_\lambda(e))...

? 
! Undefined control sequence.
<recently read> \llbracket 
                           
l.1727 and the type mapping $\llbracket
                                       \alpha\rrbracket=\alpha$, $\llbracket...

? 
! Undefined control sequence.
l.1727 ...type mapping $\llbracket\alpha\rrbracket
                                                  =\alpha$, $\llbracket \tau...

? 
! Undefined control sequence.
<recently read> \llbracket 
                           
l.1727 ...ket\alpha\rrbracket=\alpha$, $\llbracket
                                                   \tau_1\to\tau_2\rrbracket...

? 
! Undefined control sequence.
l.1727 ...$, $\llbracket \tau_1\to\tau_2\rrbracket
                                                  =\Pi x{:}\llbracket\tau_1\...

? 
! Undefined control sequence.
l.1727 ..._1\to\tau_2\rrbracket=\Pi x{:}\llbracket
                                                  \tau_1\rrbracket.\,\llbrac...

? 
! Undefined control sequence.
l.1727 ...acket=\Pi x{:}\llbracket\tau_1\rrbracket
                                                  .\,\llbracket\tau_2\rrbrac...

? 
! Undefined control sequence.
l.1727 ...}\llbracket\tau_1\rrbracket.\,\llbracket
                                                  \tau_2\rrbracket$ (with $x...

? 
! Undefined control sequence.
l.1727 ...1\rrbracket.\,\llbracket\tau_2\rrbracket
                                                  $ (with $x\notin \mathrm{F...

? 
! Undefined control sequence.
l.1730 ...\vdash \mathcal{T}_\lambda(e):\llbracket
                                                  \tau\rrbracket$ in SPC.
? 
! Undefined control sequence.
l.1730 ...l{T}_\lambda(e):\llbracket\tau\rrbracket
                                                  $ in SPC.
? 
! Undefined control sequence.
l.1741 ...\mathcal{T}_\lambda(v)/x\,] : \llbracket
                                                  \sigma\rrbracket.
? 
! Undefined control sequence.
l.1741 ...bda(v)/x\,] : \llbracket\sigma\rrbracket
                                                  .
? 
! Undefined control sequence.
l.1749 \mathrm{Pop}(\mathrm{Sphere}(x{:}\llbracket
                                                  \tau\rrbracket.\,\mathcal{...

? 
! Undefined control sequence.
l.1749 ...hrm{Sphere}(x{:}\llbracket\tau\rrbracket
                                                  .\,\mathcal{T}_\lambda(e))...

? 
! Undefined control sequence.
l.1760 ...dash \mathcal{T}_\lambda(e) : \llbracket
                                                  \tau\rrbracket$ and
? 
! Undefined control sequence.
l.1760 ...T}_\lambda(e) : \llbracket\tau\rrbracket
                                                  $ and
? 
[22]
Overfull \hbox (7.23232pt too wide) in paragraph at lines 1805--1806
 []\TU/lmr/bx/n/10 Denotational interpretation (Option B: distribution monad)[]
 \TU/lmr/m/n/10 In the presheaf topos $\OMS/cmsy/m/n/10 E \OT1/cmr/m/n/10 = [[]
[]\OML/cmm/m/it/10 ; []\OT1/cmr/m/n/10 ]$
 []

! Undefined control sequence.
l.1807 \llbracket
                  \mathrm{Choice}(p,t,u)\rrbracket
? 
! Undefined control sequence.
l.1807 \llbracket \mathrm{Choice}(p,t,u)\rrbracket
                                                  
? 
! Undefined control sequence.
l.1808 \;=\; p\cdot\delta_{\llbracket
                                      t\rrbracket} + (1-p)\cdot\delta_{\llbr...

? 
! Undefined control sequence.
l.1808 \;=\; p\cdot\delta_{\llbracket t\rrbracket
                                                 } + (1-p)\cdot\delta_{\llbr...

? 
! Undefined control sequence.
l.1808 ...rbracket} + (1-p)\cdot\delta_{\llbracket
                                                   u\rrbracket}.
? 
! Undefined control sequence.
l.1808 ...(1-p)\cdot\delta_{\llbracket u\rrbracket
                                                  }.
? 
! Undefined control sequence.
<recently read> \llbracket 
                           
l.1810 But $\llbracket
                       t \rrbracket=\llbracket u \rrbracket=\llbracket a \rr...

? 
! Undefined control sequence.
l.1810 But $\llbracket t \rrbracket
                                   =\llbracket u \rrbracket=\llbracket a \rr...

? 
! Undefined control sequence.
l.1810 But $\llbracket t \rrbracket=\llbracket
                                               u \rrbracket=\llbracket a \rr...

? 
! Undefined control sequence.
l.1810 ...ket t \rrbracket=\llbracket u \rrbracket
                                                  =\llbracket a \rrbracket$, so

? 
! Undefined control sequence.
l.1810 ...acket=\llbracket u \rrbracket=\llbracket
                                                   a \rrbracket$, so
? 
! Undefined control sequence.
l.1810 ...ket u \rrbracket=\llbracket a \rrbracket
                                                  $, so
? 
! Undefined control sequence.
l.1812 \llbracket
                  \mathcal{T}_{\mathrm{prob}\,\lambda}(e) \rrbracket
? 
! Undefined control sequence.
l.1812 ...}_{\mathrm{prob}\,\lambda}(e) \rrbracket
                                                  
? 
! Undefined control sequence.
l.1813 = p\cdot\delta_{\llbracket
                                  a \rrbracket} + (1-p)\cdot\delta_{\llbrack...

? 
! Undefined control sequence.
l.1813 = p\cdot\delta_{\llbracket a \rrbracket
                                              } + (1-p)\cdot\delta_{\llbrack...

? 
! Undefined control sequence.
l.1813 ...rbracket} + (1-p)\cdot\delta_{\llbracket
                                                   a \rrbracket}
? 
! Undefined control sequence.
l.1813 ...1-p)\cdot\delta_{\llbracket a \rrbracket
                                                  }
? 
! Undefined control sequence.
l.1814 = \delta_{\llbracket
                            a \rrbracket}.
? 
! Undefined control sequence.
l.1814 = \delta_{\llbracket a \rrbracket
                                        }.
? 
! Undefined control sequence.
l.1829 \llbracket
                  \mathcal{T}_{\mathrm{prob}\,\lambda}(e') \rrbracket
? 
! Undefined control sequence.
l.1829 ..._{\mathrm{prob}\,\lambda}(e') \rrbracket
                                                  
? 
(./spherepop-calculus.bbl [23] [24]) [25] (./spherepop-calculus.aux)
Package rerunfilecheck Info: File `spherepop-calculus.out' has not changed.
(rerunfilecheck)             Checksum: FF6718285C4F9D1262A7D886BB1F797C;10833.
 ) 
Here is how much of TeX's memory you used:
 9285 strings out of 476191
 145489 string characters out of 5812072
 461774 words of memory out of 5000000
 29869 multiletter control sequences out of 15000+600000
 481633 words of font info for 93 fonts, out of 8000000 for 9000
 1348 hyphenation exceptions out of 8191
 60i,16n,64p,348b,440s stack positions out of 5000i,500n,10000p,200000b,80000s

Output written on spherepop-calculus.pdf (25 pages).
