\BOOKMARK [1][-]{section.1}{\376\377\000I\000n\000t\000r\000o\000d\000u\000c\000t\000i\000o\000n}{}% 1
\BOOKMARK [2][-]{subsection.1.1}{\376\377\000M\000o\000t\000i\000v\000a\000t\000i\000o\000n\000\040\000a\000n\000d\000\040\000O\000v\000e\000r\000v\000i\000e\000w}{section.1}% 2
\BOOKMARK [2][-]{subsection.1.2}{\376\377\000S\000t\000r\000u\000c\000t\000u\000r\000e\000\040\000o\000f\000\040\000t\000h\000e\000\040\000P\000a\000p\000e\000r}{section.1}% 3
\BOOKMARK [1][-]{section.2}{\376\377\000R\000e\000l\000a\000t\000e\000d\000\040\000W\000o\000r\000k}{}% 4
\BOOKMARK [1][-]{section.3}{\376\377\000O\000v\000e\000r\000v\000i\000e\000w\000\040\000o\000f\000\040\000t\000h\000e\000\040\000L\000a\000n\000g\000u\000a\000g\000e}{}% 5
\BOOKMARK [2][-]{subsubsection.3.0.1}{\376\377\0001\000.\000\040\000C\000o\000r\000e\000\040\000P\000r\000i\000m\000i\000t\000i\000v\000e\000s}{section.3}% 6
\BOOKMARK [3][-]{subsubsection.3.0.2}{\376\377\0002\000.\000\040\000T\000y\000p\000e\000\040\000D\000i\000s\000c\000i\000p\000l\000i\000n\000e}{subsubsection.3.0.1}% 7
\BOOKMARK [3][-]{subsubsection.3.0.3}{\376\377\0003\000.\000\040\000O\000p\000e\000r\000a\000t\000i\000o\000n\000a\000l\000\040\000S\000e\000m\000a\000n\000t\000i\000c\000s}{subsubsection.3.0.1}% 8
\BOOKMARK [3][-]{subsubsection.3.0.4}{\376\377\0004\000.\000\040\000D\000e\000n\000o\000t\000a\000t\000i\000o\000n\000a\000l\000\040\000S\000e\000m\000a\000n\000t\000i\000c\000s}{subsubsection.3.0.1}% 9
\BOOKMARK [3][-]{subsubsection.3.0.5}{\376\377\0005\000.\000\040\000M\000e\000t\000a\000-\000T\000h\000e\000o\000r\000y}{subsubsection.3.0.1}% 10
\BOOKMARK [3][-]{subsubsection.3.0.6}{\376\377\0006\000.\000\040\000C\000o\000n\000c\000e\000p\000t\000u\000a\000l\000\040\000R\000o\000l\000e}{subsubsection.3.0.1}% 11
\BOOKMARK [1][-]{section.4}{\376\377\000S\000y\000n\000t\000a\000x\000\040\000a\000n\000d\000\040\000T\000y\000p\000i\000n\000g}{}% 12
\BOOKMARK [2][-]{subsection.4.1}{\376\377\000G\000r\000a\000m\000m\000a\000r\000\040\000o\000f\000\040\000T\000e\000r\000m\000s}{section.4}% 13
\BOOKMARK [2][-]{subsection.4.2}{\376\377\000T\000y\000p\000e\000s\000\040\000a\000n\000d\000\040\000C\000o\000n\000t\000e\000x\000t\000s}{section.4}% 14
\BOOKMARK [2][-]{subsection.4.3}{\376\377\000T\000y\000p\000i\000n\000g\000\040\000R\000u\000l\000e\000s}{section.4}% 15
\BOOKMARK [2][-]{subsection.4.4}{\376\377\000D\000e\000p\000e\000n\000d\000e\000n\000t\000\040\000T\000y\000p\000e\000s\000\040\000a\000n\000d\000\040\000E\000x\000t\000e\000n\000s\000i\000o\000n\000s}{section.4}% 16
\BOOKMARK [1][-]{section.5}{\376\377\000O\000p\000e\000r\000a\000t\000i\000o\000n\000a\000l\000\040\000S\000e\000m\000a\000n\000t\000i\000c\000s}{}% 17
\BOOKMARK [2][-]{subsection.5.1}{\376\377\000-\000R\000e\000d\000u\000c\000t\000i\000o\000n\000\040\000a\000n\000d\000\040\000P\000o\000p}{section.5}% 18
\BOOKMARK [2][-]{subsection.5.2}{\376\377\000M\000e\000r\000g\000e\000\040\000a\000s\000\040\000P\000a\000r\000a\000l\000l\000e\000l\000\040\000C\000o\000m\000p\000o\000s\000i\000t\000i\000o\000n}{section.5}% 19
\BOOKMARK [2][-]{subsection.5.3}{\376\377\000C\000h\000o\000i\000c\000e\000\040\000\050\000I\000n\000t\000e\000r\000n\000a\000l\000\040\000a\000n\000d\000\040\000M\000o\000n\000a\000d\000i\000c\000\040\000V\000a\000r\000i\000a\000n\000t\000s\000\051}{section.5}% 20
\BOOKMARK [2][-]{subsection.5.4}{\376\377\000E\000q\000u\000a\000t\000i\000o\000n\000a\000l\000\040\000P\000r\000o\000p\000e\000r\000t\000i\000e\000s\000\040\000o\000f\000\040\000M\000e\000r\000g\000e}{section.5}% 21
\BOOKMARK [2][-]{subsection.5.5}{\376\377\000E\000q\000u\000a\000t\000i\000o\000n\000a\000l\000\040\000P\000r\000o\000p\000e\000r\000t\000i\000e\000s\000\040\000o\000f\000\040\000M\000e\000r\000g\000e}{section.5}% 22
\BOOKMARK [1][-]{section.6}{\376\377\000D\000e\000n\000o\000t\000a\000t\000i\000o\000n\000a\000l\000\040\000S\000e\000m\000a\000n\000t\000i\000c\000s}{}% 23
\BOOKMARK [2][-]{subsection.6.1}{\376\377\000P\000r\000e\000s\000h\000e\000a\000f\000\040\000T\000o\000p\000o\000s\000\040\000S\000e\000m\000a\000n\000t\000i\000c\000s}{section.6}% 24
\BOOKMARK [2][-]{subsection.6.2}{\376\377\000S\000p\000h\000e\000r\000e\000/\000P\000o\000p\000\040\000a\000s\000\040\000E\000x\000p\000o\000n\000e\000n\000t\000i\000a\000l\000s}{section.6}% 25
\BOOKMARK [2][-]{subsection.6.3}{\376\377\000M\000e\000r\000g\000e\000\040\000a\000s\000\040\000T\000e\000n\000s\000o\000r}{section.6}% 26
\BOOKMARK [2][-]{subsection.6.4}{\376\377\000C\000h\000o\000i\000c\000e\000\040\000a\000s\000\040\000C\000o\000n\000v\000e\000x\000\040\000M\000i\000x\000t\000u\000r\000e}{section.6}% 27
\BOOKMARK [2][-]{subsection.6.5}{\376\377\000D\000i\000s\000t\000r\000i\000b\000u\000t\000i\000o\000n\000\040\000M\000o\000n\000a\000d\000\040\000S\000t\000r\000u\000c\000t\000u\000r\000e}{section.6}% 28
\BOOKMARK [1][-]{section.7}{\376\377\000M\000e\000t\000a\000-\000T\000h\000e\000o\000r\000y}{}% 29
\BOOKMARK [2][-]{subsection.7.1}{\376\377\000P\000r\000e\000s\000e\000r\000v\000a\000t\000i\000o\000n\000\040\000a\000n\000d\000\040\000S\000u\000b\000s\000t\000i\000t\000u\000t\000i\000o\000n}{section.7}% 30
\BOOKMARK [2][-]{subsection.7.2}{\376\377\000P\000r\000o\000g\000r\000e\000s\000s\000\040\000a\000n\000d\000\040\000N\000o\000r\000m\000a\000l\000\040\000F\000o\000r\000m\000s}{section.7}% 31
\BOOKMARK [2][-]{subsection.7.3}{\376\377\000A\000d\000e\000q\000u\000a\000c\000y\000\040\000o\000f\000\040\000P\000r\000o\000b\000a\000b\000i\000l\000i\000s\000t\000i\000c\000\040\000S\000e\000m\000a\000n\000t\000i\000c\000s}{section.7}% 32
\BOOKMARK [2][-]{subsection.7.4}{\376\377\000I\000n\000d\000e\000p\000e\000n\000d\000e\000n\000t\000\040\000C\000h\000a\000n\000n\000e\000l\000s\000\040\000L\000e\000m\000m\000a}{section.7}% 33
\BOOKMARK [1][-]{section.8}{\376\377\000H\000i\000s\000t\000o\000r\000i\000c\000a\000l\000\040\000A\000n\000t\000e\000c\000e\000d\000e\000n\000t\000s}{}% 34
\BOOKMARK [2][-]{subsection.8.1}{\376\377\000L\000a\000m\000b\000d\000a\000\040\000C\000a\000l\000c\000u\000l\000u\000s\000\040\000a\000n\000d\000\040\000T\000y\000p\000e\000\040\000T\000h\000e\000o\000r\000y}{section.8}% 35
\BOOKMARK [2][-]{subsection.8.2}{\376\377\000C\000a\000t\000e\000g\000o\000r\000i\000c\000a\000l\000\040\000a\000n\000d\000\040\000T\000o\000p\000o\000s\000-\000T\000h\000e\000o\000r\000e\000t\000i\000c\000\040\000F\000o\000u\000n\000d\000a\000t\000i\000o\000n\000s}{section.8}% 36
\BOOKMARK [2][-]{subsection.8.3}{\376\377\000P\000r\000o\000b\000a\000b\000i\000l\000i\000s\000t\000i\000c\000\040\000S\000e\000m\000a\000n\000t\000i\000c\000s\000\040\000a\000n\000d\000\040\000M\000o\000n\000a\000d\000s}{section.8}% 37
\BOOKMARK [2][-]{subsection.8.4}{\376\377\000C\000o\000n\000c\000u\000r\000r\000e\000n\000c\000y\000\040\000a\000n\000d\000\040\000M\000e\000r\000g\000e\000\040\000O\000p\000e\000r\000a\000t\000o\000r\000s}{section.8}% 38
\BOOKMARK [2][-]{subsection.8.5}{\376\377\000T\000i\000m\000e\000l\000i\000n\000e\000\040\000o\000f\000\040\000A\000n\000t\000e\000c\000e\000d\000e\000n\000t\000s}{section.8}% 39
\BOOKMARK [1][-]{section.9}{\376\377\000P\000o\000s\000i\000t\000i\000o\000n\000i\000n\000g\000\040\000o\000f\000\040\000S\000P\000C}{}% 40
\BOOKMARK [2][-]{subsection.9.1}{\376\377\000C\000o\000m\000p\000a\000r\000i\000s\000o\000n\000\040\000w\000i\000t\000h\000\040\000-\000c\000a\000l\000c\000u\000l\000u\000s}{section.9}% 41
\BOOKMARK [2][-]{subsection.9.2}{\376\377\000C\000o\000m\000p\000a\000r\000i\000s\000o\000n\000\040\000w\000i\000t\000h\000\040\000-\000c\000a\000l\000c\000u\000l\000u\000s}{section.9}% 42
\BOOKMARK [2][-]{subsection.9.3}{\376\377\000C\000o\000m\000p\000a\000r\000i\000s\000o\000n\000\040\000w\000i\000t\000h\000\040\000P\000r\000o\000b\000a\000b\000i\000l\000i\000s\000t\000i\000c\000\040\000-\000c\000a\000l\000c\000u\000l\000u\000s}{section.9}% 43
\BOOKMARK [2][-]{subsection.9.4}{\376\377\000C\000o\000m\000p\000a\000r\000i\000s\000o\000n\000\040\000w\000i\000t\000h\000\040\000C\000o\000C\000/\000C\000I\000C}{section.9}% 44
\BOOKMARK [2][-]{subsection.9.5}{\376\377\000S\000u\000m\000m\000a\000r\000y\000\040\000a\000n\000d\000\040\000O\000b\000s\000e\000r\000v\000a\000t\000i\000o\000n}{section.9}% 45
\BOOKMARK [2][-]{subsection.9.6}{\376\377\000E\000x\000p\000r\000e\000s\000s\000i\000v\000i\000t\000y\000\040\000P\000r\000o\000p\000o\000s\000i\000t\000i\000o\000n}{section.9}% 46
\BOOKMARK [1][-]{section.10}{\376\377\000T\000r\000a\000n\000s\000l\000a\000t\000i\000o\000n\000s\000\040\000i\000n\000t\000o\000\040\000S\000P\000C}{}% 47
\BOOKMARK [2][-]{subsection.10.1}{\376\377\000N\000o\000t\000a\000t\000i\000o\000n}{section.10}% 48
\BOOKMARK [2][-]{subsection.10.2}{\376\377\000T\000r\000a\000n\000s\000l\000a\000t\000i\000o\000n\000\040\000T\000\040\000\050\000S\000i\000m\000p\000l\000y\000-\000t\000y\000p\000e\000d\000\040\000\051}{section.10}% 49
\BOOKMARK [2][-]{subsection.10.3}{\376\377\000T\000r\000a\000n\000s\000l\000a\000t\000i\000o\000n\000\040\000T\000p\000r\000o\000b\000\040\000\050\000P\000r\000o\000b\000a\000b\000i\000l\000i\000s\000t\000i\000c\000\040\000\051}{section.10}% 50
\BOOKMARK [2][-]{subsection.10.4}{\376\377\000T\000r\000a\000n\000s\000l\000a\000t\000i\000o\000n\000\040\000T\000\040\000\050\000N\000o\000n\000d\000e\000t\000e\000r\000m\000i\000n\000i\000s\000t\000i\000c\000\040\000-\000f\000r\000a\000g\000m\000e\000n\000t\000\051}{section.10}% 51
\BOOKMARK [2][-]{subsection.10.5}{\376\377\000C\000o\000m\000p\000o\000s\000i\000t\000i\000o\000n\000a\000l\000i\000t\000y\000\040\000a\000n\000d\000\040\000M\000e\000r\000g\000e\000/\000C\000h\000o\000i\000c\000e\000\040\000I\000n\000t\000e\000r\000a\000c\000t\000i\000o\000n}{section.10}% 52
\BOOKMARK [2][-]{subsection.10.6}{\376\377\000S\000u\000m\000m\000a\000r\000y\000\040\000o\000f\000\040\000T\000r\000a\000n\000s\000l\000a\000t\000i\000o\000n\000\040\000P\000r\000o\000p\000e\000r\000t\000i\000e\000s}{section.10}% 53
\BOOKMARK [1][-]{appendix.A}{\376\377\000A\000p\000p\000e\000n\000d\000i\000c\000e\000s}{}% 54
\BOOKMARK [2][-]{subsection.A.1}{\376\377\000C\000o\000n\000t\000e\000x\000t\000\040\000a\000n\000d\000\040\000S\000u\000b\000s\000t\000i\000t\000u\000t\000i\000o\000n\000\040\000L\000e\000m\000m\000a\000s}{appendix.A}% 55
\BOOKMARK [2][-]{subsection.A.2}{\376\377\000P\000r\000e\000s\000e\000r\000v\000a\000t\000i\000o\000n\000\040\000C\000o\000r\000o\000l\000l\000a\000r\000y}{appendix.A}% 56
\BOOKMARK [2][-]{subsection.A.3}{\376\377\000E\000n\000d\000-\000t\000o\000-\000E\000n\000d\000\040\000W\000o\000r\000k\000e\000d\000\040\000E\000x\000a\000m\000p\000l\000e}{appendix.A}% 57
\BOOKMARK [2][-]{subsection.A.4}{\376\377\000A\000g\000g\000r\000e\000g\000a\000t\000i\000o\000n\000\040\000v\000i\000a\000\040\000M\000e\000r\000g\000e\000\040\000a\000n\000d\000\040\000C\000h\000o\000i\000c\000e}{appendix.A}% 58
