\BOOKMARK [1][-]{section.1}{\376\377\000I\000n\000t\000r\000o\000d\000u\000c\000t\000i\000o\000n}{}% 1
\BOOKMARK [1][-]{section.2}{\376\377\000T\000h\000e\000\040\000W\000a\000l\000k}{}% 2
\BOOKMARK [1][-]{section.3}{\376\377\000P\000e\000r\000s\000i\000s\000t\000e\000n\000t\000\040\000A\000f\000f\000o\000r\000d\000a\000n\000c\000e\000s}{}% 3
\BOOKMARK [1][-]{section.4}{\376\377\000H\000y\000s\000t\000e\000r\000e\000s\000i\000s\000\040\000a\000n\000d\000\040\000t\000h\000e\000\040\000G\000e\000o\000g\000r\000a\000p\000h\000y\000\040\000o\000f\000\040\000M\000e\000m\000o\000r\000y}{}% 4
\BOOKMARK [2][-]{subsection.4.1}{\376\377\000T\000h\000e\000\040\000H\000y\000s\000t\000e\000r\000e\000s\000i\000s\000\040\000o\000f\000\040\000I\000n\000t\000e\000l\000l\000e\000c\000t\000u\000a\000l\000\040\000E\000n\000v\000i\000r\000o\000n\000m\000e\000n\000t\000s}{section.4}% 5
\BOOKMARK [2][-]{subsection.4.2}{\376\377\000T\000h\000e\000\040\000D\000e\000s\000t\000r\000u\000c\000t\000i\000v\000e\000n\000e\000s\000s\000\040\000o\000f\000\040\000O\000p\000t\000i\000m\000i\000z\000a\000t\000i\000o\000n}{section.4}% 6
\BOOKMARK [2][-]{subsection.4.3}{\376\377\000L\000a\000n\000d\000s\000c\000a\000p\000e\000\040\000M\000e\000m\000o\000r\000y}{section.4}% 7
\BOOKMARK [2][-]{subsection.4.4}{\376\377\000E\000x\000t\000e\000n\000s\000i\000o\000n\000\040\000t\000o\000\040\000D\000i\000g\000i\000t\000a\000l\000\040\000E\000n\000v\000i\000r\000o\000n\000m\000e\000n\000t\000s}{section.4}% 8
\BOOKMARK [1][-]{section.5}{\376\377\000D\000i\000s\000t\000r\000i\000b\000u\000t\000e\000d\000\040\000T\000e\000m\000p\000o\000r\000a\000l\000\040\000R\000e\000g\000i\000s\000t\000e\000r\000s}{}% 9
\BOOKMARK [2][-]{subsection.5.1}{\376\377\000T\000e\000m\000p\000o\000r\000a\000l\000\040\000S\000t\000r\000a\000t\000i\000f\000i\000c\000a\000t\000i\000o\000n}{section.5}% 10
\BOOKMARK [3][-]{subsubsection.5.1.1}{\376\377\000A\000r\000c\000h\000i\000t\000e\000c\000t\000u\000r\000a\000l\000\040\000R\000e\000g\000i\000s\000t\000e\000r\000\040\000\050\0001\0000\0001\040\023\0001\0000\0002\000\040\000y\000e\000a\000r\000s\000\051}{subsection.5.1}% 11
\BOOKMARK [3][-]{subsubsection.5.1.2}{\376\377\000P\000r\000o\000j\000e\000c\000t\000\040\000R\000e\000g\000i\000s\000t\000e\000r\000\040\000\050\0001\0000\0000\040\023\0001\0000\0001\000\040\000w\000e\000e\000k\000s\000\051}{subsection.5.1}% 12
\BOOKMARK [3][-]{subsubsection.5.1.3}{\376\377\000S\000t\000a\000t\000e\000\040\000R\000e\000g\000i\000s\000t\000e\000r\000\040\000\050\0001\0000\0000\040\023\0001\0000\0001\000\040\000h\000o\000u\000r\000s\000\051}{subsection.5.1}% 13
\BOOKMARK [2][-]{subsection.5.2}{\376\377\000S\000e\000m\000a\000n\000t\000i\000c\000\040\000I\000n\000h\000e\000r\000i\000t\000a\000n\000c\000e\000\040\000A\000c\000r\000o\000s\000s\000\040\000L\000a\000y\000e\000r\000s}{section.5}% 14
\BOOKMARK [2][-]{subsection.5.3}{\376\377\000A\000s\000y\000m\000m\000e\000t\000r\000i\000c\000\040\000I\000n\000f\000o\000r\000m\000a\000t\000i\000o\000n\000\040\000F\000l\000o\000w}{section.5}% 15
\BOOKMARK [2][-]{subsection.5.4}{\376\377\000T\000h\000e\000\040\000E\000n\000v\000i\000r\000o\000n\000m\000e\000n\000t\000\040\000a\000s\000\040\000P\000e\000r\000s\000i\000s\000t\000e\000n\000t\000\040\000E\000x\000e\000c\000u\000t\000i\000o\000n\000\040\000S\000p\000a\000c\000e}{section.5}% 16
\BOOKMARK [1][-]{section.6}{\376\377\000P\000r\000o\000d\000u\000c\000t\000i\000v\000e\000\040\000I\000n\000c\000o\000m\000p\000l\000e\000t\000i\000o\000n}{}% 17
\BOOKMARK [2][-]{subsection.6.1}{\376\377\000T\000h\000e\000\040\000C\000o\000m\000p\000u\000t\000a\000t\000i\000o\000n\000a\000l\000\040\000R\000o\000l\000e\000\040\000o\000f\000\040\000I\000n\000c\000o\000m\000p\000l\000e\000t\000i\000o\000n}{section.6}% 18
\BOOKMARK [2][-]{subsection.6.2}{\376\377\000T\000h\000e\000\040\000Z\000e\000i\000g\000a\000r\000n\000i\000k\000\040\000E\000f\000f\000e\000c\000t\000\040\000E\000x\000t\000e\000n\000d\000e\000d}{section.6}% 19
\BOOKMARK [2][-]{subsection.6.3}{\376\377\000S\000u\000s\000p\000e\000n\000d\000e\000d\000\040\000E\000x\000e\000c\000u\000t\000i\000o\000n}{section.6}% 20
\BOOKMARK [2][-]{subsection.6.4}{\376\377\000O\000r\000d\000e\000r\000,\000\040\000C\000l\000u\000t\000t\000e\000r\000,\000\040\000a\000n\000d\000\040\000P\000r\000o\000c\000e\000s\000s\000\040\000C\000o\000u\000n\000t}{section.6}% 21
\BOOKMARK [2][-]{subsection.6.5}{\376\377\000T\000h\000e\000\040\000C\000o\000m\000p\000l\000e\000t\000i\000o\000n\000-\000P\000r\000e\000s\000e\000r\000v\000a\000t\000i\000o\000n\000\040\000T\000r\000a\000d\000e\000o\000f\000f}{section.6}% 22
\BOOKMARK [1][-]{section.7}{\376\377\000T\000h\000e\000\040\000E\000c\000o\000l\000o\000g\000y\000\040\000G\000e\000n\000e\000r\000a\000t\000e\000s}{}% 23
\BOOKMARK [2][-]{subsection.7.1}{\376\377\000E\000m\000e\000r\000g\000e\000n\000t\000\040\000A\000d\000j\000a\000c\000e\000n\000c\000i\000e\000s}{section.7}% 24
\BOOKMARK [2][-]{subsection.7.2}{\376\377\000T\000h\000e\000\040\000E\000n\000v\000i\000r\000o\000n\000m\000e\000n\000t\000\040\000a\000s\000\040\000S\000e\000m\000a\000n\000t\000i\000c\000\040\000G\000r\000a\000p\000h}{section.7}% 25
\BOOKMARK [2][-]{subsection.7.3}{\376\377\000N\000o\000v\000e\000l\000t\000y\000\040\000G\000e\000n\000e\000r\000a\000t\000i\000o\000n}{section.7}% 26
\BOOKMARK [2][-]{subsection.7.4}{\376\377\000D\000i\000s\000t\000r\000i\000b\000u\000t\000e\000d\000\040\000R\000o\000b\000u\000s\000t\000n\000e\000s\000s}{section.7}% 27
\BOOKMARK [2][-]{subsection.7.5}{\376\377\000T\000h\000e\000\040\000C\000e\000n\000t\000r\000a\000l\000\040\000C\000l\000a\000i\000m}{section.7}% 28
\BOOKMARK [1][-]{section.8}{\376\377\000B\000e\000y\000o\000n\000d\000\040\000t\000h\000e\000\040\000I\000s\000o\000l\000a\000t\000e\000d\000\040\000B\000r\000a\000i\000n}{}% 29
\BOOKMARK [2][-]{subsection.8.1}{\376\377\000T\000h\000e\000\040\000T\000h\000o\000u\000g\000h\000t\000\040\000E\000x\000p\000e\000r\000i\000m\000e\000n\000t}{section.8}% 30
\BOOKMARK [2][-]{subsection.8.2}{\376\377\000H\000i\000s\000t\000o\000r\000y\000-\000P\000r\000e\000s\000e\000r\000v\000i\000n\000g\000\040\000S\000u\000b\000s\000t\000r\000a\000t\000e\000s}{section.8}% 31
\BOOKMARK [2][-]{subsection.8.3}{\376\377\000A\000p\000p\000a\000r\000e\000n\000t\000\040\000D\000i\000s\000o\000r\000d\000e\000r\000\040\000a\000n\000d\000\040\000H\000i\000d\000d\000e\000n\000\040\000O\000r\000d\000e\000r}{section.8}% 32
\BOOKMARK [2][-]{subsection.8.4}{\376\377\000R\000e\000l\000a\000t\000i\000o\000n\000\040\000t\000o\000\040\000E\000s\000t\000a\000b\000l\000i\000s\000h\000e\000d\000\040\000F\000r\000a\000m\000e\000w\000o\000r\000k\000s}{section.8}% 33
\BOOKMARK [2][-]{subsection.8.5}{\376\377\000T\000h\000e\000\040\000I\000r\000r\000e\000d\000u\000c\000i\000b\000l\000y\000\040\000D\000i\000s\000t\000r\000i\000b\000u\000t\000e\000d\000\040\000P\000i\000c\000t\000u\000r\000e}{section.8}% 34
\BOOKMARK [2][-]{subsection.8.6}{\376\377\000T\000h\000e\000\040\000I\000n\000c\000o\000m\000p\000l\000e\000t\000e\000\040\000M\000o\000d\000e\000l}{section.8}% 35
\BOOKMARK [1][-]{section.9}{\376\377\000T\000h\000e\000\040\000A\000c\000c\000u\000m\000u\000l\000a\000t\000i\000o\000n\000\040\000o\000f\000\040\000C\000o\000g\000n\000i\000t\000i\000v\000e\000\040\000H\000a\000b\000i\000t\000a\000t}{}% 36
\BOOKMARK [2][-]{subsection.9.1}{\376\377\000A\000c\000c\000u\000m\000u\000l\000a\000t\000i\000o\000n\000\040\000a\000s\000\040\000E\000c\000o\000l\000o\000g\000i\000c\000a\000l\000\040\000S\000u\000c\000c\000e\000s\000s\000i\000o\000n}{section.9}% 37
\BOOKMARK [2][-]{subsection.9.2}{\376\377\000T\000h\000e\000\040\000C\000o\000s\000t\000\040\000o\000f\000\040\000R\000e\000m\000o\000v\000a\000l}{section.9}% 38
\BOOKMARK [2][-]{subsection.9.3}{\376\377\000H\000i\000s\000t\000o\000r\000i\000c\000a\000l\000\040\000S\000t\000r\000a\000t\000i\000f\000i\000c\000a\000t\000i\000o\000n}{section.9}% 39
\BOOKMARK [2][-]{subsection.9.4}{\376\377\000T\000h\000e\000\040\000F\000e\000e\000d\000b\000a\000c\000k\000\040\000L\000o\000o\000p\000\040\000o\000f\000\040\000A\000c\000c\000u\000m\000u\000l\000a\000t\000i\000o\000n}{section.9}% 40
\BOOKMARK [2][-]{subsection.9.5}{\376\377\000T\000h\000e\000\040\000E\000x\000t\000e\000n\000d\000e\000d\000\040\000S\000e\000l\000f}{section.9}% 41
\BOOKMARK [2][-]{subsection.9.6}{\376\377\000I\000m\000p\000l\000i\000c\000a\000t\000i\000o\000n\000s\000\040\000f\000o\000r\000\040\000E\000n\000v\000i\000r\000o\000n\000m\000e\000n\000t\000a\000l\000\040\000D\000e\000s\000i\000g\000n}{section.9}% 42
\BOOKMARK [1][-]{section.10}{\376\377\000T\000h\000e\000\040\000P\000o\000v\000e\000r\000t\000y\000\040\000o\000f\000\040\000L\000i\000n\000e\000a\000r\000\040\000D\000o\000c\000u\000m\000e\000n\000t\000s}{}% 43
\BOOKMARK [2][-]{subsection.10.1}{\376\377\000T\000h\000e\000\040\000P\000r\000o\000j\000e\000c\000t\000i\000o\000n\000\040\000P\000r\000o\000b\000l\000e\000m}{section.10}% 44
\BOOKMARK [2][-]{subsection.10.2}{\376\377\000T\000h\000e\000\040\000S\000e\000r\000i\000a\000l\000i\000z\000a\000t\000i\000o\000n\000\040\000C\000o\000n\000s\000t\000r\000a\000i\000n\000t}{section.10}% 45
\BOOKMARK [2][-]{subsection.10.3}{\376\377\000T\000h\000e\000\040\000T\000e\000m\000p\000o\000r\000a\000l\000\040\000D\000i\000m\000e\000n\000s\000i\000o\000n}{section.10}% 46
\BOOKMARK [1][-]{section.11}{\376\377\000T\000o\000w\000a\000r\000d\000\040\000P\000e\000r\000s\000i\000s\000t\000e\000n\000t\000\040\000C\000o\000g\000n\000i\000t\000i\000v\000e\000\040\000M\000e\000d\000i\000a}{}% 47
\BOOKMARK [2][-]{subsection.11.1}{\376\377\000D\000o\000c\000u\000m\000e\000n\000t\000-\000C\000e\000n\000t\000e\000r\000e\000d\000\040\000v\000s\000.\000\040\000E\000n\000v\000i\000r\000o\000n\000m\000e\000n\000t\000-\000C\000e\000n\000t\000e\000r\000e\000d\000\040\000S\000y\000s\000t\000e\000m\000s}{section.11}% 48
\BOOKMARK [2][-]{subsection.11.2}{\376\377\000P\000r\000e\000s\000e\000r\000v\000i\000n\000g\000\040\000T\000o\000p\000o\000l\000o\000g\000y}{section.11}% 49
\BOOKMARK [2][-]{subsection.11.3}{\376\377\000T\000h\000e\000\040\000M\000u\000l\000t\000i\000m\000e\000d\000i\000a\000\040\000I\000n\000h\000e\000r\000i\000t\000a\000n\000c\000e}{section.11}% 50
\BOOKMARK [1][-]{section.12}{\376\377\000H\000a\000b\000i\000t\000a\000t\000s\000\040\000R\000a\000t\000h\000e\000r\000\040\000T\000h\000a\000n\000\040\000I\000n\000t\000e\000r\000f\000a\000c\000e\000s}{}% 51
\BOOKMARK [2][-]{subsection.12.1}{\376\377\000W\000h\000o\000\040\000I\000n\000h\000a\000b\000i\000t\000s\000\040\000W\000h\000a\000t}{section.12}% 52
\BOOKMARK [2][-]{subsection.12.2}{\376\377\000T\000h\000e\000\040\000D\000e\000s\000k\000t\000o\000p\000\040\000M\000e\000t\000a\000p\000h\000o\000r\000'\000s\000\040\000L\000i\000m\000i\000t\000a\000t\000i\000o\000n\000s}{section.12}% 53
\BOOKMARK [2][-]{subsection.12.3}{\376\377\000M\000u\000l\000t\000i\000m\000e\000d\000i\000a\000\040\000a\000s\000\040\000E\000n\000v\000i\000r\000o\000n\000m\000e\000n\000t\000a\000l\000\040\000C\000o\000n\000s\000t\000i\000t\000u\000e\000n\000t\000s}{section.12}% 54
\BOOKMARK [2][-]{subsection.12.4}{\376\377\000R\000e\000i\000m\000a\000g\000i\000n\000i\000n\000g\000\040\000A\000u\000t\000h\000o\000r\000s\000h\000i\000p}{section.12}% 55
\BOOKMARK [2][-]{subsection.12.5}{\376\377\000T\000h\000e\000\040\000A\000r\000c\000h\000i\000t\000e\000c\000t\000u\000r\000a\000l\000\040\000C\000h\000a\000l\000l\000e\000n\000g\000e}{section.12}% 56
\BOOKMARK [2][-]{subsection.12.6}{\376\377\000T\000h\000e\000\040\000H\000i\000s\000t\000o\000r\000i\000c\000a\000l\000\040\000P\000e\000r\000s\000p\000e\000c\000t\000i\000v\000e}{section.12}% 57
\BOOKMARK [1][-]{section.13}{\376\377\000T\000h\000e\000\040\000F\000a\000i\000l\000u\000r\000e\000\040\000o\000f\000\040\000t\000h\000e\000\040\000D\000o\000c\000u\000m\000e\000n\000t\000\040\000P\000a\000r\000a\000d\000i\000g\000m}{}% 58
\BOOKMARK [2][-]{subsection.13.1}{\376\377\000T\000h\000e\000\040\000D\000e\000v\000e\000l\000o\000p\000m\000e\000n\000t\000a\000l\000\040\000M\000i\000s\000m\000a\000t\000c\000h}{section.13}% 59
\BOOKMARK [2][-]{subsection.13.2}{\376\377\000T\000h\000e\000\040\000P\000a\000r\000a\000d\000o\000x\000\040\000o\000f\000\040\000P\000r\000o\000g\000r\000e\000s\000s}{section.13}% 60
\BOOKMARK [2][-]{subsection.13.3}{\376\377\000T\000h\000e\000\040\000H\000a\000b\000i\000t\000a\000t\000-\000D\000o\000c\000u\000m\000e\000n\000t\000\040\000A\000s\000y\000m\000m\000e\000t\000r\000y}{section.13}% 61
\BOOKMARK [2][-]{subsection.13.4}{\376\377\000T\000o\000w\000a\000r\000d\000\040\000H\000a\000b\000i\000t\000a\000t\000-\000C\000e\000n\000t\000e\000r\000e\000d\000\040\000S\000y\000s\000t\000e\000m\000s}{section.13}% 62
\BOOKMARK [2][-]{subsection.13.5}{\376\377\000R\000e\000i\000m\000a\000g\000i\000n\000i\000n\000g\000\040\000P\000u\000b\000l\000i\000c\000a\000t\000i\000o\000n}{section.13}% 63
\BOOKMARK [1][-]{section.14}{\376\377\000I\000n\000t\000e\000r\000a\000c\000t\000i\000o\000n\000\040\000N\000e\000t\000w\000o\000r\000k\000s\000\040\000a\000s\000\040\000N\000a\000v\000i\000g\000a\000b\000l\000e\000\040\000C\000o\000g\000n\000i\000t\000i\000v\000e\000\040\000E\000n\000v\000i\000r\000o\000n\000m\000e\000n\000t\000s}{}% 64
\BOOKMARK [2][-]{subsection.14.1}{\376\377\000N\000e\000t\000w\000o\000r\000k\000\040\000T\000o\000p\000o\000l\000o\000g\000y\000\040\000v\000s\000.\000\040\000D\000o\000c\000u\000m\000e\000n\000t\000\040\000C\000o\000n\000t\000e\000n\000t}{section.14}% 65
\BOOKMARK [2][-]{subsection.14.2}{\376\377\000T\000h\000e\000\040\000E\000x\000p\000e\000r\000i\000e\000n\000c\000e\000\040\000o\000f\000\040\000N\000a\000v\000i\000g\000a\000t\000i\000o\000n}{section.14}% 66
\BOOKMARK [2][-]{subsection.14.3}{\376\377\000C\000o\000n\000n\000e\000c\000t\000i\000o\000n\000s\000\040\000a\000s\000\040\000P\000a\000t\000h\000w\000a\000y\000s}{section.14}% 67
\BOOKMARK [2][-]{subsection.14.4}{\376\377\000T\000h\000e\000\040\000N\000e\000i\000g\000h\000b\000o\000r\000h\000o\000o\000d\000\040\000E\000f\000f\000e\000c\000t}{section.14}% 68
\BOOKMARK [2][-]{subsection.14.5}{\376\377\000E\000m\000e\000r\000g\000e\000n\000t\000\040\000C\000o\000m\000m\000u\000n\000i\000t\000i\000e\000s\000\040\000a\000n\000d\000\040\000G\000e\000o\000g\000r\000a\000p\000h\000i\000c\000\040\000N\000a\000v\000i\000g\000a\000t\000i\000o\000n}{section.14}% 69
\BOOKMARK [2][-]{subsection.14.6}{\376\377\000D\000i\000g\000i\000t\000a\000l\000\040\000E\000n\000v\000i\000r\000o\000n\000m\000e\000n\000t\000s\000\040\000a\000s\000\040\000P\000h\000y\000s\000i\000c\000a\000l\000\040\000A\000n\000a\000l\000o\000g\000u\000e\000s}{section.14}% 70
\BOOKMARK [2][-]{subsection.14.7}{\376\377\000F\000r\000o\000m\000\040\000R\000e\000t\000r\000i\000e\000v\000a\000l\000\040\000t\000o\000\040\000N\000a\000v\000i\000g\000a\000t\000i\000o\000n}{section.14}% 71
\BOOKMARK [1][-]{section.15}{\376\377\000A\000\040\000R\000e\000a\000c\000h\000a\000b\000i\000l\000i\000t\000y\000\040\000F\000o\000r\000m\000u\000l\000a\000t\000i\000o\000n\000\040\000o\000f\000\040\000I\000n\000t\000e\000r\000a\000c\000t\000i\000o\000n\000\040\000N\000e\000t\000w\000o\000r\000k\000s}{}% 72
\BOOKMARK [2][-]{subsection.15.1}{\376\377\000N\000a\000v\000i\000g\000a\000t\000i\000o\000n\000\040\000R\000e\000l\000a\000t\000i\000v\000e\000\040\000t\000o\000\040\000a\000n\000\040\000O\000b\000s\000e\000r\000v\000e\000r}{section.15}% 73
\BOOKMARK [2][-]{subsection.15.2}{\376\377\000M\000a\000r\000g\000i\000n\000a\000l\000\040\000O\000p\000p\000o\000r\000t\000u\000n\000i\000t\000y\000\040\000a\000n\000d\000\040\000N\000a\000v\000i\000g\000a\000t\000i\000o\000n\000a\000l\000\040\000I\000n\000f\000o\000r\000m\000a\000t\000i\000o\000n}{section.15}% 74
\BOOKMARK [2][-]{subsection.15.3}{\376\377\000T\000w\000o\000\040\000G\000e\000o\000m\000e\000t\000r\000i\000e\000s}{section.15}% 75
\BOOKMARK [1][-]{section.16}{\376\377\000T\000h\000e\000\040\000G\000e\000o\000m\000e\000t\000r\000y\000\040\000o\000f\000\040\000L\000o\000c\000a\000l\000\040\000D\000i\000s\000c\000o\000v\000e\000r\000y}{}% 76
\BOOKMARK [2][-]{subsection.16.1}{\376\377\000E\000x\000p\000l\000o\000r\000a\000t\000i\000o\000n\000\040\000U\000n\000d\000e\000r\000\040\000P\000a\000r\000t\000i\000a\000l\000\040\000O\000b\000s\000e\000r\000v\000a\000b\000i\000l\000i\000t\000y}{section.16}% 77
\BOOKMARK [2][-]{subsection.16.2}{\376\377\000E\000x\000p\000e\000c\000t\000e\000d\000\040\000I\000n\000f\000o\000r\000m\000a\000t\000i\000o\000n\000\040\000G\000a\000i\000n}{section.16}% 78
\BOOKMARK [2][-]{subsection.16.3}{\376\377\000H\000i\000s\000t\000o\000r\000y\000\040\000D\000e\000p\000e\000n\000d\000e\000n\000c\000e}{section.16}% 79
\BOOKMARK [2][-]{subsection.16.4}{\376\377\000D\000i\000m\000i\000n\000i\000s\000h\000i\000n\000g\000\040\000R\000e\000t\000u\000r\000n\000s\000\040\000a\000n\000d\000\040\000t\000h\000e\000\040\000E\000x\000p\000l\000o\000r\000a\000t\000i\000o\000n\000-\000E\000x\000p\000l\000o\000i\000t\000a\000t\000i\000o\000n\000\040\000T\000r\000a\000d\000e\000o\000f\000f}{section.16}% 80
\BOOKMARK [2][-]{subsection.16.5}{\376\377\000F\000o\000r\000a\000g\000i\000n\000g\000\040\000D\000y\000n\000a\000m\000i\000c\000s}{section.16}% 81
\BOOKMARK [2][-]{subsection.16.6}{\376\377\000T\000h\000e\000\040\000M\000a\000n\000i\000f\000o\000l\000d\000\040\000o\000f\000\040\000K\000n\000o\000w\000l\000e\000d\000g\000e}{section.16}% 82
\BOOKMARK [2][-]{subsection.16.7}{\376\377\000F\000i\000n\000a\000l\000\040\000S\000y\000n\000t\000h\000e\000s\000i\000s}{section.16}% 83
\BOOKMARK [1][-]{section.17}{\376\377\000H\000i\000s\000t\000o\000r\000i\000c\000a\000l\000\040\000R\000e\000a\000c\000h\000a\000b\000i\000l\000i\000t\000y\000\040\000a\000n\000d\000\040\000C\000o\000g\000n\000i\000t\000i\000v\000e\000\040\000E\000c\000o\000l\000o\000g\000y}{}% 84
\BOOKMARK [2][-]{subsection.17.1}{\376\377\000R\000e\000a\000c\000h\000a\000b\000i\000l\000i\000t\000y\000\040\000a\000s\000\040\000t\000h\000e\000\040\000F\000u\000n\000d\000a\000m\000e\000n\000t\000a\000l\000\040\000Q\000u\000a\000n\000t\000i\000t\000y}{section.17}% 85
\BOOKMARK [2][-]{subsection.17.2}{\376\377\000R\000e\000a\000c\000h\000a\000b\000l\000e\000\040\000M\000a\000n\000i\000f\000o\000l\000d\000s}{section.17}% 86
\BOOKMARK [2][-]{subsection.17.3}{\376\377\000T\000r\000a\000v\000e\000r\000s\000a\000l\000\040\000a\000s\000\040\000T\000o\000p\000o\000l\000o\000g\000i\000c\000a\000l\000\040\000M\000o\000d\000i\000f\000i\000c\000a\000t\000i\000o\000n}{section.17}% 87
\BOOKMARK [2][-]{subsection.17.4}{\376\377\000H\000y\000s\000t\000e\000r\000e\000s\000i\000s\000\040\000R\000e\000v\000i\000s\000i\000t\000e\000d}{section.17}% 88
\BOOKMARK [2][-]{subsection.17.5}{\376\377\000D\000o\000m\000a\000i\000n\000\040\000E\000q\000u\000i\000v\000a\000l\000e\000n\000c\000e}{section.17}% 89
\BOOKMARK [2][-]{subsection.17.6}{\376\377\000T\000h\000e\000\040\000P\000r\000i\000n\000c\000i\000p\000a\000l\000\040\000C\000o\000m\000p\000u\000t\000a\000t\000i\000o\000n\000a\000l\000\040\000O\000b\000j\000e\000c\000t}{section.17}% 90
\BOOKMARK [1][-]{section.18}{\376\377\000T\000h\000e\000\040\000E\000n\000v\000i\000r\000o\000n\000m\000e\000n\000t\000\040\000a\000s\000\040\000a\000\040\000C\000o\000m\000p\000u\000t\000a\000t\000i\000o\000n\000a\000l\000\040\000S\000u\000b\000s\000t\000r\000a\000t\000e}{}% 91
\BOOKMARK [2][-]{subsection.18.1}{\376\377\000W\000h\000a\000t\000\040\000M\000a\000k\000e\000s\000\040\000a\000n\000\040\000E\000n\000v\000i\000r\000o\000n\000m\000e\000n\000t}{section.18}% 92
\BOOKMARK [2][-]{subsection.18.2}{\376\377\000T\000h\000e\000\040\000C\000o\000u\000p\000l\000e\000d\000\040\000S\000y\000s\000t\000e\000m}{section.18}% 93
\BOOKMARK [2][-]{subsection.18.3}{\376\377\000T\000h\000e\000\040\000S\000u\000b\000s\000t\000r\000a\000t\000e\000\040\000C\000o\000n\000c\000e\000p\000t}{section.18}% 94
\BOOKMARK [2][-]{subsection.18.4}{\376\377\000S\000t\000a\000t\000e\000\040\000D\000e\000c\000o\000m\000p\000o\000s\000i\000t\000i\000o\000n}{section.18}% 95
\BOOKMARK [2][-]{subsection.18.5}{\376\377\000U\000n\000i\000f\000i\000e\000d\000\040\000I\000n\000t\000e\000r\000p\000r\000e\000t\000a\000t\000i\000o\000n}{section.18}% 96
\BOOKMARK [2][-]{subsection.18.6}{\376\377\000T\000h\000e\000\040\000C\000o\000n\000s\000t\000i\000t\000u\000t\000i\000v\000e\000\040\000C\000o\000n\000c\000l\000u\000s\000i\000o\000n}{section.18}% 97
\BOOKMARK [1][-]{section.19}{\376\377\000T\000h\000e\000\040\000E\000c\000o\000l\000o\000g\000y\000\040\000o\000f\000\040\000S\000c\000i\000e\000n\000t\000i\000f\000i\000c\000\040\000D\000i\000s\000c\000o\000v\000e\000r\000y}{}% 98
\BOOKMARK [2][-]{subsection.19.1}{\376\377\000T\000h\000e\000\040\000I\000n\000s\000t\000i\000t\000u\000t\000i\000o\000n\000a\000l\000\040\000S\000u\000b\000s\000t\000r\000a\000t\000e}{section.19}% 99
\BOOKMARK [2][-]{subsection.19.2}{\376\377\000L\000a\000b\000o\000r\000a\000t\000o\000r\000i\000e\000s\000\040\000a\000s\000\040\000C\000o\000m\000p\000u\000t\000a\000t\000i\000o\000n\000a\000l\000\040\000O\000b\000j\000e\000c\000t\000s}{section.19}% 100
\BOOKMARK [2][-]{subsection.19.3}{\376\377\000A\000n\000o\000m\000a\000l\000o\000u\000s\000\040\000O\000b\000s\000e\000r\000v\000a\000t\000i\000o\000n\000s\000\040\000E\000x\000p\000l\000a\000i\000n\000e\000d}{section.19}% 101
\BOOKMARK [2][-]{subsection.19.4}{\376\377\000I\000n\000t\000e\000r\000d\000i\000s\000c\000i\000p\000l\000i\000n\000a\000r\000y\000\040\000I\000n\000t\000e\000r\000f\000a\000c\000e\000s}{section.19}% 102
\BOOKMARK [2][-]{subsection.19.5}{\376\377\000A\000r\000c\000h\000i\000t\000e\000c\000t\000u\000r\000a\000l\000\040\000I\000n\000f\000l\000u\000e\000n\000c\000e}{section.19}% 103
\BOOKMARK [2][-]{subsection.19.6}{\376\377\000D\000i\000g\000i\000t\000a\000l\000\040\000I\000n\000f\000r\000a\000s\000t\000r\000u\000c\000t\000u\000r\000e\000s}{section.19}% 104
\BOOKMARK [1][-]{section.20}{\376\377\000A\000g\000a\000i\000n\000s\000t\000\040\000t\000h\000e\000\040\000I\000s\000o\000l\000a\000t\000e\000d\000\040\000B\000r\000a\000i\000n}{}% 105
\BOOKMARK [2][-]{subsection.20.1}{\376\377\000T\000h\000e\000\040\000B\000o\000u\000n\000d\000a\000r\000y\000\040\000P\000r\000o\000b\000l\000e\000m}{section.20}% 106
\BOOKMARK [2][-]{subsection.20.2}{\376\377\000T\000h\000e\000\040\000T\000e\000m\000p\000o\000r\000a\000l\000l\000y\000\040\000E\000x\000t\000e\000n\000d\000e\000d\000\040\000C\000o\000m\000p\000u\000t\000a\000t\000i\000o\000n}{section.20}% 107
\BOOKMARK [2][-]{subsection.20.3}{\376\377\000S\000t\000o\000r\000a\000g\000e\000\040\000V\000e\000r\000s\000u\000s\000\040\000P\000a\000r\000t\000i\000c\000i\000p\000a\000t\000i\000o\000n}{section.20}% 108
\BOOKMARK [2][-]{subsection.20.4}{\376\377\000T\000h\000e\000\040\000P\000r\000o\000j\000e\000c\000t\000i\000o\000n\000\040\000L\000o\000s\000s}{section.20}% 109
\BOOKMARK [2][-]{subsection.20.5}{\376\377\000A\000n\000a\000l\000o\000g\000i\000c\000a\000l\000\040\000P\000r\000e\000c\000e\000d\000e\000n\000t\000s}{section.20}% 110
\BOOKMARK [2][-]{subsection.20.6}{\376\377\000I\000n\000t\000e\000r\000g\000e\000n\000e\000r\000a\000t\000i\000o\000n\000a\000l\000\040\000P\000e\000r\000s\000i\000s\000t\000e\000n\000c\000e}{section.20}% 111
\BOOKMARK [2][-]{subsection.20.7}{\376\377\000M\000e\000t\000h\000o\000d\000o\000l\000o\000g\000i\000c\000a\000l\000\040\000C\000o\000n\000c\000l\000u\000s\000i\000o\000n}{section.20}% 112
\BOOKMARK [1][-]{section.21}{\376\377\000T\000o\000w\000a\000r\000d\000\040\000C\000o\000m\000p\000u\000t\000a\000t\000i\000o\000n\000a\000l\000\040\000H\000a\000b\000i\000t\000a\000t\000s}{}% 113
\BOOKMARK [2][-]{subsection.21.1}{\376\377\000T\000h\000e\000\040\000D\000o\000c\000u\000m\000e\000n\000t\000\040\000P\000a\000r\000a\000d\000i\000g\000m\000'\000s\000\040\000L\000i\000m\000i\000t\000a\000t\000i\000o\000n\000s}{section.21}% 114
\BOOKMARK [2][-]{subsection.21.2}{\376\377\000H\000a\000b\000i\000t\000a\000t\000\040\000A\000r\000c\000h\000i\000t\000e\000c\000t\000u\000r\000e}{section.21}% 115
\BOOKMARK [2][-]{subsection.21.3}{\376\377\000C\000o\000n\000t\000e\000x\000t\000\040\000T\000h\000r\000o\000u\000g\000h\000\040\000T\000r\000a\000v\000e\000r\000s\000a\000l}{section.21}% 116
\BOOKMARK [2][-]{subsection.21.4}{\376\377\000A\000r\000t\000i\000f\000i\000c\000i\000a\000l\000\040\000I\000n\000t\000e\000l\000l\000i\000g\000e\000n\000c\000e\000\040\000i\000n\000\040\000H\000a\000b\000i\000t\000a\000t\000s}{section.21}% 117
\BOOKMARK [2][-]{subsection.21.5}{\376\377\000P\000r\000o\000g\000r\000a\000m\000m\000i\000n\000g\000\040\000E\000n\000v\000i\000r\000o\000n\000m\000e\000n\000t\000s}{section.21}% 118
\BOOKMARK [2][-]{subsection.21.6}{\376\377\000S\000c\000i\000e\000n\000t\000i\000f\000i\000c\000\040\000P\000u\000b\000l\000i\000c\000a\000t\000i\000o\000n}{section.21}% 119
\BOOKMARK [2][-]{subsection.21.7}{\376\377\000N\000e\000w\000\040\000E\000v\000a\000l\000u\000a\000t\000i\000o\000n\000\040\000C\000r\000i\000t\000e\000r\000i\000a}{section.21}% 120
\BOOKMARK [2][-]{subsection.21.8}{\376\377\000T\000h\000e\000\040\000U\000l\000t\000i\000m\000a\000t\000e\000\040\000P\000u\000r\000p\000o\000s\000e}{section.21}% 121
\BOOKMARK [2][-]{subsection.21.9}{\376\377\000F\000i\000n\000a\000l\000\040\000S\000y\000n\000t\000h\000e\000s\000i\000s}{section.21}% 122
\BOOKMARK [1][-]{section.22}{\376\377\000O\000p\000e\000n\000\040\000P\000r\000o\000b\000l\000e\000m\000s}{}% 123
\BOOKMARK [2][-]{subsection.22.1}{\376\377\000T\000h\000e\000\040\000G\000e\000o\000m\000e\000t\000r\000y\000\040\000o\000f\000\040\000C\000o\000g\000n\000i\000t\000i\000v\000e\000\040\000H\000a\000b\000i\000t\000a\000t\000s}{section.22}% 124
\BOOKMARK [2][-]{subsection.22.2}{\376\377\000T\000e\000m\000p\000o\000r\000a\000l\000\040\000D\000y\000n\000a\000m\000i\000c\000s\000\040\000a\000n\000d\000\040\000E\000c\000o\000l\000o\000g\000i\000c\000a\000l\000\040\000A\000d\000a\000p\000t\000a\000t\000i\000o\000n}{section.22}% 125
\BOOKMARK [2][-]{subsection.22.3}{\376\377\000E\000c\000o\000l\000o\000g\000i\000c\000a\000l\000\040\000C\000o\000m\000p\000r\000e\000s\000s\000i\000o\000n}{section.22}% 126
\BOOKMARK [2][-]{subsection.22.4}{\376\377\000M\000i\000x\000e\000d\000\040\000H\000u\000m\000a\000n\000-\000A\000r\000t\000i\000f\000i\000c\000i\000a\000l\000\040\000H\000a\000b\000i\000t\000a\000t\000s}{section.22}% 127
\BOOKMARK [2][-]{subsection.22.5}{\376\377\000E\000c\000o\000l\000o\000g\000i\000c\000a\000l\000\040\000C\000o\000m\000p\000u\000t\000a\000t\000i\000o\000n\000\040\000a\000n\000d\000\040\000N\000a\000t\000u\000r\000a\000l\000\040\000S\000y\000s\000t\000e\000m\000s}{section.22}% 128
\BOOKMARK [2][-]{subsection.22.6}{\376\377\000T\000h\000e\000\040\000R\000e\000s\000e\000a\000r\000c\000h\000\040\000P\000r\000o\000g\000r\000a\000m}{section.22}% 129
\BOOKMARK [1][-]{section.23}{\376\377\000C\000o\000n\000c\000l\000u\000s\000i\000o\000n}{}% 130
\BOOKMARK [2][-]{subsection.23.1}{\376\377\000T\000h\000e\000\040\000A\000r\000g\000u\000m\000e\000n\000t\000\040\000i\000n\000\040\000S\000u\000m\000m\000a\000r\000y}{section.23}% 131
\BOOKMARK [2][-]{subsection.23.2}{\376\377\000I\000n\000f\000o\000r\000m\000a\000t\000i\000o\000n\000\040\000V\000e\000r\000s\000u\000s\000\040\000O\000r\000g\000a\000n\000i\000z\000a\000t\000i\000o\000n}{section.23}% 132
\BOOKMARK [2][-]{subsection.23.3}{\376\377\000I\000n\000s\000t\000i\000t\000u\000t\000i\000o\000n\000a\000l\000\040\000I\000m\000p\000l\000i\000c\000a\000t\000i\000o\000n\000s}{section.23}% 133
\BOOKMARK [2][-]{subsection.23.4}{\376\377\000C\000o\000m\000p\000u\000t\000a\000t\000i\000o\000n\000a\000l\000\040\000I\000m\000p\000l\000i\000c\000a\000t\000i\000o\000n\000s}{section.23}% 134
\BOOKMARK [2][-]{subsection.23.5}{\376\377\000M\000e\000t\000h\000o\000d\000o\000l\000o\000g\000i\000c\000a\000l\000\040\000R\000e\000f\000l\000e\000c\000t\000i\000o\000n}{section.23}% 135
\BOOKMARK [2][-]{subsection.23.6}{\376\377\000T\000h\000e\000\040\000I\000n\000v\000i\000t\000e\000d\000\040\000S\000h\000i\000f\000t}{section.23}% 136
\BOOKMARK [2][-]{subsection.23.7}{\376\377\000T\000h\000e\000\040\000R\000e\000s\000e\000a\000r\000c\000h\000\040\000P\000r\000o\000g\000r\000a\000m}{section.23}% 137
\BOOKMARK [2][-]{subsection.23.8}{\376\377\000F\000i\000n\000a\000l\000\040\000R\000e\000f\000l\000e\000c\000t\000i\000o\000n}{section.23}% 138
\BOOKMARK [1][-]{appendix.A}{\376\377\000C\000a\000t\000e\000g\000o\000r\000y\000-\000T\000h\000e\000o\000r\000e\000t\000i\000c\000\040\000F\000o\000u\000n\000d\000a\000t\000i\000o\000n\000s\000\040\000o\000f\000\040\000C\000o\000g\000n\000i\000t\000i\000v\000e\000\040\000H\000a\000b\000i\000t\000a\000t\000s}{}% 139
\BOOKMARK [1][-]{appendix.B}{\376\377\000I\000n\000f\000o\000r\000m\000a\000t\000i\000o\000n\000\040\000G\000e\000o\000m\000e\000t\000r\000y\000\040\000a\000n\000d\000\040\000E\000c\000o\000l\000o\000g\000i\000c\000a\000l\000\040\000S\000t\000a\000t\000e\000\040\000S\000p\000a\000c\000e\000s}{}% 140
\BOOKMARK [1][-]{appendix.C}{\376\377\000A\000p\000p\000e\000n\000d\000i\000x\000:\000\040\000E\000c\000o\000l\000o\000g\000i\000c\000a\000l\000\040\000C\000o\000m\000p\000u\000t\000a\000t\000i\000o\000n\000\040\000a\000n\000d\000\040\000t\000h\000e\000\040\000H\000a\000l\000t\000i\000n\000g\000\040\000P\000r\000o\000b\000l\000e\000m}{}% 141
\BOOKMARK [1][-]{appendix.D}{\376\377\000A\000p\000p\000e\000n\000d\000i\000x\000:\000\040\000C\000o\000m\000p\000l\000e\000x\000i\000t\000y\000,\000\040\000I\000n\000c\000o\000m\000p\000l\000e\000t\000e\000n\000e\000s\000s\000,\000\040\000a\000n\000d\000\040\000E\000n\000v\000i\000r\000o\000n\000m\000e\000n\000t\000a\000l\000\040\000C\000o\000m\000p\000u\000t\000a\000t\000i\000o\000n}{}% 142
\BOOKMARK [1][-]{appendix.E}{\376\377\000A\000p\000p\000e\000n\000d\000i\000x\000:\000\040\000H\000i\000s\000t\000o\000r\000i\000e\000s\000\040\000a\000s\000\040\000C\000o\000m\000p\000u\000t\000a\000t\000i\000o\000n\000a\000l\000\040\000O\000b\000j\000e\000c\000t\000s}{}% 143
\BOOKMARK [1][-]{appendix.F}{\376\377\000A\000p\000p\000e\000n\000d\000i\000x\000:\000\040\000E\000c\000o\000l\000o\000g\000i\000c\000a\000l\000\040\000S\000e\000m\000a\000n\000t\000i\000c\000s\000\040\000a\000n\000d\000\040\000P\000r\000o\000g\000r\000a\000m\000m\000i\000n\000g\000\040\000L\000a\000n\000g\000u\000a\000g\000e\000s}{}% 144
\BOOKMARK [1][-]{appendix.G}{\376\377\000A\000p\000p\000e\000n\000d\000i\000x\000:\000\040\000E\000c\000o\000l\000o\000g\000i\000c\000a\000l\000\040\000P\000r\000o\000o\000f\000\040\000T\000h\000e\000o\000r\000y}{}% 145
\BOOKMARK [1][-]{appendix.H}{\376\377\000A\000p\000p\000e\000n\000d\000i\000x\000:\000\040\000T\000h\000e\000\040\000E\000c\000o\000l\000o\000g\000y\000\040\000o\000f\000\040\000K\000n\000o\000w\000l\000e\000d\000g\000e}{}% 146
\BOOKMARK [1][-]{appendix.I}{\376\377\000A\000p\000p\000e\000n\000d\000i\000x\000:\000\040\000T\000o\000w\000a\000r\000d\000\040\000a\000\040\000M\000a\000t\000h\000e\000m\000a\000t\000i\000c\000s\000\040\000o\000f\000\040\000H\000i\000s\000t\000o\000r\000i\000c\000a\000l\000\040\000O\000r\000g\000a\000n\000i\000z\000a\000t\000i\000o\000n}{}% 147
