\BOOKMARK [0][-]{chapter*.1}{\376\377\000A\000b\000s\000t\000r\000a\000c\000t}{}% 1
\BOOKMARK [0][-]{chapter*.3}{\376\377\000P\000r\000e\000f\000a\000c\000e}{}% 2
\BOOKMARK [0][-]{chapter.1}{\376\377\000T\000h\000e\000\040\000P\000r\000e\000s\000e\000r\000v\000a\000t\000i\000o\000n\000\040\000B\000i\000a\000s}{}% 3
\BOOKMARK [1][-]{section.1.1}{\376\377\000I\000n\000t\000r\000o\000d\000u\000c\000t\000i\000o\000n}{chapter.1}% 4
\BOOKMARK [1][-]{section.1.2}{\376\377\000T\000h\000e\000\040\000H\000i\000s\000t\000o\000r\000i\000c\000a\000l\000\040\000P\000r\000i\000m\000a\000c\000y\000\040\000o\000f\000\040\000P\000r\000e\000s\000e\000r\000v\000a\000t\000i\000o\000n}{chapter.1}% 5
\BOOKMARK [1][-]{section.1.3}{\376\377\000D\000i\000s\000t\000i\000n\000c\000t\000i\000o\000n\000s\000\040\000a\000s\000\040\000E\000c\000o\000n\000o\000m\000i\000c\000\040\000O\000b\000j\000e\000c\000t\000s}{chapter.1}% 6
\BOOKMARK [1][-]{section.1.4}{\376\377\000U\000t\000i\000l\000i\000t\000y\000\040\000a\000n\000d\000\040\000D\000i\000m\000i\000n\000i\000s\000h\000i\000n\000g\000\040\000R\000e\000t\000u\000r\000n\000s}{chapter.1}% 7
\BOOKMARK [1][-]{section.1.5}{\376\377\000T\000h\000e\000\040\000A\000c\000c\000u\000m\000u\000l\000a\000t\000i\000o\000n\000\040\000P\000a\000r\000a\000d\000o\000x}{chapter.1}% 8
\BOOKMARK [0][-]{chapter.2}{\376\377\000T\000h\000e\000\040\000C\000o\000s\000t\000\040\000o\000f\000\040\000M\000a\000i\000n\000t\000a\000i\000n\000i\000n\000g\000\040\000D\000i\000s\000t\000i\000n\000c\000t\000i\000o\000n\000s}{}% 9
\BOOKMARK [1][-]{section.2.1}{\376\377\000M\000a\000i\000n\000t\000e\000n\000a\000n\000c\000e\000\040\000a\000s\000\040\000a\000\040\000F\000u\000n\000d\000a\000m\000e\000n\000t\000a\000l\000\040\000C\000o\000n\000s\000t\000r\000a\000i\000n\000t}{chapter.2}% 10
\BOOKMARK [1][-]{section.2.2}{\376\377\000D\000i\000r\000e\000c\000t\000\040\000a\000n\000d\000\040\000I\000n\000d\000i\000r\000e\000c\000t\000\040\000M\000a\000i\000n\000t\000e\000n\000a\000n\000c\000e\000\040\000C\000o\000s\000t\000s}{chapter.2}% 11
\BOOKMARK [1][-]{section.2.3}{\376\377\000D\000i\000s\000t\000i\000n\000c\000t\000i\000o\000n\000\040\000E\000n\000t\000a\000n\000g\000l\000e\000m\000e\000n\000t}{chapter.2}% 12
\BOOKMARK [1][-]{section.2.4}{\376\377\000U\000t\000i\000l\000i\000t\000y\000\040\000a\000s\000\040\000R\000e\000c\000o\000n\000s\000t\000r\000u\000c\000t\000i\000v\000e\000\040\000C\000a\000p\000a\000c\000i\000t\000y}{chapter.2}% 13
\BOOKMARK [1][-]{section.2.5}{\376\377\000T\000h\000e\000\040\000P\000r\000i\000n\000c\000i\000p\000l\000e\000\040\000o\000f\000\040\000D\000i\000s\000t\000i\000n\000c\000t\000i\000o\000n\000\040\000T\000r\000i\000a\000g\000e}{chapter.2}% 14
\BOOKMARK [1][-]{section.2.6}{\376\377\000T\000h\000e\000\040\000N\000e\000c\000e\000s\000s\000i\000t\000y\000\040\000o\000f\000\040\000S\000e\000l\000e\000c\000t\000i\000v\000e\000\040\000A\000b\000a\000n\000d\000o\000n\000m\000e\000n\000t}{chapter.2}% 15
\BOOKMARK [0][-]{chapter.3}{\376\377\000P\000r\000e\000s\000e\000r\000v\000a\000t\000i\000o\000n\000,\000\040\000F\000o\000r\000g\000e\000t\000t\000i\000n\000g\000,\000\040\000a\000n\000d\000\040\000D\000e\000s\000t\000r\000u\000c\000t\000i\000o\000n}{}% 16
\BOOKMARK [1][-]{section.3.1}{\376\377\000T\000h\000r\000e\000e\000\040\000M\000o\000d\000e\000s\000\040\000o\000f\000\040\000S\000t\000r\000u\000c\000t\000u\000r\000a\000l\000\040\000C\000h\000a\000n\000g\000e}{chapter.3}% 17
\BOOKMARK [1][-]{section.3.2}{\376\377\000D\000i\000s\000t\000i\000n\000c\000t\000i\000o\000n\000\040\000S\000p\000a\000c\000e\000s\000\040\000a\000n\000d\000\040\000R\000e\000p\000a\000i\000r\000\040\000G\000r\000a\000p\000h\000s}{chapter.3}% 18
\BOOKMARK [1][-]{section.3.3}{\376\377\000P\000r\000e\000s\000e\000r\000v\000a\000t\000i\000o\000n}{chapter.3}% 19
\BOOKMARK [1][-]{section.3.4}{\376\377\000D\000e\000s\000t\000r\000u\000c\000t\000i\000o\000n}{chapter.3}% 20
\BOOKMARK [1][-]{section.3.5}{\376\377\000T\000h\000e\000\040\000I\000n\000t\000e\000r\000m\000e\000d\000i\000a\000t\000e\000\040\000R\000e\000g\000i\000m\000e}{chapter.3}% 21
\BOOKMARK [1][-]{section.3.6}{\376\377\000F\000o\000r\000g\000e\000t\000t\000i\000n\000g\000\040\000a\000s\000\040\000T\000o\000p\000o\000l\000o\000g\000i\000c\000a\000l\000\040\000C\000o\000m\000p\000r\000e\000s\000s\000i\000o\000n}{chapter.3}% 22
\BOOKMARK [1][-]{section.3.7}{\376\377\000R\000e\000p\000a\000i\000r\000-\000R\000e\000a\000c\000h\000a\000b\000l\000e\000\040\000C\000l\000o\000s\000u\000r\000e}{chapter.3}% 23
\BOOKMARK [1][-]{section.3.8}{\376\377\000C\000o\000m\000p\000r\000e\000s\000s\000i\000o\000n\000,\000\040\000M\000e\000m\000o\000r\000y\000,\000\040\000a\000n\000d\000\040\000W\000i\000t\000n\000e\000s\000s\000\040\000S\000t\000r\000u\000c\000t\000u\000r\000e\000s}{chapter.3}% 24
\BOOKMARK [1][-]{section.3.9}{\376\377\000T\000h\000e\000\040\000C\000o\000n\000s\000e\000r\000v\000a\000t\000i\000o\000n\000\040\000o\000f\000\040\000R\000e\000c\000o\000n\000s\000t\000r\000u\000c\000t\000a\000b\000i\000l\000i\000t\000y}{chapter.3}% 25
\BOOKMARK [0][-]{chapter.4}{\376\377\000T\000h\000e\000\040\000T\000o\000p\000o\000l\000o\000g\000y\000\040\000o\000f\000\040\000R\000e\000p\000a\000i\000r}{}% 26
\BOOKMARK [1][-]{section.4.1}{\376\377\000F\000r\000o\000m\000\040\000I\000n\000f\000o\000r\000m\000a\000t\000i\000o\000n\000\040\000t\000o\000\040\000R\000e\000c\000o\000n\000s\000t\000r\000u\000c\000t\000a\000b\000i\000l\000i\000t\000y}{chapter.4}% 27
\BOOKMARK [1][-]{section.4.2}{\376\377\000R\000e\000p\000a\000i\000r\000\040\000G\000r\000a\000p\000h\000s\000\040\000a\000s\000\040\000G\000e\000o\000m\000e\000t\000r\000i\000c\000\040\000O\000b\000j\000e\000c\000t\000s}{chapter.4}% 28
\BOOKMARK [1][-]{section.4.3}{\376\377\000R\000e\000p\000a\000i\000r\000\040\000N\000e\000i\000g\000h\000b\000o\000r\000h\000o\000o\000d\000s}{chapter.4}% 29
\BOOKMARK [1][-]{section.4.4}{\376\377\000W\000i\000t\000n\000e\000s\000s\000\040\000S\000t\000r\000u\000c\000t\000u\000r\000e\000s}{chapter.4}% 30
\BOOKMARK [1][-]{section.4.5}{\376\377\000M\000i\000n\000i\000m\000a\000l\000\040\000W\000i\000t\000n\000e\000s\000s\000e\000s}{chapter.4}% 31
\BOOKMARK [1][-]{section.4.6}{\376\377\000R\000e\000p\000a\000i\000r\000\040\000C\000a\000p\000a\000c\000i\000t\000y\000\040\000a\000n\000d\000\040\000R\000e\000a\000c\000h\000a\000b\000i\000l\000i\000t\000y\000\040\000V\000o\000l\000u\000m\000e}{chapter.4}% 32
\BOOKMARK [1][-]{section.4.7}{\376\377\000T\000h\000e\000\040\000R\000e\000c\000o\000n\000s\000t\000r\000u\000c\000t\000i\000o\000n\000\040\000F\000u\000n\000c\000t\000i\000o\000n\000a\000l}{chapter.4}% 33
\BOOKMARK [1][-]{section.4.8}{\376\377\000T\000h\000e\000\040\000W\000i\000t\000n\000e\000s\000s\000\040\000C\000o\000m\000p\000r\000e\000s\000s\000i\000o\000n\000\040\000T\000h\000e\000o\000r\000e\000m}{chapter.4}% 34
\BOOKMARK [1][-]{section.4.9}{\376\377\000T\000o\000p\000o\000l\000o\000g\000y\000\040\000B\000e\000f\000o\000r\000e\000\040\000M\000e\000m\000o\000r\000y}{chapter.4}% 35
\BOOKMARK [0][-]{chapter.5}{\376\377\000B\000i\000o\000l\000o\000g\000i\000c\000a\000l\000\040\000F\000o\000r\000g\000e\000t\000t\000i\000n\000g}{}% 36
\BOOKMARK [1][-]{section.5.1}{\376\377\000T\000h\000e\000\040\000M\000i\000s\000c\000o\000n\000c\000e\000p\000t\000i\000o\000n\000\040\000o\000f\000\040\000P\000e\000r\000f\000e\000c\000t\000\040\000M\000e\000m\000o\000r\000y}{chapter.5}% 37
\BOOKMARK [1][-]{section.5.2}{\376\377\000T\000h\000e\000\040\000M\000e\000t\000a\000b\000o\000l\000i\000c\000\040\000C\000o\000s\000t\000\040\000o\000f\000\040\000D\000i\000s\000t\000i\000n\000c\000t\000i\000o\000n\000s}{chapter.5}% 38
\BOOKMARK [1][-]{section.5.3}{\376\377\000N\000e\000u\000r\000a\000l\000\040\000P\000r\000u\000n\000i\000n\000g\000\040\000a\000s\000\040\000C\000o\000n\000s\000t\000r\000u\000c\000t\000i\000v\000e\000\040\000F\000o\000r\000g\000e\000t\000t\000i\000n\000g}{chapter.5}% 39
\BOOKMARK [1][-]{section.5.4}{\376\377\000M\000e\000m\000o\000r\000y\000\040\000C\000o\000n\000s\000o\000l\000i\000d\000a\000t\000i\000o\000n\000\040\000a\000s\000\040\000W\000i\000t\000n\000e\000s\000s\000\040\000F\000o\000r\000m\000a\000t\000i\000o\000n}{chapter.5}% 40
\BOOKMARK [1][-]{section.5.5}{\376\377\000I\000m\000m\000u\000n\000e\000\040\000M\000e\000m\000o\000r\000y\000\040\000a\000n\000d\000\040\000S\000e\000l\000e\000c\000t\000i\000v\000e\000\040\000R\000e\000t\000e\000n\000t\000i\000o\000n}{chapter.5}% 41
\BOOKMARK [1][-]{section.5.6}{\376\377\000G\000e\000n\000o\000m\000e\000s\000\040\000a\000s\000\040\000C\000o\000m\000p\000r\000e\000s\000s\000e\000d\000\040\000H\000i\000s\000t\000o\000r\000i\000e\000s}{chapter.5}% 42
\BOOKMARK [1][-]{section.5.7}{\376\377\000T\000h\000e\000\040\000A\000d\000a\000p\000t\000i\000v\000e\000\040\000V\000a\000l\000u\000e\000\040\000o\000f\000\040\000F\000o\000r\000g\000e\000t\000t\000i\000n\000g}{chapter.5}% 43
\BOOKMARK [1][-]{section.5.8}{\376\377\000T\000h\000e\000\040\000B\000i\000o\000l\000o\000g\000i\000c\000a\000l\000\040\000F\000o\000r\000g\000e\000t\000t\000i\000n\000g\000\040\000P\000r\000i\000n\000c\000i\000p\000l\000e}{chapter.5}% 44
\BOOKMARK [1][-]{section.5.9}{\376\377\000L\000i\000f\000e\000\040\000a\000s\000\040\000a\000\040\000R\000e\000p\000a\000i\000r\000\040\000E\000c\000o\000n\000o\000m\000y}{chapter.5}% 45
\BOOKMARK [0][-]{chapter.6}{\376\377\000S\000c\000i\000e\000n\000t\000i\000f\000i\000c\000\040\000F\000o\000r\000g\000e\000t\000t\000i\000n\000g}{}% 46
\BOOKMARK [1][-]{section.6.1}{\376\377\000S\000c\000i\000e\000n\000c\000e\000\040\000a\000s\000\040\000a\000\040\000C\000o\000m\000p\000r\000e\000s\000s\000i\000o\000n\000\040\000P\000r\000o\000c\000e\000s\000s}{chapter.6}% 47
\BOOKMARK [1][-]{section.6.2}{\376\377\000T\000h\000e\000\040\000I\000m\000p\000o\000s\000s\000i\000b\000i\000l\000i\000t\000y\000\040\000o\000f\000\040\000E\000x\000h\000a\000u\000s\000t\000i\000v\000e\000\040\000D\000e\000s\000c\000r\000i\000p\000t\000i\000o\000n}{chapter.6}% 48
\BOOKMARK [1][-]{section.6.3}{\376\377\000P\000r\000o\000j\000e\000c\000t\000i\000o\000n\000\040\000a\000n\000d\000\040\000W\000i\000t\000n\000e\000s\000s\000\040\000F\000o\000r\000m\000a\000t\000i\000o\000n}{chapter.6}% 49
\BOOKMARK [1][-]{section.6.4}{\376\377\000N\000e\000w\000t\000o\000n\000i\000a\000n\000\040\000M\000e\000c\000h\000a\000n\000i\000c\000s\000\040\000a\000n\000d\000\040\000C\000o\000n\000s\000t\000r\000u\000c\000t\000i\000v\000e\000\040\000N\000e\000g\000l\000e\000c\000t}{chapter.6}% 50
\BOOKMARK [1][-]{section.6.5}{\376\377\000S\000t\000a\000t\000i\000s\000t\000i\000c\000a\000l\000\040\000M\000e\000c\000h\000a\000n\000i\000c\000s\000\040\000a\000n\000d\000\040\000D\000e\000l\000i\000b\000e\000r\000a\000t\000e\000\040\000I\000g\000n\000o\000r\000a\000n\000c\000e}{chapter.6}% 51
\BOOKMARK [1][-]{section.6.6}{\376\377\000R\000e\000n\000o\000r\000m\000a\000l\000i\000z\000a\000t\000i\000o\000n\000\040\000a\000n\000d\000\040\000H\000i\000e\000r\000a\000r\000c\000h\000i\000e\000s\000\040\000o\000f\000\040\000F\000o\000r\000g\000e\000t\000t\000i\000n\000g}{chapter.6}% 52
\BOOKMARK [1][-]{section.6.7}{\376\377\000T\000h\000e\000\040\000A\000r\000c\000h\000i\000v\000e\000\040\000P\000r\000o\000b\000l\000e\000m\000\040\000i\000n\000\040\000S\000c\000i\000e\000n\000c\000e}{chapter.6}% 53
\BOOKMARK [1][-]{section.6.8}{\376\377\000S\000c\000i\000e\000n\000t\000i\000f\000i\000c\000\040\000M\000e\000m\000o\000r\000y\000\040\000a\000s\000\040\000R\000e\000c\000o\000n\000s\000t\000r\000u\000c\000t\000i\000o\000n}{chapter.6}% 54
\BOOKMARK [1][-]{section.6.9}{\376\377\000T\000h\000e\000\040\000S\000c\000i\000e\000n\000t\000i\000f\000i\000c\000\040\000F\000o\000r\000g\000e\000t\000t\000i\000n\000g\000\040\000P\000r\000i\000n\000c\000i\000p\000l\000e}{chapter.6}% 55
\BOOKMARK [1][-]{section.6.10}{\376\377\000K\000n\000o\000w\000l\000e\000d\000g\000e\000\040\000B\000e\000y\000o\000n\000d\000\040\000P\000r\000e\000s\000e\000r\000v\000a\000t\000i\000o\000n}{chapter.6}% 56
\BOOKMARK [0][-]{chapter.7}{\376\377\000I\000n\000s\000t\000i\000t\000u\000t\000i\000o\000n\000a\000l\000\040\000F\000o\000r\000g\000e\000t\000t\000i\000n\000g}{}% 57
\BOOKMARK [1][-]{section.7.1}{\376\377\000I\000n\000s\000t\000i\000t\000u\000t\000i\000o\000n\000s\000\040\000a\000s\000\040\000M\000e\000m\000o\000r\000y\000\040\000S\000y\000s\000t\000e\000m\000s}{chapter.7}% 58
\BOOKMARK [1][-]{section.7.2}{\376\377\000T\000h\000e\000\040\000A\000r\000c\000h\000i\000v\000a\000l\000\040\000C\000o\000m\000p\000r\000e\000s\000s\000i\000o\000n\000\040\000P\000r\000o\000b\000l\000e\000m}{chapter.7}% 59
\BOOKMARK [1][-]{section.7.3}{\376\377\000L\000i\000b\000r\000a\000r\000i\000e\000s\000\040\000a\000s\000\040\000W\000i\000t\000n\000e\000s\000s\000\040\000S\000t\000r\000u\000c\000t\000u\000r\000e\000s}{chapter.7}% 60
\BOOKMARK [1][-]{section.7.4}{\376\377\000L\000a\000w\000\040\000a\000n\000d\000\040\000I\000n\000s\000t\000i\000t\000u\000t\000i\000o\000n\000a\000l\000\040\000M\000e\000m\000o\000r\000y}{chapter.7}% 61
\BOOKMARK [1][-]{section.7.5}{\376\377\000E\000d\000u\000c\000a\000t\000i\000o\000n\000a\000l\000\040\000S\000y\000s\000t\000e\000m\000s\000\040\000a\000n\000d\000\040\000G\000e\000n\000e\000r\000a\000t\000i\000o\000n\000a\000l\000\040\000C\000o\000m\000p\000r\000e\000s\000s\000i\000o\000n}{chapter.7}% 62
\BOOKMARK [1][-]{section.7.6}{\376\377\000O\000r\000g\000a\000n\000i\000z\000a\000t\000i\000o\000n\000a\000l\000\040\000M\000e\000m\000o\000r\000y\000\040\000a\000n\000d\000\040\000B\000u\000r\000e\000a\000u\000c\000r\000a\000t\000i\000c\000\040\000C\000o\000m\000p\000r\000e\000s\000s\000i\000o\000n}{chapter.7}% 63
\BOOKMARK [1][-]{section.7.7}{\376\377\000C\000u\000l\000t\000u\000r\000a\000l\000\040\000E\000v\000o\000l\000u\000t\000i\000o\000n\000\040\000a\000s\000\040\000S\000e\000l\000e\000c\000t\000i\000v\000e\000\040\000F\000o\000r\000g\000e\000t\000t\000i\000n\000g}{chapter.7}% 64
\BOOKMARK [1][-]{section.7.8}{\376\377\000I\000n\000s\000t\000i\000t\000u\000t\000i\000o\000n\000a\000l\000\040\000E\000n\000t\000r\000o\000p\000y\000\040\000a\000n\000d\000\040\000R\000e\000p\000a\000i\000r\000\040\000B\000u\000r\000d\000e\000n}{chapter.7}% 65
\BOOKMARK [1][-]{section.7.9}{\376\377\000T\000h\000e\000\040\000I\000n\000s\000t\000i\000t\000u\000t\000i\000o\000n\000a\000l\000\040\000F\000o\000r\000g\000e\000t\000t\000i\000n\000g\000\040\000T\000h\000e\000o\000r\000e\000m}{chapter.7}% 66
\BOOKMARK [1][-]{section.7.10}{\376\377\000C\000i\000v\000i\000l\000i\000z\000a\000t\000i\000o\000n\000\040\000a\000s\000\040\000a\000\040\000R\000e\000c\000o\000n\000s\000t\000r\000u\000c\000t\000i\000o\000n\000\040\000E\000n\000g\000i\000n\000e}{chapter.7}% 67
\BOOKMARK [0][-]{chapter.8}{\376\377\000I\000d\000e\000n\000t\000i\000t\000y\000\040\000T\000h\000r\000o\000u\000g\000h\000\040\000F\000o\000r\000g\000e\000t\000t\000i\000n\000g}{}% 68
\BOOKMARK [1][-]{section.8.1}{\376\377\000T\000h\000e\000\040\000C\000l\000a\000s\000s\000i\000c\000a\000l\000\040\000P\000r\000o\000b\000l\000e\000m\000\040\000o\000f\000\040\000P\000e\000r\000s\000i\000s\000t\000e\000n\000c\000e}{chapter.8}% 69
\BOOKMARK [1][-]{section.8.2}{\376\377\000T\000h\000e\000\040\000F\000a\000i\000l\000u\000r\000e\000\040\000o\000f\000\040\000P\000r\000e\000s\000e\000r\000v\000a\000t\000i\000o\000n\000-\000B\000a\000s\000e\000d\000\040\000I\000d\000e\000n\000t\000i\000t\000y}{chapter.8}% 70
\BOOKMARK [1][-]{section.8.3}{\376\377\000I\000d\000e\000n\000t\000i\000t\000y\000\040\000a\000s\000\040\000a\000\040\000R\000e\000p\000a\000i\000r\000\040\000P\000r\000o\000c\000e\000s\000s}{chapter.8}% 71
\BOOKMARK [1][-]{section.8.4}{\376\377\000T\000h\000e\000\040\000R\000i\000v\000e\000r\000\040\000R\000e\000v\000i\000s\000i\000t\000e\000d}{chapter.8}% 72
\BOOKMARK [1][-]{section.8.5}{\376\377\000T\000h\000e\000\040\000H\000u\000m\000a\000n\000\040\000O\000r\000g\000a\000n\000i\000s\000m}{chapter.8}% 73
\BOOKMARK [1][-]{section.8.6}{\376\377\000M\000e\000m\000o\000r\000y\000\040\000a\000n\000d\000\040\000P\000e\000r\000s\000o\000n\000a\000l\000\040\000I\000d\000e\000n\000t\000i\000t\000y}{chapter.8}% 74
\BOOKMARK [1][-]{section.8.7}{\376\377\000T\000h\000e\000\040\000S\000h\000i\000p\000\040\000o\000f\000\040\000T\000h\000e\000s\000e\000u\000s\000\040\000R\000e\000i\000n\000t\000e\000r\000p\000r\000e\000t\000e\000d}{chapter.8}% 75
\BOOKMARK [1][-]{section.8.8}{\376\377\000I\000d\000e\000n\000t\000i\000t\000y\000\040\000a\000s\000\040\000R\000e\000a\000c\000h\000a\000b\000i\000l\000i\000t\000y}{chapter.8}% 76
\BOOKMARK [1][-]{section.8.9}{\376\377\000T\000h\000e\000\040\000I\000d\000e\000n\000t\000i\000t\000y\000\040\000C\000o\000m\000p\000r\000e\000s\000s\000i\000o\000n\000\040\000P\000r\000i\000n\000c\000i\000p\000l\000e}{chapter.8}% 77
\BOOKMARK [1][-]{section.8.10}{\376\377\000P\000e\000r\000s\000i\000s\000t\000e\000n\000c\000e\000\040\000W\000i\000t\000h\000o\000u\000t\000\040\000P\000r\000e\000s\000e\000r\000v\000a\000t\000i\000o\000n}{chapter.8}% 78
\BOOKMARK [0][-]{chapter.9}{\376\377\000F\000i\000n\000i\000t\000e\000\040\000O\000b\000s\000e\000r\000v\000e\000r\000\040\000T\000h\000e\000o\000r\000e\000m\000s}{}% 79
\BOOKMARK [1][-]{section.9.1}{\376\377\000T\000h\000e\000\040\000N\000e\000c\000e\000s\000s\000i\000t\000y\000\040\000o\000f\000\040\000O\000b\000s\000e\000r\000v\000e\000r\000\040\000B\000o\000u\000n\000d\000s}{chapter.9}% 80
\BOOKMARK [1][-]{section.9.2}{\376\377\000F\000i\000n\000i\000t\000e\000\040\000R\000e\000p\000a\000i\000r\000\040\000C\000a\000p\000a\000c\000i\000t\000y}{chapter.9}% 81
\BOOKMARK [1][-]{section.9.3}{\376\377\000D\000i\000s\000t\000i\000n\000c\000t\000i\000o\000n\000\040\000G\000r\000o\000w\000t\000h}{chapter.9}% 82
\BOOKMARK [1][-]{section.9.4}{\376\377\000T\000h\000e\000\040\000D\000i\000s\000t\000i\000n\000c\000t\000i\000o\000n\000\040\000E\000x\000p\000l\000o\000s\000i\000o\000n\000\040\000L\000e\000m\000m\000a}{chapter.9}% 83
\BOOKMARK [1][-]{section.9.5}{\376\377\000T\000h\000e\000\040\000F\000i\000n\000i\000t\000e\000\040\000O\000b\000s\000e\000r\000v\000e\000r\000\040\000F\000o\000r\000g\000e\000t\000t\000i\000n\000g\000\040\000T\000h\000e\000o\000r\000e\000m}{chapter.9}% 84
\BOOKMARK [1][-]{section.9.6}{\376\377\000R\000e\000p\000a\000i\000r\000\040\000C\000a\000p\000a\000c\000i\000t\000y\000\040\000A\000l\000l\000o\000c\000a\000t\000i\000o\000n}{chapter.9}% 85
\BOOKMARK [1][-]{section.9.7}{\376\377\000T\000h\000e\000\040\000O\000p\000t\000i\000m\000a\000l\000\040\000F\000o\000r\000g\000e\000t\000t\000i\000n\000g\000\040\000C\000o\000n\000d\000i\000t\000i\000o\000n}{chapter.9}% 86
\BOOKMARK [1][-]{section.9.8}{\376\377\000W\000i\000t\000n\000e\000s\000s\000\040\000C\000o\000m\000p\000r\000e\000s\000s\000i\000o\000n\000\040\000a\000n\000d\000\040\000C\000a\000p\000a\000c\000i\000t\000y\000\040\000R\000e\000c\000o\000v\000e\000r\000y}{chapter.9}% 87
\BOOKMARK [1][-]{section.9.9}{\376\377\000T\000h\000e\000\040\000A\000d\000m\000i\000s\000s\000i\000b\000i\000l\000i\000t\000y\000\040\000H\000o\000r\000i\000z\000o\000n}{chapter.9}% 88
\BOOKMARK [1][-]{section.9.10}{\376\377\000T\000h\000e\000\040\000G\000e\000n\000e\000r\000a\000l\000\040\000E\000c\000o\000n\000o\000m\000y\000\040\000o\000f\000\040\000D\000i\000s\000t\000i\000n\000c\000t\000i\000o\000n\000s}{chapter.9}% 89
\BOOKMARK [1][-]{section.9.11}{\376\377\000B\000e\000y\000o\000n\000d\000\040\000F\000i\000n\000i\000t\000e\000\040\000O\000b\000s\000e\000r\000v\000e\000r\000s}{chapter.9}% 90
\BOOKMARK [0][-]{chapter.10}{\376\377\000T\000h\000e\000\040\000E\000c\000o\000n\000o\000m\000y\000\040\000o\000f\000\040\000F\000o\000r\000g\000o\000t\000t\000e\000n\000\040\000T\000h\000i\000n\000g\000s}{}% 91
\BOOKMARK [1][-]{section.10.1}{\376\377\000F\000r\000o\000m\000\040\000R\000e\000s\000o\000u\000r\000c\000e\000\040\000C\000o\000n\000s\000t\000r\000a\000i\000n\000t\000s\000\040\000t\000o\000\040\000F\000o\000r\000g\000e\000t\000t\000i\000n\000g\000\040\000S\000t\000r\000a\000t\000e\000g\000i\000e\000s}{chapter.10}% 92
\BOOKMARK [1][-]{section.10.2}{\376\377\000D\000i\000s\000t\000i\000n\000c\000t\000i\000o\000n\000s\000\040\000a\000s\000\040\000E\000c\000o\000n\000o\000m\000i\000c\000\040\000A\000s\000s\000e\000t\000s}{chapter.10}% 93
\BOOKMARK [1][-]{section.10.3}{\376\377\000M\000a\000i\000n\000t\000e\000n\000a\000n\000c\000e\000\040\000D\000e\000b\000t}{chapter.10}% 94
\BOOKMARK [1][-]{section.10.4}{\376\377\000P\000r\000o\000d\000u\000c\000t\000i\000v\000e\000\040\000A\000m\000n\000e\000s\000i\000a}{chapter.10}% 95
\BOOKMARK [1][-]{section.10.5}{\376\377\000T\000h\000e\000\040\000G\000e\000o\000m\000e\000t\000r\000y\000\040\000o\000f\000\040\000D\000i\000s\000t\000i\000n\000c\000t\000i\000o\000n\000\040\000V\000a\000l\000u\000e}{chapter.10}% 96
\BOOKMARK [1][-]{section.10.6}{\376\377\000T\000h\000e\000\040\000F\000o\000r\000g\000e\000t\000t\000i\000n\000g\000\040\000F\000r\000o\000n\000t\000i\000e\000r}{chapter.10}% 97
\BOOKMARK [1][-]{section.10.7}{\376\377\000A\000d\000a\000p\000t\000i\000v\000e\000\040\000F\000o\000r\000g\000e\000t\000t\000i\000n\000g\000\040\000D\000y\000n\000a\000m\000i\000c\000s}{chapter.10}% 98
\BOOKMARK [1][-]{section.10.8}{\376\377\000T\000h\000e\000\040\000F\000o\000r\000g\000e\000t\000t\000i\000n\000g\000\040\000E\000f\000f\000i\000c\000i\000e\000n\000c\000y\000\040\000F\000u\000n\000c\000t\000i\000o\000n\000a\000l}{chapter.10}% 99
\BOOKMARK [1][-]{section.10.9}{\376\377\000A\000n\000t\000i\000-\000F\000r\000a\000g\000i\000l\000i\000t\000y\000\040\000T\000h\000r\000o\000u\000g\000h\000\040\000F\000o\000r\000g\000e\000t\000t\000i\000n\000g}{chapter.10}% 100
\BOOKMARK [1][-]{section.10.10}{\376\377\000T\000h\000e\000\040\000E\000c\000o\000n\000o\000m\000y\000\040\000o\000f\000\040\000F\000o\000r\000g\000o\000t\000t\000e\000n\000\040\000T\000h\000i\000n\000g\000s}{chapter.10}% 101
\BOOKMARK [1][-]{section.10.11}{\376\377\000T\000o\000w\000a\000r\000d\000\040\000a\000\040\000G\000e\000n\000e\000r\000a\000l\000\040\000T\000h\000e\000o\000r\000y\000\040\000o\000f\000\040\000P\000e\000r\000s\000i\000s\000t\000e\000n\000c\000e}{chapter.10}% 102
\BOOKMARK [0][-]{chapter.11}{\376\377\000C\000o\000n\000c\000l\000u\000s\000i\000o\000n\000:\000\040\000M\000e\000m\000o\000r\000y\000\040\000E\000x\000i\000s\000t\000s\000\040\000B\000e\000c\000a\000u\000s\000e\000\040\000F\000o\000r\000g\000e\000t\000t\000i\000n\000g\000\040\000S\000u\000c\000c\000e\000e\000d\000s}{}% 103
\BOOKMARK [1][-]{section.11.1}{\376\377\000T\000h\000e\000\040\000P\000r\000e\000s\000e\000r\000v\000a\000t\000i\000o\000n\000\040\000I\000n\000v\000e\000r\000s\000i\000o\000n}{chapter.11}% 104
\BOOKMARK [1][-]{section.11.2}{\376\377\000T\000h\000e\000\040\000U\000n\000i\000v\000e\000r\000s\000a\000l\000i\000t\000y\000\040\000o\000f\000\040\000S\000t\000r\000u\000c\000t\000u\000r\000e\000d\000\040\000N\000e\000g\000l\000e\000c\000t}{chapter.11}% 105
\BOOKMARK [1][-]{section.11.3}{\376\377\000P\000r\000e\000s\000e\000r\000v\000a\000t\000i\000o\000n\000,\000\040\000F\000o\000r\000g\000e\000t\000t\000i\000n\000g\000,\000\040\000a\000n\000d\000\040\000D\000e\000s\000t\000r\000u\000c\000t\000i\000o\000n}{chapter.11}% 106
\BOOKMARK [1][-]{section.11.4}{\376\377\000W\000i\000t\000n\000e\000s\000s\000e\000s\000\040\000a\000n\000d\000\040\000R\000e\000c\000o\000n\000s\000t\000r\000u\000c\000t\000i\000v\000e\000\040\000E\000c\000o\000n\000o\000m\000i\000e\000s}{chapter.11}% 107
\BOOKMARK [1][-]{section.11.5}{\376\377\000T\000h\000e\000\040\000F\000i\000n\000i\000t\000e\000\040\000O\000b\000s\000e\000r\000v\000e\000r\000\040\000C\000o\000n\000d\000i\000t\000i\000o\000n}{chapter.11}% 108
\BOOKMARK [1][-]{section.11.6}{\376\377\000P\000e\000r\000s\000i\000s\000t\000e\000n\000c\000e\000\040\000a\000s\000\040\000R\000e\000g\000e\000n\000e\000r\000a\000t\000i\000o\000n}{chapter.11}% 109
\BOOKMARK [1][-]{section.11.7}{\376\377\000T\000h\000e\000\040\000E\000c\000o\000n\000o\000m\000y\000\040\000o\000f\000\040\000F\000o\000r\000g\000o\000t\000t\000e\000n\000\040\000T\000h\000i\000n\000g\000s}{chapter.11}% 110
\BOOKMARK [1][-]{section.11.8}{\376\377\000F\000i\000n\000a\000l\000\040\000T\000h\000e\000s\000i\000s}{chapter.11}% 111
\BOOKMARK [0][-]{appendix.A}{\376\377\000T\000h\000e\000\040\000F\000u\000n\000e\000s\000\040\000B\000o\000u\000n\000d\000\040\000a\000n\000d\000\040\000t\000h\000e\000\040\000I\000m\000p\000o\000s\000s\000i\000b\000i\000l\000i\000t\000y\000\040\000o\000f\000\040\000T\000o\000t\000a\000l\000\040\000M\000e\000m\000o\000r\000y}{}% 112
\BOOKMARK [1][-]{section.A.1}{\376\377\000I\000n\000t\000r\000o\000d\000u\000c\000t\000i\000o\000n}{appendix.A}% 113
\BOOKMARK [1][-]{section.A.2}{\376\377\000P\000e\000r\000f\000e\000c\000t\000\040\000R\000e\000t\000e\000n\000t\000i\000o\000n}{appendix.A}% 114
\BOOKMARK [1][-]{section.A.3}{\376\377\000R\000e\000t\000r\000i\000e\000v\000a\000l\000\040\000C\000o\000m\000p\000l\000e\000x\000i\000t\000y}{appendix.A}% 115
\BOOKMARK [1][-]{section.A.4}{\376\377\000T\000h\000e\000\040\000F\000u\000n\000e\000s\000\040\000T\000h\000e\000o\000r\000e\000m}{appendix.A}% 116
\BOOKMARK [1][-]{section.A.5}{\376\377\000C\000o\000r\000o\000l\000l\000a\000r\000y}{appendix.A}% 117
\BOOKMARK [0][-]{appendix.B}{\376\377\000W\000i\000t\000n\000e\000s\000s\000\040\000M\000i\000n\000i\000m\000i\000z\000a\000t\000i\000o\000n}{}% 118
\BOOKMARK [1][-]{section.B.1}{\376\377\000W\000i\000t\000n\000e\000s\000s\000\040\000C\000o\000v\000e\000r\000i\000n\000g\000s}{appendix.B}% 119
\BOOKMARK [1][-]{section.B.2}{\376\377\000E\000x\000i\000s\000t\000e\000n\000c\000e}{appendix.B}% 120
\BOOKMARK [1][-]{section.B.3}{\376\377\000M\000i\000n\000i\000m\000a\000l\000\040\000W\000i\000t\000n\000e\000s\000s\000e\000s}{appendix.B}% 121
\BOOKMARK [1][-]{section.B.4}{\376\377\000C\000o\000m\000p\000r\000e\000s\000s\000i\000o\000n\000\040\000R\000a\000t\000i\000o}{appendix.B}% 122
\BOOKMARK [0][-]{appendix.C}{\376\377\000R\000e\000p\000a\000i\000r\000\040\000G\000e\000o\000m\000e\000t\000r\000y}{}% 123
\BOOKMARK [1][-]{section.C.1}{\376\377\000R\000e\000p\000a\000i\000r\000\040\000M\000e\000t\000r\000i\000c}{appendix.C}% 124
\BOOKMARK [1][-]{section.C.2}{\376\377\000R\000e\000p\000a\000i\000r\000\040\000B\000a\000l\000l\000s}{appendix.C}% 125
\BOOKMARK [1][-]{section.C.3}{\376\377\000R\000e\000a\000c\000h\000a\000b\000i\000l\000i\000t\000y\000\040\000V\000o\000l\000u\000m\000e}{appendix.C}% 126
\BOOKMARK [1][-]{section.C.4}{\376\377\000R\000e\000p\000a\000i\000r\000\040\000C\000u\000r\000v\000a\000t\000u\000r\000e}{appendix.C}% 127
\BOOKMARK [0][-]{appendix.D}{\376\377\000E\000n\000t\000r\000o\000p\000y\000\040\000a\000n\000d\000\040\000F\000o\000r\000g\000e\000t\000t\000i\000n\000g}{}% 128
\BOOKMARK [1][-]{section.D.1}{\376\377\000M\000a\000i\000n\000t\000e\000n\000a\000n\000c\000e\000\040\000E\000n\000t\000r\000o\000p\000y}{appendix.D}% 129
\BOOKMARK [1][-]{section.D.2}{\376\377\000R\000e\000p\000a\000i\000r\000\040\000E\000n\000t\000r\000o\000p\000y}{appendix.D}% 130
\BOOKMARK [1][-]{section.D.3}{\376\377\000F\000o\000r\000g\000e\000t\000t\000i\000n\000g\000\040\000E\000f\000f\000i\000c\000i\000e\000n\000c\000y}{appendix.D}% 131
\BOOKMARK [1][-]{section.D.4}{\376\377\000O\000p\000t\000i\000m\000a\000l\000\040\000C\000o\000m\000p\000r\000e\000s\000s\000i\000o\000n}{appendix.D}% 132
\BOOKMARK [0][-]{appendix.E}{\376\377\000A\000\040\000V\000a\000r\000i\000a\000t\000i\000o\000n\000a\000l\000\040\000T\000h\000e\000o\000r\000y\000\040\000o\000f\000\040\000F\000o\000r\000g\000e\000t\000t\000i\000n\000g}{}% 133
\BOOKMARK [1][-]{section.E.1}{\376\377\000F\000o\000r\000g\000e\000t\000t\000i\000n\000g\000\040\000A\000c\000t\000i\000o\000n}{appendix.E}% 134
\BOOKMARK [1][-]{section.E.2}{\376\377\000S\000t\000a\000t\000i\000o\000n\000a\000r\000y\000\040\000F\000o\000r\000g\000e\000t\000t\000i\000n\000g}{appendix.E}% 135
\BOOKMARK [1][-]{section.E.3}{\376\377\000E\000u\000l\000e\000r\040\023\000L\000a\000g\000r\000a\000n\000g\000e\000\040\000E\000q\000u\000a\000t\000i\000o\000n}{appendix.E}% 136
\BOOKMARK [0][-]{appendix.F}{\376\377\000S\000p\000e\000c\000t\000r\000a\000l\000\040\000T\000h\000e\000o\000r\000y\000\040\000o\000f\000\040\000M\000e\000m\000o\000r\000y}{}% 137
\BOOKMARK [1][-]{section.F.1}{\376\377\000R\000e\000p\000a\000i\000r\000\040\000L\000a\000p\000l\000a\000c\000i\000a\000n}{appendix.F}% 138
\BOOKMARK [1][-]{section.F.2}{\376\377\000M\000e\000m\000o\000r\000y\000\040\000M\000o\000d\000e\000s}{appendix.F}% 139
\BOOKMARK [1][-]{section.F.3}{\376\377\000F\000r\000a\000g\000i\000l\000i\000t\000y\000\040\000M\000o\000d\000e\000s}{appendix.F}% 140
\BOOKMARK [1][-]{section.F.4}{\376\377\000R\000o\000b\000u\000s\000t\000n\000e\000s\000s\000\040\000C\000r\000i\000t\000e\000r\000i\000o\000n}{appendix.F}% 141
\BOOKMARK [0][-]{appendix.G}{\376\377\000T\000h\000e\000\040\000I\000n\000f\000i\000n\000i\000t\000e\000\040\000O\000b\000s\000e\000r\000v\000e\000r\000\040\000L\000i\000m\000i\000t}{}% 142
\BOOKMARK [1][-]{section.G.1}{\376\377\000I\000n\000f\000i\000n\000i\000t\000e\000\040\000C\000a\000p\000a\000c\000i\000t\000y}{appendix.G}% 143
\BOOKMARK [1][-]{section.G.2}{\376\377\000P\000e\000r\000s\000i\000s\000t\000e\000n\000c\000e\000\040\000o\000f\000\040\000t\000h\000e\000\040\000F\000u\000n\000e\000s\000\040\000P\000r\000o\000b\000l\000e\000m}{appendix.G}% 144
\BOOKMARK [1][-]{section.G.3}{\376\377\000T\000h\000e\000\040\000S\000t\000r\000o\000n\000g\000\040\000F\000u\000n\000e\000s\000\040\000T\000h\000e\000o\000r\000e\000m}{appendix.G}% 145
\BOOKMARK [0][-]{appendix.H}{\376\377\000C\000a\000t\000e\000g\000o\000r\000y\000\040\000T\000h\000e\000o\000r\000y\000\040\000o\000f\000\040\000F\000o\000r\000g\000e\000t\000t\000i\000n\000g\000\040\000a\000n\000d\000\040\000R\000e\000c\000o\000n\000s\000t\000r\000u\000c\000t\000i\000o\000n}{}% 146
\BOOKMARK [1][-]{section.H.1}{\376\377\000D\000i\000s\000t\000i\000n\000c\000t\000i\000o\000n\000\040\000C\000a\000t\000e\000g\000o\000r\000i\000e\000s}{appendix.H}% 147
\BOOKMARK [1][-]{section.H.2}{\376\377\000T\000h\000e\000\040\000F\000o\000r\000g\000e\000t\000t\000i\000n\000g\000\040\000F\000u\000n\000c\000t\000o\000r}{appendix.H}% 148
\BOOKMARK [1][-]{section.H.3}{\376\377\000T\000h\000e\000\040\000R\000e\000c\000o\000n\000s\000t\000r\000u\000c\000t\000i\000o\000n\000\040\000F\000u\000n\000c\000t\000o\000r}{appendix.H}% 149
\BOOKMARK [1][-]{section.H.4}{\376\377\000A\000d\000j\000o\000i\000n\000t\000n\000e\000s\000s}{appendix.H}% 150
\BOOKMARK [1][-]{section.H.5}{\376\377\000T\000h\000e\000\040\000F\000o\000r\000g\000e\000t\000t\000i\000n\000g\000\040\000M\000o\000n\000a\000d}{appendix.H}% 151
\BOOKMARK [0][-]{appendix.I}{\376\377\000H\000o\000m\000o\000l\000o\000g\000i\000c\000a\000l\000\040\000P\000e\000r\000s\000i\000s\000t\000e\000n\000c\000e\000\040\000o\000f\000\040\000D\000i\000s\000t\000i\000n\000c\000t\000i\000o\000n\000s}{}% 152
\BOOKMARK [1][-]{section.I.1}{\376\377\000R\000e\000p\000a\000i\000r\000\040\000C\000o\000m\000p\000l\000e\000x\000e\000s}{appendix.I}% 153
\BOOKMARK [1][-]{section.I.2}{\376\377\000R\000e\000p\000a\000i\000r\000\040\000C\000h\000a\000i\000n\000s}{appendix.I}% 154
\BOOKMARK [1][-]{section.I.3}{\376\377\000R\000e\000p\000a\000i\000r\000\040\000H\000o\000m\000o\000l\000o\000g\000y}{appendix.I}% 155
\BOOKMARK [1][-]{section.I.4}{\376\377\000I\000n\000t\000e\000r\000p\000r\000e\000t\000a\000t\000i\000o\000n}{appendix.I}% 156
\BOOKMARK [1][-]{section.I.5}{\376\377\000T\000h\000e\000\040\000P\000e\000r\000s\000i\000s\000t\000e\000n\000c\000e\000\040\000T\000h\000e\000o\000r\000e\000m}{appendix.I}% 157
\BOOKMARK [0][-]{appendix.J}{\376\377\000K\000o\000l\000m\000o\000g\000o\000r\000o\000v\000\040\000C\000o\000m\000p\000l\000e\000x\000i\000t\000y\000\040\000a\000n\000d\000\040\000W\000i\000t\000n\000e\000s\000s\000\040\000C\000o\000m\000p\000r\000e\000s\000s\000i\000o\000n}{}% 158
\BOOKMARK [1][-]{section.J.1}{\376\377\000D\000e\000s\000c\000r\000i\000p\000t\000i\000o\000n\000\040\000L\000e\000n\000g\000t\000h}{appendix.J}% 159
\BOOKMARK [1][-]{section.J.2}{\376\377\000C\000o\000m\000p\000r\000e\000s\000s\000i\000o\000n\000\040\000G\000a\000i\000n}{appendix.J}% 160
\BOOKMARK [1][-]{section.J.3}{\376\377\000O\000p\000t\000i\000m\000a\000l\000\040\000W\000i\000t\000n\000e\000s\000s\000e\000s}{appendix.J}% 161
\BOOKMARK [1][-]{section.J.4}{\376\377\000T\000h\000e\000\040\000C\000o\000m\000p\000r\000e\000s\000s\000i\000o\000n\000\040\000P\000r\000i\000n\000c\000i\000p\000l\000e}{appendix.J}% 162
\BOOKMARK [0][-]{appendix.K}{\376\377\000T\000h\000e\000\040\000C\000o\000m\000p\000u\000t\000a\000t\000i\000o\000n\000a\000l\000\040\000C\000o\000m\000p\000l\000e\000x\000i\000t\000y\000\040\000o\000f\000\040\000M\000e\000m\000o\000r\000y}{}% 163
\BOOKMARK [1][-]{section.K.1}{\376\377\000R\000e\000c\000o\000n\000s\000t\000r\000u\000c\000t\000i\000o\000n\000\040\000P\000r\000o\000b\000l\000e\000m\000s}{appendix.K}% 164
\BOOKMARK [1][-]{section.K.2}{\376\377\000V\000e\000r\000i\000f\000i\000c\000a\000t\000i\000o\000n}{appendix.K}% 165
\BOOKMARK [1][-]{section.K.3}{\376\377\000M\000i\000n\000i\000m\000a\000l\000\040\000W\000i\000t\000n\000e\000s\000s\000\040\000P\000r\000o\000b\000l\000e\000m}{appendix.K}% 166
\BOOKMARK [1][-]{section.K.4}{\376\377\000C\000o\000n\000s\000e\000q\000u\000e\000n\000c\000e\000s}{appendix.K}% 167
\BOOKMARK [0][-]{appendix.L}{\376\377\000T\000h\000e\000\040\000H\000a\000l\000t\000i\000n\000g\000\040\000B\000o\000u\000n\000d\000a\000r\000y\000\040\000o\000f\000\040\000M\000e\000m\000o\000r\000y}{}% 168
\BOOKMARK [1][-]{section.L.1}{\376\377\000M\000e\000m\000o\000r\000y\000\040\000a\000s\000\040\000P\000r\000e\000d\000i\000c\000t\000i\000o\000n}{appendix.L}% 169
\BOOKMARK [1][-]{section.L.2}{\376\377\000U\000n\000d\000e\000c\000i\000d\000a\000b\000i\000l\000i\000t\000y}{appendix.L}% 170
\BOOKMARK [1][-]{section.L.3}{\376\377\000T\000h\000e\000\040\000M\000e\000m\000o\000r\000y\000-\000H\000a\000l\000t\000i\000n\000g\000\040\000T\000h\000e\000o\000r\000e\000m}{appendix.L}% 171
\BOOKMARK [1][-]{section.L.4}{\376\377\000C\000o\000r\000o\000l\000l\000a\000r\000y}{appendix.L}% 172
\BOOKMARK [0][-]{appendix.M}{\376\377\000T\000h\000e\000\040\000C\000o\000s\000m\000o\000l\000o\000g\000i\000c\000a\000l\000\040\000L\000i\000m\000i\000t\000\040\000o\000f\000\040\000M\000e\000m\000o\000r\000y}{}% 173
\BOOKMARK [1][-]{section.M.1}{\376\377\000U\000n\000i\000v\000e\000r\000s\000a\000l\000\040\000D\000i\000s\000t\000i\000n\000c\000t\000i\000o\000n\000\040\000P\000r\000o\000d\000u\000c\000t\000i\000o\000n}{appendix.M}% 174
\BOOKMARK [1][-]{section.M.2}{\376\377\000U\000n\000i\000v\000e\000r\000s\000a\000l\000\040\000M\000e\000m\000o\000r\000y}{appendix.M}% 175
\BOOKMARK [1][-]{section.M.3}{\376\377\000T\000h\000e\000r\000m\000o\000d\000y\000n\000a\000m\000i\000c\000\040\000C\000o\000s\000t}{appendix.M}% 176
\BOOKMARK [1][-]{section.M.4}{\376\377\000C\000o\000s\000m\000o\000l\000o\000g\000i\000c\000a\000l\000\040\000F\000o\000r\000g\000e\000t\000t\000i\000n\000g\000\040\000T\000h\000e\000o\000r\000e\000m}{appendix.M}% 177
\BOOKMARK [1][-]{section.M.5}{\376\377\000T\000h\000e\000\040\000F\000i\000n\000a\000l\000\040\000C\000o\000r\000o\000l\000l\000a\000r\000y}{appendix.M}% 178
\BOOKMARK [0][-]{appendix.N}{\376\377\000M\000e\000a\000s\000u\000r\000e\000-\000T\000h\000e\000o\000r\000e\000t\000i\000c\000\040\000R\000e\000c\000o\000n\000s\000t\000r\000u\000c\000t\000i\000o\000n\000\040\000a\000n\000d\000\040\000t\000h\000e\000\040\000G\000e\000o\000m\000e\000t\000r\000y\000\040\000o\000f\000\040\000N\000e\000g\000l\000e\000c\000t\000e\000d\000\040\000S\000t\000a\000t\000e\000s}{}% 179
\BOOKMARK [1][-]{section.N.1}{\376\377\000D\000i\000s\000t\000i\000n\000c\000t\000i\000o\000n\000\040\000S\000p\000a\000c\000e\000s\000\040\000a\000s\000\040\000M\000e\000a\000s\000u\000r\000a\000b\000l\000e\000\040\000S\000y\000s\000t\000e\000m\000s}{appendix.N}% 180
\BOOKMARK [1][-]{section.N.2}{\376\377\000N\000e\000g\000l\000e\000c\000t\000e\000d\000\040\000M\000e\000a\000s\000u\000r\000e}{appendix.N}% 181
\BOOKMARK [1][-]{section.N.3}{\376\377\000R\000e\000c\000o\000n\000s\000t\000r\000u\000c\000t\000i\000v\000e\000\040\000S\000u\000f\000f\000i\000c\000i\000e\000n\000c\000y}{appendix.N}% 182
\BOOKMARK [1][-]{section.N.4}{\376\377\000T\000h\000e\000\040\000N\000e\000g\000l\000e\000c\000t\000\040\000P\000r\000i\000n\000c\000i\000p\000l\000e}{appendix.N}% 183
\BOOKMARK [0][-]{appendix.O}{\376\377\000T\000h\000e\000\040\000E\000r\000g\000o\000d\000i\000c\000\040\000T\000h\000e\000o\000r\000y\000\040\000o\000f\000\040\000F\000o\000r\000g\000e\000t\000t\000i\000n\000g}{}% 184
\BOOKMARK [1][-]{section.O.1}{\376\377\000M\000e\000m\000o\000r\000y\000\040\000D\000y\000n\000a\000m\000i\000c\000s}{appendix.O}% 185
\BOOKMARK [1][-]{section.O.2}{\376\377\000I\000n\000v\000a\000r\000i\000a\000n\000t\000\040\000W\000i\000t\000n\000e\000s\000s\000\040\000M\000e\000a\000s\000u\000r\000e\000s}{appendix.O}% 186
\BOOKMARK [1][-]{section.O.3}{\376\377\000E\000r\000g\000o\000d\000i\000c\000\040\000F\000o\000r\000g\000e\000t\000t\000i\000n\000g}{appendix.O}% 187
\BOOKMARK [1][-]{section.O.4}{\376\377\000T\000h\000e\000\040\000E\000r\000g\000o\000d\000i\000c\000\040\000R\000e\000c\000o\000n\000s\000t\000r\000u\000c\000t\000i\000o\000n\000\040\000T\000h\000e\000o\000r\000e\000m}{appendix.O}% 188
\BOOKMARK [0][-]{appendix.P}{\376\377\000A\000\040\000S\000h\000a\000n\000n\000o\000n\000\040\000T\000h\000e\000o\000r\000y\000\040\000o\000f\000\040\000F\000o\000r\000g\000e\000t\000t\000i\000n\000g}{}% 189
\BOOKMARK [1][-]{section.P.1}{\376\377\000M\000e\000m\000o\000r\000y\000\040\000C\000h\000a\000n\000n\000e\000l\000s}{appendix.P}% 190
\BOOKMARK [1][-]{section.P.2}{\376\377\000R\000e\000c\000o\000n\000s\000t\000r\000u\000c\000t\000i\000v\000e\000\040\000I\000n\000f\000o\000r\000m\000a\000t\000i\000o\000n}{appendix.P}% 191
\BOOKMARK [1][-]{section.P.3}{\376\377\000F\000o\000r\000g\000e\000t\000t\000i\000n\000g\000\040\000R\000a\000t\000e}{appendix.P}% 192
\BOOKMARK [1][-]{section.P.4}{\376\377\000P\000r\000o\000d\000u\000c\000t\000i\000v\000e\000\040\000F\000o\000r\000g\000e\000t\000t\000i\000n\000g}{appendix.P}% 193
\BOOKMARK [1][-]{section.P.5}{\376\377\000W\000i\000t\000n\000e\000s\000s\000\040\000C\000a\000p\000a\000c\000i\000t\000y}{appendix.P}% 194
\BOOKMARK [0][-]{appendix.Q}{\376\377\000T\000h\000e\000\040\000R\000e\000n\000o\000r\000m\000a\000l\000i\000z\000a\000t\000i\000o\000n\000\040\000G\000r\000o\000u\000p\000\040\000o\000f\000\040\000M\000e\000m\000o\000r\000y}{}% 195
\BOOKMARK [1][-]{section.Q.1}{\376\377\000M\000e\000m\000o\000r\000y\000\040\000S\000c\000a\000l\000e\000s}{appendix.Q}% 196
\BOOKMARK [1][-]{section.Q.2}{\376\377\000F\000i\000x\000e\000d\000\040\000P\000o\000i\000n\000t\000s}{appendix.Q}% 197
\BOOKMARK [1][-]{section.Q.3}{\376\377\000U\000n\000i\000v\000e\000r\000s\000a\000l\000i\000t\000y\000\040\000C\000l\000a\000s\000s\000e\000s}{appendix.Q}% 198
\BOOKMARK [1][-]{section.Q.4}{\376\377\000I\000n\000t\000e\000r\000p\000r\000e\000t\000a\000t\000i\000o\000n}{appendix.Q}% 199
\BOOKMARK [0][-]{appendix.R}{\376\377\000T\000h\000e\000\040\000L\000a\000r\000g\000e\000-\000D\000e\000v\000i\000a\000t\000i\000o\000n\000\040\000T\000h\000e\000o\000r\000y\000\040\000o\000f\000\040\000M\000e\000m\000o\000r\000y\000\040\000F\000a\000i\000l\000u\000r\000e}{}% 200
\BOOKMARK [1][-]{section.R.1}{\376\377\000R\000e\000p\000a\000i\000r\000\040\000T\000r\000a\000j\000e\000c\000t\000o\000r\000i\000e\000s}{appendix.R}% 201
\BOOKMARK [1][-]{section.R.2}{\376\377\000R\000a\000t\000e\000\040\000F\000u\000n\000c\000t\000i\000o\000n}{appendix.R}% 202
\BOOKMARK [1][-]{section.R.3}{\376\377\000C\000a\000t\000a\000s\000t\000r\000o\000p\000h\000i\000c\000\040\000F\000o\000r\000g\000e\000t\000t\000i\000n\000g}{appendix.R}% 203
\BOOKMARK [1][-]{section.R.4}{\376\377\000M\000e\000m\000o\000r\000y\000\040\000F\000a\000i\000l\000u\000r\000e\000\040\000T\000h\000e\000o\000r\000e\000m}{appendix.R}% 204
\BOOKMARK [1][-]{section.R.5}{\376\377\000E\000n\000g\000i\000n\000e\000e\000r\000i\000n\000g\000\040\000P\000r\000i\000n\000c\000i\000p\000l\000e}{appendix.R}% 205
\BOOKMARK [0][-]{appendix.S}{\376\377\000T\000h\000e\000\040\000N\000o\000-\000F\000r\000e\000e\000-\000L\000u\000n\000c\000h\000\040\000T\000h\000e\000o\000r\000e\000m\000\040\000f\000o\000r\000\040\000M\000e\000m\000o\000r\000y}{}% 206
\BOOKMARK [1][-]{section.S.1}{\376\377\000F\000u\000t\000u\000r\000e\000\040\000Q\000u\000e\000r\000i\000e\000s}{appendix.S}% 207
\BOOKMARK [1][-]{section.S.2}{\376\377\000T\000h\000e\000\040\000P\000r\000o\000b\000l\000e\000m}{appendix.S}% 208
\BOOKMARK [1][-]{section.S.3}{\376\377\000T\000h\000e\000o\000r\000e\000m}{appendix.S}% 209
\BOOKMARK [1][-]{section.S.4}{\376\377\000C\000o\000r\000o\000l\000l\000a\000r\000y}{appendix.S}% 210
\BOOKMARK [0][-]{appendix.T}{\376\377\000T\000h\000e\000\040\000U\000l\000t\000i\000m\000a\000t\000e\000\040\000F\000u\000n\000e\000s\000\040\000T\000h\000e\000o\000r\000e\000m}{}% 211
\BOOKMARK [1][-]{section.T.1}{\376\377\000B\000e\000y\000o\000n\000d\000\040\000P\000r\000e\000s\000e\000r\000v\000a\000t\000i\000o\000n}{appendix.T}% 212
\BOOKMARK [1][-]{section.T.2}{\376\377\000T\000h\000e\000\040\000R\000e\000c\000o\000n\000s\000t\000r\000u\000c\000t\000i\000o\000n\000\040\000R\000a\000t\000i\000o}{appendix.T}% 213
\BOOKMARK [1][-]{section.T.3}{\376\377\000A\000s\000y\000m\000p\000t\000o\000t\000i\000c\000\040\000C\000o\000l\000l\000a\000p\000s\000e}{appendix.T}% 214
\BOOKMARK [1][-]{section.T.4}{\376\377\000T\000h\000e\000\040\000U\000l\000t\000i\000m\000a\000t\000e\000\040\000C\000o\000n\000c\000l\000u\000s\000i\000o\000n}{appendix.T}% 215
\BOOKMARK [0][-]{appendix.U}{\376\377\000A\000\040\000R\000e\000c\000o\000n\000s\000t\000r\000u\000c\000t\000i\000o\000n\000-\000T\000h\000e\000o\000r\000e\000t\000i\000c\000\040\000G\000\366\000d\000e\000l\000\040\000T\000h\000e\000o\000r\000e\000m}{}% 216
\BOOKMARK [1][-]{section.U.1}{\376\377\000I\000n\000t\000r\000o\000d\000u\000c\000t\000i\000o\000n}{appendix.U}% 217
\BOOKMARK [1][-]{section.U.2}{\376\377\000R\000e\000c\000o\000n\000s\000t\000r\000u\000c\000t\000i\000v\000e\000\040\000F\000o\000r\000m\000a\000l\000\040\000S\000y\000s\000t\000e\000m\000s}{appendix.U}% 218
\BOOKMARK [1][-]{section.U.3}{\376\377\000R\000e\000p\000r\000e\000s\000e\000n\000t\000a\000b\000i\000l\000i\000t\000y}{appendix.U}% 219
\BOOKMARK [1][-]{section.U.4}{\376\377\000D\000i\000a\000g\000o\000n\000a\000l\000\040\000C\000o\000n\000s\000t\000r\000u\000c\000t\000i\000o\000n}{appendix.U}% 220
\BOOKMARK [1][-]{section.U.5}{\376\377\000T\000h\000e\000\040\000R\000e\000c\000o\000n\000s\000t\000r\000u\000c\000t\000i\000o\000n\000\040\000C\000o\000n\000t\000r\000a\000d\000i\000c\000t\000i\000o\000n}{appendix.U}% 221
\BOOKMARK [1][-]{section.U.6}{\376\377\000T\000h\000e\000\040\000R\000e\000c\000o\000n\000s\000t\000r\000u\000c\000t\000i\000o\000n\000\040\000I\000n\000c\000o\000m\000p\000l\000e\000t\000e\000n\000e\000s\000s\000\040\000T\000h\000e\000o\000r\000e\000m}{appendix.U}% 222
\BOOKMARK [1][-]{section.U.7}{\376\377\000T\000h\000e\000\040\000R\000e\000c\000o\000n\000s\000t\000r\000u\000c\000t\000i\000o\000n\000\040\000H\000i\000e\000r\000a\000r\000c\000h\000y}{appendix.U}% 223
\BOOKMARK [1][-]{section.U.8}{\376\377\000W\000i\000t\000n\000e\000s\000s\000-\000T\000h\000e\000o\000r\000e\000t\000i\000c\000\040\000I\000n\000t\000e\000r\000p\000r\000e\000t\000a\000t\000i\000o\000n}{appendix.U}% 224
\BOOKMARK [1][-]{section.U.9}{\376\377\000T\000h\000e\000\040\000M\000e\000m\000o\000r\000y\000\040\000H\000o\000r\000i\000z\000o\000n}{appendix.U}% 225
\BOOKMARK [1][-]{section.U.10}{\376\377\000T\000h\000e\000\040\000R\000e\000c\000o\000n\000s\000t\000r\000u\000c\000t\000i\000o\000n\000-\000T\000h\000e\000o\000r\000e\000t\000i\000c\000\040\000S\000e\000c\000o\000n\000d\000\040\000I\000n\000c\000o\000m\000p\000l\000e\000t\000e\000n\000e\000s\000s\000\040\000T\000h\000e\000o\000r\000e\000m}{appendix.U}% 226
\BOOKMARK [1][-]{section.U.11}{\376\377\000C\000o\000n\000c\000l\000u\000s\000i\000o\000n}{appendix.U}% 227
\BOOKMARK [0][-]{appendix.V}{\376\377\000R\000e\000c\000o\000n\000s\000t\000r\000u\000c\000t\000i\000o\000n\000\040\000D\000e\000g\000r\000e\000e\000s\000\040\000a\000n\000d\000\040\000t\000h\000e\000\040\000H\000i\000e\000r\000a\000r\000c\000h\000y\000\040\000o\000f\000\040\000M\000e\000m\000o\000r\000y}{}% 228
\BOOKMARK [1][-]{section.V.1}{\376\377\000I\000n\000t\000r\000o\000d\000u\000c\000t\000i\000o\000n}{appendix.V}% 229
\BOOKMARK [1][-]{section.V.2}{\376\377\000R\000e\000c\000o\000n\000s\000t\000r\000u\000c\000t\000i\000v\000e\000\040\000R\000e\000d\000u\000c\000i\000b\000i\000l\000i\000t\000y}{appendix.V}% 230
\BOOKMARK [1][-]{section.V.3}{\376\377\000B\000a\000s\000i\000c\000\040\000P\000r\000o\000p\000e\000r\000t\000i\000e\000s}{appendix.V}% 231
\BOOKMARK [1][-]{section.V.4}{\376\377\000R\000e\000c\000o\000n\000s\000t\000r\000u\000c\000t\000i\000o\000n\000\040\000E\000q\000u\000i\000v\000a\000l\000e\000n\000c\000e}{appendix.V}% 232
\BOOKMARK [1][-]{section.V.5}{\376\377\000T\000h\000e\000\040\000D\000e\000g\000r\000e\000e\000\040\000S\000t\000r\000u\000c\000t\000u\000r\000e}{appendix.V}% 233
\BOOKMARK [1][-]{section.V.6}{\376\377\000T\000h\000e\000\040\000M\000i\000n\000i\000m\000a\000l\000\040\000D\000e\000g\000r\000e\000e}{appendix.V}% 234
\BOOKMARK [1][-]{section.V.7}{\376\377\000T\000h\000e\000\040\000C\000o\000m\000p\000l\000e\000t\000e\000\040\000D\000e\000g\000r\000e\000e}{appendix.V}% 235
\BOOKMARK [1][-]{section.V.8}{\376\377\000O\000r\000a\000c\000l\000e\000\040\000M\000e\000m\000o\000r\000y\000\040\000S\000y\000s\000t\000e\000m\000s}{appendix.V}% 236
\BOOKMARK [1][-]{section.V.9}{\376\377\000T\000h\000e\000\040\000H\000a\000l\000t\000i\000n\000g\000\040\000W\000i\000t\000n\000e\000s\000s}{appendix.V}% 237
\BOOKMARK [1][-]{section.V.10}{\376\377\000T\000h\000e\000\040\000R\000e\000c\000o\000n\000s\000t\000r\000u\000c\000t\000i\000o\000n\000\040\000J\000u\000m\000p}{appendix.V}% 238
\BOOKMARK [1][-]{section.V.11}{\376\377\000S\000t\000r\000i\000c\000t\000\040\000I\000n\000c\000r\000e\000a\000s\000e}{appendix.V}% 239
\BOOKMARK [1][-]{section.V.12}{\376\377\000T\000h\000e\000\040\000I\000n\000f\000i\000n\000i\000t\000e\000\040\000J\000u\000m\000p\000\040\000H\000i\000e\000r\000a\000r\000c\000h\000y}{appendix.V}% 240
\BOOKMARK [1][-]{section.V.13}{\376\377\000M\000e\000m\000o\000r\000y\000\040\000C\000o\000m\000p\000l\000e\000x\000i\000t\000y\000\040\000C\000l\000a\000s\000s\000e\000s}{appendix.V}% 241
\BOOKMARK [1][-]{section.V.14}{\376\377\000D\000e\000n\000s\000i\000t\000y\000\040\000o\000f\000\040\000D\000e\000g\000r\000e\000e\000s}{appendix.V}% 242
\BOOKMARK [1][-]{section.V.15}{\376\377\000T\000h\000e\000\040\000R\000e\000c\000o\000n\000s\000t\000r\000u\000c\000t\000i\000o\000n\000\040\000S\000p\000e\000c\000t\000r\000u\000m}{appendix.V}% 243
\BOOKMARK [1][-]{section.V.16}{\376\377\000T\000h\000e\000\040\000M\000e\000m\000o\000r\000y\000\040\000D\000e\000g\000r\000e\000e\000\040\000T\000h\000e\000o\000r\000e\000m}{appendix.V}% 244
\BOOKMARK [1][-]{section.V.17}{\376\377\000I\000n\000t\000e\000r\000p\000r\000e\000t\000a\000t\000i\000o\000n}{appendix.V}% 245
\BOOKMARK [0][-]{appendix.W}{\376\377\000D\000i\000f\000f\000e\000r\000e\000n\000t\000i\000a\000l\000\040\000G\000e\000o\000m\000e\000t\000r\000y\000\040\000o\000f\000\040\000W\000i\000t\000n\000e\000s\000s\000\040\000M\000a\000n\000i\000f\000o\000l\000d\000s}{}% 246
\BOOKMARK [1][-]{section.W.1}{\376\377\000I\000n\000t\000r\000o\000d\000u\000c\000t\000i\000o\000n}{appendix.W}% 247
\BOOKMARK [1][-]{section.W.2}{\376\377\000W\000i\000t\000n\000e\000s\000s\000\040\000M\000a\000n\000i\000f\000o\000l\000d\000s}{appendix.W}% 248
\BOOKMARK [1][-]{section.W.3}{\376\377\000T\000h\000e\000\040\000R\000e\000c\000o\000n\000s\000t\000r\000u\000c\000t\000i\000o\000n\000\040\000M\000e\000t\000r\000i\000c}{appendix.W}% 249
\BOOKMARK [1][-]{section.W.4}{\376\377\000G\000e\000o\000d\000e\000s\000i\000c\000\040\000R\000e\000c\000o\000n\000s\000t\000r\000u\000c\000t\000i\000o\000n}{appendix.W}% 250
\BOOKMARK [1][-]{section.W.5}{\376\377\000C\000u\000r\000v\000a\000t\000u\000r\000e\000\040\000a\000n\000d\000\040\000F\000r\000a\000g\000i\000l\000i\000t\000y}{appendix.W}% 251
\BOOKMARK [1][-]{section.W.6}{\376\377\000R\000i\000c\000c\000i\000\040\000C\000u\000r\000v\000a\000t\000u\000r\000e\000\040\000a\000n\000d\000\040\000M\000e\000m\000o\000r\000y\000\040\000S\000t\000a\000b\000i\000l\000i\000t\000y}{appendix.W}% 252
\BOOKMARK [1][-]{section.W.7}{\376\377\000T\000h\000e\000\040\000J\000a\000c\000o\000b\000i\000\040\000E\000q\000u\000a\000t\000i\000o\000n}{appendix.W}% 253
\BOOKMARK [1][-]{section.W.8}{\376\377\000W\000i\000t\000n\000e\000s\000s\000\040\000V\000o\000l\000u\000m\000e}{appendix.W}% 254
\BOOKMARK [1][-]{section.W.9}{\376\377\000E\000n\000t\000r\000o\000p\000y\000\040\000o\000f\000\040\000W\000i\000t\000n\000e\000s\000s\000\040\000R\000e\000g\000i\000o\000n\000s}{appendix.W}% 255
\BOOKMARK [1][-]{section.W.10}{\376\377\000R\000i\000c\000c\000i\000\040\000F\000l\000o\000w\000\040\000a\000n\000d\000\040\000F\000o\000r\000g\000e\000t\000t\000i\000n\000g}{appendix.W}% 256
\BOOKMARK [1][-]{section.W.11}{\376\377\000T\000h\000e\000\040\000F\000o\000r\000g\000e\000t\000t\000i\000n\000g\000\040\000F\000u\000n\000c\000t\000i\000o\000n\000a\000l}{appendix.W}% 257
\BOOKMARK [1][-]{section.W.12}{\376\377\000W\000i\000t\000n\000e\000s\000s\000\040\000S\000i\000n\000g\000u\000l\000a\000r\000i\000t\000i\000e\000s}{appendix.W}% 258
\BOOKMARK [1][-]{section.W.13}{\376\377\000S\000u\000r\000g\000e\000r\000y\000\040\000a\000n\000d\000\040\000R\000e\000p\000a\000i\000r}{appendix.W}% 259
\BOOKMARK [1][-]{section.W.14}{\376\377\000T\000h\000e\000\040\000R\000e\000c\000o\000n\000s\000t\000r\000u\000c\000t\000i\000o\000n\000\040\000C\000u\000r\000v\000a\000t\000u\000r\000e\000\040\000T\000h\000e\000o\000r\000e\000m}{appendix.W}% 260
\BOOKMARK [1][-]{section.W.15}{\376\377\000T\000h\000e\000\040\000W\000i\000t\000n\000e\000s\000s\000\040\000U\000n\000i\000f\000o\000r\000m\000i\000z\000a\000t\000i\000o\000n\000\040\000C\000o\000n\000j\000e\000c\000t\000u\000r\000e}{appendix.W}% 261
\BOOKMARK [1][-]{section.W.16}{\376\377\000C\000o\000n\000c\000l\000u\000s\000i\000o\000n}{appendix.W}% 262
\BOOKMARK [0][-]{appendix.X}{\376\377\000S\000p\000e\000c\000t\000r\000a\000l\000\040\000T\000h\000e\000o\000r\000y\000\040\000o\000f\000\040\000F\000o\000r\000g\000e\000t\000t\000i\000n\000g}{}% 263
\BOOKMARK [1][-]{section.X.1}{\376\377\000I\000n\000t\000r\000o\000d\000u\000c\000t\000i\000o\000n}{appendix.X}% 264
\BOOKMARK [1][-]{section.X.2}{\376\377\000R\000e\000p\000a\000i\000r\000\040\000G\000r\000a\000p\000h\000s}{appendix.X}% 265
\BOOKMARK [1][-]{section.X.3}{\376\377\000T\000h\000e\000\040\000L\000a\000p\000l\000a\000c\000i\000a\000n\000\040\000S\000p\000e\000c\000t\000r\000u\000m}{appendix.X}% 266
\BOOKMARK [1][-]{section.X.4}{\376\377\000I\000n\000t\000e\000r\000p\000r\000e\000t\000a\000t\000i\000o\000n\000\040\000o\000f\000\040\000E\000i\000g\000e\000n\000m\000o\000d\000e\000s}{appendix.X}% 267
\BOOKMARK [1][-]{section.X.5}{\376\377\000T\000h\000e\000\040\000S\000p\000e\000c\000t\000r\000a\000l\000\040\000H\000i\000e\000r\000a\000r\000c\000h\000y}{appendix.X}% 268
\BOOKMARK [1][-]{section.X.6}{\376\377\000T\000h\000e\000\040\000H\000e\000a\000t\000\040\000E\000q\000u\000a\000t\000i\000o\000n\000\040\000o\000f\000\040\000M\000e\000m\000o\000r\000y}{appendix.X}% 269
\BOOKMARK [1][-]{section.X.7}{\376\377\000T\000h\000e\000\040\000S\000p\000e\000c\000t\000r\000a\000l\000\040\000F\000o\000r\000g\000e\000t\000t\000i\000n\000g\000\040\000P\000r\000i\000n\000c\000i\000p\000l\000e}{appendix.X}% 270
\BOOKMARK [1][-]{section.X.8}{\376\377\000M\000e\000m\000o\000r\000y\000\040\000C\000o\000n\000s\000o\000l\000i\000d\000a\000t\000i\000o\000n\000\040\000a\000s\000\040\000S\000p\000e\000c\000t\000r\000a\000l\000\040\000F\000i\000l\000t\000e\000r\000i\000n\000g}{appendix.X}% 271
\BOOKMARK [1][-]{section.X.9}{\376\377\000T\000h\000e\000\040\000C\000o\000n\000s\000o\000l\000i\000d\000a\000t\000i\000o\000n\000\040\000T\000h\000e\000o\000r\000e\000m}{appendix.X}% 272
\BOOKMARK [1][-]{section.X.10}{\376\377\000C\000i\000v\000i\000l\000i\000z\000a\000t\000i\000o\000n\000a\000l\000\040\000M\000e\000m\000o\000r\000y}{appendix.X}% 273
\BOOKMARK [1][-]{section.X.11}{\376\377\000T\000h\000e\000\040\000S\000p\000e\000c\000t\000r\000a\000l\000\040\000F\000u\000n\000e\000s\000\040\000P\000r\000o\000b\000l\000e\000m}{appendix.X}% 274
\BOOKMARK [1][-]{section.X.12}{\376\377\000R\000e\000n\000o\000r\000m\000a\000l\000i\000z\000e\000d\000\040\000M\000e\000m\000o\000r\000y}{appendix.X}% 275
\BOOKMARK [1][-]{section.X.13}{\376\377\000S\000p\000e\000c\000t\000r\000a\000l\000\040\000E\000n\000t\000r\000o\000p\000y}{appendix.X}% 276
\BOOKMARK [1][-]{section.X.14}{\376\377\000T\000h\000e\000\040\000M\000e\000m\000o\000r\000y\000\040\000A\000c\000t\000i\000o\000n}{appendix.X}% 277
\BOOKMARK [1][-]{section.X.15}{\376\377\000T\000h\000e\000\040\000S\000p\000e\000c\000t\000r\000a\000l\000\040\000A\000d\000m\000i\000s\000s\000i\000b\000i\000l\000i\000t\000y\000\040\000C\000r\000i\000t\000e\000r\000i\000o\000n}{appendix.X}% 278
\BOOKMARK [1][-]{section.X.16}{\376\377\000T\000h\000e\000\040\000S\000p\000e\000c\000t\000r\000a\000l\000\040\000P\000e\000r\000s\000i\000s\000t\000e\000n\000c\000e\000\040\000T\000h\000e\000o\000r\000e\000m}{appendix.X}% 279
\BOOKMARK [1][-]{section.X.17}{\376\377\000T\000h\000e\000\040\000F\000u\000n\000d\000a\000m\000e\000n\000t\000a\000l\000\040\000S\000p\000e\000c\000t\000r\000a\000l\000\040\000I\000n\000t\000e\000r\000p\000r\000e\000t\000a\000t\000i\000o\000n}{appendix.X}% 280
\BOOKMARK [1][-]{section.X.18}{\376\377\000C\000o\000n\000c\000l\000u\000s\000i\000o\000n}{appendix.X}% 281
\BOOKMARK [0][-]{appendix.Y}{\376\377\000R\000e\000c\000o\000n\000s\000t\000r\000u\000c\000t\000i\000o\000n\000\040\000F\000i\000e\000l\000d\000\040\000T\000h\000e\000o\000r\000y}{}% 282
\BOOKMARK [1][-]{section.Y.1}{\376\377\000I\000n\000t\000r\000o\000d\000u\000c\000t\000i\000o\000n}{appendix.Y}% 283
\BOOKMARK [1][-]{section.Y.2}{\376\377\000D\000i\000s\000t\000i\000n\000c\000t\000i\000o\000n\000\040\000D\000e\000n\000s\000i\000t\000y}{appendix.Y}% 284
\BOOKMARK [1][-]{section.Y.3}{\376\377\000W\000i\000t\000n\000e\000s\000s\000\040\000D\000e\000n\000s\000i\000t\000y}{appendix.Y}% 285
\BOOKMARK [1][-]{section.Y.4}{\376\377\000R\000e\000c\000o\000n\000s\000t\000r\000u\000c\000t\000i\000v\000e\000\040\000C\000a\000p\000a\000c\000i\000t\000y}{appendix.Y}% 286
\BOOKMARK [1][-]{section.Y.5}{\376\377\000R\000e\000p\000a\000i\000r\000\040\000F\000l\000u\000x}{appendix.Y}% 287
\BOOKMARK [1][-]{section.Y.6}{\376\377\000C\000o\000n\000s\000e\000r\000v\000a\000t\000i\000o\000n\000\040\000o\000f\000\040\000D\000i\000s\000t\000i\000n\000c\000t\000i\000o\000n\000s}{appendix.Y}% 288
\BOOKMARK [1][-]{section.Y.7}{\376\377\000I\000n\000t\000e\000r\000p\000r\000e\000t\000a\000t\000i\000o\000n}{appendix.Y}% 289
\BOOKMARK [1][-]{section.Y.8}{\376\377\000W\000i\000t\000n\000e\000s\000s\000\040\000E\000v\000o\000l\000u\000t\000i\000o\000n}{appendix.Y}% 290
\BOOKMARK [1][-]{section.Y.9}{\376\377\000T\000h\000e\000\040\000R\000e\000c\000o\000n\000s\000t\000r\000u\000c\000t\000i\000o\000n\000\040\000E\000q\000u\000a\000t\000i\000o\000n}{appendix.Y}% 291
\BOOKMARK [1][-]{section.Y.10}{\376\377\000T\000h\000e\000\040\000M\000e\000m\000o\000r\000y\000\040\000V\000a\000c\000u\000u\000m}{appendix.Y}% 292
\BOOKMARK [1][-]{section.Y.11}{\376\377\000M\000e\000m\000o\000r\000y\000\040\000C\000o\000n\000d\000e\000n\000s\000a\000t\000i\000o\000n}{appendix.Y}% 293
\BOOKMARK [1][-]{section.Y.12}{\376\377\000W\000i\000t\000n\000e\000s\000s\000\040\000N\000u\000c\000l\000e\000a\000t\000i\000o\000n}{appendix.Y}% 294
\BOOKMARK [1][-]{section.Y.13}{\376\377\000M\000e\000m\000o\000r\000y\000\040\000W\000a\000v\000e\000s}{appendix.Y}% 295
\BOOKMARK [1][-]{section.Y.14}{\376\377\000F\000o\000r\000g\000e\000t\000t\000i\000n\000g\000\040\000F\000r\000o\000n\000t\000s}{appendix.Y}% 296
\BOOKMARK [1][-]{section.Y.15}{\376\377\000R\000e\000c\000o\000n\000s\000t\000r\000u\000c\000t\000i\000o\000n\000\040\000C\000o\000l\000l\000a\000p\000s\000e}{appendix.Y}% 297
\BOOKMARK [1][-]{section.Y.16}{\376\377\000R\000e\000p\000a\000i\000r\000\040\000P\000h\000a\000s\000e\000\040\000T\000r\000a\000n\000s\000i\000t\000i\000o\000n\000s}{appendix.Y}% 298
\BOOKMARK [1][-]{section.Y.17}{\376\377\000C\000r\000i\000t\000i\000c\000a\000l\000\040\000S\000l\000o\000w\000i\000n\000g\000\040\000D\000o\000w\000n}{appendix.Y}% 299
\BOOKMARK [1][-]{section.Y.18}{\376\377\000F\000i\000e\000l\000d\000\040\000C\000u\000r\000v\000a\000t\000u\000r\000e}{appendix.Y}% 300
\BOOKMARK [1][-]{section.Y.19}{\376\377\000T\000h\000e\000\040\000R\000e\000c\000o\000n\000s\000t\000r\000u\000c\000t\000i\000o\000n\000\040\000A\000c\000t\000i\000o\000n}{appendix.Y}% 301
\BOOKMARK [1][-]{section.Y.20}{\376\377\000T\000h\000e\000\040\000P\000e\000r\000s\000i\000s\000t\000e\000n\000c\000e\000\040\000P\000r\000i\000n\000c\000i\000p\000l\000e}{appendix.Y}% 302
\BOOKMARK [1][-]{section.Y.21}{\376\377\000I\000n\000t\000e\000r\000p\000r\000e\000t\000a\000t\000i\000o\000n}{appendix.Y}% 303
\BOOKMARK [1][-]{section.Y.22}{\376\377\000C\000o\000n\000c\000l\000u\000s\000i\000o\000n}{appendix.Y}% 304
\BOOKMARK [0][-]{appendix.Z}{\376\377\000T\000h\000e\000r\000m\000o\000d\000y\000n\000a\000m\000i\000c\000s\000\040\000o\000f\000\040\000M\000e\000m\000o\000r\000y}{}% 305
\BOOKMARK [1][-]{section.Z.1}{\376\377\000I\000n\000t\000r\000o\000d\000u\000c\000t\000i\000o\000n}{appendix.Z}% 306
\BOOKMARK [1][-]{section.Z.2}{\376\377\000D\000i\000s\000t\000i\000n\000c\000t\000i\000o\000n\000\040\000M\000i\000c\000r\000o\000s\000t\000a\000t\000e\000s}{appendix.Z}% 307
\BOOKMARK [1][-]{section.Z.3}{\376\377\000M\000e\000m\000o\000r\000y\000\040\000M\000u\000l\000t\000i\000p\000l\000i\000c\000i\000t\000y}{appendix.Z}% 308
\BOOKMARK [1][-]{section.Z.4}{\376\377\000I\000n\000t\000e\000r\000p\000r\000e\000t\000a\000t\000i\000o\000n}{appendix.Z}% 309
\BOOKMARK [1][-]{section.Z.5}{\376\377\000R\000e\000c\000o\000n\000s\000t\000r\000u\000c\000t\000i\000v\000e\000\040\000E\000n\000e\000r\000g\000y}{appendix.Z}% 310
\BOOKMARK [1][-]{section.Z.6}{\376\377\000F\000r\000e\000e\000\040\000R\000e\000c\000o\000n\000s\000t\000r\000u\000c\000t\000i\000v\000e\000\040\000E\000n\000e\000r\000g\000y}{appendix.Z}% 311
\BOOKMARK [1][-]{section.Z.7}{\376\377\000R\000e\000c\000o\000n\000s\000t\000r\000u\000c\000t\000i\000v\000e\000\040\000T\000e\000m\000p\000e\000r\000a\000t\000u\000r\000e}{appendix.Z}% 312
\BOOKMARK [1][-]{section.Z.8}{\376\377\000T\000h\000e\000\040\000F\000i\000r\000s\000t\000\040\000L\000a\000w\000\040\000o\000f\000\040\000M\000e\000m\000o\000r\000y}{appendix.Z}% 313
\BOOKMARK [1][-]{section.Z.9}{\376\377\000I\000n\000t\000e\000r\000p\000r\000e\000t\000a\000t\000i\000o\000n}{appendix.Z}% 314
\BOOKMARK [1][-]{section.Z.10}{\376\377\000L\000a\000n\000d\000a\000u\000e\000r\000'\000s\000\040\000P\000r\000i\000n\000c\000i\000p\000l\000e}{appendix.Z}% 315
\BOOKMARK [1][-]{section.Z.11}{\376\377\000M\000a\000i\000n\000t\000e\000n\000a\000n\000c\000e\000\040\000C\000o\000s\000t\000\040\000D\000i\000v\000e\000r\000g\000e\000n\000c\000e}{appendix.Z}% 316
\BOOKMARK [1][-]{section.Z.12}{\376\377\000T\000h\000e\000\040\000F\000o\000r\000g\000e\000t\000t\000i\000n\000g\000\040\000I\000n\000e\000q\000u\000a\000l\000i\000t\000y}{appendix.Z}% 317
\BOOKMARK [1][-]{section.Z.13}{\376\377\000T\000h\000e\000\040\000S\000e\000c\000o\000n\000d\000\040\000L\000a\000w\000\040\000o\000f\000\040\000R\000e\000c\000o\000n\000s\000t\000r\000u\000c\000t\000i\000o\000n}{appendix.Z}% 318
\BOOKMARK [1][-]{section.Z.14}{\376\377\000T\000h\000e\000\040\000A\000r\000r\000o\000w\000\040\000o\000f\000\040\000M\000e\000m\000o\000r\000y}{appendix.Z}% 319
\BOOKMARK [1][-]{section.Z.15}{\376\377\000E\000q\000u\000i\000l\000i\000b\000r\000i\000u\000m\000\040\000M\000e\000m\000o\000r\000y\000\040\000S\000t\000a\000t\000e\000s}{appendix.Z}% 320
\BOOKMARK [1][-]{section.Z.16}{\376\377\000M\000e\000t\000a\000s\000t\000a\000b\000l\000e\000\040\000M\000e\000m\000o\000r\000y}{appendix.Z}% 321
\BOOKMARK [1][-]{section.Z.17}{\376\377\000M\000e\000m\000o\000r\000y\000\040\000P\000h\000a\000s\000e\000\040\000T\000r\000a\000n\000s\000i\000t\000i\000o\000n\000s}{appendix.Z}% 322
\BOOKMARK [1][-]{section.Z.18}{\376\377\000W\000i\000t\000n\000e\000s\000s\000\040\000C\000o\000n\000d\000e\000n\000s\000a\000t\000i\000o\000n}{appendix.Z}% 323
\BOOKMARK [1][-]{section.Z.19}{\376\377\000T\000h\000e\000\040\000T\000h\000e\000r\000m\000o\000d\000y\000n\000a\000m\000i\000c\000\040\000N\000e\000c\000e\000s\000s\000i\000t\000y\000\040\000o\000f\000\040\000C\000o\000m\000p\000r\000e\000s\000s\000i\000o\000n}{appendix.Z}% 324
\BOOKMARK [1][-]{section.Z.20}{\376\377\000T\000h\000e\000\040\000E\000n\000t\000r\000o\000p\000i\000c\000\040\000I\000n\000t\000e\000r\000p\000r\000e\000t\000a\000t\000i\000o\000n\000\040\000o\000f\000\040\000F\000o\000r\000g\000e\000t\000t\000i\000n\000g}{appendix.Z}% 325
\BOOKMARK [1][-]{section.Z.21}{\376\377\000T\000h\000e\000\040\000T\000h\000e\000r\000m\000o\000d\000y\000n\000a\000m\000i\000c\000\040\000M\000e\000m\000o\000r\000y\000\040\000P\000r\000i\000n\000c\000i\000p\000l\000e}{appendix.Z}% 326
\BOOKMARK [1][-]{section.Z.22}{\376\377\000C\000o\000n\000c\000l\000u\000s\000i\000o\000n}{appendix.Z}% 327
\BOOKMARK [0][-]{appendix.Alph27}{\376\377\000R\000e\000c\000o\000n\000s\000t\000r\000u\000c\000t\000i\000o\000n\000-\000T\000h\000e\000o\000r\000e\000t\000i\000c\000\040\000S\000t\000a\000t\000i\000s\000t\000i\000c\000a\000l\000\040\000M\000e\000c\000h\000a\000n\000i\000c\000s}{}% 328
\BOOKMARK [1][-]{section.Alph27.1}{\376\377\000I\000n\000t\000r\000o\000d\000u\000c\000t\000i\000o\000n}{appendix.Alph27}% 329
\BOOKMARK [1][-]{section.Alph27.2}{\376\377\000W\000i\000t\000n\000e\000s\000s\000\040\000M\000i\000c\000r\000o\000s\000t\000a\000t\000e\000s}{appendix.Alph27}% 330
\BOOKMARK [1][-]{section.Alph27.3}{\376\377\000T\000h\000e\000\040\000R\000e\000c\000o\000n\000s\000t\000r\000u\000c\000t\000i\000o\000n\000\040\000E\000n\000s\000e\000m\000b\000l\000e}{appendix.Alph27}% 331
\BOOKMARK [1][-]{section.Alph27.4}{\376\377\000M\000a\000x\000i\000m\000u\000m\000\040\000E\000n\000t\000r\000o\000p\000y\000\040\000P\000r\000i\000n\000c\000i\000p\000l\000e}{appendix.Alph27}% 332
\BOOKMARK [1][-]{section.Alph27.5}{\376\377\000T\000h\000e\000\040\000P\000a\000r\000t\000i\000t\000i\000o\000n\000\040\000F\000u\000n\000c\000t\000i\000o\000n}{appendix.Alph27}% 333
\BOOKMARK [1][-]{section.Alph27.6}{\376\377\000F\000r\000e\000e\000\040\000R\000e\000c\000o\000n\000s\000t\000r\000u\000c\000t\000i\000v\000e\000\040\000E\000n\000e\000r\000g\000y}{appendix.Alph27}% 334
\BOOKMARK [1][-]{section.Alph27.7}{\376\377\000E\000x\000p\000e\000c\000t\000a\000t\000i\000o\000n\000\040\000V\000a\000l\000u\000e\000s}{appendix.Alph27}% 335
\BOOKMARK [1][-]{section.Alph27.8}{\376\377\000W\000i\000t\000n\000e\000s\000s\000\040\000O\000c\000c\000u\000p\000a\000t\000i\000o\000n\000\040\000N\000u\000m\000b\000e\000r\000s}{appendix.Alph27}% 336
\BOOKMARK [1][-]{section.Alph27.9}{\376\377\000W\000i\000t\000n\000e\000s\000s\000\040\000C\000o\000n\000d\000e\000n\000s\000a\000t\000i\000o\000n}{appendix.Alph27}% 337
\BOOKMARK [1][-]{section.Alph27.10}{\376\377\000T\000h\000e\000\040\000C\000o\000n\000d\000e\000n\000s\000a\000t\000i\000o\000n\000\040\000T\000h\000e\000o\000r\000e\000m}{appendix.Alph27}% 338
\BOOKMARK [1][-]{section.Alph27.11}{\376\377\000R\000e\000c\000o\000n\000s\000t\000r\000u\000c\000t\000i\000v\000e\000\040\000S\000u\000s\000c\000e\000p\000t\000i\000b\000i\000l\000i\000t\000y}{appendix.Alph27}% 339
\BOOKMARK [1][-]{section.Alph27.12}{\376\377\000M\000e\000m\000o\000r\000y\000\040\000C\000r\000i\000t\000i\000c\000a\000l\000i\000t\000y}{appendix.Alph27}% 340
\BOOKMARK [1][-]{section.Alph27.13}{\376\377\000C\000o\000r\000r\000e\000l\000a\000t\000i\000o\000n\000\040\000F\000u\000n\000c\000t\000i\000o\000n\000s}{appendix.Alph27}% 341
\BOOKMARK [1][-]{section.Alph27.14}{\376\377\000C\000o\000l\000l\000e\000c\000t\000i\000v\000e\000\040\000M\000e\000m\000o\000r\000y}{appendix.Alph27}% 342
\BOOKMARK [1][-]{section.Alph27.15}{\376\377\000F\000o\000r\000g\000e\000t\000t\000i\000n\000g\000\040\000a\000s\000\040\000C\000o\000a\000r\000s\000e\000-\000G\000r\000a\000i\000n\000i\000n\000g}{appendix.Alph27}% 343
\BOOKMARK [1][-]{section.Alph27.16}{\376\377\000R\000e\000n\000o\000r\000m\000a\000l\000i\000z\000a\000t\000i\000o\000n\000\040\000o\000f\000\040\000M\000e\000m\000o\000r\000y}{appendix.Alph27}% 344
\BOOKMARK [1][-]{section.Alph27.17}{\376\377\000M\000e\000m\000o\000r\000y\000\040\000U\000n\000i\000v\000e\000r\000s\000a\000l\000i\000t\000y}{appendix.Alph27}% 345
\BOOKMARK [1][-]{section.Alph27.18}{\376\377\000T\000h\000e\000\040\000R\000e\000c\000o\000n\000s\000t\000r\000u\000c\000t\000i\000o\000n\000\040\000O\000r\000d\000e\000r\000\040\000P\000a\000r\000a\000m\000e\000t\000e\000r}{appendix.Alph27}% 346
\BOOKMARK [1][-]{section.Alph27.19}{\376\377\000F\000l\000u\000c\000t\000u\000a\000t\000i\000o\000n\000\040\000T\000h\000e\000o\000r\000e\000m}{appendix.Alph27}% 347
\BOOKMARK [1][-]{section.Alph27.20}{\376\377\000T\000h\000e\000\040\000E\000n\000s\000e\000m\000b\000l\000e\000\040\000I\000n\000t\000e\000r\000p\000r\000e\000t\000a\000t\000i\000o\000n\000\040\000o\000f\000\040\000P\000e\000r\000s\000i\000s\000t\000e\000n\000c\000e}{appendix.Alph27}% 348
\BOOKMARK [1][-]{section.Alph27.21}{\376\377\000T\000h\000e\000\040\000S\000t\000a\000t\000i\000s\000t\000i\000c\000a\000l\000\040\000M\000e\000m\000o\000r\000y\000\040\000P\000r\000i\000n\000c\000i\000p\000l\000e}{appendix.Alph27}% 349
\BOOKMARK [1][-]{section.Alph27.22}{\376\377\000C\000o\000n\000c\000l\000u\000s\000i\000o\000n}{appendix.Alph27}% 350
\BOOKMARK [0][-]{appendix.Alph28}{\376\377\000R\000e\000c\000o\000n\000s\000t\000r\000u\000c\000t\000i\000o\000n\000\040\000A\000l\000g\000e\000b\000r\000a\000\040\000a\000n\000d\000\040\000O\000p\000e\000r\000a\000t\000o\000r\000\040\000T\000h\000e\000o\000r\000y}{}% 351
\BOOKMARK [1][-]{section.Alph28.1}{\376\377\000I\000n\000t\000r\000o\000d\000u\000c\000t\000i\000o\000n}{appendix.Alph28}% 352
\BOOKMARK [1][-]{section.Alph28.2}{\376\377\000D\000i\000s\000t\000i\000n\000c\000t\000i\000o\000n\000\040\000S\000p\000a\000c\000e\000s}{appendix.Alph28}% 353
\BOOKMARK [1][-]{section.Alph28.3}{\376\377\000R\000e\000c\000o\000n\000s\000t\000r\000u\000c\000t\000i\000o\000n\000\040\000O\000p\000e\000r\000a\000t\000o\000r\000s}{appendix.Alph28}% 354
\BOOKMARK [1][-]{section.Alph28.4}{\376\377\000T\000h\000e\000\040\000R\000e\000c\000o\000n\000s\000t\000r\000u\000c\000t\000i\000o\000n\000\040\000A\000l\000g\000e\000b\000r\000a}{appendix.Alph28}% 355
\BOOKMARK [1][-]{section.Alph28.5}{\376\377\000I\000d\000e\000n\000t\000i\000t\000y\000\040\000a\000n\000d\000\040\000N\000u\000l\000l\000\040\000O\000p\000e\000r\000a\000t\000o\000r\000s}{appendix.Alph28}% 356
\BOOKMARK [1][-]{section.Alph28.6}{\376\377\000F\000o\000r\000g\000e\000t\000t\000i\000n\000g\000\040\000O\000p\000e\000r\000a\000t\000o\000r\000s}{appendix.Alph28}% 357
\BOOKMARK [1][-]{section.Alph28.7}{\376\377\000I\000d\000e\000m\000p\000o\000t\000e\000n\000t\000\040\000F\000o\000r\000g\000e\000t\000t\000i\000n\000g}{appendix.Alph28}% 358
\BOOKMARK [1][-]{section.Alph28.8}{\376\377\000P\000r\000o\000j\000e\000c\000t\000i\000o\000n\000\040\000O\000p\000e\000r\000a\000t\000o\000r\000s}{appendix.Alph28}% 359
\BOOKMARK [1][-]{section.Alph28.9}{\376\377\000R\000e\000c\000o\000n\000s\000t\000r\000u\000c\000t\000i\000o\000n\000\040\000S\000e\000m\000i\000g\000r\000o\000u\000p\000s}{appendix.Alph28}% 360
\BOOKMARK [1][-]{section.Alph28.10}{\376\377\000G\000e\000n\000e\000r\000a\000t\000o\000r\000s}{appendix.Alph28}% 361
\BOOKMARK [1][-]{section.Alph28.11}{\376\377\000I\000n\000t\000e\000r\000p\000r\000e\000t\000a\000t\000i\000o\000n}{appendix.Alph28}% 362
\BOOKMARK [1][-]{section.Alph28.12}{\376\377\000T\000h\000e\000\040\000F\000o\000r\000g\000e\000t\000t\000i\000n\000g\000\040\000S\000e\000m\000i\000g\000r\000o\000u\000p}{appendix.Alph28}% 363
\BOOKMARK [1][-]{section.Alph28.13}{\376\377\000I\000n\000v\000a\000r\000i\000a\000n\000t\000\040\000W\000i\000t\000n\000e\000s\000s\000\040\000S\000p\000a\000c\000e\000s}{appendix.Alph28}% 364
\BOOKMARK [1][-]{section.Alph28.14}{\376\377\000S\000p\000e\000c\000t\000r\000a\000l\000\040\000D\000e\000c\000o\000m\000p\000o\000s\000i\000t\000i\000o\000n}{appendix.Alph28}% 365
\BOOKMARK [1][-]{section.Alph28.15}{\376\377\000T\000h\000e\000\040\000P\000e\000r\000s\000i\000s\000t\000e\000n\000c\000e\000\040\000S\000p\000e\000c\000t\000r\000u\000m}{appendix.Alph28}% 366
\BOOKMARK [1][-]{section.Alph28.16}{\376\377\000T\000h\000e\000\040\000P\000e\000r\000s\000i\000s\000t\000e\000n\000c\000e\000\040\000T\000h\000e\000o\000r\000e\000m}{appendix.Alph28}% 367
\BOOKMARK [1][-]{section.Alph28.17}{\376\377\000O\000p\000e\000r\000a\000t\000o\000r\000\040\000E\000n\000t\000r\000o\000p\000y}{appendix.Alph28}% 368
\BOOKMARK [1][-]{section.Alph28.18}{\376\377\000C\000o\000m\000m\000u\000t\000a\000t\000o\000r\000s}{appendix.Alph28}% 369
\BOOKMARK [1][-]{section.Alph28.19}{\376\377\000T\000h\000e\000\040\000U\000n\000c\000e\000r\000t\000a\000i\000n\000t\000y\000\040\000P\000r\000i\000n\000c\000i\000p\000l\000e\000\040\000o\000f\000\040\000M\000e\000m\000o\000r\000y}{appendix.Alph28}% 370
\BOOKMARK [1][-]{section.Alph28.20}{\376\377\000R\000e\000c\000o\000n\000s\000t\000r\000u\000c\000t\000i\000o\000n\000\040\000C\000*\000-\000A\000l\000g\000e\000b\000r\000a\000s}{appendix.Alph28}% 371
\BOOKMARK [1][-]{section.Alph28.21}{\376\377\000F\000i\000x\000e\000d\000\040\000P\000o\000i\000n\000t\000s}{appendix.Alph28}% 372
\BOOKMARK [1][-]{section.Alph28.22}{\376\377\000T\000h\000e\000\040\000F\000i\000x\000e\000d\000-\000P\000o\000i\000n\000t\000\040\000P\000e\000r\000s\000i\000s\000t\000e\000n\000c\000e\000\040\000T\000h\000e\000o\000r\000e\000m}{appendix.Alph28}% 373
\BOOKMARK [1][-]{section.Alph28.23}{\376\377\000T\000h\000e\000\040\000A\000l\000g\000e\000b\000r\000a\000i\000c\000\040\000I\000n\000t\000e\000r\000p\000r\000e\000t\000a\000t\000i\000o\000n\000\040\000o\000f\000\040\000M\000e\000m\000o\000r\000y}{appendix.Alph28}% 374
\BOOKMARK [1][-]{section.Alph28.24}{\376\377\000C\000o\000n\000c\000l\000u\000s\000i\000o\000n}{appendix.Alph28}% 375
\BOOKMARK [0][-]{appendix.Alph29}{\376\377\000R\000e\000c\000o\000n\000s\000t\000r\000u\000c\000t\000i\000o\000n\000\040\000T\000o\000p\000o\000s\000e\000s\000,\000\040\000S\000h\000e\000a\000v\000e\000s\000,\000\040\000a\000n\000d\000\040\000t\000h\000e\000\040\000L\000o\000c\000a\000l\000i\000t\000y\000\040\000o\000f\000\040\000M\000e\000m\000o\000r\000y}{}% 376
\BOOKMARK [1][-]{section.Alph29.1}{\376\377\000I\000n\000t\000r\000o\000d\000u\000c\000t\000i\000o\000n}{appendix.Alph29}% 377
\BOOKMARK [1][-]{section.Alph29.2}{\376\377\000R\000e\000p\000a\000i\000r\000\040\000S\000p\000a\000c\000e\000s}{appendix.Alph29}% 378
\BOOKMARK [1][-]{section.Alph29.3}{\376\377\000L\000o\000c\000a\000l\000\040\000S\000e\000c\000t\000i\000o\000n\000s}{appendix.Alph29}% 379
\BOOKMARK [1][-]{section.Alph29.4}{\376\377\000R\000e\000s\000t\000r\000i\000c\000t\000i\000o\000n\000\040\000M\000a\000p\000s}{appendix.Alph29}% 380
\BOOKMARK [1][-]{section.Alph29.5}{\376\377\000T\000h\000e\000\040\000S\000h\000e\000a\000f\000\040\000A\000x\000i\000o\000m\000s}{appendix.Alph29}% 381
\BOOKMARK [1][-]{section.Alph29.6}{\376\377\000I\000n\000t\000e\000r\000p\000r\000e\000t\000a\000t\000i\000o\000n}{appendix.Alph29}% 382
\BOOKMARK [1][-]{section.Alph29.7}{\376\377\000W\000i\000t\000n\000e\000s\000s\000\040\000S\000h\000e\000a\000v\000e\000s}{appendix.Alph29}% 383
\BOOKMARK [1][-]{section.Alph29.8}{\376\377\000T\000h\000e\000\040\000S\000t\000a\000l\000k}{appendix.Alph29}% 384
\BOOKMARK [1][-]{section.Alph29.9}{\376\377\000L\000o\000c\000a\000l\000\040\000M\000e\000m\000o\000r\000y}{appendix.Alph29}% 385
\BOOKMARK [1][-]{section.Alph29.10}{\376\377\000G\000l\000o\000b\000a\000l\000\040\000S\000e\000c\000t\000i\000o\000n\000s}{appendix.Alph29}% 386
\BOOKMARK [1][-]{section.Alph29.11}{\376\377\000T\000h\000e\000\040\000D\000i\000s\000t\000r\000i\000b\000u\000t\000e\000d\000\040\000M\000e\000m\000o\000r\000y\000\040\000P\000r\000i\000n\000c\000i\000p\000l\000e}{appendix.Alph29}% 387
\BOOKMARK [1][-]{section.Alph29.12}{\376\377\000M\000e\000m\000o\000r\000y\000\040\000O\000b\000s\000t\000r\000u\000c\000t\000i\000o\000n\000s}{appendix.Alph29}% 388
\BOOKMARK [1][-]{section.Alph29.13}{\376\377\000C\000o\000h\000o\000m\000o\000l\000o\000g\000y}{appendix.Alph29}% 389
\BOOKMARK [1][-]{section.Alph29.14}{\376\377\000I\000n\000t\000e\000r\000p\000r\000e\000t\000a\000t\000i\000o\000n\000\040\000o\000f\000\040\000C\000o\000h\000o\000m\000o\000l\000o\000g\000y}{appendix.Alph29}% 390
\BOOKMARK [1][-]{section.Alph29.15}{\376\377\000T\000h\000e\000\040\000M\000e\000m\000o\000r\000y\000\040\000C\000o\000h\000o\000m\000o\000l\000o\000g\000y\000\040\000T\000h\000e\000o\000r\000e\000m}{appendix.Alph29}% 391
\BOOKMARK [1][-]{section.Alph29.16}{\376\377\000T\000h\000e\000\040\000D\000e\000s\000c\000e\000n\000t\000\040\000C\000o\000n\000d\000i\000t\000i\000o\000n}{appendix.Alph29}% 392
\BOOKMARK [1][-]{section.Alph29.17}{\376\377\000C\000i\000v\000i\000l\000i\000z\000a\000t\000i\000o\000n\000s\000\040\000a\000s\000\040\000S\000h\000e\000a\000v\000e\000s}{appendix.Alph29}% 393
\BOOKMARK [1][-]{section.Alph29.18}{\376\377\000S\000c\000i\000e\000n\000t\000i\000f\000i\000c\000\040\000K\000n\000o\000w\000l\000e\000d\000g\000e\000\040\000a\000s\000\040\000a\000\040\000S\000h\000e\000a\000f}{appendix.Alph29}% 394
\BOOKMARK [1][-]{section.Alph29.19}{\376\377\000S\000h\000e\000a\000f\000i\000f\000i\000c\000a\000t\000i\000o\000n}{appendix.Alph29}% 395
\BOOKMARK [1][-]{section.Alph29.20}{\376\377\000T\000h\000e\000\040\000T\000o\000p\000o\000s\000\040\000o\000f\000\040\000R\000e\000c\000o\000n\000s\000t\000r\000u\000c\000t\000i\000o\000n}{appendix.Alph29}% 396
\BOOKMARK [1][-]{section.Alph29.21}{\376\377\000I\000n\000t\000e\000r\000n\000a\000l\000\040\000L\000o\000g\000i\000c}{appendix.Alph29}% 397
\BOOKMARK [1][-]{section.Alph29.22}{\376\377\000T\000h\000e\000\040\000L\000o\000c\000a\000l\000i\000t\000y\000\040\000P\000r\000i\000n\000c\000i\000p\000l\000e}{appendix.Alph29}% 398
\BOOKMARK [1][-]{section.Alph29.23}{\376\377\000T\000h\000e\000\040\000S\000h\000e\000a\000f\000-\000T\000h\000e\000o\000r\000e\000t\000i\000c\000\040\000I\000n\000t\000e\000r\000p\000r\000e\000t\000a\000t\000i\000o\000n\000\040\000o\000f\000\040\000F\000o\000r\000g\000e\000t\000t\000i\000n\000g}{appendix.Alph29}% 399
\BOOKMARK [1][-]{section.Alph29.24}{\376\377\000T\000h\000e\000\040\000F\000u\000n\000d\000a\000m\000e\000n\000t\000a\000l\000\040\000S\000h\000e\000a\000f\000\040\000T\000h\000e\000o\000r\000e\000m\000\040\000o\000f\000\040\000M\000e\000m\000o\000r\000y}{appendix.Alph29}% 400
\BOOKMARK [1][-]{section.Alph29.25}{\376\377\000C\000o\000n\000c\000l\000u\000s\000i\000o\000n}{appendix.Alph29}% 401
\BOOKMARK [0][-]{appendix.Alph30}{\376\377\000R\000e\000c\000o\000n\000s\000t\000r\000u\000c\000t\000i\000o\000n\000\040\000C\000o\000s\000m\000o\000l\000o\000g\000y\000\040\000a\000n\000d\000\040\000t\000h\000e\000\040\000M\000e\000m\000o\000r\000y\000\040\000S\000t\000r\000u\000c\000t\000u\000r\000e\000\040\000o\000f\000\040\000t\000h\000e\000\040\000U\000n\000i\000v\000e\000r\000s\000e}{}% 402
\BOOKMARK [1][-]{section.Alph30.1}{\376\377\000I\000n\000t\000r\000o\000d\000u\000c\000t\000i\000o\000n}{appendix.Alph30}% 403
\BOOKMARK [1][-]{section.Alph30.2}{\376\377\000T\000h\000e\000\040\000C\000o\000s\000m\000i\000c\000\040\000D\000i\000s\000t\000i\000n\000c\000t\000i\000o\000n\000\040\000F\000i\000e\000l\000d}{appendix.Alph30}% 404
\BOOKMARK [1][-]{section.Alph30.3}{\376\377\000T\000h\000e\000\040\000C\000o\000s\000m\000i\000c\000\040\000W\000i\000t\000n\000e\000s\000s\000\040\000F\000i\000e\000l\000d}{appendix.Alph30}% 405
\BOOKMARK [1][-]{section.Alph30.4}{\376\377\000R\000e\000c\000o\000n\000s\000t\000r\000u\000c\000t\000i\000v\000e\000\040\000L\000i\000g\000h\000t\000\040\000C\000o\000n\000e\000s}{appendix.Alph30}% 406
\BOOKMARK [1][-]{section.Alph30.5}{\376\377\000T\000h\000e\000\040\000R\000e\000c\000o\000n\000s\000t\000r\000u\000c\000t\000i\000o\000n\000\040\000M\000e\000t\000r\000i\000c}{appendix.Alph30}% 407
\BOOKMARK [1][-]{section.Alph30.6}{\376\377\000W\000i\000t\000n\000e\000s\000s\000\040\000H\000o\000r\000i\000z\000o\000n\000s}{appendix.Alph30}% 408
\BOOKMARK [1][-]{section.Alph30.7}{\376\377\000E\000x\000a\000m\000p\000l\000e\000s}{appendix.Alph30}% 409
\BOOKMARK [1][-]{section.Alph30.8}{\376\377\000T\000h\000e\000\040\000C\000o\000s\000m\000i\000c\000\040\000R\000e\000c\000o\000n\000s\000t\000r\000u\000c\000t\000i\000o\000n\000\040\000F\000i\000e\000l\000d}{appendix.Alph30}% 410
\BOOKMARK [1][-]{section.Alph30.9}{\376\377\000I\000n\000t\000e\000r\000p\000r\000e\000t\000a\000t\000i\000o\000n}{appendix.Alph30}% 411
\BOOKMARK [1][-]{section.Alph30.10}{\376\377\000C\000o\000s\000m\000i\000c\000\040\000E\000n\000t\000r\000o\000p\000y\000\040\000a\000n\000d\000\040\000R\000e\000c\000o\000n\000s\000t\000r\000u\000c\000t\000i\000o\000n}{appendix.Alph30}% 412
\BOOKMARK [1][-]{section.Alph30.11}{\376\377\000T\000h\000e\000\040\000R\000e\000c\000o\000n\000s\000t\000r\000u\000c\000t\000i\000o\000n\000\040\000A\000r\000r\000o\000w\000\040\000o\000f\000\040\000T\000i\000m\000e}{appendix.Alph30}% 413
\BOOKMARK [1][-]{section.Alph30.12}{\376\377\000T\000h\000e\000\040\000C\000o\000s\000m\000i\000c\000\040\000A\000r\000c\000h\000i\000v\000e\000\040\000I\000l\000l\000u\000s\000i\000o\000n}{appendix.Alph30}% 414
\BOOKMARK [1][-]{section.Alph30.13}{\376\377\000M\000e\000m\000o\000r\000y\000\040\000B\000l\000a\000c\000k\000\040\000H\000o\000l\000e\000s}{appendix.Alph30}% 415
\BOOKMARK [1][-]{section.Alph30.14}{\376\377\000T\000h\000e\000\040\000R\000e\000c\000o\000n\000s\000t\000r\000u\000c\000t\000i\000o\000n\000\040\000R\000a\000d\000i\000u\000s}{appendix.Alph30}% 416
\BOOKMARK [1][-]{section.Alph30.15}{\376\377\000T\000h\000e\000\040\000N\000o\000-\000R\000e\000c\000o\000v\000e\000r\000y\000\040\000R\000e\000g\000i\000o\000n}{appendix.Alph30}% 417
\BOOKMARK [1][-]{section.Alph30.16}{\376\377\000C\000o\000s\000m\000i\000c\000\040\000C\000o\000m\000p\000r\000e\000s\000s\000i\000o\000n}{appendix.Alph30}% 418
\BOOKMARK [1][-]{section.Alph30.17}{\376\377\000T\000h\000e\000\040\000C\000o\000m\000p\000r\000e\000s\000s\000i\000o\000n\000\040\000C\000a\000s\000c\000a\000d\000e}{appendix.Alph30}% 419
\BOOKMARK [1][-]{section.Alph30.18}{\376\377\000C\000o\000s\000m\000i\000c\000\040\000R\000e\000n\000o\000r\000m\000a\000l\000i\000z\000a\000t\000i\000o\000n}{appendix.Alph30}% 420
\BOOKMARK [1][-]{section.Alph30.19}{\376\377\000T\000h\000e\000\040\000C\000o\000s\000m\000o\000l\000o\000g\000i\000c\000a\000l\000\040\000W\000i\000t\000n\000e\000s\000s\000\040\000P\000r\000i\000n\000c\000i\000p\000l\000e}{appendix.Alph30}% 421
\BOOKMARK [1][-]{section.Alph30.20}{\376\377\000T\000h\000e\000\040\000U\000n\000i\000v\000e\000r\000s\000e\000\040\000a\000s\000\040\000a\000\040\000R\000e\000c\000o\000n\000s\000t\000r\000u\000c\000t\000i\000o\000n\000\040\000N\000e\000t\000w\000o\000r\000k}{appendix.Alph30}% 422
\BOOKMARK [1][-]{section.Alph30.21}{\376\377\000T\000h\000e\000\040\000C\000o\000s\000m\000i\000c\000\040\000P\000e\000r\000s\000i\000s\000t\000e\000n\000c\000e\000\040\000T\000h\000e\000o\000r\000e\000m}{appendix.Alph30}% 423
\BOOKMARK [1][-]{section.Alph30.22}{\376\377\000T\000h\000e\000\040\000C\000o\000s\000m\000o\000l\000o\000g\000i\000c\000a\000l\000\040\000H\000o\000r\000i\000z\000o\000n\000\040\000o\000f\000\040\000M\000e\000m\000o\000r\000y}{appendix.Alph30}% 424
\BOOKMARK [1][-]{section.Alph30.23}{\376\377\000T\000h\000e\000\040\000C\000o\000s\000m\000i\000c\000\040\000F\000u\000n\000e\000s\000\040\000P\000r\000o\000b\000l\000e\000m}{appendix.Alph30}% 425
\BOOKMARK [1][-]{section.Alph30.24}{\376\377\000T\000h\000e\000\040\000U\000l\000t\000i\000m\000a\000t\000e\000\040\000C\000o\000s\000m\000o\000l\000o\000g\000i\000c\000a\000l\000\040\000P\000r\000i\000n\000c\000i\000p\000l\000e}{appendix.Alph30}% 426
\BOOKMARK [1][-]{section.Alph30.25}{\376\377\000C\000o\000n\000c\000l\000u\000s\000i\000o\000n}{appendix.Alph30}% 427
\BOOKMARK [0][-]{appendix.Alph31}{\376\377\000T\000h\000e\000\040\000G\000r\000a\000n\000d\000\040\000F\000u\000n\000e\000s\000\040\000L\000i\000m\000i\000t}{}% 428
\BOOKMARK [1][-]{section.Alph31.1}{\376\377\000I\000n\000t\000r\000o\000d\000u\000c\000t\000i\000o\000n}{appendix.Alph31}% 429
\BOOKMARK [1][-]{section.Alph31.2}{\376\377\000P\000r\000e\000s\000e\000r\000v\000a\000t\000i\000o\000n\000\040\000a\000n\000d\000\040\000R\000e\000c\000o\000n\000s\000t\000r\000u\000c\000t\000i\000o\000n}{appendix.Alph31}% 430
\BOOKMARK [1][-]{section.Alph31.3}{\376\377\000M\000a\000i\000n\000t\000e\000n\000a\000n\000c\000e\000\040\000C\000o\000n\000s\000t\000r\000a\000i\000n\000t\000s}{appendix.Alph31}% 431
\BOOKMARK [1][-]{section.Alph31.4}{\376\377\000R\000e\000t\000r\000i\000e\000v\000a\000l\000\040\000C\000o\000n\000s\000t\000r\000a\000i\000n\000t\000s}{appendix.Alph31}% 432
\BOOKMARK [1][-]{section.Alph31.5}{\376\377\000T\000h\000e\000\040\000R\000e\000c\000o\000n\000s\000t\000r\000u\000c\000t\000i\000o\000n\000\040\000E\000f\000f\000i\000c\000i\000e\000n\000c\000y\000\040\000F\000u\000n\000c\000t\000i\000o\000n\000a\000l}{appendix.Alph31}% 433
\BOOKMARK [1][-]{section.Alph31.6}{\376\377\000T\000h\000e\000\040\000S\000t\000r\000o\000n\000g\000\040\000F\000u\000n\000e\000s\000\040\000C\000o\000n\000d\000i\000t\000i\000o\000n}{appendix.Alph31}% 434
\BOOKMARK [1][-]{section.Alph31.7}{\376\377\000T\000h\000e\000\040\000S\000p\000e\000c\000t\000r\000a\000l\000\040\000F\000o\000r\000m\000u\000l\000a\000t\000i\000o\000n}{appendix.Alph31}% 435
\BOOKMARK [1][-]{section.Alph31.8}{\376\377\000T\000h\000e\000\040\000T\000h\000e\000r\000m\000o\000d\000y\000n\000a\000m\000i\000c\000\040\000F\000o\000r\000m\000u\000l\000a\000t\000i\000o\000n}{appendix.Alph31}% 436
\BOOKMARK [1][-]{section.Alph31.9}{\376\377\000T\000h\000e\000\040\000G\000e\000o\000m\000e\000t\000r\000i\000c\000\040\000F\000o\000r\000m\000u\000l\000a\000t\000i\000o\000n}{appendix.Alph31}% 437
\BOOKMARK [1][-]{section.Alph31.10}{\376\377\000T\000h\000e\000\040\000S\000t\000a\000t\000i\000s\000t\000i\000c\000a\000l\000\040\000F\000o\000r\000m\000u\000l\000a\000t\000i\000o\000n}{appendix.Alph31}% 438
\BOOKMARK [1][-]{section.Alph31.11}{\376\377\000T\000h\000e\000\040\000S\000h\000e\000a\000f\000-\000T\000h\000e\000o\000r\000e\000t\000i\000c\000\040\000F\000o\000r\000m\000u\000l\000a\000t\000i\000o\000n}{appendix.Alph31}% 439
\BOOKMARK [1][-]{section.Alph31.12}{\376\377\000T\000h\000e\000\040\000C\000o\000s\000m\000o\000l\000o\000g\000i\000c\000a\000l\000\040\000F\000o\000r\000m\000u\000l\000a\000t\000i\000o\000n}{appendix.Alph31}% 440
\BOOKMARK [1][-]{section.Alph31.13}{\376\377\000T\000h\000e\000\040\000P\000r\000e\000s\000e\000r\000v\000a\000t\000i\000o\000n\000-\000R\000e\000c\000o\000n\000s\000t\000r\000u\000c\000t\000i\000o\000n\000\040\000D\000i\000v\000e\000r\000g\000e\000n\000c\000e}{appendix.Alph31}% 441
\BOOKMARK [1][-]{section.Alph31.14}{\376\377\000I\000n\000t\000e\000r\000p\000r\000e\000t\000a\000t\000i\000o\000n}{appendix.Alph31}% 442
\BOOKMARK [1][-]{section.Alph31.15}{\376\377\000T\000h\000e\000\040\000G\000r\000a\000n\000d\000\040\000D\000i\000v\000e\000r\000g\000e\000n\000c\000e\000\040\000T\000h\000e\000o\000r\000e\000m}{appendix.Alph31}% 443
\BOOKMARK [1][-]{section.Alph31.16}{\376\377\000T\000h\000e\000\040\000G\000r\000a\000n\000d\000\040\000F\000u\000n\000e\000s\000\040\000T\000h\000e\000o\000r\000e\000m}{appendix.Alph31}% 444
\BOOKMARK [1][-]{section.Alph31.17}{\376\377\000T\000h\000e\000\040\000U\000n\000i\000v\000e\000r\000s\000a\000l\000\040\000C\000o\000m\000p\000r\000e\000s\000s\000i\000o\000n\000\040\000T\000h\000e\000o\000r\000e\000m}{appendix.Alph31}% 445
\BOOKMARK [1][-]{section.Alph31.18}{\376\377\000T\000h\000e\000\040\000C\000o\000m\000p\000r\000e\000s\000s\000i\000o\000n\000\040\000A\000t\000t\000r\000a\000c\000t\000o\000r}{appendix.Alph31}% 446
\BOOKMARK [1][-]{section.Alph31.19}{\376\377\000T\000h\000e\000\040\000F\000i\000n\000a\000l\000\040\000C\000o\000r\000o\000l\000l\000a\000r\000y}{appendix.Alph31}% 447
\BOOKMARK [1][-]{section.Alph31.20}{\376\377\000T\000h\000e\000\040\000U\000l\000t\000i\000m\000a\000t\000e\000\040\000R\000e\000c\000o\000n\000s\000t\000r\000u\000c\000t\000i\000o\000n\000\040\000P\000r\000i\000n\000c\000i\000p\000l\000e}{appendix.Alph31}% 448
\BOOKMARK [1][-]{section.Alph31.21}{\376\377\000T\000h\000e\000\040\000L\000a\000s\000t\000\040\000T\000h\000e\000o\000r\000e\000m}{appendix.Alph31}% 449
\BOOKMARK [1][-]{section.Alph31.22}{\376\377\000E\000p\000i\000l\000o\000g\000u\000e}{appendix.Alph31}% 450
