\BOOKMARK [1][-]{section.1}{\376\377\000T\000h\000e\000\040\000H\000i\000d\000d\000e\000n\000\040\000A\000s\000s\000u\000m\000p\000t\000i\000o\000n\000\040\000o\000f\000\040\000K\000n\000o\000w\000l\000e\000d\000g\000e}{}% 1
\BOOKMARK [1][-]{section.2}{\376\377\000T\000r\000a\000n\000s\000f\000o\000r\000m\000a\000t\000i\000o\000n\000\040\000B\000e\000f\000o\000r\000e\000\040\000T\000r\000u\000t\000h}{}% 2
\BOOKMARK [1][-]{section.3}{\376\377\000A\000\040\000T\000r\000a\000n\000s\000c\000e\000n\000d\000e\000n\000t\000a\000l\000\040\000I\000n\000t\000e\000r\000p\000r\000e\000t\000a\000t\000i\000o\000n}{}% 3
\BOOKMARK [0][-]{part.1}{\376\377\000I\000\040\000T\000h\000e\000\040\000M\000a\000t\000h\000e\000m\000a\000t\000i\000c\000s\000\040\000o\000f\000\040\000R\000e\000c\000o\000v\000e\000r\000a\000b\000l\000e\000\040\000P\000e\000r\000s\000i\000s\000t\000e\000n\000c\000e}{}% 4
\BOOKMARK [1][-]{section.4}{\376\377\000S\000t\000r\000u\000c\000t\000u\000r\000e\000d\000\040\000D\000o\000m\000a\000i\000n\000s}{part.1}% 5
\BOOKMARK [1][-]{section.5}{\376\377\000D\000i\000s\000t\000i\000n\000c\000t\000i\000o\000n\000s}{part.1}% 6
\BOOKMARK [1][-]{section.6}{\376\377\000R\000e\000c\000o\000v\000e\000r\000a\000b\000l\000e\000\040\000P\000e\000r\000s\000i\000s\000t\000e\000n\000c\000e}{part.1}% 7
\BOOKMARK [1][-]{section.7}{\376\377\000P\000e\000r\000s\000i\000s\000t\000e\000n\000c\000e\000\040\000M\000e\000t\000r\000i\000c\000s}{part.1}% 8
\BOOKMARK [1][-]{section.8}{\376\377\000P\000e\000r\000s\000i\000s\000t\000e\000n\000c\000e\000\040\000F\000i\000e\000l\000d\000s}{part.1}% 9
\BOOKMARK [0][-]{part.2}{\376\377\000I\000I\000\040\000P\000r\000e\000s\000e\000r\000v\000a\000t\000i\000o\000n\000\040\000a\000n\000d\000\040\000R\000e\000c\000o\000n\000s\000t\000r\000u\000c\000t\000i\000o\000n}{}% 10
\BOOKMARK [1][-]{section.9}{\376\377\000R\000e\000p\000a\000i\000r}{part.2}% 11
\BOOKMARK [1][-]{section.10}{\376\377\000M\000e\000m\000o\000r\000y}{part.2}% 12
\BOOKMARK [1][-]{section.11}{\376\377\000H\000i\000s\000t\000o\000r\000i\000c\000a\000l\000\040\000C\000o\000m\000p\000u\000t\000a\000t\000i\000o\000n}{part.2}% 13
\BOOKMARK [1][-]{section.12}{\376\377\000I\000n\000v\000a\000r\000i\000a\000n\000c\000e\000\040\000v\000e\000r\000s\000u\000s\000\040\000R\000e\000c\000o\000v\000e\000r\000a\000b\000i\000l\000i\000t\000y}{part.2}% 14
\BOOKMARK [0][-]{part.3}{\376\377\000I\000I\000I\000\040\000I\000n\000f\000o\000r\000m\000a\000t\000i\000o\000n\000\040\000a\000n\000d\000\040\000E\000x\000p\000l\000a\000n\000a\000t\000i\000o\000n}{}% 15
\BOOKMARK [1][-]{section.13}{\376\377\000I\000n\000f\000o\000r\000m\000a\000t\000i\000o\000n\000\040\000a\000s\000\040\000R\000e\000c\000o\000v\000e\000r\000a\000b\000l\000e\000\040\000D\000i\000s\000t\000i\000n\000c\000t\000i\000o\000n}{part.3}% 16
\BOOKMARK [1][-]{section.14}{\376\377\000E\000n\000t\000r\000o\000p\000y\000\040\000a\000s\000\040\000D\000i\000s\000t\000i\000n\000c\000t\000i\000o\000n\000\040\000L\000o\000s\000s}{part.3}% 17
\BOOKMARK [1][-]{section.15}{\376\377\000E\000x\000p\000l\000a\000n\000a\000t\000i\000o\000n\000\040\000a\000s\000\040\000D\000i\000s\000t\000i\000n\000c\000t\000i\000o\000n\000\040\000R\000e\000p\000a\000i\000r}{part.3}% 18
\BOOKMARK [1][-]{section.16}{\376\377\000S\000c\000i\000e\000n\000t\000i\000f\000i\000c\000\040\000I\000n\000f\000e\000r\000e\000n\000c\000e}{part.3}% 19
\BOOKMARK [1][-]{section.17}{\376\377\000R\000e\000f\000e\000r\000e\000n\000c\000e\000\040\000a\000s\000\040\000P\000e\000r\000s\000i\000s\000t\000e\000n\000t\000\040\000D\000i\000s\000t\000i\000n\000c\000t\000i\000o\000n}{part.3}% 20
\BOOKMARK [1][-]{section.18}{\376\377\000K\000n\000o\000w\000l\000e\000d\000g\000e\000\040\000a\000s\000\040\000O\000r\000g\000a\000n\000i\000z\000e\000d\000\040\000P\000e\000r\000s\000i\000s\000t\000e\000n\000t\000\040\000R\000e\000f\000e\000r\000e\000n\000c\000e}{part.3}% 21
\BOOKMARK [1][-]{section.19}{\376\377\000U\000n\000d\000e\000r\000s\000t\000a\000n\000d\000i\000n\000g\000\040\000a\000s\000\040\000R\000e\000c\000o\000n\000s\000t\000r\000u\000c\000t\000i\000o\000n\000\040\000o\000f\000\040\000R\000e\000c\000o\000n\000s\000t\000r\000u\000c\000t\000i\000o\000n}{part.3}% 22
\BOOKMARK [1][-]{section.20}{\376\377\000W\000i\000s\000d\000o\000m\000\040\000a\000s\000\040\000t\000h\000e\000\040\000G\000o\000v\000e\000r\000n\000a\000n\000c\000e\000\040\000o\000f\000\040\000R\000e\000c\000o\000n\000s\000t\000r\000u\000c\000t\000i\000o\000n}{part.3}% 23
\BOOKMARK [1][-]{section.21}{\376\377\000T\000r\000u\000t\000h\000\040\000a\000s\000\040\000S\000t\000a\000b\000l\000e\000\040\000R\000e\000c\000o\000n\000s\000t\000r\000u\000c\000t\000i\000o\000n}{part.3}% 24
\BOOKMARK [1][-]{section.22}{\376\377\000F\000a\000l\000s\000e\000h\000o\000o\000d\000,\000\040\000I\000l\000l\000u\000s\000i\000o\000n\000,\000\040\000a\000n\000d\000\040\000D\000e\000c\000e\000p\000t\000i\000o\000n}{part.3}% 25
\BOOKMARK [1][-]{section.23}{\376\377\000R\000e\000a\000l\000i\000t\000y\000\040\000a\000s\000\040\000t\000h\000e\000\040\000D\000o\000m\000a\000i\000n\000\040\000o\000f\000\040\000P\000e\000r\000s\000i\000s\000t\000e\000n\000t\000\040\000C\000o\000n\000s\000t\000r\000a\000i\000n\000t}{part.3}% 26
\BOOKMARK [1][-]{section.24}{\376\377\000E\000x\000i\000s\000t\000e\000n\000c\000e\000\040\000a\000s\000\040\000P\000e\000r\000s\000i\000s\000t\000e\000n\000t\000\040\000A\000d\000m\000i\000s\000s\000i\000b\000i\000l\000i\000t\000y}{part.3}% 27
\BOOKMARK [1][-]{section.25}{\376\377\000P\000o\000s\000s\000i\000b\000i\000l\000i\000t\000y\000\040\000a\000n\000d\000\040\000N\000e\000c\000e\000s\000s\000i\000t\000y\000\040\000a\000s\000\040\000t\000h\000e\000\040\000G\000e\000o\000m\000e\000t\000r\000y\000\040\000o\000f\000\040\000A\000d\000m\000i\000s\000s\000i\000b\000i\000l\000i\000t\000y}{part.3}% 28
\BOOKMARK [1][-]{section.26}{\376\377\000C\000a\000u\000s\000a\000t\000i\000o\000n\000\040\000a\000s\000\040\000C\000o\000n\000s\000t\000r\000a\000i\000n\000t\000\040\000P\000r\000o\000p\000a\000g\000a\000t\000i\000o\000n}{part.3}% 29
\BOOKMARK [1][-]{section.27}{\376\377\000T\000i\000m\000e\000\040\000a\000s\000\040\000A\000c\000c\000u\000m\000u\000l\000a\000t\000e\000d\000\040\000C\000o\000n\000s\000t\000r\000a\000i\000n\000t}{part.3}% 30
\BOOKMARK [1][-]{section.28}{\376\377\000S\000p\000a\000c\000e\000\040\000a\000s\000\040\000t\000h\000e\000\040\000O\000r\000g\000a\000n\000i\000z\000a\000t\000i\000o\000n\000\040\000o\000f\000\040\000D\000i\000s\000t\000i\000n\000g\000u\000i\000s\000h\000a\000b\000i\000l\000i\000t\000y}{part.3}% 31
\BOOKMARK [1][-]{section.29}{\376\377\000S\000p\000a\000c\000e\000t\000i\000m\000e\000\040\000a\000s\000\040\000t\000h\000e\000\040\000P\000e\000r\000s\000i\000s\000t\000e\000n\000c\000e\000\040\000M\000a\000n\000i\000f\000o\000l\000d}{part.3}% 32
\BOOKMARK [1][-]{section.30}{\376\377\000L\000a\000w\000s\000\040\000a\000s\000\040\000I\000n\000v\000a\000r\000i\000a\000n\000t\000s\000\040\000o\000f\000\040\000P\000e\000r\000s\000i\000s\000t\000e\000n\000c\000e\000\040\000G\000e\000o\000m\000e\000t\000r\000y}{part.3}% 33
\BOOKMARK [1][-]{section.31}{\376\377\000M\000a\000t\000h\000e\000m\000a\000t\000i\000c\000s\000\040\000a\000s\000\040\000t\000h\000e\000\040\000S\000t\000u\000d\000y\000\040\000o\000f\000\040\000P\000u\000r\000e\000\040\000P\000e\000r\000s\000i\000s\000t\000e\000n\000c\000e}{part.3}% 34
\BOOKMARK [1][-]{section.32}{\376\377\000L\000o\000g\000i\000c\000\040\000a\000s\000\040\000A\000d\000m\000i\000s\000s\000i\000b\000l\000e\000\040\000R\000e\000c\000o\000n\000s\000t\000r\000u\000c\000t\000i\000o\000n}{part.3}% 35
\BOOKMARK [1][-]{section.33}{\376\377\000C\000o\000m\000p\000u\000t\000a\000t\000i\000o\000n\000\040\000a\000s\000\040\000E\000x\000p\000l\000i\000c\000i\000t\000\040\000R\000e\000c\000o\000n\000s\000t\000r\000u\000c\000t\000i\000o\000n}{part.3}% 36
\BOOKMARK [1][-]{section.34}{\376\377\000L\000a\000n\000g\000u\000a\000g\000e\000\040\000a\000n\000d\000\040\000M\000e\000a\000n\000i\000n\000g\000\040\000a\000s\000\040\000P\000e\000r\000s\000i\000s\000t\000e\000n\000t\000\040\000R\000e\000c\000o\000n\000s\000t\000r\000u\000c\000t\000i\000o\000n}{part.3}% 37
\BOOKMARK [1][-]{section.35}{\376\377\000C\000o\000n\000s\000c\000i\000o\000u\000s\000n\000e\000s\000s\000\040\000a\000s\000\040\000S\000e\000l\000f\000-\000R\000e\000c\000o\000n\000s\000t\000r\000u\000c\000t\000i\000o\000n}{part.3}% 38
\BOOKMARK [1][-]{section.36}{\376\377\000C\000o\000l\000l\000e\000c\000t\000i\000v\000e\000\040\000I\000n\000t\000e\000l\000l\000i\000g\000e\000n\000c\000e\000\040\000a\000n\000d\000\040\000C\000i\000v\000i\000l\000i\000z\000a\000t\000i\000o\000n\000\040\000a\000s\000\040\000D\000i\000s\000t\000r\000i\000b\000u\000t\000e\000d\000\040\000R\000e\000c\000o\000n\000s\000t\000r\000u\000c\000t\000i\000o\000n}{part.3}% 39
\BOOKMARK [1][-]{section.37}{\376\377\000T\000h\000e\000\040\000U\000n\000i\000v\000e\000r\000s\000a\000l\000\040\000P\000e\000r\000s\000i\000s\000t\000e\000n\000c\000e\000\040\000M\000a\000n\000i\000f\000o\000l\000d}{part.3}% 40
\BOOKMARK [1][-]{section.38}{\376\377\000T\000h\000e\000\040\000P\000e\000r\000s\000i\000s\000t\000e\000n\000c\000e\000\040\000P\000r\000i\000n\000c\000i\000p\000l\000e}{part.3}% 41
\BOOKMARK [1][-]{appendix.A}{\376\377\000P\000e\000r\000s\000i\000s\000t\000e\000n\000c\000e\000\040\000M\000e\000t\000r\000i\000c\000s\000\040\000o\000n\000\040\000R\000e\000c\000o\000n\000s\000t\000r\000u\000c\000t\000i\000o\000n\000\040\000S\000p\000a\000c\000e\000s}{part.3}% 42
\BOOKMARK [1][-]{appendix.B}{\376\377\000S\000p\000e\000c\000t\000r\000a\000l\000\040\000T\000h\000e\000o\000r\000y\000\040\000o\000f\000\040\000P\000e\000r\000s\000i\000s\000t\000e\000n\000c\000e\000\040\000O\000p\000e\000r\000a\000t\000o\000r\000s}{part.3}% 43
\BOOKMARK [1][-]{appendix.C}{\376\377\000C\000o\000h\000o\000m\000o\000l\000o\000g\000y\000\040\000o\000f\000\040\000D\000i\000s\000t\000i\000n\000c\000t\000i\000o\000n\000\040\000F\000i\000e\000l\000d\000s}{part.3}% 44
\BOOKMARK [1][-]{appendix.D}{\376\377\000V\000a\000r\000i\000a\000t\000i\000o\000n\000a\000l\000\040\000P\000r\000i\000n\000c\000i\000p\000l\000e\000\040\000f\000o\000r\000\040\000P\000e\000r\000s\000i\000s\000t\000e\000n\000c\000e\000\040\000G\000e\000o\000m\000e\000t\000r\000y}{part.3}% 45
\BOOKMARK [1][-]{appendix.E}{\376\377\000F\000i\000x\000e\000d\000\040\000P\000o\000i\000n\000t\000s\000,\000\040\000A\000t\000t\000r\000a\000c\000t\000o\000r\000s\000,\000\040\000a\000n\000d\000\040\000U\000n\000i\000v\000e\000r\000s\000a\000l\000\040\000P\000e\000r\000s\000i\000s\000t\000e\000n\000c\000e}{part.3}% 46
\BOOKMARK [1][-]{appendix.F}{\376\377\000M\000o\000r\000s\000e\000\040\000T\000h\000e\000o\000r\000y\000\040\000o\000n\000\040\000P\000e\000r\000s\000i\000s\000t\000e\000n\000c\000e\000\040\000M\000a\000n\000i\000f\000o\000l\000d\000s}{part.3}% 47
\BOOKMARK [1][-]{appendix.G}{\376\377\000P\000e\000r\000s\000i\000s\000t\000e\000n\000c\000e\000\040\000R\000i\000c\000c\000i\000\040\000F\000l\000o\000w}{part.3}% 48
\BOOKMARK [1][-]{appendix.H}{\376\377\000E\000n\000t\000r\000o\000p\000y\000\040\000a\000n\000d\000\040\000t\000h\000e\000\040\000P\000e\000r\000s\000i\000s\000t\000e\000n\000c\000e\000\040\000S\000p\000e\000c\000t\000r\000u\000m}{part.3}% 49
\BOOKMARK [1][-]{appendix.I}{\376\377\000A\000\040\000S\000h\000e\000a\000f\000-\000T\000h\000e\000o\000r\000e\000t\000i\000c\000\040\000F\000o\000r\000m\000u\000l\000a\000t\000i\000o\000n\000\040\000o\000f\000\040\000R\000e\000c\000o\000n\000s\000t\000r\000u\000c\000t\000i\000o\000n}{part.3}% 50
\BOOKMARK [1][-]{appendix.J}{\376\377\000C\000a\000t\000e\000g\000o\000r\000i\000c\000a\000l\000\040\000P\000e\000r\000s\000i\000s\000t\000e\000n\000c\000e\000\040\000a\000n\000d\000\040\000U\000n\000i\000v\000e\000r\000s\000a\000l\000\040\000P\000r\000o\000p\000e\000r\000t\000i\000e\000s}{part.3}% 51
\BOOKMARK [1][-]{appendix.K}{\376\377\000A\000\040\000P\000e\000r\000s\000i\000s\000t\000e\000n\000c\000e\000\040\000I\000n\000d\000e\000x\000\040\000T\000h\000e\000o\000r\000e\000m}{part.3}% 52
\BOOKMARK [1][-]{appendix.L}{\376\377\000L\000a\000r\000g\000e\000-\000S\000c\000a\000l\000e\000\040\000S\000t\000r\000u\000c\000t\000u\000r\000e\000:\000\040\000R\000e\000n\000o\000r\000m\000a\000l\000i\000z\000a\000t\000i\000o\000n\000,\000\040\000T\000r\000a\000n\000s\000p\000o\000r\000t\000,\000\040\000a\000n\000d\000\040\000D\000i\000f\000f\000u\000s\000i\000o\000n}{part.3}% 53
\BOOKMARK [1][-]{appendix.M}{\376\377\000G\000l\000o\000b\000a\000l\000\040\000P\000e\000r\000s\000i\000s\000t\000e\000n\000c\000e\000\040\000G\000e\000o\000m\000e\000t\000r\000y}{part.3}% 54
\BOOKMARK [1][-]{appendix.N}{\376\377\000C\000a\000t\000e\000g\000o\000r\000i\000c\000a\000l\000\040\000a\000n\000d\000\040\000T\000o\000p\000o\000l\000o\000g\000i\000c\000a\000l\000\040\000P\000e\000r\000s\000i\000s\000t\000e\000n\000c\000e}{part.3}% 55
\BOOKMARK [1][-]{appendix.O}{\376\377\000F\000u\000n\000d\000a\000m\000e\000n\000t\000a\000l\000\040\000L\000i\000m\000i\000t\000s\000\040\000o\000f\000\040\000R\000e\000c\000o\000n\000s\000t\000r\000u\000c\000t\000i\000o\000n}{part.3}% 56
